{"meta": {"format": 3, "version": "7.9.2", "timestamp": "2025-07-29T07:59:58.621047", "branch_coverage": false, "show_contexts": false}, "files": {"lab-containers/analytics_client.py": {"executed_lines": [], "summary": {"covered_lines": 0, "num_statements": 49, "percent_covered": 0.0, "percent_covered_display": "0", "missing_lines": 49, "excluded_lines": 0}, "missing_lines": [6, 7, 8, 9, 10, 11, 13, 15, 18, 19, 20, 22, 24, 25, 26, 28, 30, 31, 33, 37, 38, 40, 49, 54, 55, 59, 64, 65, 70, 76, 77, 79, 92, 97, 98, 102, 107, 108, 113, 118, 119, 121, 134, 139, 140, 145, 150, 151, 157], "excluded_lines": [], "functions": {"AnalyticsClient.__init__": {"executed_lines": [], "summary": {"covered_lines": 0, "num_statements": 2, "percent_covered": 0.0, "percent_covered_display": "0", "missing_lines": 2, "excluded_lines": 0}, "missing_lines": [19, 20], "excluded_lines": []}, "AnalyticsClient._get_session": {"executed_lines": [], "summary": {"covered_lines": 0, "num_statements": 3, "percent_covered": 0.0, "percent_covered_display": "0", "missing_lines": 3, "excluded_lines": 0}, "missing_lines": [24, 25, 26], "excluded_lines": []}, "AnalyticsClient.close": {"executed_lines": [], "summary": {"covered_lines": 0, "num_statements": 2, "percent_covered": 0.0, "percent_covered_display": "0", "missing_lines": 2, "excluded_lines": 0}, "missing_lines": [30, 31], "excluded_lines": []}, "AnalyticsClient.track_lab_activity": {"executed_lines": [], "summary": {"covered_lines": 0, "num_statements": 9, "percent_covered": 0.0, "percent_covered_display": "0", "missing_lines": 9, "excluded_lines": 0}, "missing_lines": [37, 38, 40, 49, 54, 55, 59, 64, 65], "excluded_lines": []}, "AnalyticsClient.track_lab_usage": {"executed_lines": [], "summary": {"covered_lines": 0, "num_statements": 9, "percent_covered": 0.0, "percent_covered_display": "0", "missing_lines": 9, "excluded_lines": 0}, "missing_lines": [76, 77, 79, 92, 97, 98, 102, 107, 108], "excluded_lines": []}, "AnalyticsClient.update_student_progress": {"executed_lines": [], "summary": {"covered_lines": 0, "num_statements": 9, "percent_covered": 0.0, "percent_covered_display": "0", "missing_lines": 9, "excluded_lines": 0}, "missing_lines": [118, 119, 121, 134, 139, 140, 145, 150, 151], "excluded_lines": []}, "": {"executed_lines": [], "summary": {"covered_lines": 0, "num_statements": 15, "percent_covered": 0.0, "percent_covered_display": "0", "missing_lines": 15, "excluded_lines": 0}, "missing_lines": [6, 7, 8, 9, 10, 11, 13, 15, 18, 22, 28, 33, 70, 113, 157], "excluded_lines": []}}, "classes": {"AnalyticsClient": {"executed_lines": [], "summary": {"covered_lines": 0, "num_statements": 34, "percent_covered": 0.0, "percent_covered_display": "0", "missing_lines": 34, "excluded_lines": 0}, "missing_lines": [19, 20, 24, 25, 26, 30, 31, 37, 38, 40, 49, 54, 55, 59, 64, 65, 76, 77, 79, 92, 97, 98, 102, 107, 108, 118, 119, 121, 134, 139, 140, 145, 150, 151], "excluded_lines": []}, "": {"executed_lines": [], "summary": {"covered_lines": 0, "num_statements": 15, "percent_covered": 0.0, "percent_covered_display": "0", "missing_lines": 15, "excluded_lines": 0}, "missing_lines": [6, 7, 8, 9, 10, 11, 13, 15, 18, 22, 28, 33, 70, 113, 157], "excluded_lines": []}}}, "lab-containers/main.py": {"executed_lines": [], "summary": {"covered_lines": 0, "num_statements": 778, "percent_covered": 0.0, "percent_covered_display": "0", "missing_lines": 778, "excluded_lines": 0}, "missing_lines": [11, 12, 13, 14, 15, 16, 17, 18, 19, 20, 21, 23, 24, 25, 26, 27, 28, 29, 30, 31, 32, 35, 53, 54, 56, 59, 62, 63, 64, 65, 68, 69, 71, 74, 75, 78, 79, 80, 81, 83, 85, 86, 87, 88, 90, 92, 94, 96, 106, 107, 110, 111, 114, 115, 118, 119, 120, 121, 122, 123, 126, 128, 129, 130, 131, 132, 134, 135, 137, 139, 142, 144, 146, 147, 149, 151, 153, 155, 156, 157, 159, 160, 161, 162, 163, 164, 165, 170, 172, 173, 176, 177, 178, 179, 180, 181, 182, 183, 184, 185, 188, 189, 190, 193, 194, 195, 196, 197, 198, 200, 201, 202, 203, 204, 205, 206, 207, 208, 209, 210, 211, 212, 213, 214, 215, 216, 217, 220, 221, 222, 223, 224, 225, 227, 228, 229, 230, 231, 232, 234, 235, 236, 237, 240, 241, 242, 245, 248, 249, 253, 256, 257, 259, 261, 264, 267, 270, 271, 274, 277, 279, 281, 282, 290, 292, 293, 294, 296, 297, 299, 300, 301, 302, 303, 304, 306, 307, 310, 318, 320, 321, 355, 356, 387, 409, 410, 412, 413, 415, 417, 418, 419, 420, 422, 424, 425, 428, 491, 492, 494, 497, 498, 500, 502, 504, 515, 516, 517, 520, 521, 525, 527, 528, 531, 532, 535, 537, 540, 543, 550, 553, 554, 558, 559, 564, 567, 568, 570, 572, 573, 576, 596, 597, 600, 601, 604, 619, 632, 634, 636, 638, 639, 641, 642, 645, 646, 649, 650, 651, 652, 654, 661, 662, 666, 668, 669, 670, 678, 681, 682, 685, 686, 689, 691, 694, 695, 698, 699, 701, 702, 703, 704, 707, 708, 721, 723, 725, 726, 727, 730, 731, 734, 735, 737, 738, 739, 740, 743, 744, 757, 759, 761, 762, 763, 766, 767, 770, 771, 773, 775, 784, 785, 788, 789, 791, 792, 794, 795, 801, 802, 804, 806, 808, 816, 817, 820, 821, 823, 824, 826, 827, 829, 831, 832, 834, 835, 838, 839, 840, 842, 843, 844, 845, 846, 853, 858, 859, 860, 861, 862, 865, 866, 869, 870, 872, 873, 875, 876, 879, 894, 906, 919, 922, 923, 924, 926, 928, 930, 931, 932, 935, 938, 940, 943, 951, 954, 957, 966, 968, 970, 971, 973, 974, 975, 978, 981, 982, 985, 986, 989, 990, 991, 992, 993, 994, 995, 996, 997, 998, 1001, 1002, 1005, 1027, 1028, 1029, 1036, 1038, 1042, 1050, 1053, 1054, 1055, 1057, 1058, 1059, 1061, 1062, 1064, 1066, 1067, 1070, 1073, 1074, 1075, 1077, 1078, 1079, 1081, 1082, 1084, 1086, 1087, 1090, 1093, 1094, 1095, 1096, 1099, 1101, 1104, 1105, 1106, 1107, 1108, 1109, 1110, 1112, 1114, 1116, 1118, 1120, 1121, 1122, 1123, 1124, 1125, 1127, 1129, 1135, 1137, 1139, 1141, 1143, 1145, 1152, 1154, 1155, 1156, 1157, 1158, 1160, 1161, 1162, 1165, 1167, 1170, 1172, 1175, 1177, 1179, 1180, 1183, 1184, 1185, 1186, 1188, 1191, 1192, 1193, 1195, 1196, 1197, 1201, 1204, 1206, 1207, 1208, 1209, 1210, 1211, 1212, 1214, 1216, 1217, 1218, 1223, 1225, 1228, 1229, 1232, 1234, 1235, 1236, 1237, 1238, 1239, 1242, 1243, 1248, 1254, 1255, 1256, 1258, 1259, 1262, 1265, 1266, 1267, 1269, 1274, 1280, 1282, 1283, 1288, 1289, 1290, 1292, 1295, 1297, 1298, 1300, 1303, 1304, 1306, 1308, 1309, 1310, 1311, 1314, 1317, 1318, 1320, 1325, 1334, 1335, 1336, 1338, 1343, 1349, 1350, 1351, 1356, 1357, 1358, 1360, 1363, 1365, 1366, 1368, 1371, 1372, 1374, 1375, 1376, 1378, 1379, 1381, 1384, 1389, 1398, 1399, 1400, 1405, 1412, 1414, 1415, 1417, 1420, 1421, 1423, 1425, 1432, 1438, 1439, 1440, 1441, 1443, 1446, 1448, 1450, 1455, 1456, 1459, 1460, 1462, 1463, 1464, 1465, 1466, 1467, 1469, 1471, 1477, 1479, 1480, 1484, 1485, 1488, 1489, 1491, 1493, 1494, 1497, 1498, 1500, 1502, 1504, 1507, 1523, 1531, 1532, 1537, 1544, 1545, 1548, 1549, 1551, 1553, 1554, 1556, 1558, 1560, 1571, 1572, 1573, 1575, 1576, 1579, 1580, 1582, 1584, 1585, 1587, 1588, 1590, 1592, 1594, 1595, 1598, 1599, 1602, 1605, 1606, 1609, 1618, 1624, 1625, 1626, 1630, 1631, 1634, 1635, 1637, 1639, 1640, 1642, 1643, 1646, 1651, 1652, 1655, 1656, 1657, 1658, 1659, 1660, 1661, 1662, 1663, 1664, 1665, 1672, 1678, 1679, 1680, 1682, 1683, 1686, 1687, 1689, 1691, 1692, 1695, 1696, 1698, 1699, 1702, 1707, 1708, 1709, 1711, 1714, 1719, 1722, 1723, 1724, 1725, 1726, 1727, 1728, 1729, 1730, 1731, 1732, 1733, 1734, 1737, 1743, 1749, 1750, 1751, 1752, 1753, 1755, 1756, 1759, 1760, 1762, 1764, 1765, 1767, 1768, 1771, 1776, 1777, 1779, 1781, 1782, 1785, 1787, 1788, 1789, 1790, 1793, 1798, 1800, 1801, 1802, 1804, 1807, 1808, 1809, 1811, 1816, 1822, 1823, 1824, 1825, 1826, 1829, 1830, 1832, 1835, 1839, 1842, 1843, 1845, 1848, 1849, 1850, 1851, 1852, 1853, 1856, 1857, 1860, 1861, 1862], "excluded_lines": [], "functions": {"get_docker_client": {"executed_lines": [], "summary": {"covered_lines": 0, "num_statements": 12, "percent_covered": 0.0, "percent_covered_display": "0", "missing_lines": 12, "excluded_lines": 0}, "missing_lines": [74, 75, 78, 79, 80, 81, 83, 85, 86, 87, 88, 90], "excluded_lines": []}, "docker_run_container": {"executed_lines": [], "summary": {"covered_lines": 0, "num_statements": 22, "percent_covered": 0.0, "percent_covered_display": "0", "missing_lines": 22, "excluded_lines": 0}, "missing_lines": [94, 96, 106, 107, 110, 111, 114, 115, 118, 119, 120, 121, 122, 123, 126, 128, 129, 130, 131, 132, 134, 135], "excluded_lines": []}, "docker_stop_container": {"executed_lines": [], "summary": {"covered_lines": 0, "num_statements": 6, "percent_covered": 0.0, "percent_covered_display": "0", "missing_lines": 6, "excluded_lines": 0}, "missing_lines": [139, 142, 144, 146, 147, 149], "excluded_lines": []}, "docker_list_containers": {"executed_lines": [], "summary": {"covered_lines": 0, "num_statements": 14, "percent_covered": 0.0, "percent_covered_display": "0", "missing_lines": 14, "excluded_lines": 0}, "missing_lines": [153, 155, 156, 157, 159, 160, 161, 162, 163, 164, 165, 170, 172, 173], "excluded_lines": []}, "DynamicImageBuilder.build_lab_image": {"executed_lines": [], "summary": {"covered_lines": 0, "num_statements": 26, "percent_covered": 0.0, "percent_covered_display": "0", "missing_lines": 26, "excluded_lines": 0}, "missing_lines": [253, 256, 257, 259, 261, 264, 267, 270, 271, 274, 277, 279, 281, 282, 290, 292, 293, 294, 296, 297, 299, 300, 301, 302, 303, 304], "excluded_lines": []}, "DynamicImageBuilder._generate_dockerfile": {"executed_lines": [], "summary": {"covered_lines": 0, "num_statements": 7, "percent_covered": 0.0, "percent_covered_display": "0", "missing_lines": 7, "excluded_lines": 0}, "missing_lines": [310, 318, 320, 321, 355, 356, 387], "excluded_lines": []}, "DynamicImageBuilder._get_custom_packages_install": {"executed_lines": [], "summary": {"covered_lines": 0, "num_statements": 8, "percent_covered": 0.0, "percent_covered_display": "0", "missing_lines": 8, "excluded_lines": 0}, "missing_lines": [412, 413, 415, 417, 418, 419, 420, 422], "excluded_lines": []}, "DynamicImageBuilder._generate_startup_script": {"executed_lines": [], "summary": {"covered_lines": 0, "num_statements": 1, "percent_covered": 0.0, "percent_covered_display": "0", "missing_lines": 1, "excluded_lines": 0}, "missing_lines": [428], "excluded_lines": []}, "root": {"executed_lines": [], "summary": {"covered_lines": 0, "num_statements": 1, "percent_covered": 0.0, "percent_covered_display": "0", "missing_lines": 1, "excluded_lines": 0}, "missing_lines": [494], "excluded_lines": []}, "health_check": {"executed_lines": [], "summary": {"covered_lines": 0, "num_statements": 6, "percent_covered": 0.0, "percent_covered_display": "0", "missing_lines": 6, "excluded_lines": 0}, "missing_lines": [500, 502, 504, 515, 516, 517], "excluded_lines": []}, "get_or_create_student_lab": {"executed_lines": [], "summary": {"covered_lines": 0, "num_statements": 10, "percent_covered": 0.0, "percent_covered_display": "0", "missing_lines": 10, "excluded_lines": 0}, "missing_lines": [525, 527, 528, 531, 532, 535, 537, 540, 543, 550], "excluded_lines": []}, "create_lab": {"executed_lines": [], "summary": {"covered_lines": 0, "num_statements": 22, "percent_covered": 0.0, "percent_covered_display": "0", "missing_lines": 22, "excluded_lines": 0}, "missing_lines": [558, 559, 564, 567, 568, 570, 572, 573, 576, 596, 597, 600, 601, 604, 619, 632, 634, 636, 638, 639, 641, 642], "excluded_lines": []}, "list_labs": {"executed_lines": [], "summary": {"covered_lines": 0, "num_statements": 5, "percent_covered": 0.0, "percent_covered_display": "0", "missing_lines": 5, "excluded_lines": 0}, "missing_lines": [649, 650, 651, 652, 654], "excluded_lines": []}, "get_instructor_lab_overview": {"executed_lines": [], "summary": {"covered_lines": 0, "num_statements": 5, "percent_covered": 0.0, "percent_covered_display": "0", "missing_lines": 5, "excluded_lines": 0}, "missing_lines": [666, 668, 669, 670, 678], "excluded_lines": []}, "get_lab": {"executed_lines": [], "summary": {"covered_lines": 0, "num_statements": 4, "percent_covered": 0.0, "percent_covered_display": "0", "missing_lines": 4, "excluded_lines": 0}, "missing_lines": [685, 686, 689, 691], "excluded_lines": []}, "pause_lab": {"executed_lines": [], "summary": {"covered_lines": 0, "num_statements": 13, "percent_covered": 0.0, "percent_covered_display": "0", "missing_lines": 13, "excluded_lines": 0}, "missing_lines": [698, 699, 701, 702, 703, 704, 707, 708, 721, 723, 725, 726, 727], "excluded_lines": []}, "resume_lab": {"executed_lines": [], "summary": {"covered_lines": 0, "num_statements": 13, "percent_covered": 0.0, "percent_covered_display": "0", "missing_lines": 13, "excluded_lines": 0}, "missing_lines": [734, 735, 737, 738, 739, 740, 743, 744, 757, 759, 761, 762, 763], "excluded_lines": []}, "get_lab_ides": {"executed_lines": [], "summary": {"covered_lines": 0, "num_statements": 4, "percent_covered": 0.0, "percent_covered_display": "0", "missing_lines": 4, "excluded_lines": 0}, "missing_lines": [770, 771, 773, 775], "excluded_lines": []}, "switch_lab_ide": {"executed_lines": [], "summary": {"covered_lines": 0, "num_statements": 11, "percent_covered": 0.0, "percent_covered_display": "0", "missing_lines": 11, "excluded_lines": 0}, "missing_lines": [788, 789, 791, 792, 794, 795, 801, 802, 804, 806, 808], "excluded_lines": []}, "get_lab_ide_status": {"executed_lines": [], "summary": {"covered_lines": 0, "num_statements": 25, "percent_covered": 0.0, "percent_covered_display": "0", "missing_lines": 25, "excluded_lines": 0}, "missing_lines": [820, 821, 823, 824, 826, 827, 829, 831, 832, 834, 835, 838, 839, 840, 842, 843, 844, 845, 846, 853, 858, 859, 860, 861, 862], "excluded_lines": []}, "stop_lab": {"executed_lines": [], "summary": {"covered_lines": 0, "num_statements": 18, "percent_covered": 0.0, "percent_covered_display": "0", "missing_lines": 18, "excluded_lines": 0}, "missing_lines": [869, 870, 872, 873, 875, 876, 879, 894, 906, 919, 922, 923, 924, 926, 928, 930, 931, 932], "excluded_lines": []}, "_build_and_start_lab": {"executed_lines": [], "summary": {"covered_lines": 0, "num_statements": 13, "percent_covered": 0.0, "percent_covered_display": "0", "missing_lines": 13, "excluded_lines": 0}, "missing_lines": [938, 940, 943, 951, 954, 957, 966, 968, 970, 971, 973, 974, 975], "excluded_lines": []}, "_start_lab_container": {"executed_lines": [], "summary": {"covered_lines": 0, "num_statements": 23, "percent_covered": 0.0, "percent_covered_display": "0", "missing_lines": 23, "excluded_lines": 0}, "missing_lines": [981, 982, 985, 986, 989, 990, 991, 992, 993, 994, 995, 996, 997, 998, 1001, 1002, 1005, 1027, 1028, 1029, 1036, 1038, 1042], "excluded_lines": []}, "_pause_lab_container": {"executed_lines": [], "summary": {"covered_lines": 0, "num_statements": 11, "percent_covered": 0.0, "percent_covered_display": "0", "missing_lines": 11, "excluded_lines": 0}, "missing_lines": [1053, 1054, 1055, 1057, 1058, 1059, 1061, 1062, 1064, 1066, 1067], "excluded_lines": []}, "_resume_lab_container": {"executed_lines": [], "summary": {"covered_lines": 0, "num_statements": 11, "percent_covered": 0.0, "percent_covered_display": "0", "missing_lines": 11, "excluded_lines": 0}, "missing_lines": [1073, 1074, 1075, 1077, 1078, 1079, 1081, 1082, 1084, 1086, 1087], "excluded_lines": []}, "_cleanup_lab_container": {"executed_lines": [], "summary": {"covered_lines": 0, "num_statements": 4, "percent_covered": 0.0, "percent_covered_display": "0", "missing_lines": 4, "excluded_lines": 0}, "missing_lines": [1093, 1094, 1095, 1096], "excluded_lines": []}, "_find_available_port": {"executed_lines": [], "summary": {"covered_lines": 0, "num_statements": 9, "percent_covered": 0.0, "percent_covered_display": "0", "missing_lines": 9, "excluded_lines": 0}, "missing_lines": [1101, 1104, 1105, 1106, 1107, 1108, 1109, 1110, 1112], "excluded_lines": []}, "_check_ide_health": {"executed_lines": [], "summary": {"covered_lines": 0, "num_statements": 8, "percent_covered": 0.0, "percent_covered_display": "0", "missing_lines": 8, "excluded_lines": 0}, "missing_lines": [1116, 1118, 1120, 1121, 1122, 1123, 1124, 1125], "excluded_lines": []}, "_get_ide_display_name": {"executed_lines": [], "summary": {"covered_lines": 0, "num_statements": 2, "percent_covered": 0.0, "percent_covered_display": "0", "missing_lines": 2, "excluded_lines": 0}, "missing_lines": [1129, 1135], "excluded_lines": []}, "_allocate_ide_ports": {"executed_lines": [], "summary": {"covered_lines": 0, "num_statements": 15, "percent_covered": 0.0, "percent_covered_display": "0", "missing_lines": 15, "excluded_lines": 0}, "missing_lines": [1139, 1141, 1143, 1145, 1152, 1154, 1155, 1156, 1157, 1158, 1160, 1161, 1162, 1165, 1167], "excluded_lines": []}, "_get_user_lab": {"executed_lines": [], "summary": {"covered_lines": 0, "num_statements": 1, "percent_covered": 0.0, "percent_covered_display": "0", "missing_lines": 1, "excluded_lines": 0}, "missing_lines": [1172], "excluded_lines": []}, "_schedule_cleanup": {"executed_lines": [], "summary": {"covered_lines": 0, "num_statements": 14, "percent_covered": 0.0, "percent_covered_display": "0", "missing_lines": 14, "excluded_lines": 0}, "missing_lines": [1177, 1179, 1180, 1183, 1184, 1185, 1186, 1188, 1191, 1192, 1193, 1195, 1196, 1197], "excluded_lines": []}, "_handle_ai_ide_request": {"executed_lines": [], "summary": {"covered_lines": 0, "num_statements": 13, "percent_covered": 0.0, "percent_covered_display": "0", "missing_lines": 13, "excluded_lines": 0}, "missing_lines": [1204, 1206, 1207, 1208, 1209, 1210, 1211, 1212, 1214, 1216, 1217, 1218, 1223], "excluded_lines": []}, "_handle_vscode_ai_request": {"executed_lines": [], "summary": {"covered_lines": 0, "num_statements": 33, "percent_covered": 0.0, "percent_covered_display": "0", "missing_lines": 33, "excluded_lines": 0}, "missing_lines": [1228, 1229, 1232, 1234, 1235, 1236, 1237, 1238, 1239, 1242, 1243, 1248, 1254, 1255, 1256, 1258, 1259, 1262, 1265, 1266, 1267, 1269, 1274, 1280, 1282, 1283, 1288, 1289, 1290, 1292, 1295, 1297, 1298], "excluded_lines": []}, "_handle_jupyter_ai_request": {"executed_lines": [], "summary": {"covered_lines": 0, "num_statements": 27, "percent_covered": 0.0, "percent_covered_display": "0", "missing_lines": 27, "excluded_lines": 0}, "missing_lines": [1303, 1304, 1306, 1308, 1309, 1310, 1311, 1314, 1317, 1318, 1320, 1325, 1334, 1335, 1336, 1338, 1343, 1349, 1350, 1351, 1356, 1357, 1358, 1360, 1363, 1365, 1366], "excluded_lines": []}, "_handle_terminal_ai_request": {"executed_lines": [], "summary": {"covered_lines": 0, "num_statements": 17, "percent_covered": 0.0, "percent_covered_display": "0", "missing_lines": 17, "excluded_lines": 0}, "missing_lines": [1371, 1372, 1374, 1375, 1376, 1378, 1379, 1381, 1384, 1389, 1398, 1399, 1400, 1405, 1412, 1414, 1415], "excluded_lines": []}, "_exec_container_command": {"executed_lines": [], "summary": {"covered_lines": 0, "num_statements": 9, "percent_covered": 0.0, "percent_covered_display": "0", "missing_lines": 9, "excluded_lines": 0}, "missing_lines": [1420, 1421, 1423, 1425, 1432, 1438, 1439, 1440, 1441], "excluded_lines": []}, "_get_workspace_structure": {"executed_lines": [], "summary": {"covered_lines": 0, "num_statements": 18, "percent_covered": 0.0, "percent_covered_display": "0", "missing_lines": 18, "excluded_lines": 0}, "missing_lines": [1446, 1448, 1450, 1455, 1456, 1459, 1460, 1462, 1463, 1464, 1465, 1466, 1467, 1469, 1471, 1477, 1479, 1480], "excluded_lines": []}, "ai_assistant_proxy": {"executed_lines": [], "summary": {"covered_lines": 0, "num_statements": 15, "percent_covered": 0.0, "percent_covered_display": "0", "missing_lines": 15, "excluded_lines": 0}, "missing_lines": [1488, 1489, 1491, 1493, 1494, 1497, 1498, 1500, 1502, 1504, 1507, 1523, 1531, 1532, 1537], "excluded_lines": []}, "get_lab_workspace_info": {"executed_lines": [], "summary": {"covered_lines": 0, "num_statements": 11, "percent_covered": 0.0, "percent_covered_display": "0", "missing_lines": 11, "excluded_lines": 0}, "missing_lines": [1548, 1549, 1551, 1553, 1554, 1556, 1558, 1560, 1571, 1572, 1573], "excluded_lines": []}, "create_ai_tunnel": {"executed_lines": [], "summary": {"covered_lines": 0, "num_statements": 21, "percent_covered": 0.0, "percent_covered_display": "0", "missing_lines": 21, "excluded_lines": 0}, "missing_lines": [1579, 1580, 1582, 1584, 1585, 1587, 1588, 1590, 1592, 1594, 1595, 1598, 1599, 1602, 1605, 1606, 1609, 1618, 1624, 1625, 1626], "excluded_lines": []}, "list_workspace_files": {"executed_lines": [], "summary": {"covered_lines": 0, "num_statements": 25, "percent_covered": 0.0, "percent_covered_display": "0", "missing_lines": 25, "excluded_lines": 0}, "missing_lines": [1634, 1635, 1637, 1639, 1640, 1642, 1643, 1646, 1651, 1652, 1655, 1656, 1657, 1658, 1659, 1660, 1661, 1662, 1663, 1664, 1665, 1672, 1678, 1679, 1680], "excluded_lines": []}, "download_file": {"executed_lines": [], "summary": {"covered_lines": 0, "num_statements": 36, "percent_covered": 0.0, "percent_covered_display": "0", "missing_lines": 36, "excluded_lines": 0}, "missing_lines": [1686, 1687, 1689, 1691, 1692, 1695, 1696, 1698, 1699, 1702, 1707, 1708, 1709, 1711, 1714, 1719, 1722, 1723, 1724, 1725, 1726, 1727, 1728, 1729, 1730, 1731, 1732, 1733, 1734, 1737, 1743, 1749, 1750, 1751, 1752, 1753], "excluded_lines": []}, "download_workspace_zip": {"executed_lines": [], "summary": {"covered_lines": 0, "num_statements": 34, "percent_covered": 0.0, "percent_covered_display": "0", "missing_lines": 34, "excluded_lines": 0}, "missing_lines": [1759, 1760, 1762, 1764, 1765, 1767, 1768, 1771, 1776, 1777, 1779, 1781, 1782, 1785, 1787, 1788, 1789, 1790, 1793, 1798, 1800, 1801, 1802, 1804, 1807, 1808, 1809, 1811, 1816, 1822, 1823, 1824, 1825, 1826], "excluded_lines": []}, "startup_event": {"executed_lines": [], "summary": {"covered_lines": 0, "num_statements": 3, "percent_covered": 0.0, "percent_covered_display": "0", "missing_lines": 3, "excluded_lines": 0}, "missing_lines": [1832, 1835, 1839], "excluded_lines": []}, "shutdown_event": {"executed_lines": [], "summary": {"covered_lines": 0, "num_statements": 9, "percent_covered": 0.0, "percent_covered_display": "0", "missing_lines": 9, "excluded_lines": 0}, "missing_lines": [1845, 1848, 1849, 1850, 1851, 1852, 1853, 1856, 1857], "excluded_lines": []}, "": {"executed_lines": [], "summary": {"covered_lines": 0, "num_statements": 163, "percent_covered": 0.0, "percent_covered_display": "0", "missing_lines": 163, "excluded_lines": 0}, "missing_lines": [11, 12, 13, 14, 15, 16, 17, 18, 19, 20, 21, 23, 24, 25, 26, 27, 28, 29, 30, 31, 32, 35, 53, 54, 56, 59, 62, 63, 64, 65, 68, 69, 71, 92, 137, 151, 176, 177, 178, 179, 180, 181, 182, 183, 184, 185, 188, 189, 190, 193, 194, 195, 196, 197, 198, 200, 201, 202, 203, 204, 205, 206, 207, 208, 209, 210, 211, 212, 213, 214, 215, 216, 217, 220, 221, 222, 223, 224, 225, 227, 228, 229, 230, 231, 232, 234, 235, 236, 237, 240, 241, 242, 245, 248, 249, 306, 307, 409, 410, 424, 425, 491, 492, 497, 498, 520, 521, 553, 554, 645, 646, 661, 662, 681, 682, 694, 695, 730, 731, 766, 767, 784, 785, 816, 817, 865, 866, 935, 978, 1050, 1070, 1090, 1099, 1114, 1127, 1137, 1170, 1175, 1201, 1225, 1300, 1368, 1417, 1443, 1484, 1485, 1544, 1545, 1575, 1576, 1630, 1631, 1682, 1683, 1755, 1756, 1829, 1830, 1842, 1843, 1860, 1861, 1862], "excluded_lines": []}}, "classes": {"LabCreateRequest": {"executed_lines": [], "summary": {"covered_lines": 0, "num_statements": 0, "percent_covered": 100.0, "percent_covered_display": "100", "missing_lines": 0, "excluded_lines": 0}, "missing_lines": [], "excluded_lines": []}, "StudentLabRequest": {"executed_lines": [], "summary": {"covered_lines": 0, "num_statements": 0, "percent_covered": 100.0, "percent_covered_display": "100", "missing_lines": 0, "excluded_lines": 0}, "missing_lines": [], "excluded_lines": []}, "IDEInfo": {"executed_lines": [], "summary": {"covered_lines": 0, "num_statements": 0, "percent_covered": 100.0, "percent_covered_display": "100", "missing_lines": 0, "excluded_lines": 0}, "missing_lines": [], "excluded_lines": []}, "LabSession": {"executed_lines": [], "summary": {"covered_lines": 0, "num_statements": 0, "percent_covered": 100.0, "percent_covered_display": "100", "missing_lines": 0, "excluded_lines": 0}, "missing_lines": [], "excluded_lines": []}, "AIAssistantRequest": {"executed_lines": [], "summary": {"covered_lines": 0, "num_statements": 0, "percent_covered": 100.0, "percent_covered_display": "100", "missing_lines": 0, "excluded_lines": 0}, "missing_lines": [], "excluded_lines": []}, "AIAssistantResponse": {"executed_lines": [], "summary": {"covered_lines": 0, "num_statements": 0, "percent_covered": 100.0, "percent_covered_display": "100", "missing_lines": 0, "excluded_lines": 0}, "missing_lines": [], "excluded_lines": []}, "LabListResponse": {"executed_lines": [], "summary": {"covered_lines": 0, "num_statements": 0, "percent_covered": 100.0, "percent_covered_display": "100", "missing_lines": 0, "excluded_lines": 0}, "missing_lines": [], "excluded_lines": []}, "InstructorLabManagement": {"executed_lines": [], "summary": {"covered_lines": 0, "num_statements": 0, "percent_covered": 100.0, "percent_covered_display": "100", "missing_lines": 0, "excluded_lines": 0}, "missing_lines": [], "excluded_lines": []}, "DynamicImageBuilder": {"executed_lines": [], "summary": {"covered_lines": 0, "num_statements": 42, "percent_covered": 0.0, "percent_covered_display": "0", "missing_lines": 42, "excluded_lines": 0}, "missing_lines": [253, 256, 257, 259, 261, 264, 267, 270, 271, 274, 277, 279, 281, 282, 290, 292, 293, 294, 296, 297, 299, 300, 301, 302, 303, 304, 310, 318, 320, 321, 355, 356, 387, 412, 413, 415, 417, 418, 419, 420, 422, 428], "excluded_lines": []}, "": {"executed_lines": [], "summary": {"covered_lines": 0, "num_statements": 736, "percent_covered": 0.0, "percent_covered_display": "0", "missing_lines": 736, "excluded_lines": 0}, "missing_lines": [11, 12, 13, 14, 15, 16, 17, 18, 19, 20, 21, 23, 24, 25, 26, 27, 28, 29, 30, 31, 32, 35, 53, 54, 56, 59, 62, 63, 64, 65, 68, 69, 71, 74, 75, 78, 79, 80, 81, 83, 85, 86, 87, 88, 90, 92, 94, 96, 106, 107, 110, 111, 114, 115, 118, 119, 120, 121, 122, 123, 126, 128, 129, 130, 131, 132, 134, 135, 137, 139, 142, 144, 146, 147, 149, 151, 153, 155, 156, 157, 159, 160, 161, 162, 163, 164, 165, 170, 172, 173, 176, 177, 178, 179, 180, 181, 182, 183, 184, 185, 188, 189, 190, 193, 194, 195, 196, 197, 198, 200, 201, 202, 203, 204, 205, 206, 207, 208, 209, 210, 211, 212, 213, 214, 215, 216, 217, 220, 221, 222, 223, 224, 225, 227, 228, 229, 230, 231, 232, 234, 235, 236, 237, 240, 241, 242, 245, 248, 249, 306, 307, 409, 410, 424, 425, 491, 492, 494, 497, 498, 500, 502, 504, 515, 516, 517, 520, 521, 525, 527, 528, 531, 532, 535, 537, 540, 543, 550, 553, 554, 558, 559, 564, 567, 568, 570, 572, 573, 576, 596, 597, 600, 601, 604, 619, 632, 634, 636, 638, 639, 641, 642, 645, 646, 649, 650, 651, 652, 654, 661, 662, 666, 668, 669, 670, 678, 681, 682, 685, 686, 689, 691, 694, 695, 698, 699, 701, 702, 703, 704, 707, 708, 721, 723, 725, 726, 727, 730, 731, 734, 735, 737, 738, 739, 740, 743, 744, 757, 759, 761, 762, 763, 766, 767, 770, 771, 773, 775, 784, 785, 788, 789, 791, 792, 794, 795, 801, 802, 804, 806, 808, 816, 817, 820, 821, 823, 824, 826, 827, 829, 831, 832, 834, 835, 838, 839, 840, 842, 843, 844, 845, 846, 853, 858, 859, 860, 861, 862, 865, 866, 869, 870, 872, 873, 875, 876, 879, 894, 906, 919, 922, 923, 924, 926, 928, 930, 931, 932, 935, 938, 940, 943, 951, 954, 957, 966, 968, 970, 971, 973, 974, 975, 978, 981, 982, 985, 986, 989, 990, 991, 992, 993, 994, 995, 996, 997, 998, 1001, 1002, 1005, 1027, 1028, 1029, 1036, 1038, 1042, 1050, 1053, 1054, 1055, 1057, 1058, 1059, 1061, 1062, 1064, 1066, 1067, 1070, 1073, 1074, 1075, 1077, 1078, 1079, 1081, 1082, 1084, 1086, 1087, 1090, 1093, 1094, 1095, 1096, 1099, 1101, 1104, 1105, 1106, 1107, 1108, 1109, 1110, 1112, 1114, 1116, 1118, 1120, 1121, 1122, 1123, 1124, 1125, 1127, 1129, 1135, 1137, 1139, 1141, 1143, 1145, 1152, 1154, 1155, 1156, 1157, 1158, 1160, 1161, 1162, 1165, 1167, 1170, 1172, 1175, 1177, 1179, 1180, 1183, 1184, 1185, 1186, 1188, 1191, 1192, 1193, 1195, 1196, 1197, 1201, 1204, 1206, 1207, 1208, 1209, 1210, 1211, 1212, 1214, 1216, 1217, 1218, 1223, 1225, 1228, 1229, 1232, 1234, 1235, 1236, 1237, 1238, 1239, 1242, 1243, 1248, 1254, 1255, 1256, 1258, 1259, 1262, 1265, 1266, 1267, 1269, 1274, 1280, 1282, 1283, 1288, 1289, 1290, 1292, 1295, 1297, 1298, 1300, 1303, 1304, 1306, 1308, 1309, 1310, 1311, 1314, 1317, 1318, 1320, 1325, 1334, 1335, 1336, 1338, 1343, 1349, 1350, 1351, 1356, 1357, 1358, 1360, 1363, 1365, 1366, 1368, 1371, 1372, 1374, 1375, 1376, 1378, 1379, 1381, 1384, 1389, 1398, 1399, 1400, 1405, 1412, 1414, 1415, 1417, 1420, 1421, 1423, 1425, 1432, 1438, 1439, 1440, 1441, 1443, 1446, 1448, 1450, 1455, 1456, 1459, 1460, 1462, 1463, 1464, 1465, 1466, 1467, 1469, 1471, 1477, 1479, 1480, 1484, 1485, 1488, 1489, 1491, 1493, 1494, 1497, 1498, 1500, 1502, 1504, 1507, 1523, 1531, 1532, 1537, 1544, 1545, 1548, 1549, 1551, 1553, 1554, 1556, 1558, 1560, 1571, 1572, 1573, 1575, 1576, 1579, 1580, 1582, 1584, 1585, 1587, 1588, 1590, 1592, 1594, 1595, 1598, 1599, 1602, 1605, 1606, 1609, 1618, 1624, 1625, 1626, 1630, 1631, 1634, 1635, 1637, 1639, 1640, 1642, 1643, 1646, 1651, 1652, 1655, 1656, 1657, 1658, 1659, 1660, 1661, 1662, 1663, 1664, 1665, 1672, 1678, 1679, 1680, 1682, 1683, 1686, 1687, 1689, 1691, 1692, 1695, 1696, 1698, 1699, 1702, 1707, 1708, 1709, 1711, 1714, 1719, 1722, 1723, 1724, 1725, 1726, 1727, 1728, 1729, 1730, 1731, 1732, 1733, 1734, 1737, 1743, 1749, 1750, 1751, 1752, 1753, 1755, 1756, 1759, 1760, 1762, 1764, 1765, 1767, 1768, 1771, 1776, 1777, 1779, 1781, 1782, 1785, 1787, 1788, 1789, 1790, 1793, 1798, 1800, 1801, 1802, 1804, 1807, 1808, 1809, 1811, 1816, 1822, 1823, 1824, 1825, 1826, 1829, 1830, 1832, 1835, 1839, 1842, 1843, 1845, 1848, 1849, 1850, 1851, 1852, 1853, 1856, 1857, 1860, 1861, 1862], "excluded_lines": []}}}, "services/__init__.py": {"executed_lines": [], "summary": {"covered_lines": 0, "num_statements": 0, "percent_covered": 100.0, "percent_covered_display": "100", "missing_lines": 0, "excluded_lines": 0}, "missing_lines": [], "excluded_lines": [], "functions": {"": {"executed_lines": [], "summary": {"covered_lines": 0, "num_statements": 0, "percent_covered": 100.0, "percent_covered_display": "100", "missing_lines": 0, "excluded_lines": 0}, "missing_lines": [], "excluded_lines": []}}, "classes": {"": {"executed_lines": [], "summary": {"covered_lines": 0, "num_statements": 0, "percent_covered": 100.0, "percent_covered_display": "100", "missing_lines": 0, "excluded_lines": 0}, "missing_lines": [], "excluded_lines": []}}}, "services/analytics/__init__.py": {"executed_lines": [], "summary": {"covered_lines": 0, "num_statements": 0, "percent_covered": 100.0, "percent_covered_display": "100", "missing_lines": 0, "excluded_lines": 0}, "missing_lines": [], "excluded_lines": [], "functions": {"": {"executed_lines": [], "summary": {"covered_lines": 0, "num_statements": 0, "percent_covered": 100.0, "percent_covered_display": "100", "missing_lines": 0, "excluded_lines": 0}, "missing_lines": [], "excluded_lines": []}}, "classes": {"": {"executed_lines": [], "summary": {"covered_lines": 0, "num_statements": 0, "percent_covered": 100.0, "percent_covered_display": "100", "missing_lines": 0, "excluded_lines": 0}, "missing_lines": [], "excluded_lines": []}}}, "services/analytics/analytics_endpoints.py": {"executed_lines": [], "summary": {"covered_lines": 0, "num_statements": 163, "percent_covered": 0.0, "percent_covered_display": "0", "missing_lines": 163, "excluded_lines": 0}, "missing_lines": [6, 7, 8, 9, 10, 11, 12, 14, 22, 23, 29, 31, 32, 34, 35, 46, 48, 54, 55, 56, 58, 59, 65, 66, 68, 69, 70, 71, 73, 81, 84, 91, 93, 95, 100, 101, 102, 106, 107, 112, 114, 115, 116, 118, 119, 140, 142, 147, 148, 149, 153, 154, 159, 161, 162, 163, 165, 166, 170, 171, 198, 200, 206, 207, 208, 212, 213, 218, 219, 220, 241, 243, 249, 250, 251, 255, 256, 263, 264, 265, 267, 269, 276, 278, 279, 280, 282, 284, 287, 297, 299, 300, 301, 303, 306, 316, 318, 319, 320, 322, 325, 332, 334, 335, 336, 338, 340, 343, 389, 390, 393, 394, 396, 398, 399, 400, 402, 403, 409, 410, 411, 413, 415, 420, 423, 432, 442, 454, 463, 498, 500, 501, 502, 506, 508, 510, 511, 512, 513, 518, 519, 521, 522, 524, 526, 528, 530, 531, 534, 535, 537, 538, 541, 542, 544, 545, 548, 549, 552, 553, 555, 557, 558], "excluded_lines": [], "functions": {"track_student_activity": {"executed_lines": [], "summary": {"covered_lines": 0, "num_statements": 10, "percent_covered": 0.0, "percent_covered_display": "0", "missing_lines": 10, "excluded_lines": 0}, "missing_lines": [29, 31, 32, 34, 35, 46, 48, 54, 55, 56], "excluded_lines": []}, "track_batch_activities": {"executed_lines": [], "summary": {"covered_lines": 0, "num_statements": 15, "percent_covered": 0.0, "percent_covered_display": "0", "missing_lines": 15, "excluded_lines": 0}, "missing_lines": [65, 66, 68, 69, 70, 71, 73, 81, 84, 91, 93, 95, 100, 101, 102], "excluded_lines": []}, "track_lab_usage": {"executed_lines": [], "summary": {"covered_lines": 0, "num_statements": 11, "percent_covered": 0.0, "percent_covered_display": "0", "missing_lines": 11, "excluded_lines": 0}, "missing_lines": [112, 114, 115, 116, 118, 119, 140, 142, 147, 148, 149], "excluded_lines": []}, "track_quiz_performance": {"executed_lines": [], "summary": {"covered_lines": 0, "num_statements": 13, "percent_covered": 0.0, "percent_covered_display": "0", "missing_lines": 13, "excluded_lines": 0}, "missing_lines": [159, 161, 162, 163, 165, 166, 170, 171, 198, 200, 206, 207, 208], "excluded_lines": []}, "update_student_progress": {"executed_lines": [], "summary": {"covered_lines": 0, "num_statements": 8, "percent_covered": 0.0, "percent_covered_display": "0", "missing_lines": 8, "excluded_lines": 0}, "missing_lines": [218, 219, 220, 241, 243, 249, 250, 251], "excluded_lines": []}, "get_student_analytics": {"executed_lines": [], "summary": {"covered_lines": 0, "num_statements": 39, "percent_covered": 0.0, "percent_covered_display": "0", "missing_lines": 39, "excluded_lines": 0}, "missing_lines": [263, 264, 265, 267, 269, 276, 278, 279, 280, 282, 284, 287, 297, 299, 300, 301, 303, 306, 316, 318, 319, 320, 322, 325, 332, 334, 335, 336, 338, 340, 343, 389, 390, 393, 394, 396, 398, 399, 400], "excluded_lines": []}, "get_course_analytics": {"executed_lines": [], "summary": {"covered_lines": 0, "num_statements": 15, "percent_covered": 0.0, "percent_covered_display": "0", "missing_lines": 15, "excluded_lines": 0}, "missing_lines": [409, 410, 411, 413, 415, 420, 423, 432, 442, 454, 463, 498, 500, 501, 502], "excluded_lines": []}, "calculate_engagement_score": {"executed_lines": [], "summary": {"covered_lines": 0, "num_statements": 9, "percent_covered": 0.0, "percent_covered_display": "0", "missing_lines": 9, "excluded_lines": 0}, "missing_lines": [508, 510, 511, 512, 513, 518, 519, 521, 522], "excluded_lines": []}, "generate_recommendations": {"executed_lines": [], "summary": {"covered_lines": 0, "num_statements": 19, "percent_covered": 0.0, "percent_covered_display": "0", "missing_lines": 19, "excluded_lines": 0}, "missing_lines": [526, 528, 530, 531, 534, 535, 537, 538, 541, 542, 544, 545, 548, 549, 552, 553, 555, 557, 558], "excluded_lines": []}, "": {"executed_lines": [], "summary": {"covered_lines": 0, "num_statements": 24, "percent_covered": 0.0, "percent_covered_display": "0", "missing_lines": 24, "excluded_lines": 0}, "missing_lines": [6, 7, 8, 9, 10, 11, 12, 14, 22, 23, 58, 59, 106, 107, 153, 154, 212, 213, 255, 256, 402, 403, 506, 524], "excluded_lines": []}}, "classes": {"": {"executed_lines": [], "summary": {"covered_lines": 0, "num_statements": 163, "percent_covered": 0.0, "percent_covered_display": "0", "missing_lines": 163, "excluded_lines": 0}, "missing_lines": [6, 7, 8, 9, 10, 11, 12, 14, 22, 23, 29, 31, 32, 34, 35, 46, 48, 54, 55, 56, 58, 59, 65, 66, 68, 69, 70, 71, 73, 81, 84, 91, 93, 95, 100, 101, 102, 106, 107, 112, 114, 115, 116, 118, 119, 140, 142, 147, 148, 149, 153, 154, 159, 161, 162, 163, 165, 166, 170, 171, 198, 200, 206, 207, 208, 212, 213, 218, 219, 220, 241, 243, 249, 250, 251, 255, 256, 263, 264, 265, 267, 269, 276, 278, 279, 280, 282, 284, 287, 297, 299, 300, 301, 303, 306, 316, 318, 319, 320, 322, 325, 332, 334, 335, 336, 338, 340, 343, 389, 390, 393, 394, 396, 398, 399, 400, 402, 403, 409, 410, 411, 413, 415, 420, 423, 432, 442, 454, 463, 498, 500, 501, 502, 506, 508, 510, 511, 512, 513, 518, 519, 521, 522, 524, 526, 528, 530, 531, 534, 535, 537, 538, 541, 542, 544, 545, 548, 549, 552, 553, 555, 557, 558], "excluded_lines": []}}}, "services/analytics/application/__init__.py": {"executed_lines": [], "summary": {"covered_lines": 0, "num_statements": 0, "percent_covered": 100.0, "percent_covered_display": "100", "missing_lines": 0, "excluded_lines": 0}, "missing_lines": [], "excluded_lines": [], "functions": {"": {"executed_lines": [], "summary": {"covered_lines": 0, "num_statements": 0, "percent_covered": 100.0, "percent_covered_display": "100", "missing_lines": 0, "excluded_lines": 0}, "missing_lines": [], "excluded_lines": []}}, "classes": {"": {"executed_lines": [], "summary": {"covered_lines": 0, "num_statements": 0, "percent_covered": 100.0, "percent_covered_display": "100", "missing_lines": 0, "excluded_lines": 0}, "missing_lines": [], "excluded_lines": []}}}, "services/analytics/application/services/__init__.py": {"executed_lines": [], "summary": {"covered_lines": 0, "num_statements": 0, "percent_covered": 100.0, "percent_covered_display": "100", "missing_lines": 0, "excluded_lines": 0}, "missing_lines": [], "excluded_lines": [], "functions": {"": {"executed_lines": [], "summary": {"covered_lines": 0, "num_statements": 0, "percent_covered": 100.0, "percent_covered_display": "100", "missing_lines": 0, "excluded_lines": 0}, "missing_lines": [], "excluded_lines": []}}, "classes": {"": {"executed_lines": [], "summary": {"covered_lines": 0, "num_statements": 0, "percent_covered": 100.0, "percent_covered_display": "100", "missing_lines": 0, "excluded_lines": 0}, "missing_lines": [], "excluded_lines": []}}}, "services/analytics/application/services/learning_analytics_service.py": {"executed_lines": [], "summary": {"covered_lines": 0, "num_statements": 272, "percent_covered": 0.0, "percent_covered_display": "0", "missing_lines": 272, "excluded_lines": 0}, "missing_lines": [6, 7, 8, 9, 10, 14, 16, 21, 27, 28, 29, 30, 31, 33, 36, 37, 40, 43, 44, 45, 46, 47, 48, 51, 63, 66, 69, 71, 73, 74, 77, 78, 79, 82, 88, 89, 91, 93, 95, 96, 99, 101, 102, 104, 106, 109, 110, 113, 117, 119, 122, 123, 125, 127, 130, 131, 134, 140, 141, 148, 150, 153, 154, 156, 157, 160, 163, 164, 169, 170, 172, 175, 178, 189, 190, 192, 199, 201, 203, 205, 207, 208, 211, 212, 214, 215, 218, 219, 221, 222, 225, 226, 228, 229, 232, 233, 235, 236, 240, 241, 243, 245, 247, 248, 250, 251, 254, 259, 261, 263, 265, 268, 269, 271, 272, 275, 276, 278, 279, 281, 283, 285, 287, 289, 290, 293, 295, 296, 298, 299, 301, 303, 304, 307, 308, 310, 311, 312, 313, 314, 316, 318, 320, 322, 324, 325, 328, 331, 332, 335, 336, 337, 338, 339, 340, 343, 345, 350, 351, 352, 354, 356, 358, 360, 375, 378, 380, 381, 384, 394, 395, 396, 399, 400, 401, 404, 407, 409, 426, 429, 439, 440, 441, 442, 443, 444, 446, 447, 449, 457, 458, 460, 464, 475, 477, 480, 481, 482, 483, 484, 485, 486, 487, 488, 489, 491, 493, 495, 496, 499, 502, 503, 505, 506, 509, 510, 511, 518, 519, 521, 522, 523, 524, 525, 528, 530, 540, 542, 544, 545, 546, 547, 549, 551, 553, 555, 556, 558, 559, 560, 561, 562, 563, 564, 565, 566, 568, 569, 571, 573, 577, 583, 586, 588, 589, 592, 593, 595, 596, 605, 606, 607, 616, 617, 618, 627, 628, 629, 638, 639, 640, 648], "excluded_lines": [], "functions": {"LearningAnalyticsService.__init__": {"executed_lines": [], "summary": {"covered_lines": 0, "num_statements": 5, "percent_covered": 0.0, "percent_covered_display": "0", "missing_lines": 5, "excluded_lines": 0}, "missing_lines": [27, 28, 29, 30, 31], "excluded_lines": []}, "LearningAnalyticsService.generate_student_analytics": {"executed_lines": [], "summary": {"covered_lines": 0, "num_statements": 13, "percent_covered": 0.0, "percent_covered_display": "0", "missing_lines": 13, "excluded_lines": 0}, "missing_lines": [36, 37, 40, 43, 44, 45, 46, 47, 48, 51, 63, 66, 69], "excluded_lines": []}, "LearningAnalyticsService.update_analytics": {"executed_lines": [], "summary": {"covered_lines": 0, "num_statements": 9, "percent_covered": 0.0, "percent_covered_display": "0", "missing_lines": 9, "excluded_lines": 0}, "missing_lines": [73, 74, 77, 78, 79, 82, 88, 89, 91], "excluded_lines": []}, "LearningAnalyticsService.get_course_analytics_summary": {"executed_lines": [], "summary": {"covered_lines": 0, "num_statements": 6, "percent_covered": 0.0, "percent_covered_display": "0", "missing_lines": 6, "excluded_lines": 0}, "missing_lines": [95, 96, 99, 101, 102, 104], "excluded_lines": []}, "LearningAnalyticsService.compare_student_performance": {"executed_lines": [], "summary": {"covered_lines": 0, "num_statements": 8, "percent_covered": 0.0, "percent_covered_display": "0", "missing_lines": 8, "excluded_lines": 0}, "missing_lines": [109, 110, 113, 117, 119, 122, 123, 125], "excluded_lines": []}, "LearningAnalyticsService.predict_performance": {"executed_lines": [], "summary": {"covered_lines": 0, "num_statements": 6, "percent_covered": 0.0, "percent_covered_display": "0", "missing_lines": 6, "excluded_lines": 0}, "missing_lines": [130, 131, 134, 140, 141, 148], "excluded_lines": []}, "LearningAnalyticsService.generate_insights": {"executed_lines": [], "summary": {"covered_lines": 0, "num_statements": 10, "percent_covered": 0.0, "percent_covered_display": "0", "missing_lines": 10, "excluded_lines": 0}, "missing_lines": [153, 154, 156, 157, 160, 163, 164, 169, 170, 172], "excluded_lines": []}, "LearningAnalyticsService._gather_analytics_data": {"executed_lines": [], "summary": {"covered_lines": 0, "num_statements": 6, "percent_covered": 0.0, "percent_covered_display": "0", "missing_lines": 6, "excluded_lines": 0}, "missing_lines": [178, 189, 190, 192, 199, 201], "excluded_lines": []}, "LearningAnalyticsService._gather_analytics_data_fallback": {"executed_lines": [], "summary": {"covered_lines": 0, "num_statements": 22, "percent_covered": 0.0, "percent_covered_display": "0", "missing_lines": 22, "excluded_lines": 0}, "missing_lines": [205, 207, 208, 211, 212, 214, 215, 218, 219, 221, 222, 225, 226, 228, 229, 232, 233, 235, 236, 240, 241, 243], "excluded_lines": []}, "LearningAnalyticsService._calculate_engagement_score": {"executed_lines": [], "summary": {"covered_lines": 0, "num_statements": 7, "percent_covered": 0.0, "percent_covered_display": "0", "missing_lines": 7, "excluded_lines": 0}, "missing_lines": [247, 248, 250, 251, 254, 259, 261], "excluded_lines": []}, "LearningAnalyticsService._calculate_progress_velocity": {"executed_lines": [], "summary": {"covered_lines": 0, "num_statements": 9, "percent_covered": 0.0, "percent_covered_display": "0", "missing_lines": 9, "excluded_lines": 0}, "missing_lines": [265, 268, 269, 271, 272, 275, 276, 278, 279], "excluded_lines": []}, "LearningAnalyticsService._calculate_lab_proficiency": {"executed_lines": [], "summary": {"covered_lines": 0, "num_statements": 1, "percent_covered": 0.0, "percent_covered_display": "0", "missing_lines": 1, "excluded_lines": 0}, "missing_lines": [283], "excluded_lines": []}, "LearningAnalyticsService._calculate_quiz_performance": {"executed_lines": [], "summary": {"covered_lines": 0, "num_statements": 8, "percent_covered": 0.0, "percent_covered_display": "0", "missing_lines": 8, "excluded_lines": 0}, "missing_lines": [287, 289, 290, 293, 295, 296, 298, 299], "excluded_lines": []}, "LearningAnalyticsService._calculate_time_on_platform": {"executed_lines": [], "summary": {"covered_lines": 0, "num_statements": 11, "percent_covered": 0.0, "percent_covered_display": "0", "missing_lines": 11, "excluded_lines": 0}, "missing_lines": [303, 304, 307, 308, 310, 311, 312, 313, 314, 316, 318], "excluded_lines": []}, "LearningAnalyticsService._calculate_streak_days": {"executed_lines": [], "summary": {"covered_lines": 0, "num_statements": 19, "percent_covered": 0.0, "percent_covered_display": "0", "missing_lines": 19, "excluded_lines": 0}, "missing_lines": [322, 324, 325, 328, 331, 332, 335, 336, 337, 338, 339, 340, 343, 345, 350, 351, 352, 354, 356], "excluded_lines": []}, "LearningAnalyticsService._empty_course_summary": {"executed_lines": [], "summary": {"covered_lines": 0, "num_statements": 1, "percent_covered": 0.0, "percent_covered_display": "0", "missing_lines": 1, "excluded_lines": 0}, "missing_lines": [360], "excluded_lines": []}, "LearningAnalyticsService._generate_course_summary": {"executed_lines": [], "summary": {"covered_lines": 0, "num_statements": 13, "percent_covered": 0.0, "percent_covered_display": "0", "missing_lines": 13, "excluded_lines": 0}, "missing_lines": [378, 380, 381, 384, 394, 395, 396, 399, 400, 401, 404, 407, 409], "excluded_lines": []}, "LearningAnalyticsService._generate_performance_comparison": {"executed_lines": [], "summary": {"covered_lines": 0, "num_statements": 14, "percent_covered": 0.0, "percent_covered_display": "0", "missing_lines": 14, "excluded_lines": 0}, "missing_lines": [429, 439, 440, 441, 442, 443, 444, 446, 447, 449, 457, 458, 460, 464], "excluded_lines": []}, "LearningAnalyticsService._estimate_percentile": {"executed_lines": [], "summary": {"covered_lines": 0, "num_statements": 12, "percent_covered": 0.0, "percent_covered_display": "0", "missing_lines": 12, "excluded_lines": 0}, "missing_lines": [477, 480, 481, 482, 483, 484, 485, 486, 487, 488, 489, 491], "excluded_lines": []}, "LearningAnalyticsService._generate_performance_prediction": {"executed_lines": [], "summary": {"covered_lines": 0, "num_statements": 19, "percent_covered": 0.0, "percent_covered_display": "0", "missing_lines": 19, "excluded_lines": 0}, "missing_lines": [495, 496, 499, 502, 503, 505, 506, 509, 510, 511, 518, 519, 521, 522, 523, 524, 525, 528, 530], "excluded_lines": []}, "LearningAnalyticsService._calculate_prediction_confidence": {"executed_lines": [], "summary": {"covered_lines": 0, "num_statements": 6, "percent_covered": 0.0, "percent_covered_display": "0", "missing_lines": 6, "excluded_lines": 0}, "missing_lines": [542, 544, 545, 546, 547, 549], "excluded_lines": []}, "LearningAnalyticsService._generate_prediction_recommendations": {"executed_lines": [], "summary": {"covered_lines": 0, "num_statements": 15, "percent_covered": 0.0, "percent_covered_display": "0", "missing_lines": 15, "excluded_lines": 0}, "missing_lines": [553, 555, 556, 558, 559, 560, 561, 562, 563, 564, 565, 566, 568, 569, 571], "excluded_lines": []}, "LearningAnalyticsService._calculate_course_trends": {"executed_lines": [], "summary": {"covered_lines": 0, "num_statements": 1, "percent_covered": 0.0, "percent_covered_display": "0", "missing_lines": 1, "excluded_lines": 0}, "missing_lines": [577], "excluded_lines": []}, "LearningAnalyticsService._generate_course_insights": {"executed_lines": [], "summary": {"covered_lines": 0, "num_statements": 20, "percent_covered": 0.0, "percent_covered_display": "0", "missing_lines": 20, "excluded_lines": 0}, "missing_lines": [586, 588, 589, 592, 593, 595, 596, 605, 606, 607, 616, 617, 618, 627, 628, 629, 638, 639, 640, 648], "excluded_lines": []}, "": {"executed_lines": [], "summary": {"covered_lines": 0, "num_statements": 31, "percent_covered": 0.0, "percent_covered_display": "0", "missing_lines": 31, "excluded_lines": 0}, "missing_lines": [6, 7, 8, 9, 10, 14, 16, 21, 33, 71, 93, 106, 127, 150, 175, 203, 245, 263, 281, 285, 301, 320, 358, 375, 426, 475, 493, 540, 551, 573, 583], "excluded_lines": []}}, "classes": {"LearningAnalyticsService": {"executed_lines": [], "summary": {"covered_lines": 0, "num_statements": 241, "percent_covered": 0.0, "percent_covered_display": "0", "missing_lines": 241, "excluded_lines": 0}, "missing_lines": [27, 28, 29, 30, 31, 36, 37, 40, 43, 44, 45, 46, 47, 48, 51, 63, 66, 69, 73, 74, 77, 78, 79, 82, 88, 89, 91, 95, 96, 99, 101, 102, 104, 109, 110, 113, 117, 119, 122, 123, 125, 130, 131, 134, 140, 141, 148, 153, 154, 156, 157, 160, 163, 164, 169, 170, 172, 178, 189, 190, 192, 199, 201, 205, 207, 208, 211, 212, 214, 215, 218, 219, 221, 222, 225, 226, 228, 229, 232, 233, 235, 236, 240, 241, 243, 247, 248, 250, 251, 254, 259, 261, 265, 268, 269, 271, 272, 275, 276, 278, 279, 283, 287, 289, 290, 293, 295, 296, 298, 299, 303, 304, 307, 308, 310, 311, 312, 313, 314, 316, 318, 322, 324, 325, 328, 331, 332, 335, 336, 337, 338, 339, 340, 343, 345, 350, 351, 352, 354, 356, 360, 378, 380, 381, 384, 394, 395, 396, 399, 400, 401, 404, 407, 409, 429, 439, 440, 441, 442, 443, 444, 446, 447, 449, 457, 458, 460, 464, 477, 480, 481, 482, 483, 484, 485, 486, 487, 488, 489, 491, 495, 496, 499, 502, 503, 505, 506, 509, 510, 511, 518, 519, 521, 522, 523, 524, 525, 528, 530, 542, 544, 545, 546, 547, 549, 553, 555, 556, 558, 559, 560, 561, 562, 563, 564, 565, 566, 568, 569, 571, 577, 586, 588, 589, 592, 593, 595, 596, 605, 606, 607, 616, 617, 618, 627, 628, 629, 638, 639, 640, 648], "excluded_lines": []}, "": {"executed_lines": [], "summary": {"covered_lines": 0, "num_statements": 31, "percent_covered": 0.0, "percent_covered_display": "0", "missing_lines": 31, "excluded_lines": 0}, "missing_lines": [6, 7, 8, 9, 10, 14, 16, 21, 33, 71, 93, 106, 127, 150, 175, 203, 245, 263, 281, 285, 301, 320, 358, 375, 426, 475, 493, 540, 551, 573, 583], "excluded_lines": []}}}, "services/analytics/application/services/student_activity_service.py": {"executed_lines": [], "summary": {"covered_lines": 0, "num_statements": 225, "percent_covered": 0.0, "percent_covered_display": "0", "missing_lines": 225, "excluded_lines": 0}, "missing_lines": [6, 7, 8, 9, 10, 11, 12, 14, 19, 20, 21, 32, 34, 36, 39, 42, 45, 47, 49, 50, 52, 57, 58, 60, 61, 64, 65, 67, 68, 71, 72, 74, 75, 77, 85, 87, 90, 91, 93, 94, 97, 98, 100, 107, 108, 111, 113, 117, 118, 121, 122, 124, 125, 127, 133, 135, 138, 139, 142, 148, 149, 151, 154, 157, 160, 163, 165, 174, 177, 185, 191, 192, 194, 198, 200, 202, 205, 206, 209, 210, 211, 212, 216, 219, 222, 225, 227, 228, 230, 233, 234, 237, 238, 239, 240, 243, 244, 247, 249, 251, 252, 255, 256, 259, 261, 264, 265, 275, 276, 279, 280, 286, 289, 292, 293, 295, 310, 314, 315, 316, 317, 320, 321, 322, 324, 325, 329, 331, 333, 335, 336, 337, 338, 341, 343, 348, 350, 351, 354, 355, 356, 358, 359, 361, 362, 363, 364, 366, 368, 370, 371, 372, 373, 374, 375, 377, 379, 381, 382, 385, 386, 387, 388, 391, 392, 393, 394, 397, 398, 400, 409, 411, 412, 415, 418, 419, 420, 421, 424, 425, 426, 429, 430, 432, 440, 442, 443, 446, 447, 448, 449, 450, 453, 454, 455, 456, 459, 460, 462, 463, 464, 466, 468, 475, 477, 480, 481, 482, 484, 485, 486, 487, 489, 490, 493, 494, 495, 496, 497, 500, 501, 502, 503, 504, 506], "excluded_lines": [], "functions": {"StudentActivityService.__init__": {"executed_lines": [], "summary": {"covered_lines": 0, "num_statements": 2, "percent_covered": 0.0, "percent_covered_display": "0", "missing_lines": 2, "excluded_lines": 0}, "missing_lines": [20, 21], "excluded_lines": []}, "StudentActivityService.record_activity": {"executed_lines": [], "summary": {"covered_lines": 0, "num_statements": 8, "percent_covered": 0.0, "percent_covered_display": "0", "missing_lines": 8, "excluded_lines": 0}, "missing_lines": [34, 36, 39, 42, 45, 47, 49, 50], "excluded_lines": []}, "StudentActivityService.get_student_activities": {"executed_lines": [], "summary": {"covered_lines": 0, "num_statements": 14, "percent_covered": 0.0, "percent_covered_display": "0", "missing_lines": 14, "excluded_lines": 0}, "missing_lines": [57, 58, 60, 61, 64, 65, 67, 68, 71, 72, 74, 75, 77, 85], "excluded_lines": []}, "StudentActivityService.get_engagement_score": {"executed_lines": [], "summary": {"covered_lines": 0, "num_statements": 10, "percent_covered": 0.0, "percent_covered_display": "0", "missing_lines": 10, "excluded_lines": 0}, "missing_lines": [90, 91, 93, 94, 97, 98, 100, 107, 108, 111], "excluded_lines": []}, "StudentActivityService.get_activity_summary": {"executed_lines": [], "summary": {"covered_lines": 0, "num_statements": 8, "percent_covered": 0.0, "percent_covered_display": "0", "missing_lines": 8, "excluded_lines": 0}, "missing_lines": [117, 118, 121, 122, 124, 125, 127, 133], "excluded_lines": []}, "StudentActivityService.detect_learning_patterns": {"executed_lines": [], "summary": {"covered_lines": 0, "num_statements": 11, "percent_covered": 0.0, "percent_covered_display": "0", "missing_lines": 11, "excluded_lines": 0}, "missing_lines": [138, 139, 142, 148, 149, 151, 154, 157, 160, 163, 165], "excluded_lines": []}, "StudentActivityService._validate_activity_context": {"executed_lines": [], "summary": {"covered_lines": 0, "num_statements": 4, "percent_covered": 0.0, "percent_covered_display": "0", "missing_lines": 4, "excluded_lines": 0}, "missing_lines": [177, 185, 191, 192], "excluded_lines": []}, "StudentActivityService._handle_activity_side_effects": {"executed_lines": [], "summary": {"covered_lines": 0, "num_statements": 2, "percent_covered": 0.0, "percent_covered_display": "0", "missing_lines": 2, "excluded_lines": 0}, "missing_lines": [198, 200], "excluded_lines": []}, "StudentActivityService._calculate_engagement_score": {"executed_lines": [], "summary": {"covered_lines": 0, "num_statements": 12, "percent_covered": 0.0, "percent_covered_display": "0", "missing_lines": 12, "excluded_lines": 0}, "missing_lines": [205, 206, 209, 210, 211, 212, 216, 219, 222, 225, 227, 228], "excluded_lines": []}, "StudentActivityService._calculate_consistency_bonus": {"executed_lines": [], "summary": {"covered_lines": 0, "num_statements": 9, "percent_covered": 0.0, "percent_covered_display": "0", "missing_lines": 9, "excluded_lines": 0}, "missing_lines": [233, 234, 237, 238, 239, 240, 243, 244, 247], "excluded_lines": []}, "StudentActivityService._calculate_variety_bonus": {"executed_lines": [], "summary": {"covered_lines": 0, "num_statements": 5, "percent_covered": 0.0, "percent_covered_display": "0", "missing_lines": 5, "excluded_lines": 0}, "missing_lines": [251, 252, 255, 256, 259], "excluded_lines": []}, "StudentActivityService._generate_activity_summary": {"executed_lines": [], "summary": {"covered_lines": 0, "num_statements": 11, "percent_covered": 0.0, "percent_covered_display": "0", "missing_lines": 11, "excluded_lines": 0}, "missing_lines": [264, 265, 275, 276, 279, 280, 286, 289, 292, 293, 295], "excluded_lines": []}, "StudentActivityService._calculate_daily_trends": {"executed_lines": [], "summary": {"covered_lines": 0, "num_statements": 11, "percent_covered": 0.0, "percent_covered_display": "0", "missing_lines": 11, "excluded_lines": 0}, "missing_lines": [314, 315, 316, 317, 320, 321, 322, 324, 325, 329, 331], "excluded_lines": []}, "StudentActivityService._analyze_peak_hours": {"executed_lines": [], "summary": {"covered_lines": 0, "num_statements": 6, "percent_covered": 0.0, "percent_covered_display": "0", "missing_lines": 6, "excluded_lines": 0}, "missing_lines": [335, 336, 337, 338, 341, 343], "excluded_lines": []}, "StudentActivityService._calculate_average_engagement": {"executed_lines": [], "summary": {"covered_lines": 0, "num_statements": 12, "percent_covered": 0.0, "percent_covered_display": "0", "missing_lines": 12, "excluded_lines": 0}, "missing_lines": [350, 351, 354, 355, 356, 358, 359, 361, 362, 363, 364, 366], "excluded_lines": []}, "StudentActivityService._categorize_engagement_level": {"executed_lines": [], "summary": {"covered_lines": 0, "num_statements": 7, "percent_covered": 0.0, "percent_covered_display": "0", "missing_lines": 7, "excluded_lines": 0}, "missing_lines": [370, 371, 372, 373, 374, 375, 377], "excluded_lines": []}, "StudentActivityService._analyze_temporal_patterns": {"executed_lines": [], "summary": {"covered_lines": 0, "num_statements": 13, "percent_covered": 0.0, "percent_covered_display": "0", "missing_lines": 13, "excluded_lines": 0}, "missing_lines": [381, 382, 385, 386, 387, 388, 391, 392, 393, 394, 397, 398, 400], "excluded_lines": []}, "StudentActivityService._analyze_sequence_patterns": {"executed_lines": [], "summary": {"covered_lines": 0, "num_statements": 13, "percent_covered": 0.0, "percent_covered_display": "0", "missing_lines": 13, "excluded_lines": 0}, "missing_lines": [411, 412, 415, 418, 419, 420, 421, 424, 425, 426, 429, 430, 432], "excluded_lines": []}, "StudentActivityService._analyze_engagement_patterns": {"executed_lines": [], "summary": {"covered_lines": 0, "num_statements": 18, "percent_covered": 0.0, "percent_covered_display": "0", "missing_lines": 18, "excluded_lines": 0}, "missing_lines": [442, 443, 446, 447, 448, 449, 450, 453, 454, 455, 456, 459, 460, 462, 463, 464, 466, 468], "excluded_lines": []}, "StudentActivityService._generate_pattern_insights": {"executed_lines": [], "summary": {"covered_lines": 0, "num_statements": 21, "percent_covered": 0.0, "percent_covered_display": "0", "missing_lines": 21, "excluded_lines": 0}, "missing_lines": [477, 480, 481, 482, 484, 485, 486, 487, 489, 490, 493, 494, 495, 496, 497, 500, 501, 502, 503, 504, 506], "excluded_lines": []}, "": {"executed_lines": [], "summary": {"covered_lines": 0, "num_statements": 28, "percent_covered": 0.0, "percent_covered_display": "0", "missing_lines": 28, "excluded_lines": 0}, "missing_lines": [6, 7, 8, 9, 10, 11, 12, 14, 19, 32, 52, 87, 113, 135, 174, 194, 202, 230, 249, 261, 310, 333, 348, 368, 379, 409, 440, 475], "excluded_lines": []}}, "classes": {"StudentActivityService": {"executed_lines": [], "summary": {"covered_lines": 0, "num_statements": 197, "percent_covered": 0.0, "percent_covered_display": "0", "missing_lines": 197, "excluded_lines": 0}, "missing_lines": [20, 21, 34, 36, 39, 42, 45, 47, 49, 50, 57, 58, 60, 61, 64, 65, 67, 68, 71, 72, 74, 75, 77, 85, 90, 91, 93, 94, 97, 98, 100, 107, 108, 111, 117, 118, 121, 122, 124, 125, 127, 133, 138, 139, 142, 148, 149, 151, 154, 157, 160, 163, 165, 177, 185, 191, 192, 198, 200, 205, 206, 209, 210, 211, 212, 216, 219, 222, 225, 227, 228, 233, 234, 237, 238, 239, 240, 243, 244, 247, 251, 252, 255, 256, 259, 264, 265, 275, 276, 279, 280, 286, 289, 292, 293, 295, 314, 315, 316, 317, 320, 321, 322, 324, 325, 329, 331, 335, 336, 337, 338, 341, 343, 350, 351, 354, 355, 356, 358, 359, 361, 362, 363, 364, 366, 370, 371, 372, 373, 374, 375, 377, 381, 382, 385, 386, 387, 388, 391, 392, 393, 394, 397, 398, 400, 411, 412, 415, 418, 419, 420, 421, 424, 425, 426, 429, 430, 432, 442, 443, 446, 447, 448, 449, 450, 453, 454, 455, 456, 459, 460, 462, 463, 464, 466, 468, 477, 480, 481, 482, 484, 485, 486, 487, 489, 490, 493, 494, 495, 496, 497, 500, 501, 502, 503, 504, 506], "excluded_lines": []}, "": {"executed_lines": [], "summary": {"covered_lines": 0, "num_statements": 28, "percent_covered": 0.0, "percent_covered_display": "0", "missing_lines": 28, "excluded_lines": 0}, "missing_lines": [6, 7, 8, 9, 10, 11, 12, 14, 19, 32, 52, 87, 113, 135, 174, 194, 202, 230, 249, 261, 310, 333, 348, 368, 379, 409, 440, 475], "excluded_lines": []}}}, "services/analytics/domain/__init__.py": {"executed_lines": [], "summary": {"covered_lines": 0, "num_statements": 0, "percent_covered": 100.0, "percent_covered_display": "100", "missing_lines": 0, "excluded_lines": 0}, "missing_lines": [], "excluded_lines": [], "functions": {"": {"executed_lines": [], "summary": {"covered_lines": 0, "num_statements": 0, "percent_covered": 100.0, "percent_covered_display": "100", "missing_lines": 0, "excluded_lines": 0}, "missing_lines": [], "excluded_lines": []}}, "classes": {"": {"executed_lines": [], "summary": {"covered_lines": 0, "num_statements": 0, "percent_covered": 100.0, "percent_covered_display": "100", "missing_lines": 0, "excluded_lines": 0}, "missing_lines": [], "excluded_lines": []}}}, "services/analytics/domain/entities/__init__.py": {"executed_lines": [], "summary": {"covered_lines": 0, "num_statements": 0, "percent_covered": 100.0, "percent_covered_display": "100", "missing_lines": 0, "excluded_lines": 0}, "missing_lines": [], "excluded_lines": [], "functions": {"": {"executed_lines": [], "summary": {"covered_lines": 0, "num_statements": 0, "percent_covered": 100.0, "percent_covered_display": "100", "missing_lines": 0, "excluded_lines": 0}, "missing_lines": [], "excluded_lines": []}}, "classes": {"": {"executed_lines": [], "summary": {"covered_lines": 0, "num_statements": 0, "percent_covered": 100.0, "percent_covered_display": "100", "missing_lines": 0, "excluded_lines": 0}, "missing_lines": [], "excluded_lines": []}}}, "services/analytics/domain/entities/student_analytics.py": {"executed_lines": [], "summary": {"covered_lines": 0, "num_statements": 350, "percent_covered": 0.0, "percent_covered_display": "0", "missing_lines": 350, "excluded_lines": 0}, "missing_lines": [5, 6, 7, 8, 9, 11, 12, 13, 14, 15, 16, 17, 18, 19, 21, 22, 23, 24, 25, 26, 28, 29, 30, 31, 32, 34, 35, 36, 37, 38, 39, 40, 42, 43, 48, 49, 50, 51, 52, 53, 54, 55, 56, 58, 60, 62, 64, 65, 67, 68, 70, 71, 73, 74, 77, 79, 81, 82, 83, 85, 86, 87, 88, 89, 91, 92, 93, 95, 96, 97, 99, 101, 102, 104, 105, 107, 109, 111, 118, 120, 121, 125, 126, 127, 128, 129, 130, 131, 132, 133, 134, 135, 137, 139, 141, 143, 144, 146, 147, 149, 150, 152, 153, 155, 156, 158, 159, 161, 162, 164, 165, 167, 169, 170, 172, 173, 175, 177, 178, 181, 182, 184, 186, 188, 189, 190, 192, 193, 194, 195, 196, 197, 198, 200, 202, 203, 204, 205, 206, 208, 210, 212, 213, 216, 217, 218, 219, 221, 223, 224, 228, 229, 230, 231, 232, 233, 234, 235, 236, 237, 238, 239, 240, 242, 244, 246, 248, 249, 251, 252, 254, 255, 257, 258, 260, 261, 263, 264, 266, 267, 269, 270, 272, 274, 275, 277, 279, 281, 282, 284, 285, 287, 289, 290, 291, 292, 293, 295, 296, 298, 300, 302, 303, 304, 306, 307, 308, 309, 310, 311, 312, 313, 315, 317, 319, 321, 323, 324, 326, 327, 331, 332, 333, 334, 335, 336, 337, 338, 339, 340, 341, 343, 345, 347, 349, 350, 352, 353, 355, 356, 358, 359, 361, 362, 364, 365, 367, 368, 370, 371, 373, 374, 376, 378, 379, 381, 382, 384, 385, 386, 389, 390, 391, 392, 394, 395, 396, 398, 400, 401, 403, 404, 405, 406, 407, 409, 411, 412, 414, 416, 418, 419, 423, 425, 428, 429, 434, 435, 436, 437, 438, 439, 440, 441, 442, 443, 444, 445, 447, 449, 451, 453, 454, 456, 457, 459, 460, 462, 463, 465, 466, 468, 469, 471, 472, 474, 475, 477, 478, 480, 483, 491, 493, 500, 502, 504, 505, 508, 511, 512, 515, 516, 518, 520, 522, 524, 526, 527, 529, 530, 532, 533, 535, 536, 538, 539, 541, 542, 544, 545], "excluded_lines": [], "functions": {"StudentActivity.__post_init__": {"executed_lines": [], "summary": {"covered_lines": 0, "num_statements": 1, "percent_covered": 0.0, "percent_covered_display": "0", "missing_lines": 1, "excluded_lines": 0}, "missing_lines": [60], "excluded_lines": []}, "StudentActivity.validate": {"executed_lines": [], "summary": {"covered_lines": 0, "num_statements": 9, "percent_covered": 0.0, "percent_covered_display": "0", "missing_lines": 9, "excluded_lines": 0}, "missing_lines": [64, 65, 67, 68, 70, 71, 73, 74, 77], "excluded_lines": []}, "StudentActivity._validate_activity_specific_data": {"executed_lines": [], "summary": {"covered_lines": 0, "num_statements": 14, "percent_covered": 0.0, "percent_covered_display": "0", "missing_lines": 14, "excluded_lines": 0}, "missing_lines": [81, 82, 83, 85, 86, 87, 88, 89, 91, 92, 93, 95, 96, 97], "excluded_lines": []}, "StudentActivity.get_duration_from_previous": {"executed_lines": [], "summary": {"covered_lines": 0, "num_statements": 5, "percent_covered": 0.0, "percent_covered_display": "0", "missing_lines": 5, "excluded_lines": 0}, "missing_lines": [101, 102, 104, 105, 107], "excluded_lines": []}, "StudentActivity.is_engagement_activity": {"executed_lines": [], "summary": {"covered_lines": 0, "num_statements": 2, "percent_covered": 0.0, "percent_covered_display": "0", "missing_lines": 2, "excluded_lines": 0}, "missing_lines": [111, 118], "excluded_lines": []}, "LabUsageMetrics.__post_init__": {"executed_lines": [], "summary": {"covered_lines": 0, "num_statements": 1, "percent_covered": 0.0, "percent_covered_display": "0", "missing_lines": 1, "excluded_lines": 0}, "missing_lines": [139], "excluded_lines": []}, "LabUsageMetrics.validate": {"executed_lines": [], "summary": {"covered_lines": 0, "num_statements": 16, "percent_covered": 0.0, "percent_covered_display": "0", "missing_lines": 16, "excluded_lines": 0}, "missing_lines": [143, 144, 146, 147, 149, 150, 152, 153, 155, 156, 158, 159, 161, 162, 164, 165], "excluded_lines": []}, "LabUsageMetrics.get_duration_minutes": {"executed_lines": [], "summary": {"covered_lines": 0, "num_statements": 4, "percent_covered": 0.0, "percent_covered_display": "0", "missing_lines": 4, "excluded_lines": 0}, "missing_lines": [169, 170, 172, 173], "excluded_lines": []}, "LabUsageMetrics.get_productivity_score": {"executed_lines": [], "summary": {"covered_lines": 0, "num_statements": 5, "percent_covered": 0.0, "percent_covered_display": "0", "missing_lines": 5, "excluded_lines": 0}, "missing_lines": [177, 178, 181, 182, 184], "excluded_lines": []}, "LabUsageMetrics.get_engagement_level": {"executed_lines": [], "summary": {"covered_lines": 0, "num_statements": 17, "percent_covered": 0.0, "percent_covered_display": "0", "missing_lines": 17, "excluded_lines": 0}, "missing_lines": [188, 189, 190, 192, 193, 194, 195, 196, 197, 198, 200, 202, 203, 204, 205, 206, 208], "excluded_lines": []}, "LabUsageMetrics.end_session": {"executed_lines": [], "summary": {"covered_lines": 0, "num_statements": 7, "percent_covered": 0.0, "percent_covered_display": "0", "missing_lines": 7, "excluded_lines": 0}, "missing_lines": [212, 213, 216, 217, 218, 219, 221], "excluded_lines": []}, "QuizPerformance.__post_init__": {"executed_lines": [], "summary": {"covered_lines": 0, "num_statements": 1, "percent_covered": 0.0, "percent_covered_display": "0", "missing_lines": 1, "excluded_lines": 0}, "missing_lines": [244], "excluded_lines": []}, "QuizPerformance.validate": {"executed_lines": [], "summary": {"covered_lines": 0, "num_statements": 16, "percent_covered": 0.0, "percent_covered_display": "0", "missing_lines": 16, "excluded_lines": 0}, "missing_lines": [248, 249, 251, 252, 254, 255, 257, 258, 260, 261, 263, 264, 266, 267, 269, 270], "excluded_lines": []}, "QuizPerformance.get_score_percentage": {"executed_lines": [], "summary": {"covered_lines": 0, "num_statements": 3, "percent_covered": 0.0, "percent_covered_display": "0", "missing_lines": 3, "excluded_lines": 0}, "missing_lines": [274, 275, 277], "excluded_lines": []}, "QuizPerformance.get_duration_minutes": {"executed_lines": [], "summary": {"covered_lines": 0, "num_statements": 4, "percent_covered": 0.0, "percent_covered_display": "0", "missing_lines": 4, "excluded_lines": 0}, "missing_lines": [281, 282, 284, 285], "excluded_lines": []}, "QuizPerformance.get_average_time_per_question": {"executed_lines": [], "summary": {"covered_lines": 0, "num_statements": 8, "percent_covered": 0.0, "percent_covered_display": "0", "missing_lines": 8, "excluded_lines": 0}, "missing_lines": [289, 290, 291, 292, 293, 295, 296, 298], "excluded_lines": []}, "QuizPerformance.get_performance_level": {"executed_lines": [], "summary": {"covered_lines": 0, "num_statements": 12, "percent_covered": 0.0, "percent_covered_display": "0", "missing_lines": 12, "excluded_lines": 0}, "missing_lines": [302, 303, 304, 306, 307, 308, 309, 310, 311, 312, 313, 315], "excluded_lines": []}, "QuizPerformance.is_completed": {"executed_lines": [], "summary": {"covered_lines": 0, "num_statements": 1, "percent_covered": 0.0, "percent_covered_display": "0", "missing_lines": 1, "excluded_lines": 0}, "missing_lines": [319], "excluded_lines": []}, "QuizPerformance.complete_quiz": {"executed_lines": [], "summary": {"covered_lines": 0, "num_statements": 2, "percent_covered": 0.0, "percent_covered_display": "0", "missing_lines": 2, "excluded_lines": 0}, "missing_lines": [323, 324], "excluded_lines": []}, "StudentProgress.__post_init__": {"executed_lines": [], "summary": {"covered_lines": 0, "num_statements": 1, "percent_covered": 0.0, "percent_covered_display": "0", "missing_lines": 1, "excluded_lines": 0}, "missing_lines": [345], "excluded_lines": []}, "StudentProgress.validate": {"executed_lines": [], "summary": {"covered_lines": 0, "num_statements": 18, "percent_covered": 0.0, "percent_covered_display": "0", "missing_lines": 18, "excluded_lines": 0}, "missing_lines": [349, 350, 352, 353, 355, 356, 358, 359, 361, 362, 364, 365, 367, 368, 370, 371, 373, 374], "excluded_lines": []}, "StudentProgress.update_progress": {"executed_lines": [], "summary": {"covered_lines": 0, "num_statements": 14, "percent_covered": 0.0, "percent_covered_display": "0", "missing_lines": 14, "excluded_lines": 0}, "missing_lines": [378, 379, 381, 382, 384, 385, 386, 389, 390, 391, 392, 394, 395, 396], "excluded_lines": []}, "StudentProgress.mark_mastered": {"executed_lines": [], "summary": {"covered_lines": 0, "num_statements": 7, "percent_covered": 0.0, "percent_covered_display": "0", "missing_lines": 7, "excluded_lines": 0}, "missing_lines": [400, 401, 403, 404, 405, 406, 407], "excluded_lines": []}, "StudentProgress.get_learning_velocity": {"executed_lines": [], "summary": {"covered_lines": 0, "num_statements": 3, "percent_covered": 0.0, "percent_covered_display": "0", "missing_lines": 3, "excluded_lines": 0}, "missing_lines": [411, 412, 414], "excluded_lines": []}, "StudentProgress.is_at_risk": {"executed_lines": [], "summary": {"covered_lines": 0, "num_statements": 4, "percent_covered": 0.0, "percent_covered_display": "0", "missing_lines": 4, "excluded_lines": 0}, "missing_lines": [418, 419, 423, 425], "excluded_lines": []}, "LearningAnalytics.__post_init__": {"executed_lines": [], "summary": {"covered_lines": 0, "num_statements": 1, "percent_covered": 0.0, "percent_covered_display": "0", "missing_lines": 1, "excluded_lines": 0}, "missing_lines": [449], "excluded_lines": []}, "LearningAnalytics.validate": {"executed_lines": [], "summary": {"covered_lines": 0, "num_statements": 18, "percent_covered": 0.0, "percent_covered_display": "0", "missing_lines": 18, "excluded_lines": 0}, "missing_lines": [453, 454, 456, 457, 459, 460, 462, 463, 465, 466, 468, 469, 471, 472, 474, 475, 477, 478], "excluded_lines": []}, "LearningAnalytics.calculate_overall_performance": {"executed_lines": [], "summary": {"covered_lines": 0, "num_statements": 4, "percent_covered": 0.0, "percent_covered_display": "0", "missing_lines": 4, "excluded_lines": 0}, "missing_lines": [483, 491, 493, 500], "excluded_lines": []}, "LearningAnalytics.update_risk_level": {"executed_lines": [], "summary": {"covered_lines": 0, "num_statements": 9, "percent_covered": 0.0, "percent_covered_display": "0", "missing_lines": 9, "excluded_lines": 0}, "missing_lines": [504, 505, 508, 511, 512, 515, 516, 518, 520], "excluded_lines": []}, "LearningAnalytics.generate_recommendations": {"executed_lines": [], "summary": {"covered_lines": 0, "num_statements": 15, "percent_covered": 0.0, "percent_covered_display": "0", "missing_lines": 15, "excluded_lines": 0}, "missing_lines": [524, 526, 527, 529, 530, 532, 533, 535, 536, 538, 539, 541, 542, 544, 545], "excluded_lines": []}, "": {"executed_lines": [], "summary": {"covered_lines": 0, "num_statements": 128, "percent_covered": 0.0, "percent_covered_display": "0", "missing_lines": 128, "excluded_lines": 0}, "missing_lines": [5, 6, 7, 8, 9, 11, 12, 13, 14, 15, 16, 17, 18, 19, 21, 22, 23, 24, 25, 26, 28, 29, 30, 31, 32, 34, 35, 36, 37, 38, 39, 40, 42, 43, 48, 49, 50, 51, 52, 53, 54, 55, 56, 58, 62, 79, 99, 109, 120, 121, 125, 126, 127, 128, 129, 130, 131, 132, 133, 134, 135, 137, 141, 167, 175, 186, 210, 223, 224, 228, 229, 230, 231, 232, 233, 234, 235, 236, 237, 238, 239, 240, 242, 246, 272, 279, 287, 300, 317, 321, 326, 327, 331, 332, 333, 334, 335, 336, 337, 338, 339, 340, 341, 343, 347, 376, 398, 409, 416, 428, 429, 434, 435, 436, 437, 438, 439, 440, 441, 442, 443, 444, 445, 447, 451, 480, 502, 522], "excluded_lines": []}}, "classes": {"ActivityType": {"executed_lines": [], "summary": {"covered_lines": 0, "num_statements": 0, "percent_covered": 100.0, "percent_covered_display": "100", "missing_lines": 0, "excluded_lines": 0}, "missing_lines": [], "excluded_lines": []}, "CompletionStatus": {"executed_lines": [], "summary": {"covered_lines": 0, "num_statements": 0, "percent_covered": 100.0, "percent_covered_display": "100", "missing_lines": 0, "excluded_lines": 0}, "missing_lines": [], "excluded_lines": []}, "RiskLevel": {"executed_lines": [], "summary": {"covered_lines": 0, "num_statements": 0, "percent_covered": 100.0, "percent_covered_display": "100", "missing_lines": 0, "excluded_lines": 0}, "missing_lines": [], "excluded_lines": []}, "ContentType": {"executed_lines": [], "summary": {"covered_lines": 0, "num_statements": 0, "percent_covered": 100.0, "percent_covered_display": "100", "missing_lines": 0, "excluded_lines": 0}, "missing_lines": [], "excluded_lines": []}, "StudentActivity": {"executed_lines": [], "summary": {"covered_lines": 0, "num_statements": 31, "percent_covered": 0.0, "percent_covered_display": "0", "missing_lines": 31, "excluded_lines": 0}, "missing_lines": [60, 64, 65, 67, 68, 70, 71, 73, 74, 77, 81, 82, 83, 85, 86, 87, 88, 89, 91, 92, 93, 95, 96, 97, 101, 102, 104, 105, 107, 111, 118], "excluded_lines": []}, "LabUsageMetrics": {"executed_lines": [], "summary": {"covered_lines": 0, "num_statements": 50, "percent_covered": 0.0, "percent_covered_display": "0", "missing_lines": 50, "excluded_lines": 0}, "missing_lines": [139, 143, 144, 146, 147, 149, 150, 152, 153, 155, 156, 158, 159, 161, 162, 164, 165, 169, 170, 172, 173, 177, 178, 181, 182, 184, 188, 189, 190, 192, 193, 194, 195, 196, 197, 198, 200, 202, 203, 204, 205, 206, 208, 212, 213, 216, 217, 218, 219, 221], "excluded_lines": []}, "QuizPerformance": {"executed_lines": [], "summary": {"covered_lines": 0, "num_statements": 47, "percent_covered": 0.0, "percent_covered_display": "0", "missing_lines": 47, "excluded_lines": 0}, "missing_lines": [244, 248, 249, 251, 252, 254, 255, 257, 258, 260, 261, 263, 264, 266, 267, 269, 270, 274, 275, 277, 281, 282, 284, 285, 289, 290, 291, 292, 293, 295, 296, 298, 302, 303, 304, 306, 307, 308, 309, 310, 311, 312, 313, 315, 319, 323, 324], "excluded_lines": []}, "StudentProgress": {"executed_lines": [], "summary": {"covered_lines": 0, "num_statements": 47, "percent_covered": 0.0, "percent_covered_display": "0", "missing_lines": 47, "excluded_lines": 0}, "missing_lines": [345, 349, 350, 352, 353, 355, 356, 358, 359, 361, 362, 364, 365, 367, 368, 370, 371, 373, 374, 378, 379, 381, 382, 384, 385, 386, 389, 390, 391, 392, 394, 395, 396, 400, 401, 403, 404, 405, 406, 407, 411, 412, 414, 418, 419, 423, 425], "excluded_lines": []}, "LearningAnalytics": {"executed_lines": [], "summary": {"covered_lines": 0, "num_statements": 47, "percent_covered": 0.0, "percent_covered_display": "0", "missing_lines": 47, "excluded_lines": 0}, "missing_lines": [449, 453, 454, 456, 457, 459, 460, 462, 463, 465, 466, 468, 469, 471, 472, 474, 475, 477, 478, 483, 491, 493, 500, 504, 505, 508, 511, 512, 515, 516, 518, 520, 524, 526, 527, 529, 530, 532, 533, 535, 536, 538, 539, 541, 542, 544, 545], "excluded_lines": []}, "": {"executed_lines": [], "summary": {"covered_lines": 0, "num_statements": 128, "percent_covered": 0.0, "percent_covered_display": "0", "missing_lines": 128, "excluded_lines": 0}, "missing_lines": [5, 6, 7, 8, 9, 11, 12, 13, 14, 15, 16, 17, 18, 19, 21, 22, 23, 24, 25, 26, 28, 29, 30, 31, 32, 34, 35, 36, 37, 38, 39, 40, 42, 43, 48, 49, 50, 51, 52, 53, 54, 55, 56, 58, 62, 79, 99, 109, 120, 121, 125, 126, 127, 128, 129, 130, 131, 132, 133, 134, 135, 137, 141, 167, 175, 186, 210, 223, 224, 228, 229, 230, 231, 232, 233, 234, 235, 236, 237, 238, 239, 240, 242, 246, 272, 279, 287, 300, 317, 321, 326, 327, 331, 332, 333, 334, 335, 336, 337, 338, 339, 340, 341, 343, 347, 376, 398, 409, 416, 428, 429, 434, 435, 436, 437, 438, 439, 440, 441, 442, 443, 444, 445, 447, 451, 480, 502, 522], "excluded_lines": []}}}, "services/analytics/domain/interfaces/__init__.py": {"executed_lines": [], "summary": {"covered_lines": 0, "num_statements": 0, "percent_covered": 100.0, "percent_covered_display": "100", "missing_lines": 0, "excluded_lines": 0}, "missing_lines": [], "excluded_lines": [], "functions": {"": {"executed_lines": [], "summary": {"covered_lines": 0, "num_statements": 0, "percent_covered": 100.0, "percent_covered_display": "100", "missing_lines": 0, "excluded_lines": 0}, "missing_lines": [], "excluded_lines": []}}, "classes": {"": {"executed_lines": [], "summary": {"covered_lines": 0, "num_statements": 0, "percent_covered": 100.0, "percent_covered_display": "100", "missing_lines": 0, "excluded_lines": 0}, "missing_lines": [], "excluded_lines": []}}}, "services/analytics/domain/interfaces/analytics_repository.py": {"executed_lines": [], "summary": {"covered_lines": 0, "num_statements": 185, "percent_covered": 0.0, "percent_covered_display": "0", "missing_lines": 185, "excluded_lines": 0}, "missing_lines": [6, 7, 8, 9, 14, 17, 18, 20, 22, 23, 25, 27, 28, 34, 36, 37, 42, 44, 45, 47, 49, 50, 54, 56, 57, 60, 62, 63, 65, 67, 70, 71, 73, 75, 76, 78, 80, 81, 83, 85, 86, 89, 91, 92, 94, 96, 97, 99, 101, 102, 104, 106, 107, 110, 112, 113, 116, 118, 121, 122, 124, 126, 127, 129, 131, 132, 134, 136, 137, 140, 142, 143, 146, 148, 149, 151, 153, 154, 156, 158, 159, 161, 163, 164, 167, 169, 172, 173, 175, 177, 178, 180, 182, 183, 185, 187, 188, 191, 193, 194, 196, 198, 199, 201, 203, 204, 207, 209, 210, 213, 215, 216, 219, 221, 224, 225, 227, 229, 230, 232, 234, 235, 237, 239, 240, 243, 245, 246, 248, 250, 251, 254, 256, 257, 259, 261, 262, 265, 267, 268, 270, 272, 275, 276, 280, 282, 283, 285, 287, 288, 290, 292, 293, 295, 297, 298, 301, 303, 304, 306, 308, 309, 311, 313, 314, 317, 319, 322, 323, 326, 328, 329, 331, 333, 334, 337, 339, 340, 345, 347, 348, 351, 353, 354, 356], "excluded_lines": [], "functions": {"IStudentActivityRepository.create": {"executed_lines": [], "summary": {"covered_lines": 0, "num_statements": 1, "percent_covered": 0.0, "percent_covered_display": "0", "missing_lines": 1, "excluded_lines": 0}, "missing_lines": [20], "excluded_lines": []}, "IStudentActivityRepository.get_by_id": {"executed_lines": [], "summary": {"covered_lines": 0, "num_statements": 1, "percent_covered": 0.0, "percent_covered_display": "0", "missing_lines": 1, "excluded_lines": 0}, "missing_lines": [25], "excluded_lines": []}, "IStudentActivityRepository.get_by_student_and_course": {"executed_lines": [], "summary": {"covered_lines": 0, "num_statements": 1, "percent_covered": 0.0, "percent_covered_display": "0", "missing_lines": 1, "excluded_lines": 0}, "missing_lines": [34], "excluded_lines": []}, "IStudentActivityRepository.get_by_course": {"executed_lines": [], "summary": {"covered_lines": 0, "num_statements": 1, "percent_covered": 0.0, "percent_covered_display": "0", "missing_lines": 1, "excluded_lines": 0}, "missing_lines": [42], "excluded_lines": []}, "IStudentActivityRepository.get_by_session": {"executed_lines": [], "summary": {"covered_lines": 0, "num_statements": 1, "percent_covered": 0.0, "percent_covered_display": "0", "missing_lines": 1, "excluded_lines": 0}, "missing_lines": [47], "excluded_lines": []}, "IStudentActivityRepository.get_activity_counts": {"executed_lines": [], "summary": {"covered_lines": 0, "num_statements": 1, "percent_covered": 0.0, "percent_covered_display": "0", "missing_lines": 1, "excluded_lines": 0}, "missing_lines": [54], "excluded_lines": []}, "IStudentActivityRepository.get_engagement_metrics": {"executed_lines": [], "summary": {"covered_lines": 0, "num_statements": 1, "percent_covered": 0.0, "percent_covered_display": "0", "missing_lines": 1, "excluded_lines": 0}, "missing_lines": [60], "excluded_lines": []}, "IStud
[...]
m_statements": 10, "percent_covered": 0.0, "percent_covered_display": "0", "missing_lines": 10, "excluded_lines": 0}, "missing_lines": [7, 8, 9, 10, 12, 15, 22, 32, 80, 119], "excluded_lines": []}}}, "services/course-management/run.py": {"executed_lines": [], "summary": {"covered_lines": 0, "num_statements": 3, "percent_covered": 0.0, "percent_covered_display": "0", "missing_lines": 3, "excluded_lines": 0}, "missing_lines": [6, 8, 9], "excluded_lines": [], "functions": {"": {"executed_lines": [], "summary": {"covered_lines": 0, "num_statements": 3, "percent_covered": 0.0, "percent_covered_display": "0", "missing_lines": 3, "excluded_lines": 0}, "missing_lines": [6, 8, 9], "excluded_lines": []}}, "classes": {"": {"executed_lines": [], "summary": {"covered_lines": 0, "num_statements": 3, "percent_covered": 0.0, "percent_covered_display": "0", "missing_lines": 3, "excluded_lines": 0}, "missing_lines": [6, 8, 9], "excluded_lines": []}}}, "services/course-management/schemas.py": {"executed_lines": [], "summary": {"covered_lines": 0, "num_statements": 95, "percent_covered": 0.0, "percent_covered_display": "0", "missing_lines": 95, "excluded_lines": 0}, "missing_lines": [1, 2, 3, 4, 7, 8, 9, 11, 12, 15, 16, 17, 18, 19, 20, 21, 23, 24, 26, 27, 28, 29, 30, 31, 32, 34, 35, 38, 39, 40, 41, 42, 44, 45, 47, 48, 49, 50, 52, 53, 56, 57, 58, 59, 60, 61, 63, 64, 66, 67, 68, 69, 70, 72, 73, 76, 77, 78, 79, 80, 82, 83, 85, 86, 88, 89, 92, 93, 94, 95, 96, 97, 99, 100, 102, 103, 104, 105, 107, 108, 111, 112, 113, 115, 116, 117, 119, 120, 121, 123, 124, 125, 127, 128, 129], "excluded_lines": [], "functions": {"": {"executed_lines": [], "summary": {"covered_lines": 0, "num_statements": 95, "percent_covered": 0.0, "percent_covered_display": "0", "missing_lines": 95, "excluded_lines": 0}, "missing_lines": [1, 2, 3, 4, 7, 8, 9, 11, 12, 15, 16, 17, 18, 19, 20, 21, 23, 24, 26, 27, 28, 29, 30, 31, 32, 34, 35, 38, 39, 40, 41, 42, 44, 45, 47, 48, 49, 50, 52, 53, 56, 57, 58, 59, 60, 61, 63, 64, 66, 67, 68, 69, 70, 72, 73, 76, 77, 78, 79, 80, 82, 83, 85, 86, 88, 89, 92, 93, 94, 95, 96, 97, 99, 100, 102, 103, 104, 105, 107, 108, 111, 112, 113, 115, 116, 117, 119, 120, 121, 123, 124, 125, 127, 128, 129], "excluded_lines": []}}, "classes": {"TimestampedModel": {"executed_lines": [], "summary": {"covered_lines": 0, "num_statements": 0, "percent_covered": 100.0, "percent_covered_display": "100", "missing_lines": 0, "excluded_lines": 0}, "missing_lines": [], "excluded_lines": []}, "UUIDModel": {"executed_lines": [], "summary": {"covered_lines": 0, "num_statements": 0, "percent_covered": 100.0, "percent_covered_display": "100", "missing_lines": 0, "excluded_lines": 0}, "missing_lines": [], "excluded_lines": []}, "CourseBase": {"executed_lines": [], "summary": {"covered_lines": 0, "num_statements": 0, "percent_covered": 100.0, "percent_covered_display": "100", "missing_lines": 0, "excluded_lines": 0}, "missing_lines": [], "excluded_lines": []}, "CourseCreate": {"executed_lines": [], "summary": {"covered_lines": 0, "num_statements": 0, "percent_covered": 100.0, "percent_covered_display": "100", "missing_lines": 0, "excluded_lines": 0}, "missing_lines": [], "excluded_lines": []}, "CourseUpdate": {"executed_lines": [], "summary": {"covered_lines": 0, "num_statements": 0, "percent_covered": 100.0, "percent_covered_display": "100", "missing_lines": 0, "excluded_lines": 0}, "missing_lines": [], "excluded_lines": []}, "CourseResponse": {"executed_lines": [], "summary": {"covered_lines": 0, "num_statements": 0, "percent_covered": 100.0, "percent_covered_display": "100", "missing_lines": 0, "excluded_lines": 0}, "missing_lines": [], "excluded_lines": []}, "CourseModuleBase": {"executed_lines": [], "summary": {"covered_lines": 0, "num_statements": 0, "percent_covered": 100.0, "percent_covered_display": "100", "missing_lines": 0, "excluded_lines": 0}, "missing_lines": [], "excluded_lines": []}, "CourseModuleCreate": {"executed_lines": [], "summary": {"covered_lines": 0, "num_statements": 0, "percent_covered": 100.0, "percent_covered_display": "100", "missing_lines": 0, "excluded_lines": 0}, "missing_lines": [], "excluded_lines": []}, "CourseModuleUpdate": {"executed_lines": [], "summary": {"covered_lines": 0, "num_statements": 0, "percent_covered": 100.0, "percent_covered_display": "100", "missing_lines": 0, "excluded_lines": 0}, "missing_lines": [], "excluded_lines": []}, "CourseModuleResponse": {"executed_lines": [], "summary": {"covered_lines": 0, "num_statements": 0, "percent_covered": 100.0, "percent_covered_display": "100", "missing_lines": 0, "excluded_lines": 0}, "missing_lines": [], "excluded_lines": []}, "CourseLessonBase": {"executed_lines": [], "summary": {"covered_lines": 0, "num_statements": 0, "percent_covered": 100.0, "percent_covered_display": "100", "missing_lines": 0, "excluded_lines": 0}, "missing_lines": [], "excluded_lines": []}, "CourseLessonCreate": {"executed_lines": [], "summary": {"covered_lines": 0, "num_statements": 0, "percent_covered": 100.0, "percent_covered_display": "100", "missing_lines": 0, "excluded_lines": 0}, "missing_lines": [], "excluded_lines": []}, "CourseLessonUpdate": {"executed_lines": [], "summary": {"covered_lines": 0, "num_statements": 0, "percent_covered": 100.0, "percent_covered_display": "100", "missing_lines": 0, "excluded_lines": 0}, "missing_lines": [], "excluded_lines": []}, "CourseLessonResponse": {"executed_lines": [], "summary": {"covered_lines": 0, "num_statements": 0, "percent_covered": 100.0, "percent_covered_display": "100", "missing_lines": 0, "excluded_lines": 0}, "missing_lines": [], "excluded_lines": []}, "EnrollmentBase": {"executed_lines": [], "summary": {"covered_lines": 0, "num_statements": 0, "percent_covered": 100.0, "percent_covered_display": "100", "missing_lines": 0, "excluded_lines": 0}, "missing_lines": [], "excluded_lines": []}, "EnrollmentCreate": {"executed_lines": [], "summary": {"covered_lines": 0, "num_statements": 0, "percent_covered": 100.0, "percent_covered_display": "100", "missing_lines": 0, "excluded_lines": 0}, "missing_lines": [], "excluded_lines": []}, "EnrollmentUpdate": {"executed_lines": [], "summary": {"covered_lines": 0, "num_statements": 0, "percent_covered": 100.0, "percent_covered_display": "100", "missing_lines": 0, "excluded_lines": 0}, "missing_lines": [], "excluded_lines": []}, "EnrollmentResponse": {"executed_lines": [], "summary": {"covered_lines": 0, "num_statements": 0, "percent_covered": 100.0, "percent_covered_display": "100", "missing_lines": 0, "excluded_lines": 0}, "missing_lines": [], "excluded_lines": []}, "ProgressBase": {"executed_lines": [], "summary": {"covered_lines": 0, "num_statements": 0, "percent_covered": 100.0, "percent_covered_display": "100", "missing_lines": 0, "excluded_lines": 0}, "missing_lines": [], "excluded_lines": []}, "ProgressCreate": {"executed_lines": [], "summary": {"covered_lines": 0, "num_statements": 0, "percent_covered": 100.0, "percent_covered_display": "100", "missing_lines": 0, "excluded_lines": 0}, "missing_lines": [], "excluded_lines": []}, "ProgressUpdate": {"executed_lines": [], "summary": {"covered_lines": 0, "num_statements": 0, "percent_covered": 100.0, "percent_covered_display": "100", "missing_lines": 0, "excluded_lines": 0}, "missing_lines": [], "excluded_lines": []}, "ProgressResponse": {"executed_lines": [], "summary": {"covered_lines": 0, "num_statements": 0, "percent_covered": 100.0, "percent_covered_display": "100", "missing_lines": 0, "excluded_lines": 0}, "missing_lines": [], "excluded_lines": []}, "CourseListResponse": {"executed_lines": [], "summary": {"covered_lines": 0, "num_statements": 0, "percent_covered": 100.0, "percent_covered_display": "100", "missing_lines": 0, "excluded_lines": 0}, "missing_lines": [], "excluded_lines": []}, "CourseModuleListResponse": {"executed_lines": [], "summary": {"covered_lines": 0, "num_statements": 0, "percent_covered": 100.0, "percent_covered_display": "100", "missing_lines": 0, "excluded_lines": 0}, "missing_lines": [], "excluded_lines": []}, "CourseLessonListResponse": {"executed_lines": [], "summary": {"covered_lines": 0, "num_statements": 0, "percent_covered": 100.0, "percent_covered_display": "100", "missing_lines": 0, "excluded_lines": 0}, "missing_lines": [], "excluded_lines": []}, "EnrollmentListResponse": {"executed_lines": [], "summary": {"covered_lines": 0, "num_statements": 0, "percent_covered": 100.0, "percent_covered_display": "100", "missing_lines": 0, "excluded_lines": 0}, "missing_lines": [], "excluded_lines": []}, "ProgressListResponse": {"executed_lines": [], "summary": {"covered_lines": 0, "num_statements": 0, "percent_covered": 100.0, "percent_covered_display": "100", "missing_lines": 0, "excluded_lines": 0}, "missing_lines": [], "excluded_lines": []}, "": {"executed_lines": [], "summary": {"covered_lines": 0, "num_statements": 95, "percent_covered": 0.0, "percent_covered_display": "0", "missing_lines": 95, "excluded_lines": 0}, "missing_lines": [1, 2, 3, 4, 7, 8, 9, 11, 12, 15, 16, 17, 18, 19, 20, 21, 23, 24, 26, 27, 28, 29, 30, 31, 32, 34, 35, 38, 39, 40, 41, 42, 44, 45, 47, 48, 49, 50, 52, 53, 56, 57, 58, 59, 60, 61, 63, 64, 66, 67, 68, 69, 70, 72, 73, 76, 77, 78, 79, 80, 82, 83, 85, 86, 88, 89, 92, 93, 94, 95, 96, 97, 99, 100, 102, 103, 104, 105, 107, 108, 111, 112, 113, 115, 116, 117, 119, 120, 121, 123, 124, 125, 127, 128, 129], "excluded_lines": []}}}, "services/course-management/services/__init__.py": {"executed_lines": [], "summary": {"covered_lines": 0, "num_statements": 4, "percent_covered": 0.0, "percent_covered_display": "0", "missing_lines": 4, "excluded_lines": 0}, "missing_lines": [7, 8, 9, 11], "excluded_lines": [], "functions": {"": {"executed_lines": [], "summary": {"covered_lines": 0, "num_statements": 4, "percent_covered": 0.0, "percent_covered_display": "0", "missing_lines": 4, "excluded_lines": 0}, "missing_lines": [7, 8, 9, 11], "excluded_lines": []}}, "classes": {"": {"executed_lines": [], "summary": {"covered_lines": 0, "num_statements": 4, "percent_covered": 0.0, "percent_covered_display": "0", "missing_lines": 4, "excluded_lines": 0}, "missing_lines": [7, 8, 9, 11], "excluded_lines": []}}}, "services/course-management/services/course_instantiation_service.py": {"executed_lines": [], "summary": {"covered_lines": 0, "num_statements": 51, "percent_covered": 0.0, "percent_covered_display": "0", "missing_lines": 51, "excluded_lines": 0}, "missing_lines": [5, 6, 7, 8, 10, 13, 19, 26, 28, 55, 56, 59, 60, 61, 62, 63, 65, 68, 69, 72, 73, 87, 98, 99, 101, 108, 109, 120, 122, 132, 135, 140, 141, 143, 144, 145, 146, 149, 150, 151, 152, 154, 157, 158, 162, 164, 166, 176, 177, 179, 190], "excluded_lines": [], "functions": {"CourseInstantiationService.__init__": {"executed_lines": [], "summary": {"covered_lines": 0, "num_statements": 1, "percent_covered": 0.0, "percent_covered_display": "0", "missing_lines": 1, "excluded_lines": 0}, "missing_lines": [26], "excluded_lines": []}, "CourseInstantiationService.create_course_instance": {"executed_lines": [], "summary": {"covered_lines": 0, "num_statements": 15, "percent_covered": 0.0, "percent_covered_display": "0", "missing_lines": 15, "excluded_lines": 0}, "missing_lines": [55, 56, 59, 60, 61, 62, 63, 65, 68, 69, 72, 73, 87, 98, 99], "excluded_lines": []}, "CourseInstantiationService.get_active_course_instances": {"executed_lines": [], "summary": {"covered_lines": 0, "num_statements": 3, "percent_covered": 0.0, "percent_covered_display": "0", "missing_lines": 3, "excluded_lines": 0}, "missing_lines": [108, 109, 120], "excluded_lines": []}, "CourseInstantiationService.update_course_instance_status": {"executed_lines": [], "summary": {"covered_lines": 0, "num_statements": 17, "percent_covered": 0.0, "percent_covered_display": "0", "missing_lines": 17, "excluded_lines": 0}, "missing_lines": [132, 135, 140, 141, 143, 144, 145, 146, 149, 150, 151, 152, 154, 157, 158, 162, 164], "excluded_lines": []}, "CourseInstantiationService.get_upcoming_course_instances": {"executed_lines": [], "summary": {"covered_lines": 0, "num_statements": 4, "percent_covered": 0.0, "percent_covered_display": "0", "missing_lines": 4, "excluded_lines": 0}, "missing_lines": [176, 177, 179, 190], "excluded_lines": []}, "": {"executed_lines": [], "summary": {"covered_lines": 0, "num_statements": 11, "percent_covered": 0.0, "percent_covered_display": "0", "missing_lines": 11, "excluded_lines": 0}, "missing_lines": [5, 6, 7, 8, 10, 13, 19, 28, 101, 122, 166], "excluded_lines": []}}, "classes": {"CourseInstantiationService": {"executed_lines": [], "summary": {"covered_lines": 0, "num_statements": 40, "percent_covered": 0.0, "percent_covered_display": "0", "missing_lines": 40, "excluded_lines": 0}, "missing_lines": [26, 55, 56, 59, 60, 61, 62, 63, 65, 68, 69, 72, 73, 87, 98, 99, 108, 109, 120, 132, 135, 140, 141, 143, 144, 145, 146, 149, 150, 151, 152, 154, 157, 158, 162, 164, 176, 177, 179, 190], "excluded_lines": []}, "": {"executed_lines": [], "summary": {"covered_lines": 0, "num_statements": 11, "percent_covered": 0.0, "percent_covered_display": "0", "missing_lines": 11, "excluded_lines": 0}, "missing_lines": [5, 6, 7, 8, 10, 13, 19, 28, 101, 122, 166], "excluded_lines": []}}}, "services/course-management/services/course_service.py": {"executed_lines": [], "summary": {"covered_lines": 0, "num_statements": 147, "percent_covered": 0.0, "percent_covered_display": "0", "missing_lines": 147, "excluded_lines": 0}, "missing_lines": [7, 8, 10, 11, 12, 15, 22, 31, 32, 33, 35, 45, 47, 48, 50, 51, 54, 56, 57, 58, 60, 62, 63, 64, 66, 76, 77, 79, 80, 81, 83, 96, 97, 102, 103, 105, 108, 109, 110, 112, 114, 116, 117, 118, 120, 131, 133, 134, 136, 137, 140, 142, 143, 144, 146, 148, 149, 150, 152, 162, 164, 168, 169, 172, 174, 175, 177, 179, 180, 181, 183, 196, 197, 201, 202, 203, 205, 216, 217, 219, 220, 221, 223, 233, 235, 236, 237, 240, 241, 243, 244, 247, 248, 250, 251, 252, 254, 256, 257, 258, 260, 270, 272, 273, 275, 276, 277, 279, 281, 282, 283, 285, 292, 294, 297, 300, 310, 311, 312, 314, 324, 325, 327, 328, 329, 331, 342, 343, 344, 345, 348, 349, 352, 356, 358, 359, 360, 362, 372, 373, 377, 381, 385, 390, 397, 398, 399], "excluded_lines": [], "functions": {"CourseService.__init__": {"executed_lines": [], "summary": {"covered_lines": 0, "num_statements": 3, "percent_covered": 0.0, "percent_covered_display": "0", "missing_lines": 3, "excluded_lines": 0}, "missing_lines": [31, 32, 33], "excluded_lines": []}, "CourseService.create_course": {"executed_lines": [], "summary": {"covered_lines": 0, "num_statements": 13, "percent_covered": 0.0, "percent_covered_display": "0", "missing_lines": 13, "excluded_lines": 0}, "missing_lines": [45, 47, 48, 50, 51, 54, 56, 57, 58, 60, 62, 63, 64], "excluded_lines": []}, "CourseService.get_course_by_id": {"executed_lines": [], "summary": {"covered_lines": 0, "num_statements": 5, "percent_covered": 0.0, "percent_covered_display": "0", "missing_lines": 5, "excluded_lines": 0}, "missing_lines": [76, 77, 79, 80, 81], "excluded_lines": []}, "CourseService.get_courses_by_instructor": {"executed_lines": [], "summary": {"covered_lines": 0, "num_statements": 13, "percent_covered": 0.0, "percent_covered_display": "0", "missing_lines": 13, "excluded_lines": 0}, "missing_lines": [96, 97, 102, 103, 105, 108, 109, 110, 112, 114, 116, 117, 118], "excluded_lines": []}, "CourseService.update_course": {"executed_lines": [], "summary": {"covered_lines": 0, "num_statements": 13, "percent_covered": 0.0, "percent_covered_display": "0", "missing_lines": 13, "excluded_lines": 0}, "missing_lines": [131, 133, 134, 136, 137, 140, 142, 143, 144, 146, 148, 149, 150], "excluded_lines": []}, "CourseService.delete_course": {"executed_lines": [], "summary": {"covered_lines": 0, "num_statements": 11, "percent_covered": 0.0, "percent_covered_display": "0", "missing_lines": 11, "excluded_lines": 0}, "missing_lines": [162, 164, 168, 169, 172, 174, 175, 177, 179, 180, 181], "excluded_lines": []}, "CourseService.search_courses": {"executed_lines": [], "summary": {"covered_lines": 0, "num_statements": 5, "percent_covered": 0.0, "percent_covered_display": "0", "missing_lines": 5, "excluded_lines": 0}, "missing_lines": [196, 197, 201, 202, 203], "excluded_lines": []}, "CourseService.get_published_courses": {"executed_lines": [], "summary": {"covered_lines": 0, "num_statements": 5, "percent_covered": 0.0, "percent_covered_display": "0", "missing_lines": 5, "excluded_lines": 0}, "missing_lines": [216, 217, 219, 220, 221], "excluded_lines": []}, "CourseService.publish_course": {"executed_lines": [], "summary": {"covered_lines": 0, "num_statements": 17, "percent_covered": 0.0, "percent_covered_display": "0", "missing_lines": 17, "excluded_lines": 0}, "missing_lines": [233, 235, 236, 237, 240, 241, 243, 244, 247, 248, 250, 251, 252, 254, 256, 257, 258], "excluded_lines": []}, "CourseService.unpublish_course": {"executed_lines": [], "summary": {"covered_lines": 0, "num_statements": 10, "percent_covered": 0.0, "percent_covered_display": "0", "missing_lines": 10, "excluded_lines": 0}, "missing_lines": [270, 272, 273, 275, 276, 277, 279, 281, 282, 283], "excluded_lines": []}, "CourseService.get_course_statistics": {"executed_lines": [], "summary": {"covered_lines": 0, "num_statements": 7, "percent_covered": 0.0, "percent_covered_display": "0", "missing_lines": 7, "excluded_lines": 0}, "missing_lines": [292, 294, 297, 300, 310, 311, 312], "excluded_lines": []}, "CourseService.count_courses": {"executed_lines": [], "summary": {"covered_lines": 0, "num_statements": 5, "percent_covered": 0.0, "percent_covered_display": "0", "missing_lines": 5, "excluded_lines": 0}, "missing_lines": [324, 325, 327, 328, 329], "excluded_lines": []}, "CourseService.validate_course_access": {"executed_lines": [], "summary": {"covered_lines": 0, "num_statements": 11, "percent_covered": 0.0, "percent_covered_display": "0", "missing_lines": 11, "excluded_lines": 0}, "missing_lines": [342, 343, 344, 345, 348, 349, 352, 356, 358, 359, 360], "excluded_lines": []}, "CourseService._get_course_enrollment_stats": {"executed_lines": [], "summary": {"covered_lines": 0, "num_statements": 9, "percent_covered": 0.0, "percent_covered_display": "0", "missing_lines": 9, "excluded_lines": 0}, "missing_lines": [372, 373, 377, 381, 385, 390, 397, 398, 399], "excluded_lines": []}, "": {"executed_lines": [], "summary": {"covered_lines": 0, "num_statements": 20, "percent_covered": 0.0, "percent_covered_display": "0", "missing_lines": 20, "excluded_lines": 0}, "missing_lines": [7, 8, 10, 11, 12, 15, 22, 35, 66, 83, 120, 152, 183, 205, 223, 260, 285, 314, 331, 362], "excluded_lines": []}}, "classes": {"CourseService": {"executed_lines": [], "summary": {"covered_lines": 0, "num_statements": 127, "percent_covered": 0.0, "percent_covered_display": "0", "missing_lines": 127, "excluded_lines": 0}, "missing_lines": [31, 32, 33, 45, 47, 48, 50, 51, 54, 56, 57, 58, 60, 62, 63, 64, 76, 77, 79, 80, 81, 96, 97, 102, 103, 105, 108, 109, 110, 112, 114, 116, 117, 118, 131, 133, 134, 136, 137, 140, 142, 143, 144, 146, 148, 149, 150, 162, 164, 168, 169, 172, 174, 175, 177, 179, 180, 181, 196, 197, 201, 202, 203, 216, 217, 219, 220, 221, 233, 235, 236, 237, 240, 241, 243, 244, 247, 248, 250, 251, 252, 254, 256, 257, 258, 270, 272, 273, 275, 276, 277, 279, 281, 282, 283, 292, 294, 297, 300, 310, 311, 312, 324, 325, 327, 328, 329, 342, 343, 344, 345, 348, 349, 352, 356, 358, 359, 360, 372, 373, 377, 381, 385, 390, 397, 398, 399], "excluded_lines": []}, "": {"executed_lines": [], "summary": {"covered_lines": 0, "num_statements": 20, "percent_covered": 0.0, "percent_covered_display": "0", "missing_lines": 20, "excluded_lines": 0}, "missing_lines": [7, 8, 10, 11, 12, 15, 22, 35, 66, 83, 120, 152, 183, 205, 223, 260, 285, 314, 331, 362], "excluded_lines": []}}}}, "totals": {"covered_lines": 0, "num_statements": 14223, "percent_covered": 0.0, "percent_covered_display": "0", "missing_lines": 14223, "excluded_lines": 0}}