{"/home/bbrelin/course-creator/frontend/js/admin.js": {"path":"/home/bbrelin/course-creator/frontend/js/admin.js","statementMap":{"0":{"start":{"line":2,"column":0},"end":{"line":2,"column":38}},"1":{"start":{"line":3,"column":0},"end":{"line":3,"column":41}},"2":{"start":{"line":4,"column":0},"end":{"line":4,"column":49}},"3":{"start":{"line":6,"column":17},"end":{"line":6,"column":48}},"4":{"start":{"line":7,"column":0},"end":{"line":7,"column":47}},"5":{"start":{"line":9,"column":18},"end":{"line":9,"column":51}},"6":{"start":{"line":12,"column":15},"end":{"line":12,"column":17}},"7":{"start":{"line":16,"column":4},"end":{"line":22,"column":5}},"8":{"start":{"line":17,"column":8},"end":{"line":17,"column":68}},"9":{"start":{"line":18,"column":8},"end":{"line":18,"column":45}},"10":{"start":{"line":19,"column":8},"end":{"line":19,"column":63}},"11":{"start":{"line":20,"column":8},"end":{"line":20,"column":44}},"12":{"start":{"line":21,"column":8},"end":{"line":21,"column":20}},"13":{"start":{"line":23,"column":4},"end":{"line":23,"column":17}},"14":{"start":{"line":27,"column":0},"end":{"line":30,"column":1}},"15":{"start":{"line":28,"column":4},"end":{"line":28,"column":32}},"16":{"start":{"line":29,"column":4},"end":{"line":29,"column":40}},"17":{"start":{"line":36,"column":21},"end":{"line":36,"column":64}},"18":{"start":{"line":37,"column":4},"end":{"line":37,"column":68}},"19":{"start":{"line":37,"column":32},"end":{"line":37,"column":66}},"20":{"start":{"line":40,"column":23},"end":{"line":40,"column":69}},"21":{"start":{"line":41,"column":4},"end":{"line":41,"column":68}},"22":{"start":{"line":41,"column":33},"end":{"line":41,"column":66}},"23":{"start":{"line":44,"column":4},"end":{"line":44,"column":63}},"24":{"start":{"line":47,"column":4},"end":{"line":47,"column":41}},"25":{"start":{"line":50,"column":4},"end":{"line":54,"column":5}},"26":{"start":{"line":51,"column":8},"end":{"line":51,"column":29}},"27":{"start":{"line":52,"column":11},"end":{"line":54,"column":5}},"28":{"start":{"line":53,"column":8},"end":{"line":53,"column":20}},"29":{"start":{"line":59,"column":22},"end":{"line":59,"column":55}},"30":{"start":{"line":60,"column":21},"end":{"line":60,"column":50}},"31":{"start":{"line":61,"column":4},"end":{"line":61,"column":47}},"32":{"start":{"line":62,"column":4},"end":{"line":62,"column":35}},"33":{"start":{"line":63,"column":4},"end":{"line":63,"column":36}},"34":{"start":{"line":66,"column":4},"end":{"line":68,"column":13}},"35":{"start":{"line":67,"column":8},"end":{"line":67,"column":26}},"36":{"start":{"line":73,"column":4},"end":{"line":116,"column":5}},"37":{"start":{"line":74,"column":8},"end":{"line":74,"column":50}},"38":{"start":{"line":75,"column":8},"end":{"line":75,"column":43}},"39":{"start":{"line":76,"column":8},"end":{"line":76,"column":69}},"40":{"start":{"line":78,"column":25},"end":{"line":82,"column":10}},"41":{"start":{"line":84,"column":8},"end":{"line":84,"column":57}},"42":{"start":{"line":86,"column":8},"end":{"line":95,"column":9}},"43":{"start":{"line":88,"column":12},"end":{"line":90,"column":13}},"44":{"start":{"line":89,"column":16},"end":{"line":89,"column":23}},"45":{"start":{"line":92,"column":30},"end":{"line":92,"column":51}},"46":{"start":{"line":93,"column":12},"end":{"line":93,"column":51}},"47":{"start":{"line":94,"column":12},"end":{"line":94,"column":87}},"48":{"start":{"line":97,"column":22},"end":{"line":97,"column":43}},"49":{"start":{"line":98,"column":8},"end":{"line":98,"column":46}},"50":{"start":{"line":100,"column":8},"end":{"line":100,"column":84}},"51":{"start":{"line":101,"column":8},"end":{"line":101,"column":86}},"52":{"start":{"line":102,"column":8},"end":{"line":102,"column":93}},"53":{"start":{"line":103,"column":8},"end":{"line":103,"column":103}},"54":{"start":{"line":104,"column":8},"end":{"line":104,"column":97}},"55":{"start":{"line":107,"column":8},"end":{"line":107,"column":58}},"56":{"start":{"line":108,"column":8},"end":{"line":108,"column":73}},"57":{"start":{"line":111,"column":8},"end":{"line":111,"column":69}},"58":{"start":{"line":112,"column":8},"end":{"line":112,"column":70}},"59":{"start":{"line":113,"column":8},"end":{"line":113,"column":69}},"60":{"start":{"line":114,"column":8},"end":{"line":114,"column":74}},"61":{"start":{"line":115,"column":8},"end":{"line":115,"column":71}},"62":{"start":{"line":121,"column":4},"end":{"line":142,"column":5}},"63":{"start":{"line":122,"column":25},"end":{"line":126,"column":10}},"64":{"start":{"line":128,"column":8},"end":{"line":134,"column":9}},"65":{"start":{"line":130,"column":12},"end":{"line":132,"column":13}},"66":{"start":{"line":131,"column":16},"end":{"line":131,"column":23}},"67":{"start":{"line":133,"column":12},"end":{"line":133,"column":52}},"68":{"start":{"line":136,"column":22},"end":{"line":136,"column":43}},"69":{"start":{"line":137,"column":8},"end":{"line":137,"column":25}},"70":{"start":{"line":138,"column":8},"end":{"line":138,"column":22}},"71":{"start":{"line":141,"column":8},"end":{"line":141,"column":68}},"72":{"start":{"line":147,"column":18},"end":{"line":147,"column":61}},"73":{"start":{"line":148,"column":4},"end":{"line":148,"column":25}},"74":{"start":{"line":150,"column":4},"end":{"line":164,"column":7}},"75":{"start":{"line":151,"column":20},"end":{"line":151,"column":48}},"76":{"start":{"line":152,"column":8},"end":{"line":162,"column":10}},"77":{"start":{"line":163,"column":8},"end":{"line":163,"column":31}},"78":{"start":{"line":167,"column":4},"end":{"line":167,"column":24}},"79":{"start":{"line":173,"column":4},"end":{"line":173,"column":16}},"80":{"start":{"line":174,"column":4},"end":{"line":174,"column":38}},"81":{"start":{"line":180,"column":4},"end":{"line":209,"column":5}},"82":{"start":{"line":181,"column":25},"end":{"line":185,"column":10}},"83":{"start":{"line":187,"column":8},"end":{"line":193,"column":9}},"84":{"start":{"line":189,"column":12},"end":{"line":191,"column":13}},"85":{"start":{"line":190,"column":16},"end":{"line":190,"column":23}},"86":{"start":{"line":192,"column":12},"end":{"line":192,"column":51}},"87":{"start":{"line":195,"column":21},"end":{"line":195,"column":42}},"88":{"start":{"line":198,"column":8},"end":{"line":198,"column":64}},"89":{"start":{"line":199,"column":8},"end":{"line":199,"column":65}},"90":{"start":{"line":200,"column":8},"end":{"line":200,"column":73}},"91":{"start":{"line":201,"column":8},"end":{"line":201,"column":63}},"92":{"start":{"line":202,"column":8},"end":{"line":202,"column":84}},"93":{"start":{"line":205,"column":8},"end":{"line":205,"column":75}},"94":{"start":{"line":208,"column":8},"end":{"line":208,"column":67}},"95":{"start":{"line":214,"column":4},"end":{"line":214,"column":70}},"96":{"start":{"line":220,"column":4},"end":{"line":222,"column":5}},"97":{"start":{"line":221,"column":8},"end":{"line":221,"column":15}},"98":{"start":{"line":224,"column":4},"end":{"line":246,"column":5}},"99":{"start":{"line":225,"column":25},"end":{"line":230,"column":10}},"100":{"start":{"line":232,"column":8},"end":{"line":238,"column":9}},"101":{"start":{"line":234,"column":12},"end":{"line":236,"column":13}},"102":{"start":{"line":235,"column":16},"end":{"line":235,"column":23}},"103":{"start":{"line":237,"column":12},"end":{"line":237,"column":53}},"104":{"start":{"line":240,"column":8},"end":{"line":240,"column":47}},"105":{"start":{"line":241,"column":8},"end":{"line":241,"column":20}},"106":{"start":{"line":242,"column":8},"end":{"line":242,"column":29}},"107":{"start":{"line":245,"column":8},"end":{"line":245,"column":68}},"108":{"start":{"line":250,"column":0},"end":{"line":288,"column":3}},"109":{"start":{"line":251,"column":4},"end":{"line":251,"column":23}},"110":{"start":{"line":253,"column":21},"end":{"line":253,"column":43}},"111":{"start":{"line":254,"column":21},"end":{"line":259,"column":5}},"112":{"start":{"line":261,"column":4},"end":{"line":287,"column":5}},"113":{"start":{"line":262,"column":25},"end":{"line":269,"column":10}},"114":{"start":{"line":271,"column":8},"end":{"line":279,"column":9}},"115":{"start":{"line":273,"column":12},"end":{"line":275,"column":13}},"116":{"start":{"line":274,"column":16},"end":{"line":274,"column":23}},"117":{"start":{"line":277,"column":26},"end":{"line":277,"column":47}},"118":{"start":{"line":278,"column":12},"end":{"line":278,"column":69}},"119":{"start":{"line":281,"column":8},"end":{"line":281,"column":47}},"120":{"start":{"line":282,"column":8},"end":{"line":282,"column":25}},"121":{"start":{"line":283,"column":8},"end":{"line":283,"column":29}},"122":{"start":{"line":286,"column":8},"end":{"line":286,"column":68}},"123":{"start":{"line":291,"column":0},"end":{"line":331,"column":3}},"124":{"start":{"line":292,"column":4},"end":{"line":292,"column":23}},"125":{"start":{"line":294,"column":19},"end":{"line":294,"column":64}},"126":{"start":{"line":295,"column":21},"end":{"line":295,"column":43}},"127":{"start":{"line":296,"column":21},"end":{"line":301,"column":5}},"128":{"start":{"line":303,"column":4},"end":{"line":330,"column":5}},"129":{"start":{"line":304,"column":25},"end":{"line":311,"column":10}},"130":{"start":{"line":313,"column":8},"end":{"line":321,"column":9}},"131":{"start":{"line":315,"column":12},"end":{"line":317,"column":13}},"132":{"start":{"line":316,"column":16},"end":{"line":316,"column":23}},"133":{"start":{"line":319,"column":26},"end":{"line":319,"column":47}},"134":{"start":{"line":320,"column":12},"end":{"line":320,"column":69}},"135":{"start":{"line":323,"column":8},"end":{"line":323,"column":47}},"136":{"start":{"line":324,"column":8},"end":{"line":324,"column":21}},"137":{"start":{"line":325,"column":8},"end":{"line":325,"column":20}},"138":{"start":{"line":326,"column":8},"end":{"line":326,"column":29}},"139":{"start":{"line":329,"column":8},"end":{"line":329,"column":68}},"140":{"start":{"line":334,"column":0},"end":{"line":339,"column":3}},"141":{"start":{"line":335,"column":18},"end":{"line":335,"column":60}},"142":{"start":{"line":336,"column":4},"end":{"line":338,"column":5}},"143":{"start":{"line":337,"column":8},"end":{"line":337,"column":21}},"144":{"start":{"line":342,"column":0},"end":{"line":344,"column":3}},"145":{"start":{"line":343,"column":4},"end":{"line":343,"column":25}},"146":{"start":{"line":349,"column":4},"end":{"line":349,"column":41}},"147":{"start":{"line":350,"column":4},"end":{"line":350,"column":40}},"148":{"start":{"line":356,"column":30},"end":{"line":356,"column":67}},"149":{"start":{"line":357,"column":27},"end":{"line":357,"column":70}},"150":{"start":{"line":359,"column":4},"end":{"line":361,"column":7}},"151":{"start":{"line":360,"column":8},"end":{"line":360,"column":53}},"152":{"start":{"line":363,"column":4},"end":{"line":363,"column":24}},"153":{"start":{"line":367,"column":31},"end":{"line":367,"column":82}},"154":{"start":{"line":368,"column":26},"end":{"line":368,"column":68}},"155":{"start":{"line":369,"column":30},"end":{"line":369,"column":71}},"156":{"start":{"line":370,"column":30},"end":{"line":370,"column":67}},"157":{"start":{"line":372,"column":18},"end":{"line":372,"column":43}},"158":{"start":{"line":374,"column":4},"end":{"line":380,"column":5}},"159":{"start":{"line":375,"column":8},"end":{"line":375,"column":53}},"160":{"start":{"line":376,"column":8},"end":{"line":376,"column":68}},"161":{"start":{"line":378,"column":8},"end":{"line":378,"column":45}},"162":{"start":{"line":379,"column":8},"end":{"line":379,"column":43}},"163":{"start":{"line":383,"column":26},"end":{"line":383,"column":69}},"164":{"start":{"line":384,"column":4},"end":{"line":393,"column":5}},"165":{"start":{"line":385,"column":8},"end":{"line":385,"column":48}},"166":{"start":{"line":386,"column":8},"end":{"line":386,"column":42}},"167":{"start":{"line":387,"column":11},"end":{"line":393,"column":5}},"168":{"start":{"line":388,"column":8},"end":{"line":388,"column":48}},"169":{"start":{"line":389,"column":8},"end":{"line":389,"column":41}},"170":{"start":{"line":391,"column":8},"end":{"line":391,"column":47}},"171":{"start":{"line":392,"column":8},"end":{"line":392,"column":42}},"172":{"start":{"line":398,"column":31},"end":{"line":398,"column":82}},"173":{"start":{"line":399,"column":28},"end":{"line":399,"column":78}},"174":{"start":{"line":399,"column":69},"end":{"line":399,"column":77}},"175":{"start":{"line":401,"column":4},"end":{"line":404,"column":5}},"176":{"start":{"line":402,"column":8},"end":{"line":402,"column":61}},"177":{"start":{"line":403,"column":8},"end":{"line":403,"column":15}},"178":{"start":{"line":406,"column":25},"end":{"line":408,"column":5}},"179":{"start":{"line":410,"column":4},"end":{"line":412,"column":5}},"180":{"start":{"line":411,"column":8},"end":{"line":411,"column":15}},"181":{"start":{"line":414,"column":4},"end":{"line":462,"column":5}},"182":{"start":{"line":415,"column":27},"end":{"line":415,"column":28}},"183":{"start":{"line":416,"column":25},"end":{"line":416,"column":26}},"184":{"start":{"line":417,"column":23},"end":{"line":417,"column":25}},"185":{"start":{"line":420,"column":8},"end":{"line":445,"column":9}},"186":{"start":{"line":421,"column":12},"end":{"line":444,"column":13}},"187":{"start":{"line":422,"column":33},"end":{"line":427,"column":18}},"188":{"start":{"line":429,"column":16},"end":{"line":440,"column":17}},"189":{"start":{"line":431,"column":20},"end":{"line":433,"column":21}},"190":{"start":{"line":432,"column":24},"end":{"line":432,"column":31}},"191":{"start":{"line":435,"column":38},"end":{"line":435,"column":59}},"192":{"start":{"line":436,"column":20},"end":{"line":436,"column":64}},"193":{"start":{"line":437,"column":20},"end":{"line":437,"column":33}},"194":{"start":{"line":439,"column":20},"end":{"line":439,"column":35}},"195":{"start":{"line":442,"column":16},"end":{"line":442,"column":64}},"196":{"start":{"line":443,"column":16},"end":{"line":443,"column":29}},"197":{"start":{"line":448,"column":8},"end":{"line":450,"column":9}},"198":{"start":{"line":449,"column":12},"end":{"line":449,"column":70}},"199":{"start":{"line":452,"column":8},"end":{"line":454,"column":9}},"200":{"start":{"line":453,"column":12},"end":{"line":453,"column":95}},"201":{"start":{"line":457,"column":8},"end":{"line":457,"column":20}},"202":{"start":{"line":458,"column":8},"end":{"line":458,"column":29}},"203":{"start":{"line":461,"column":8},"end":{"line":461,"column":73}},"204":{"start":{"line":467,"column":4},"end":{"line":469,"column":5}},"205":{"start":{"line":468,"column":8},"end":{"line":468,"column":15}},"206":{"start":{"line":471,"column":23},"end":{"line":471,"column":82}},"207":{"start":{"line":472,"column":23},"end":{"line":472,"column":67}},"208":{"start":{"line":473,"column":25},"end":{"line":473,"column":71}},"209":{"start":{"line":474,"column":19},"end":{"line":474,"column":62}},"210":{"start":{"line":477,"column":24},"end":{"line":492,"column":6}},"211":{"start":{"line":479,"column":30},"end":{"line":481,"column":57}},"212":{"start":{"line":484,"column":28},"end":{"line":484,"column":67}},"213":{"start":{"line":487,"column":30},"end":{"line":489,"column":60}},"214":{"start":{"line":491,"column":8},"end":{"line":491,"column":61}},"215":{"start":{"line":495,"column":4},"end":{"line":522,"column":7}},"216":{"start":{"line":496,"column":25},"end":{"line":496,"column":26}},"217":{"start":{"line":498,"column":8},"end":{"line":519,"column":9}},"218":{"start":{"line":500,"column":16},"end":{"line":500,"column":68}},"219":{"start":{"line":501,"column":16},"end":{"line":501,"column":22}},"220":{"start":{"line":503,"column":16},"end":{"line":503,"column":68}},"221":{"start":{"line":504,"column":16},"end":{"line":504,"column":22}},"222":{"start":{"line":506,"column":16},"end":{"line":506,"column":60}},"223":{"start":{"line":507,"column":16},"end":{"line":507,"column":22}},"224":{"start":{"line":509,"column":16},"end":{"line":509,"column":60}},"225":{"start":{"line":510,"column":16},"end":{"line":510,"column":22}},"226":{"start":{"line":512,"column":16},"end":{"line":512,"column":58}},"227":{"start":{"line":513,"column":16},"end":{"line":513,"column":22}},"228":{"start":{"line":515,"column":16},"end":{"line":515,"column":58}},"229":{"start":{"line":516,"column":16},"end":{"line":516,"column":22}},"230":{"start":{"line":518,"column":16},"end":{"line":518,"column":68}},"231":{"start":{"line":521,"column":8},"end":{"line":521,"column":26}},"232":{"start":{"line":525,"column":4},"end":{"line":525,"column":63}},"233":{"start":{"line":528,"column":4},"end":{"line":528,"column":32}},"234":{"start":{"line":532,"column":23},"end":{"line":532,"column":64}},"235":{"start":{"line":533,"column":4},"end":{"line":537,"column":5}},"236":{"start":{"line":534,"column":8},"end":{"line":534,"column":67}},"237":{"start":{"line":536,"column":8},"end":{"line":536,"column":83}},"238":{"start":{"line":542,"column":4},"end":{"line":542,"column":55}},"239":{"start":{"line":543,"column":4},"end":{"line":543,"column":54}},"240":{"start":{"line":544,"column":4},"end":{"line":544,"column":56}},"241":{"start":{"line":545,"column":4},"end":{"line":545,"column":61}},"242":{"start":{"line":546,"column":4},"end":{"line":546,"column":18}}},"fnMap":{"0":{"name":"handleAuthError","decl":{"start":{"line":15,"column":9},"end":{"line":15,"column":24}},"loc":{"start":{"line":15,"column":35},"end":{"line":24,"column":1}},"line":15},"1":{"name":"showSection","decl":{"start":{"line":34,"column":9},"end":{"line":34,"column":20}},"loc":{"start":{"line":34,"column":32},"end":{"line":55,"column":1}},"line":34},"2":{"name":"(anonymous_2)","decl":{"start":{"line":37,"column":21},"end":{"line":37,"column":22}},"loc":{"start":{"line":37,"column":32},"end":{"line":37,"column":66}},"line":37},"3":{"name":"(anonymous_3)","decl":{"start":{"line":41,"column":23},"end":{"line":41,"column":24}},"loc":{"start":{"line":41,"column":33},"end":{"line":41,"column":66}},"line":41},"4":{"name":"showAlert","decl":{"start":{"line":58,"column":9},"end":{"line":58,"column":18}},"loc":{"start":{"line":58,"column":46},"end":{"line":69,"column":1}},"line":58},"5":{"name":"(anonymous_5)","decl":{"start":{"line":66,"column":15},"end":{"line":66,"column":16}},"loc":{"start":{"line":66,"column":21},"end":{"line":68,"column":5}},"line":66},"6":{"name":"loadDashboardStats","decl":{"start":{"line":72,"column":15},"end":{"line":72,"column":33}},"loc":{"start":{"line":72,"column":36},"end":{"line":117,"column":1}},"line":72},"7":{"name":"loadUsers","decl":{"start":{"line":120,"column":15},"end":{"line":120,"column":24}},"loc":{"start":{"line":120,"column":27},"end":{"line":143,"column":1}},"line":120},"8":{"name":"displayUsers","decl":{"start":{"line":146,"column":9},"end":{"line":146,"column":21}},"loc":{"start":{"line":146,"column":29},"end":{"line":168,"column":1}},"line":146},"9":{"name":"(anonymous_9)","decl":{"start":{"line":150,"column":18},"end":{"line":150,"column":19}},"loc":{"start":{"line":150,"column":26},"end":{"line":164,"column":5}},"line":150},"10":{"name":"refreshUsers","decl":{"start":{"line":172,"column":9},"end":{"line":172,"column":21}},"loc":{"start":{"line":172,"column":24},"end":{"line":175,"column":1}},"line":172},"11":{"name":"editUser","decl":{"start":{"line":179,"column":15},"end":{"line":179,"column":23}},"loc":{"start":{"line":179,"column":32},"end":{"line":210,"column":1}},"line":179},"12":{"name":"closeModal","decl":{"start":{"line":213,"column":9},"end":{"line":213,"column":19}},"loc":{"start":{"line":213,"column":22},"end":{"line":215,"column":1}},"line":213},"13":{"name":"deleteUser","decl":{"start":{"line":219,"column":15},"end":{"line":219,"column":25}},"loc":{"start":{"line":219,"column":34},"end":{"line":247,"column":1}},"line":219},"14":{"name":"(anonymous_14)","decl":{"start":{"line":250,"column":71},"end":{"line":250,"column":72}},"loc":{"start":{"line":250,"column":84},"end":{"line":288,"column":1}},"line":250},"15":{"name":"(anonymous_15)","decl":{"start":{"line":291,"column":69},"end":{"line":291,"column":70}},"loc":{"start":{"line":291,"column":82},"end":{"line":331,"column":1}},"line":291},"16":{"name":"(anonymous_16)","decl":{"start":{"line":334,"column":33},"end":{"line":334,"column":34}},"loc":{"start":{"line":334,"column":40},"end":{"line":339,"column":1}},"line":334},"17":{"name":"(anonymous_17)","decl":{"start":{"line":342,"column":46},"end":{"line":342,"column":47}},"loc":{"start":{"line":342,"column":52},"end":{"line":344,"column":1}},"line":342},"18":{"name":"logout","decl":{"start":{"line":348,"column":9},"end":{"line":348,"column":15}},"loc":{"start":{"line":348,"column":18},"end":{"line":351,"column":1}},"line":348},"19":{"name":"toggleSelectAll","decl":{"start":{"line":355,"column":9},"end":{"line":355,"column":24}},"loc":{"start":{"line":355,"column":27},"end":{"line":364,"column":1}},"line":355},"20":{"name":"(anonymous_20)","decl":{"start":{"line":359,"column":27},"end":{"line":359,"column":28}},"loc":{"start":{"line":359,"column":39},"end":{"line":361,"column":5}},"line":359},"21":{"name":"updateBulkActions","decl":{"start":{"line":366,"column":9},"end":{"line":366,"column":26}},"loc":{"start":{"line":366,"column":29},"end":{"line":394,"column":1}},"line":366},"22":{"name":"bulkDeleteUsers","decl":{"start":{"line":397,"column":15},"end":{"line":397,"column":30}},"loc":{"start":{"line":397,"column":33},"end":{"line":463,"column":1}},"line":397},"23":{"name":"(anonymous_23)","decl":{"start":{"line":399,"column":63},"end":{"line":399,"column":64}},"loc":{"start":{"line":399,"column":69},"end":{"line":399,"column":77}},"line":399},"24":{"name":"filterUsers","decl":{"start":{"line":466,"column":9},"end":{"line":466,"column":20}},"loc":{"start":{"line":466,"column":23},"end":{"line":529,"column":1}},"line":466},"25":{"name":"(anonymous_25)","decl":{"start":{"line":477,"column":40},"end":{"line":477,"column":41}},"loc":{"start":{"line":477,"column":48},"end":{"line":492,"column":5}},"line":477},"26":{"name":"(anonymous_26)","decl":{"start":{"line":495,"column":23},"end":{"line":495,"column":24}},"loc":{"start":{"line":495,"column":33},"end":{"line":522,"column":5}},"line":495},"27":{"name":"updateFilterResults","decl":{"start":{"line":531,"column":9},"end":{"line":531,"column":28}},"loc":{"start":{"line":531,"column":56},"end":{"line":538,"column":1}},"line":531},"28":{"name":"clearFilters","decl":{"start":{"line":541,"column":9},"end":{"line":541,"column":21}},"loc":{"start":{"line":541,"column":24},"end":{"line":547,"column":1}},"line":541}},"branchMap":{"0":{"loc":{"start":{"line":16,"column":4},"end":{"line":22,"column":5}},"type":"if","locations":[{"start":{"line":16,"column":4},"end":{"line":22,"column":5}},{"start":{},"end":{}}],"line":16},"1":{"loc":{"start":{"line":16,"column":8},"end":{"line":16,"column":58}},"type":"binary-expr","locations":[{"start":{"line":16,"column":8},"end":{"line":16,"column":31}},{"start":{"line":16,"column":35},"end":{"line":16,"column":58}}],"line":16},"2":{"loc":{"start":{"line":27,"column":0},"end":{"line":30,"column":1}},"type":"if","locations":[{"start":{"line":27,"column":0},"end":{"line":30,"column":1}},{"start":{},"end":{}}],"line":27},"3":{"loc":{"start":{"line":50,"column":4},"end":{"line":54,"column":5}},"type":"if","locations":[{"start":{"line":50,"column":4},"end":{"line":54,"column":5}},{"start":{"line":52,"column":11},"end":{"line":54,"column":5}}],"line":50},"4":{"loc":{"start":{"line":52,"column":11},"end":{"line":54,"column":5}},"type":"if","locations":[{"start":{"line":52,"column":11},"end":{"line":54,"column":5}},{"start":{},"end":{}}],"line":52},"5":{"loc":{"start":{"line":58,"column":28},"end":{"line":58,"column":44}},"type":"default-arg","locations":[{"start":{"line":58,"column":35},"end":{"line":58,"column":44}}],"line":58},"6":{"loc":{"start":{"line":76,"column":34},"end":{"line":76,"column":67}},"type":"cond-expr","locations":[{"start":{"line":76,"column":46},"end":{"line":76,"column":55}},{"start":{"line":76,"column":58},"end":{"line":76,"column":67}}],"line":76},"7":{"loc":{"start":{"line":86,"column":8},"end":{"line":95,"column":9}},"type":"if","locations":[{"start":{"line":86,"column":8},"end":{"line":95,"column":9}},{"start":{},"end":{}}],"line":86},"8":{"loc":{"start":{"line":88,"column":12},"end":{"line":90,"column":13}},"type":"if","locations":[{"start":{"line":88,"column":12},"end":{"line":90,"column":13}},{"start":{},"end":{}}],"line":88},"9":{"loc":{"start":{"line":100,"column":61},"end":{"line":100,"column":83}},"type":"binary-expr","locations":[{"start":{"line":100,"column":61},"end":{"line":100,"column":78}},{"start":{"line":100,"column":82},"end":{"line":100,"column":83}}],"line":100},"10":{"loc":{"start":{"line":101,"column":62},"end":{"line":101,"column":85}},"type":"binary-expr","locations":[{"start":{"line":101,"column":62},"end":{"line":101,"column":80}},{"start":{"line":101,"column":84},"end":{"line":101,"column":85}}],"line":101},"11":{"loc":{"start":{"line":102,"column":61},"end":{"line":102,"column":92}},"type":"binary-expr","locations":[{"start":{"line":102,"column":61},"end":{"line":102,"column":87}},{"start":{"line":102,"column":91},"end":{"line":102,"column":92}}],"line":102},"12":{"loc":{"start":{"line":103,"column":66},"end":{"line":103,"column":102}},"type":"binary-expr","locations":[{"start":{"line":103,"column":66},"end":{"line":103,"column":97}},{"start":{"line":103,"column":101},"end":{"line":103,"column":102}}],"line":103},"13":{"loc":{"start":{"line":104,"column":63},"end":{"line":104,"column":96}},"type":"binary-expr","locations":[{"start":{"line":104,"column":63},"end":{"line":104,"column":91}},{"start":{"line":104,"column":95},"end":{"line":104,"column":96}}],"line":104},"14":{"loc":{"start":{"line":128,"column":8},"end":{"line":134,"column":9}},"type":"if","locations":[{"start":{"line":128,"column":8},"end":{"line":134,"column":9}},{"start":{},"end":{}}],"line":128},"15":{"loc":{"start":{"line":130,"column":12},"end":{"line":132,"column":13}},"type":"if","locations":[{"start":{"line":130,"column":12},"end":{"line":132,"column":13}},{"start":{},"end":{}}],"line":130},"16":{"loc":{"start":{"line":157,"column":18},"end":{"line":157,"column":56}},"type":"cond-expr","locations":[{"start":{"line":157,"column":35},"end":{"line":157,"column":43}},{"start":{"line":157,"column":46},"end":{"line":157,"column":56}}],"line":157},"17":{"loc":{"start":{"line":187,"column":8},"end":{"line":193,"column":9}},"type":"if","locations":[{"start":{"line":187,"column":8},"end":{"line":193,"column":9}},{"start":{},"end":{}}],"line":187},"18":{"loc":{"start":{"line":189,"column":12},"end":{"line":191,"column":13}},"type":"if","locations":[{"start":{"line":189,"column":12},"end":{"line":191,"column":13}},{"start":{},"end":{}}],"line":189},"19":{"loc":{"start":{"line":220,"column":4},"end":{"line":222,"column":5}},"type":"if","locations":[{"start":{"line":220,"column":4},"end":{"line":222,"column":5}},{"start":{},"end":{}}],"line":220},"20":{"loc":{"start":{"line":232,"column":8},"end":{"line":238,"column":9}},"type":"if","locations":[{"start":{"line":232,"column":8},"end":{"line":238,"column":9}},{"start":{},"end":{}}],"line":232},"21":{"loc":{"start":{"line":234,"column":12},"end":{"line":236,"column":13}},"type":"if","locations":[{"start":{"line":234,"column":12},"end":{"line":236,"column":13}},{"start":{},"end":{}}],"line":234},"22":{"loc":{"start":{"line":271,"column":8},"end":{"line":279,"column":9}},"type":"if","locations":[{"start":{"line":271,"column":8},"end":{"line":279,"column":9}},{"start":{},"end":{}}],"line":271},"23":{"loc":{"start":{"line":273,"column":12},"end":{"line":275,"column":13}},"type":"if","locations":[{"start":{"line":273,"column":12},"end":{"line":275,"column":13}},{"start":{},"end":{}}],"line":273},"24":{"loc":{"start":{"line":278,"column":28},"end":{"line":278,"column":67}},"type":"binary-expr","locations":[{"start":{"line":278,"column":28},"end":{"line":278,"column":40}},{"start":{"line":278,"column":44},"end":{"line":278,"column":67}}],"line":278},"25":{"loc":{"start":{"line":313,"column":8},"end":{"line":321,"column":9}},"type":"if","locations":[{"start":{"line":313,"column":8},"end":{"line":321,"column":9}},{"start":{},"end":{}}],"line":313},"26":{"loc":{"start":{"line":315,"column":12},"end":{"line":317,"column":13}},"type":"if","locations":[{"start":{"line":315,"column":12},"end":{"line":317,"column":13}},{"start":{},"end":{}}],"line":315},"27":{"loc":{"start":{"line":320,"column":28},"end":{"line":320,"column":67}},"type":"binary-expr","locations":[{"start":{"line":320,"column":28},"end":{"line":320,"column":40}},{"start":{"line":320,"column":44},"end":{"line":320,"column":67}}],"line":320},"28":{"loc":{"start":{"line":336,"column":4},"end":{"line":338,"column":5}},"type":"if","locations":[{"start":{"line":336,"column":4},"end":{"line":338,"column":5}},{"start":{},"end":{}}],"line":336},"29":{"loc":{"start":{"line":374,"column":4},"end":{"line":380,"column":5}},"type":"if","locations":[{"start":{"line":374,"column":4},"end":{"line":380,"column":5}},{"start":{"line":377,"column":11},"end":{"line":380,"column":5}}],"line":374},"30":{"loc":{"start":{"line":384,"column":4},"end":{"line":393,"column":5}},"type":"if","locations":[{"start":{"line":384,"column":4},"end":{"line":393,"column":5}},{"start":{"line":387,"column":11},"end":{"line":393,"column":5}}],"line":384},"31":{"loc":{"start":{"line":387,"column":11},"end":{"line":393,"column":5}},"type":"if","locations":[{"start":{"line":387,"column":11},"end":{"line":393,"column":5}},{"start":{"line":390,"column":11},"end":{"line":393,"column":5}}],"line":387},"32":{"loc":{"start":{"line":401,"column":4},"end":{"line":404,"column":5}},"type":"if","locations":[{"start":{"line":401,"column":4},"end":{"line":404,"column":5}},{"start":{},"end":{}}],"line":401},"33":{"loc":{"start":{"line":410,"column":4},"end":{"line":412,"column":5}},"type":"if","locations":[{"start":{"line":410,"column":4},"end":{"line":412,"column":5}},{"start":{},"end":{}}],"line":410},"34":{"loc":{"start":{"line":429,"column":16},"end":{"line":440,"column":17}},"type":"if","locations":[{"start":{"line":429,"column":16},"end":{"line":440,"column":17}},{"start":{"line":438,"column":23},"end":{"line":440,"column":17}}],"line":429},"35":{"loc":{"start":{"line":431,"column":20},"end":{"line":433,"column":21}},"type":"if","locations":[{"start":{"line":431,"column":20},"end":{"line":433,"column":21}},{"start":{},"end":{}}],"line":431},"36":{"loc":{"start":{"line":448,"column":8},"end":{"line":450,"column":9}},"type":"if","locations":[{"start":{"line":448,"column":8},"end":{"line":450,"column":9}},{"start":{},"end":{}}],"line":448},"37":{"loc":{"start":{"line":452,"column":8},"end":{"line":454,"column":9}},"type":"if","locations":[{"start":{"line":452,"column":8},"end":{"line":454,"column":9}},{"start":{},"end":{}}],"line":452},"38":{"loc":{"start":{"line":467,"column":4},"end":{"line":469,"column":5}},"type":"if","locations":[{"start":{"line":467,"column":4},"end":{"line":469,"column":5}},{"start":{},"end":{}}],"line":467},"39":{"loc":{"start":{"line":467,"column":8},"end":{"line":467,"column":42}},"type":"binary-expr","locations":[{"start":{"line":467,"column":8},"end":{"line":467,"column":17}},{"start":{"line":467,"column":21},"end":{"line":467,"column":42}}],"line":467},"40":{"loc":{"start":{"line":479,"column":30},"end":{"line":481,"column":57}},"type":"binary-expr","locations":[{"start":{"line":479,"column":30},"end":{"line":479,"column":41}},{"start":{"line":480,"column":12},"end":{"line":480,"column":61}},{"start":{"line":481,"column":12},"end":{"line":481,"column":57}}],"line":479},"41":{"loc":{"start":{"line":484,"column":28},"end":{"line":484,"column":67}},"type":"binary-expr","locations":[{"start":{"line":484,"column":28},"end":{"line":484,"column":39}},{"start":{"line":484,"column":43},"end":{"line":484,"column":67}}],"line":484},"42":{"loc":{"start":{"line":487,"column":30},"end":{"line":489,"column":60}},"type":"binary-expr","locations":[{"start":{"line":487,"column":30},"end":{"line":487,"column":43}},{"start":{"line":488,"column":13},"end":{"line":488,"column":38}},{"start":{"line":488,"column":42},"end":{"line":488,"column":56}},{"start":{"line":489,"column":13},"end":{"line":489,"column":40}},{"start":{"line":489,"column":44},"end":{"line":489,"column":59}}],"line":487},"43":{"loc":{"start":{"line":491,"column":15},"end":{"line":491,"column":60}},"type":"binary-expr","locations":[{"start":{"line":491,"column":15},"end":{"line":491,"column":28}},{"start":{"line":491,"column":32},"end":{"line":491,"column":43}},{"start":{"line":491,"column":47},"end":{"line":491,"column":60}}],"line":491},"44":{"loc":{"start":{"line":498,"column":8},"end":{"line":519,"column":9}},"type":"switch","locations":[{"start":{"line":499,"column":12},"end":{"line":501,"column":22}},{"start":{"line":502,"column":12},"end":{"line":504,"column":22}},{"start":{"line":505,"column":12},"end":{"line":507,"column":22}},{"start":{"line":508,"column":12},"end":{"line":510,"column":22}},{"start":{"line":511,"column":12},"end":{"line":513,"column":22}},{"start":{"line":514,"column":12},"end":{"line":516,"column":22}},{"start":{"line":517,"column":12},"end":{"line":518,"column":68}}],"line":498},"45":{"loc":{"start":{"line":533,"column":4},"end":{"line":537,"column":5}},"type":"if","locations":[{"start":{"line":533,"column":4},"end":{"line":537,"column":5}},{"start":{"line":535,"column":11},"end":{"line":537,"column":5}}],"line":533}},"s":{"0":0,"1":0,"2":0,"3":0,"4":0,"5":0,"6":0,"7":0,"8":0,"9":0,"10":0,"11":0,"12":0,"13":0,"14":0,"15":0,"16":0,"17":0,"18":0,"19":0,"20":0,"21":0,"22":0,"23":0,"24":0,"25":0,"26":0,"27":0,"28":0,"29":0,"30":0,"31":0,"32":0,"33":0,"34":0,"35":0,"36":0,"37":0,"38":0,"39":0,"40":0,"41":0,"42":0,"43":0,"44":0,"45":0,"46":0,"47":0,"48":0,"49":0,"50":0,"51":0,"52":0,"53":0,"54":0,"55":0,"56":0,"57":0,"58":0,"59":0,"60":0,"61":0,"62":0,"63":0,"64":0,"65":0,"66":0,"67":0,"68":0,"69":0,"70":0,"71":0,"72":0,"73":0,"74":0,"75":0,"76":0,"77":0,"78":0,"79":0,"80":0,"81":0,"82":0,"83":0,"84":0,"85":0,"86":0,"87":0,"88":0,"89":0,"90":0,"91":0,"92":0,"93":0,"94":0,"95":0,"96":0,"97":0,"98":0,"99":0,"100":0,"101":0,"102":0,"103":0,"104":0,"105":0,"106":0,"107":0,"108":0,"109":0,"110":0,"111":0,"112":0,"113":0,"114":0,"115":0,"116":0,"117":0,"118":0,"119":0,"120":0,"121":0,"122":0,"123":0,"124":0,"125":0,"126":0,"127":0,"128":0,"129":0,"130":0,"131":0,"132":0,"133":0,"134":0,"135":0,"136":0,"137":0,"138":0,"139":0,"140":0,"141":0,"142":0,"143":0,"144":0,"145":0,"146":0,"147":0,"148":0,"149":0,"150":0,"151":0,"152":0,"153":0,"154":0,"155":0,"156":0,"157":0,"158":0,"159":0,"160":0,"161":0,"162":0,"163":0,"164":0,"165":0,"166":0,"167":0,"168":0,"169":0,"170":0,"171":0,"172":0,"173":0,"174":0,"175":0,"176":0,"177":0,"178":0,"179":0,"180":0,"181":0,"182":0,"183":0,"184":0,"185":0,"186":0,"187":0,"188":0,"189":0,"190":0,"191":0,"192":0,"193":0,"194":0,"195":0,"196":0,"197":0,"198":0,"199":0,"200":0,"201":0,"202":0,"203":0,"204":0,"205":0,"206":0,"207":0,"208":0,"209":0,"210":0,"211":0,"212":0,"213":0,"214":0,"215":0,"216":0,"217":0,"218":0,"219":0,"220":0,"221":0,"222":0,"223":0,"224":0,"225":0,"226":0,"227":0,"228":0,"229":0,"230":0,"231":0,"232":0,"233":0,"234":0,"235":0,"236":0,"237":0,"238":0,"239":0,"240":0,"241":0,"242":0},"f":{"0":0,"1":0,"2":0,"3":0,"4":0,"5":0,"6":0,"7":0,"8":0,"9":0,"10":0,"11":0,"12":0,"13":0,"14":0,"15":0,"16":0,"17":0,"18":0,"19":0,"20":0,"21":0,"22":0,"23":0,"24":0,"25":0,"26":0,"27":0,"28":0},"b":{"0":[0,0],"1":[0,0],"2":[0,0],"3":[0,0],"4":[0,0],"5":[0],"6":[0,0],"7":[0,0],"8":[0,0],"9":[0,0],"10":[0,0],"11":[0,0],"12":[0,0],"13":[0,0],"14":[0,0],"15":[0,0],"16":[0,0],"17":[0,0],"18":[0,0],"19":[0,0],"20":[0,0],"21":[0,0],"22":[0,0],"23":[0,0],"24":[0,0],"25":[0,0],"26":[0,0],"27":[0,0],"28":[0,0],"29":[0,0],"30":[0,0],"31":[0,0],"32":[0,0],"33":[0,0],"34":[0,0],"35":[0,0],"36":[0,0],"37":[0,0],"38":[0,0],"39":[0,0],"40":[0,0,0],"41":[0,0],"42":[0,0,0,0,0],"43":[0,0,0],"44":[0,0,0,0,0,0,0],"45":[0,0]}}
,"/home/bbrelin/course-creator/frontend/js/config.js": {"path":"/home/bbrelin/course-creator/frontend/js/config.js","statementMap":{"0":{"start":{"line":5,"column":16},"end":{"line":27,"column":1}},"1":{"start":{"line":7,"column":4},"end":{"line":23,"column":5}},"2":{"start":{"line":8,"column":25},"end":{"line":8,"column":49}},"3":{"start":{"line":11,"column":8},"end":{"line":13,"column":9}},"4":{"start":{"line":12,"column":12},"end":{"line":12,"column":34}},"5":{"start":{"line":16,"column":8},"end":{"line":19,"column":9}},"6":{"start":{"line":18,"column":12},"end":{"line":18,"column":34}},"7":{"start":{"line":22,"column":8},"end":{"line":22,"column":24}},"8":{"start":{"line":26,"column":4},"end":{"line":26,"column":26}},"9":{"start":{"line":30,"column":15},"end":{"line":109,"column":1}},"10":{"start":{"line":45,"column":21},"end":{"line":45,"column":30}},"11":{"start":{"line":46,"column":8},"end":{"line":51,"column":10}},"12":{"start":{"line":56,"column":21},"end":{"line":56,"column":34}},"13":{"start":{"line":57,"column":8},"end":{"line":107,"column":9}},"14":{"start":{"line":64,"column":38},"end":{"line":64,"column":87}},"15":{"start":{"line":68,"column":34},"end":{"line":68,"column":75}},"16":{"start":{"line":71,"column":43},"end":{"line":71,"column":109}},"17":{"start":{"line":72,"column":49},"end":{"line":72,"column":114}},"18":{"start":{"line":79,"column":34},"end":{"line":79,"column":79}},"19":{"start":{"line":80,"column":41},"end":{"line":80,"column":93}},"20":{"start":{"line":82,"column":36},"end":{"line":82,"column":83}},"21":{"start":{"line":83,"column":41},"end":{"line":83,"column":83}},"22":{"start":{"line":84,"column":35},"end":{"line":84,"column":81}},"23":{"start":{"line":86,"column":36},"end":{"line":86,"column":83}},"24":{"start":{"line":87,"column":38},"end":{"line":87,"column":87}},"25":{"start":{"line":91,"column":41},"end":{"line":91,"column":93}},"26":{"start":{"line":93,"column":55},"end":{"line":93,"column":118}},"27":{"start":{"line":94,"column":56},"end":{"line":94,"column":119}},"28":{"start":{"line":98,"column":37},"end":{"line":98,"column":85}},"29":{"start":{"line":103,"column":51},"end":{"line":103,"column":101}},"30":{"start":{"line":104,"column":40},"end":{"line":104,"column":81}},"31":{"start":{"line":105,"column":37},"end":{"line":105,"column":85}},"32":{"start":{"line":106,"column":42},"end":{"line":106,"column":95}},"33":{"start":{"line":116,"column":0},"end":{"line":118,"column":1}},"34":{"start":{"line":117,"column":4},"end":{"line":117,"column":27}}},"fnMap":{"0":{"name":"(anonymous_0)","decl":{"start":{"line":5,"column":16},"end":{"line":5,"column":17}},"loc":{"start":{"line":5,"column":22},"end":{"line":27,"column":1}},"line":5},"1":{"name":"(anonymous_1)","decl":{"start":{"line":44,"column":4},"end":{"line":44,"column":5}},"loc":{"start":{"line":44,"column":19},"end":{"line":52,"column":5}},"line":44},"2":{"name":"(anonymous_2)","decl":{"start":{"line":55,"column":4},"end":{"line":55,"column":5}},"loc":{"start":{"line":55,"column":20},"end":{"line":108,"column":5}},"line":55},"3":{"name":"(anonymous_3)","decl":{"start":{"line":64,"column":27},"end":{"line":64,"column":28}},"loc":{"start":{"line":64,"column":38},"end":{"line":64,"column":87}},"line":64},"4":{"name":"(anonymous_4)","decl":{"start":{"line":68,"column":26},"end":{"line":68,"column":27}},"loc":{"start":{"line":68,"column":34},"end":{"line":68,"column":75}},"line":68},"5":{"name":"(anonymous_5)","decl":{"start":{"line":71,"column":29},"end":{"line":71,"column":30}},"loc":{"start":{"line":71,"column":43},"end":{"line":71,"column":109}},"line":71},"6":{"name":"(anonymous_6)","decl":{"start":{"line":72,"column":31},"end":{"line":72,"column":32}},"loc":{"start":{"line":72,"column":49},"end":{"line":72,"column":114}},"line":72},"7":{"name":"(anonymous_7)","decl":{"start":{"line":79,"column":20},"end":{"line":79,"column":21}},"loc":{"start":{"line":79,"column":34},"end":{"line":79,"column":79}},"line":79},"8":{"name":"(anonymous_8)","decl":{"start":{"line":80,"column":27},"end":{"line":80,"column":28}},"loc":{"start":{"line":80,"column":41},"end":{"line":80,"column":93}},"line":80},"9":{"name":"(anonymous_9)","decl":{"start":{"line":82,"column":22},"end":{"line":82,"column":23}},"loc":{"start":{"line":82,"column":36},"end":{"line":82,"column":83}},"line":82},"10":{"name":"(anonymous_10)","decl":{"start":{"line":83,"column":27},"end":{"line":83,"column":28}},"loc":{"start":{"line":83,"column":41},"end":{"line":83,"column":83}},"line":83},"11":{"name":"(anonymous_11)","decl":{"start":{"line":84,"column":21},"end":{"line":84,"column":22}},"loc":{"start":{"line":84,"column":35},"end":{"line":84,"column":81}},"line":84},"12":{"name":"(anonymous_12)","decl":{"start":{"line":86,"column":22},"end":{"line":86,"column":23}},"loc":{"start":{"line":86,"column":36},"end":{"line":86,"column":83}},"line":86},"13":{"name":"(anonymous_13)","decl":{"start":{"line":87,"column":24},"end":{"line":87,"column":25}},"loc":{"start":{"line":87,"column":38},"end":{"line":87,"column":87}},"line":87},"14":{"name":"(anonymous_14)","decl":{"start":{"line":91,"column":27},"end":{"line":91,"column":28}},"loc":{"start":{"line":91,"column":41},"end":{"line":91,"column":93}},"line":91},"15":{"name":"(anonymous_15)","decl":{"start":{"line":93,"column":30},"end":{"line":93,"column":31}},"loc":{"start":{"line":93,"column":55},"end":{"line":93,"column":118}},"line":93},"16":{"name":"(anonymous_16)","decl":{"start":{"line":94,"column":31},"end":{"line":94,"column":32}},"loc":{"start":{"line":94,"column":56},"end":{"line":94,"column":119}},"line":94},"17":{"name":"(anonymous_17)","decl":{"start":{"line":98,"column":23},"end":{"line":98,"column":24}},"loc":{"start":{"line":98,"column":37},"end":{"line":98,"column":85}},"line":98},"18":{"name":"(anonymous_18)","decl":{"start":{"line":103,"column":37},"end":{"line":103,"column":38}},"loc":{"start":{"line":103,"column":51},"end":{"line":103,"column":101}},"line":103},"19":{"name":"(anonymous_19)","decl":{"start":{"line":104,"column":28},"end":{"line":104,"column":29}},"loc":{"start":{"line":104,"column":40},"end":{"line":104,"column":81}},"line":104},"20":{"name":"(anonymous_20)","decl":{"start":{"line":105,"column":25},"end":{"line":105,"column":26}},"loc":{"start":{"line":105,"column":37},"end":{"line":105,"column":85}},"line":105},"21":{"name":"(anonymous_21)","decl":{"start":{"line":106,"column":28},"end":{"line":106,"column":29}},"loc":{"start":{"line":106,"column":42},"end":{"line":106,"column":95}},"line":106}},"branchMap":{"0":{"loc":{"start":{"line":7,"column":4},"end":{"line":23,"column":5}},"type":"if","locations":[{"start":{"line":7,"column":4},"end":{"line":23,"column":5}},{"start":{},"end":{}}],"line":7},"1":{"loc":{"start":{"line":7,"column":8},"end":{"line":7,"column":56}},"type":"binary-expr","locations":[{"start":{"line":7,"column":8},"end":{"line":7,"column":37}},{"start":{"line":7,"column":41},"end":{"line":7,"column":56}}],"line":7},"2":{"loc":{"start":{"line":11,"column":8},"end":{"line":13,"column":9}},"type":"if","locations":[{"start":{"line":11,"column":8},"end":{"line":13,"column":9}},{"start":{},"end":{}}],"line":11},"3":{"loc":{"start":{"line":16,"column":8},"end":{"line":19,"column":9}},"type":"if","locations":[{"start":{"line":16,"column":8},"end":{"line":19,"column":9}},{"start":{},"end":{}}],"line":16},"4":{"loc":{"start":{"line":16,"column":12},"end":{"line":16,"column":64}},"type":"binary-expr","locations":[{"start":{"line":16,"column":12},"end":{"line":16,"column":36}},{"start":{"line":16,"column":40},"end":{"line":16,"column":64}}],"line":16},"5":{"loc":{"start":{"line":116,"column":0},"end":{"line":118,"column":1}},"type":"if","locations":[{"start":{"line":116,"column":0},"end":{"line":118,"column":1}},{"start":{},"end":{}}],"line":116}},"s":{"0":0,"1":0,"2":0,"3":0,"4":0,"5":0,"6":0,"7":0,"8":0,"9":0,"10":0,"11":0,"12":0,"13":0,"14":0,"15":0,"16":0,"17":0,"18":0,"19":0,"20":0,"21":0,"22":0,"23":0,"24":0,"25":0,"26":0,"27":0,"28":0,"29":0,"30":0,"31":0,"32":0,"33":0,"34":0},"f":{"0":0,"1":0,"2":0,"3":0,"4":0,"5":0,"6":0,"7":0,"8":0,"9":0,"10":0,"11":0,"12":0,"13":0,"14":0,"15":0,"16":0,"17":0,"18":0,"19":0,"20":0,"21":0},"b":{"0":[0,0],"1":[0,0],"2":[0,0],"3":[0,0],"4":[0,0],"5":[0,0]}}
,"/home/bbrelin/course-creator/frontend/js/lab-template.js": {"path":"/home/bbrelin/course-creator/frontend/js/lab-template.js","statementMap":{"0":{"start":{"line":4,"column":0},"end":{"line":13,"column":1}},"1":{"start":{"line":5,"column":4},"end":{"line":12,"column":6}},"2":{"start":{"line":7,"column":37},"end":{"line":7,"column":85}},"3":{"start":{"line":8,"column":36},"end":{"line":8,"column":83}},"4":{"start":{"line":9,"column":38},"end":{"line":9,"column":83}},"5":{"start":{"line":15,"column":16},"end":{"line":15,"column":18}},"6":{"start":{"line":16,"column":18},"end":{"line":16,"column":20}},"7":{"start":{"line":17,"column":22},"end":{"line":17,"column":34}},"8":{"start":{"line":18,"column":22},"end":{"line":18,"column":24}},"9":{"start":{"line":19,"column":19},"end":{"line":19,"column":21}},"10":{"start":{"line":20,"column":23},"end":{"line":20,"column":38}},"11":{"start":{"line":21,"column":22},"end":{"line":21,"column":26}},"12":{"start":{"line":22,"column":18},"end":{"line":27,"column":1}},"13":{"start":{"line":28,"column":22},"end":{"line":28,"column":24}},"14":{"start":{"line":31,"column":18},"end":{"line":31,"column":33}},"15":{"start":{"line":32,"column":21},"end":{"line":32,"column":26}},"16":{"start":{"line":33,"column":16},"end":{"line":33,"column":20}},"17":{"start":{"line":34,"column":16},"end":{"line":34,"column":20}},"18":{"start":{"line":35,"column":22},"end":{"line":35,"column":149}},"19":{"start":{"line":36,"column":19},"end":{"line":36,"column":61}},"20":{"start":{"line":39,"column":15},"end":{"line":39,"column":19}},"21":{"start":{"line":40,"column":23},"end":{"line":40,"column":25}},"22":{"start":{"line":41,"column":19},"end":{"line":41,"column":23}},"23":{"start":{"line":42,"column":19},"end":{"line":42,"column":20}},"24":{"start":{"line":45,"column":19},"end":{"line":54,"column":1}},"25":{"start":{"line":58,"column":4},"end":{"line":58,"column":55}},"26":{"start":{"line":59,"column":4},"end":{"line":59,"column":53}},"27":{"start":{"line":60,"column":4},"end":{"line":60,"column":53}},"28":{"start":{"line":61,"column":4},"end":{"line":61,"column":53}},"29":{"start":{"line":62,"column":4},"end":{"line":62,"column":19}},"30":{"start":{"line":63,"column":4},"end":{"line":63,"column":26}},"31":{"start":{"line":67,"column":0},"end":{"line":67,"column":33}},"32":{"start":{"line":70,"column":4},"end":{"line":70,"column":39}},"33":{"start":{"line":71,"column":4},"end":{"line":71,"column":53}},"34":{"start":{"line":73,"column":23},"end":{"line":73,"column":61}},"35":{"start":{"line":74,"column":4},"end":{"line":77,"column":5}},"36":{"start":{"line":75,"column":8},"end":{"line":75,"column":48}},"37":{"start":{"line":76,"column":8},"end":{"line":76,"column":15}},"38":{"start":{"line":80,"column":4},"end":{"line":80,"column":41}},"39":{"start":{"line":83,"column":26},"end":{"line":83,"column":86}},"40":{"start":{"line":83,"column":67},"end":{"line":83,"column":85}},"41":{"start":{"line":84,"column":4},"end":{"line":84,"column":50}},"42":{"start":{"line":87,"column":26},"end":{"line":87,"column":66}},"43":{"start":{"line":88,"column":24},"end":{"line":88,"column":62}},"44":{"start":{"line":89,"column":26},"end":{"line":89,"column":66}},"45":{"start":{"line":90,"column":27},"end":{"line":90,"column":68}},"46":{"start":{"line":92,"column":4},"end":{"line":92,"column":58}},"47":{"start":{"line":93,"column":4},"end":{"line":93,"column":64}},"48":{"start":{"line":95,"column":4},"end":{"line":98,"column":5}},"49":{"start":{"line":96,"column":8},"end":{"line":96,"column":79}},"50":{"start":{"line":97,"column":8},"end":{"line":97,"column":72}},"51":{"start":{"line":99,"column":4},"end":{"line":99,"column":87}},"52":{"start":{"line":99,"column":21},"end":{"line":99,"column":87}},"53":{"start":{"line":100,"column":4},"end":{"line":100,"column":93}},"54":{"start":{"line":100,"column":23},"end":{"line":100,"column":93}},"55":{"start":{"line":101,"column":4},"end":{"line":101,"column":96}},"56":{"start":{"line":101,"column":24},"end":{"line":101,"column":96}},"57":{"start":{"line":104,"column":4},"end":{"line":121,"column":5}},"58":{"start":{"line":105,"column":8},"end":{"line":105,"column":65}},"59":{"start":{"line":106,"column":8},"end":{"line":106,"column":56}},"60":{"start":{"line":107,"column":11},"end":{"line":121,"column":5}},"61":{"start":{"line":108,"column":8},"end":{"line":114,"column":9}},"62":{"start":{"line":109,"column":12},"end":{"line":109,"column":69}},"63":{"start":{"line":110,"column":12},"end":{"line":110,"column":54}},"64":{"start":{"line":112,"column":12},"end":{"line":112,"column":63}},"65":{"start":{"line":113,"column":12},"end":{"line":113,"column":60}},"66":{"start":{"line":115,"column":11},"end":{"line":121,"column":5}},"67":{"start":{"line":116,"column":8},"end":{"line":116,"column":59}},"68":{"start":{"line":117,"column":8},"end":{"line":117,"column":50}},"69":{"start":{"line":119,"column":8},"end":{"line":119,"column":53}},"70":{"start":{"line":120,"column":8},"end":{"line":120,"column":50}},"71":{"start":{"line":125,"column":4},"end":{"line":125,"column":46}},"72":{"start":{"line":126,"column":20},"end":{"line":131,"column":5}},"73":{"start":{"line":133,"column":4},"end":{"line":133,"column":103}},"74":{"start":{"line":133,"column":73},"end":{"line":133,"column":100}},"75":{"start":{"line":135,"column":4},"end":{"line":141,"column":7}},"76":{"start":{"line":136,"column":23},"end":{"line":136,"column":37}},"77":{"start":{"line":137,"column":8},"end":{"line":140,"column":9}},"78":{"start":{"line":138,"column":12},"end":{"line":138,"column":69}},"79":{"start":{"line":139,"column":12},"end":{"line":139,"column":102}},"80":{"start":{"line":146,"column":4},"end":{"line":146,"column":51}},"81":{"start":{"line":147,"column":4},"end":{"line":147,"column":135}},"82":{"start":{"line":147,"column":77},"end":{"line":147,"column":132}},"83":{"start":{"line":150,"column":22},"end":{"line":150,"column":65}},"84":{"start":{"line":151,"column":4},"end":{"line":151,"column":59}},"85":{"start":{"line":152,"column":4},"end":{"line":152,"column":43}},"86":{"start":{"line":153,"column":4},"end":{"line":153,"column":43}},"87":{"start":{"line":154,"column":4},"end":{"line":154,"column":80}},"88":{"start":{"line":155,"column":4},"end":{"line":155,"column":94}},"89":{"start":{"line":158,"column":24},"end":{"line":158,"column":49}},"90":{"start":{"line":159,"column":4},"end":{"line":162,"column":5}},"91":{"start":{"line":160,"column":8},"end":{"line":160,"column":38}},"92":{"start":{"line":161,"column":8},"end":{"line":161,"column":73}},"93":{"start":{"line":164,"column":4},"end":{"line":164,"column":51}},"94":{"start":{"line":165,"column":4},"end":{"line":165,"column":57}},"95":{"start":{"line":166,"column":4},"end":{"line":166,"column":52}},"96":{"start":{"line":167,"column":4},"end":{"line":167,"column":73}},"97":{"start":{"line":170,"column":4},"end":{"line":170,"column":33}},"98":{"start":{"line":172,"column":4},"end":{"line":175,"column":5}},"99":{"start":{"line":173,"column":8},"end":{"line":173,"column":53}},"100":{"start":{"line":174,"column":8},"end":{"line":174,"column":28}},"101":{"start":{"line":177,"column":4},"end":{"line":177,"column":26}},"102":{"start":{"line":178,"column":4},"end":{"line":178,"column":19}},"103":{"start":{"line":181,"column":27},"end":{"line":181,"column":68}},"104":{"start":{"line":182,"column":4},"end":{"line":185,"column":5}},"105":{"start":{"line":183,"column":8},"end":{"line":183,"column":47}},"106":{"start":{"line":184,"column":8},"end":{"line":184,"column":66}},"107":{"start":{"line":187,"column":27},"end":{"line":189,"column":98}},"108":{"start":{"line":191,"column":4},"end":{"line":191,"column":41}},"109":{"start":{"line":192,"column":4},"end":{"line":192,"column":47}},"110":{"start":{"line":196,"column":4},"end":{"line":196,"column":30}},"111":{"start":{"line":199,"column":4},"end":{"line":201,"column":5}},"112":{"start":{"line":200,"column":8},"end":{"line":200,"column":30}},"113":{"start":{"line":204,"column":4},"end":{"line":204,"column":45}},"114":{"start":{"line":207,"column":4},"end":{"line":209,"column":7}},"115":{"start":{"line":208,"column":8},"end":{"line":208,"column":31}},"116":{"start":{"line":211,"column":4},"end":{"line":211,"column":49}},"117":{"start":{"line":216,"column":4},"end":{"line":216,"column":54}},"118":{"start":{"line":219,"column":25},"end":{"line":219,"column":27}},"119":{"start":{"line":220,"column":4},"end":{"line":220,"column":56}},"120":{"start":{"line":223,"column":4},"end":{"line":225,"column":5}},"121":{"start":{"line":224,"column":8},"end":{"line":224,"column":160}},"122":{"start":{"line":228,"column":4},"end":{"line":236,"column":5}},"123":{"start":{"line":229,"column":8},"end":{"line":235,"column":64}},"124":{"start":{"line":239,"column":4},"end":{"line":243,"column":7}},"125":{"start":{"line":240,"column":8},"end":{"line":242,"column":9}},"126":{"start":{"line":241,"column":12},"end":{"line":241,"column":35}},"127":{"start":{"line":245,"column":4},"end":{"line":245,"column":52}},"128":{"start":{"line":250,"column":4},"end":{"line":250,"column":59}},"129":{"start":{"line":251,"column":4},"end":{"line":251,"column":46}},"130":{"start":{"line":252,"column":4},"end":{"line":252,"column":55}},"131":{"start":{"line":254,"column":4},"end":{"line":276,"column":5}},"132":{"start":{"line":255,"column":25},"end":{"line":255,"column":79}},"133":{"start":{"line":256,"column":8},"end":{"line":256,"column":61}},"134":{"start":{"line":258,"column":8},"end":{"line":272,"column":9}},"135":{"start":{"line":259,"column":25},"end":{"line":259,"column":46}},"136":{"start":{"line":260,"column":12},"end":{"line":260,"column":45}},"137":{"start":{"line":261,"column":12},"end":{"line":261,"column":87}},"138":{"start":{"line":262,"column":12},"end":{"line":262,"column":75}},"139":{"start":{"line":262,"column":64},"end":{"line":262,"column":72}},"140":{"start":{"line":265,"column":12},"end":{"line":268,"column":13}},"141":{"start":{"line":266,"column":16},"end":{"line":266,"column":77}},"142":{"start":{"line":267,"column":16},"end":{"line":267,"column":50}},"143":{"start":{"line":270,"column":12},"end":{"line":270,"column":84}},"144":{"start":{"line":271,"column":12},"end":{"line":271,"column":46}},"145":{"start":{"line":274,"column":8},"end":{"line":274,"column":57}},"146":{"start":{"line":275,"column":8},"end":{"line":275,"column":23}},"147":{"start":{"line":278,"column":4},"end":{"line":278,"column":60}},"148":{"start":{"line":279,"column":4},"end":{"line":279,"column":46}},"149":{"start":{"line":280,"column":4},"end":{"line":280,"column":62}},"150":{"start":{"line":283,"column":4},"end":{"line":286,"column":12}},"151":{"start":{"line":284,"column":8},"end":{"line":284,"column":54}},"152":{"start":{"line":285,"column":8},"end":{"line":285,"column":27}},"153":{"start":{"line":290,"column":4},"end":{"line":290,"column":72}},"154":{"start":{"line":292,"column":4},"end":{"line":330,"column":5}},"155":{"start":{"line":294,"column":33},"end":{"line":294,"column":86}},"156":{"start":{"line":296,"column":8},"end":{"line":326,"column":9}},"157":{"start":{"line":297,"column":33},"end":{"line":297,"column":62}},"158":{"start":{"line":298,"column":12},"end":{"line":298,"column":92}},"159":{"start":{"line":301,"column":37},"end":{"line":309,"column":14}},"160":{"start":{"line":311,"column":12},"end":{"line":319,"column":13}},"161":{"start":{"line":312,"column":31},"end":{"line":312,"column":60}},"162":{"start":{"line":313,"column":16},"end":{"line":313,"column":51}},"163":{"start":{"line":314,"column":16},"end":{"line":314,"column":94}},"164":{"start":{"line":315,"column":16},"end":{"line":315,"column":89}},"165":{"start":{"line":315,"column":78},"end":{"line":315,"column":86}},"166":{"start":{"line":317,"column":16},"end":{"line":317,"column":74}},"167":{"start":{"line":318,"column":16},"end":{"line":318,"column":31}},"168":{"start":{"line":321,"column":12},"end":{"line":321,"column":100}},"169":{"start":{"line":324,"column":12},"end":{"line":324,"column":107}},"170":{"start":{"line":325,"column":12},"end":{"line":325,"column":27}},"171":{"start":{"line":328,"column":8},"end":{"line":328,"column":70}},"172":{"start":{"line":329,"column":8},"end":{"line":329,"column":23}},"173":{"start":{"line":335,"column":4},"end":{"line":335,"column":68}},"174":{"start":{"line":338,"column":4},"end":{"line":388,"column":5}},"175":{"start":{"line":339,"column":8},"end":{"line":356,"column":10}},"176":{"start":{"line":357,"column":11},"end":{"line":388,"column":5}},"177":{"start":{"line":358,"column":8},"end":{"line":375,"column":10}},"178":{"start":{"line":378,"column":8},"end":{"line":387,"column":10}},"179":{"start":{"line":390,"column":4},"end":{"line":390,"column":57}},"180":{"start":{"line":391,"column":4},"end":{"line":391,"column":23}},"181":{"start":{"line":396,"column":4},"end":{"line":396,"column":43}},"182":{"start":{"line":397,"column":4},"end":{"line":397,"column":47}},"183":{"start":{"line":398,"column":4},"end":{"line":398,"column":55}},"184":{"start":{"line":400,"column":25},"end":{"line":400,"column":64}},"185":{"start":{"line":401,"column":4},"end":{"line":404,"column":5}},"186":{"start":{"line":402,"column":8},"end":{"line":402,"column":58}},"187":{"start":{"line":403,"column":8},"end":{"line":403,"column":15}},"188":{"start":{"line":406,"column":4},"end":{"line":406,"column":62}},"189":{"start":{"line":409,"column":26},"end":{"line":409,"column":66}},"190":{"start":{"line":410,"column":4},"end":{"line":416,"column":5}},"191":{"start":{"line":411,"column":8},"end":{"line":411,"column":55}},"192":{"start":{"line":412,"column":8},"end":{"line":412,"column":37}},"193":{"start":{"line":413,"column":8},"end":{"line":413,"column":51}},"194":{"start":{"line":415,"column":8},"end":{"line":415,"column":51}},"195":{"start":{"line":418,"column":4},"end":{"line":437,"column":5}},"196":{"start":{"line":419,"column":8},"end":{"line":419,"column":121}},"197":{"start":{"line":420,"column":8},"end":{"line":420,"column":47}},"198":{"start":{"line":422,"column":8},"end":{"line":433,"column":20}},"199":{"start":{"line":422,"column":59},"end":{"line":433,"column":9}},"200":{"start":{"line":435,"column":8},"end":{"line":435,"column":76}},"201":{"start":{"line":436,"column":8},"end":{"line":436,"column":86}},"202":{"start":{"line":440,"column":25},"end":{"line":440,"column":67}},"203":{"start":{"line":441,"column":4},"end":{"line":443,"column":5}},"204":{"start":{"line":442,"column":8},"end":{"line":442,"column":45}},"205":{"start":{"line":446,"column":4},"end":{"line":446,"column":19}},"206":{"start":{"line":451,"column":4},"end":{"line":451,"column":51}},"207":{"start":{"line":454,"column":4},"end":{"line":454,"column":35}},"208":{"start":{"line":456,"column":4},"end":{"line":456,"column":65}},"209":{"start":{"line":456,"column":43},"end":{"line":456,"column":63}},"210":{"start":{"line":457,"column":4},"end":{"line":460,"column":5}},"211":{"start":{"line":458,"column":8},"end":{"line":458,"column":57}},"212":{"start":{"line":459,"column":8},"end":{"line":459,"column":15}},"213":{"start":{"line":463,"column":4},"end":{"line":463,"column":97}},"214":{"start":{"line":463,"column":64},"end":{"line":463,"column":95}},"215":{"start":{"line":464,"column":25},"end":{"line":464,"column":94}},"216":{"start":{"line":465,"column":4},"end":{"line":467,"column":5}},"217":{"start":{"line":466,"column":8},"end":{"line":466,"column":45}},"218":{"start":{"line":470,"column":19},"end":{"line":470,"column":56}},"219":{"start":{"line":471,"column":4},"end":{"line":481,"column":5}},"220":{"start":{"line":472,"column":28},"end":{"line":472,"column":118}},"221":{"start":{"line":473,"column":8},"end":{"line":473,"column":57}},"222":{"start":{"line":475,"column":8},"end":{"line":475,"column":44}},"223":{"start":{"line":476,"column":23},"end":{"line":476,"column":74}},"224":{"start":{"line":477,"column":8},"end":{"line":480,"column":9}},"225":{"start":{"line":478,"column":12},"end":{"line":478,"column":53}},"226":{"start":{"line":479,"column":12},"end":{"line":479,"column":46}},"227":{"start":{"line":484,"column":4},"end":{"line":484,"column":107}},"228":{"start":{"line":487,"column":4},"end":{"line":487,"column":39}},"229":{"start":{"line":490,"column":4},"end":{"line":490,"column":46}},"230":{"start":{"line":495,"column":4},"end":{"line":495,"column":67}},"231":{"start":{"line":498,"column":18},"end":{"line":498,"column":47}},"232":{"start":{"line":499,"column":4},"end":{"line":499,"column":38}},"233":{"start":{"line":500,"column":4},"end":{"line":511,"column":6}},"234":{"start":{"line":514,"column":25},"end":{"line":514,"column":54}},"235":{"start":{"line":515,"column":4},"end":{"line":515,"column":45}},"236":{"start":{"line":516,"column":4},"end":{"line":524,"column":6}},"237":{"start":{"line":527,"column":25},"end":{"line":610,"column":5}},"238":{"start":{"line":563,"column":67},"end":{"line":563,"column":92}},"239":{"start":{"line":572,"column":53},"end":{"line":572,"column":71}},"240":{"start":{"line":581,"column":59},"end":{"line":581,"column":116}},"241":{"start":{"line":597,"column":71},"end":{"line":597,"column":93}},"242":{"start":{"line":612,"column":4},"end":{"line":612,"column":42}},"243":{"start":{"line":613,"column":4},"end":{"line":613,"column":36}},"244":{"start":{"line":614,"column":4},"end":{"line":614,"column":37}},"245":{"start":{"line":617,"column":18},"end":{"line":617,"column":49}},"246":{"start":{"line":618,"column":4},"end":{"line":678,"column":6}},"247":{"start":{"line":679,"column":4},"end":{"line":679,"column":37}},"248":{"start":{"line":684,"column":4},"end":{"line":684,"column":79}},"249":{"start":{"line":687,"column":4},"end":{"line":698,"column":6}},"250":{"start":{"line":701,"column":26},"end":{"line":701,"column":66}},"251":{"start":{"line":702,"column":4},"end":{"line":724,"column":5}},"252":{"start":{"line":704,"column":33},"end":{"line":704,"column":62}},"253":{"start":{"line":705,"column":8},"end":{"line":705,"column":60}},"254":{"start":{"line":706,"column":8},"end":{"line":713,"column":10}},"255":{"start":{"line":714,"column":8},"end":{"line":716,"column":10}},"256":{"start":{"line":719,"column":35},"end":{"line":719,"column":90}},"257":{"start":{"line":720,"column":8},"end":{"line":720,"column":68}},"258":{"start":{"line":720,"column":48},"end":{"line":720,"column":66}},"259":{"start":{"line":723,"column":8},"end":{"line":723,"column":79}},"260":{"start":{"line":729,"column":19},"end":{"line":729,"column":56}},"261":{"start":{"line":730,"column":4},"end":{"line":732,"column":5}},"262":{"start":{"line":731,"column":8},"end":{"line":731,"column":23}},"263":{"start":{"line":737,"column":21},"end":{"line":737,"column":63}},"264":{"start":{"line":737,"column":42},"end":{"line":737,"column":62}},"265":{"start":{"line":738,"column":4},"end":{"line":738,"column":26}},"266":{"start":{"line":738,"column":19},"end":{"line":738,"column":26}},"267":{"start":{"line":741,"column":18},"end":{"line":741,"column":58}},"268":{"start":{"line":742,"column":4},"end":{"line":742,"column":30}},"269":{"start":{"line":742,"column":15},"end":{"line":742,"column":30}},"270":{"start":{"line":745,"column":27},"end":{"line":745,"column":185}},"271":{"start":{"line":747,"column":4},"end":{"line":747,"column":39}},"272":{"start":{"line":750,"column":4},"end":{"line":762,"column":13}},"273":{"start":{"line":751,"column":27},"end":{"line":759,"column":45}},"274":{"start":{"line":761,"column":8},"end":{"line":761,"column":44}},"275":{"start":{"line":766,"column":0},"end":{"line":766,"column":39}},"276":{"start":{"line":767,"column":0},"end":{"line":767,"column":45}},"277":{"start":{"line":768,"column":0},"end":{"line":768,"column":59}},"278":{"start":{"line":769,"column":0},"end":{"line":769,"column":41}},"279":{"start":{"line":770,"column":0},"end":{"line":770,"column":35}},"280":{"start":{"line":774,"column":21},"end":{"line":774,"column":63}},"281":{"start":{"line":774,"column":42},"end":{"line":774,"column":62}},"282":{"start":{"line":775,"column":4},"end":{"line":775,"column":26}},"283":{"start":{"line":775,"column":19},"end":{"line":775,"column":26}},"284":{"start":{"line":777,"column":19},"end":{"line":777,"column":56}},"285":{"start":{"line":778,"column":19},"end":{"line":778,"column":70}},"286":{"start":{"line":780,"column":4},"end":{"line":780,"column":35}},"287":{"start":{"line":780,"column":28},"end":{"line":780,"column":35}},"288":{"start":{"line":782,"column":4},"end":{"line":798,"column":5}},"289":{"start":{"line":784,"column":28},"end":{"line":784,"column":104}},"290":{"start":{"line":785,"column":8},"end":{"line":785,"column":57}},"291":{"start":{"line":786,"column":8},"end":{"line":786,"column":49}},"292":{"start":{"line":787,"column":8},"end":{"line":787,"column":42}},"293":{"start":{"line":788,"column":8},"end":{"line":788,"column":44}},"294":{"start":{"line":789,"column":8},"end":{"line":789,"column":65}},"295":{"start":{"line":792,"column":25},"end":{"line":792,"column":103}},"296":{"start":{"line":793,"column":8},"end":{"line":793,"column":54}},"297":{"start":{"line":794,"column":8},"end":{"line":794,"column":48}},"298":{"start":{"line":795,"column":8},"end":{"line":795,"column":39}},"299":{"start":{"line":796,"column":8},"end":{"line":796,"column":43}},"300":{"start":{"line":797,"column":8},"end":{"line":797,"column":57}},"301":{"start":{"line":802,"column":0},"end":{"line":802,"column":39}},"302":{"start":{"line":806,"column":19},"end":{"line":806,"column":60}},"303":{"start":{"line":807,"column":4},"end":{"line":807,"column":35}},"304":{"start":{"line":809,"column":19},"end":{"line":809,"column":56}},"305":{"start":{"line":810,"column":4},"end":{"line":845,"column":5}},"306":{"start":{"line":812,"column":8},"end":{"line":844,"column":9}},"307":{"start":{"line":814,"column":12},"end":{"line":818,"column":13}},"308":{"start":{"line":815,"column":16},"end":{"line":815,"column":78}},"309":{"start":{"line":817,"column":16},"end":{"line":817,"column":81}},"310":{"start":{"line":821,"column":12},"end":{"line":843,"column":13}},"311":{"start":{"line":822,"column":16},"end":{"line":822,"column":71}},"312":{"start":{"line":823,"column":19},"end":{"line":843,"column":13}},"313":{"start":{"line":824,"column":16},"end":{"line":824,"column":82}},"314":{"start":{"line":825,"column":19},"end":{"line":843,"column":13}},"315":{"start":{"line":826,"column":16},"end":{"line":826,"column":156}},"316":{"start":{"line":827,"column":19},"end":{"line":843,"column":13}},"317":{"start":{"line":828,"column":16},"end":{"line":828,"column":159}},"318":{"start":{"line":829,"column":19},"end":{"line":843,"column":13}},"319":{"start":{"line":830,"column":16},"end":{"line":830,"column":175}},"320":{"start":{"line":831,"column":19},"end":{"line":843,"column":13}},"321":{"start":{"line":832,"column":16},"end":{"line":832,"column":148}},"322":{"start":{"line":833,"column":19},"end":{"line":843,"column":13}},"323":{"start":{"line":834,"column":16},"end":{"line":834,"column":130}},"324":{"start":{"line":835,"column":19},"end":{"line":843,"column":13}},"325":{"start":{"line":836,"column":16},"end":{"line":836,"column":128}},"326":{"start":{"line":837,"column":19},"end":{"line":843,"column":13}},"327":{"start":{"line":838,"column":16},"end":{"line":838,"column":94}},"328":{"start":{"line":839,"column":19},"end":{"line":843,"column":13}},"329":{"start":{"line":840,"column":16},"end":{"line":840,"column":83}},"330":{"start":{"line":842,"column":16},"end":{"line":842,"column":72}},"331":{"start":{"line":847,"column":4},"end":{"line":847,"column":129}},"332":{"start":{"line":851,"column":0},"end":{"line":851,"column":39}},"333":{"start":{"line":855,"column":28},"end":{"line":855,"column":70}},"334":{"start":{"line":856,"column":4},"end":{"line":856,"column":33}},"335":{"start":{"line":856,"column":26},"end":{"line":856,"column":33}},"336":{"start":{"line":858,"column":16},"end":{"line":858,"column":45}},"337":{"start":{"line":859,"column":4},"end":{"line":859,"column":36}},"338":{"start":{"line":860,"column":4},"end":{"line":864,"column":5}},"339":{"start":{"line":861,"column":8},"end":{"line":861,"column":36}},"340":{"start":{"line":862,"column":11},"end":{"line":864,"column":5}},"341":{"start":{"line":863,"column":8},"end":{"line":863,"column":36}},"342":{"start":{"line":865,"column":4},"end":{"line":865,"column":27}},"343":{"start":{"line":867,"column":4},"end":{"line":867,"column":37}},"344":{"start":{"line":870,"column":27},"end":{"line":870,"column":68}},"345":{"start":{"line":871,"column":4},"end":{"line":873,"column":5}},"346":{"start":{"line":872,"column":8},"end":{"line":872,"column":63}},"347":{"start":{"line":878,"column":19},"end":{"line":878,"column":56}},"348":{"start":{"line":880,"column":4},"end":{"line":883,"column":5}},"349":{"start":{"line":881,"column":8},"end":{"line":881,"column":104}},"350":{"start":{"line":882,"column":8},"end":{"line":882,"column":15}},"351":{"start":{"line":885,"column":17},"end":{"line":885,"column":29}},"352":{"start":{"line":887,"column":4},"end":{"line":890,"column":5}},"353":{"start":{"line":888,"column":8},"end":{"line":888,"column":64}},"354":{"start":{"line":889,"column":8},"end":{"line":889,"column":15}},"355":{"start":{"line":893,"column":4},"end":{"line":895,"column":5}},"356":{"start":{"line":894,"column":8},"end":{"line":894,"column":53}},"357":{"start":{"line":897,"column":4},"end":{"line":897,"column":49}},"358":{"start":{"line":899,"column":4},"end":{"line":941,"column":5}},"359":{"start":{"line":900,"column":8},"end":{"line":926,"column":9}},"360":{"start":{"line":902,"column":23},"end":{"line":902,"column":25}},"361":{"start":{"line":903,"column":32},"end":{"line":903,"column":43}},"362":{"start":{"line":904,"column":12},"end":{"line":907,"column":14}},"363":{"start":{"line":905,"column":16},"end":{"line":905,"column":42}},"364":{"start":{"line":906,"column":16},"end":{"line":906,"column":54}},"365":{"start":{"line":910,"column":12},"end":{"line":910,"column":23}},"366":{"start":{"line":913,"column":12},"end":{"line":913,"column":38}},"367":{"start":{"line":916,"column":12},"end":{"line":920,"column":13}},"368":{"start":{"line":917,"column":16},"end":{"line":917,"column":57}},"369":{"start":{"line":919,"column":16},"end":{"line":919,"column":90}},"370":{"start":{"line":923,"column":12},"end":{"line":923,"column":126}},"371":{"start":{"line":924,"column":12},"end":{"line":924,"column":42}},"372":{"start":{"line":925,"column":12},"end":{"line":925,"column":96}},"373":{"start":{"line":929,"column":8},"end":{"line":931,"column":9}},"374":{"start":{"line":930,"column":12},"end":{"line":930,"column":65}},"375":{"start":{"line":934,"column":8},"end":{"line":934,"column":105}},"376":{"start":{"line":937,"column":8},"end":{"line":937,"column":58}},"377":{"start":{"line":940,"column":8},"end":{"line":940,"column":117}},"378":{"start":{"line":945,"column":0},"end":{"line":945,"column":25}},"379":{"start":{"line":949,"column":19},"end":{"line":949,"column":56}},"380":{"start":{"line":950,"column":4},"end":{"line":974,"column":5}},"381":{"start":{"line":951,"column":8},"end":{"line":973,"column":9}},"382":{"start":{"line":952,"column":12},"end":{"line":952,"column":77}},"383":{"start":{"line":954,"column":12},"end":{"line":972,"column":13}},"384":{"start":{"line":955,"column":16},"end":{"line":955,"column":90}},"385":{"start":{"line":956,"column":19},"end":{"line":972,"column":13}},"386":{"start":{"line":957,"column":16},"end":{"line":957,"column":101}},"387":{"start":{"line":958,"column":19},"end":{"line":972,"column":13}},"388":{"start":{"line":959,"column":16},"end":{"line":959,"column":194}},"389":{"start":{"line":960,"column":19},"end":{"line":972,"column":13}},"390":{"start":{"line":961,"column":16},"end":{"line":961,"column":167}},"391":{"start":{"line":962,"column":19},"end":{"line":972,"column":13}},"392":{"start":{"line":963,"column":16},"end":{"line":963,"column":149}},"393":{"start":{"line":964,"column":19},"end":{"line":972,"column":13}},"394":{"start":{"line":965,"column":16},"end":{"line":965,"column":147}},"395":{"start":{"line":966,"column":19},"end":{"line":972,"column":13}},"396":{"start":{"line":967,"column":16},"end":{"line":967,"column":113}},"397":{"start":{"line":968,"column":19},"end":{"line":972,"column":13}},"398":{"start":{"line":969,"column":16},"end":{"line":969,"column":102}},"399":{"start":{"line":971,"column":16},"end":{"line":971,"column":91}},"400":{"start":{"line":975,"column":4},"end":{"line":975,"column":67}},"401":{"start":{"line":979,"column":0},"end":{"line":979,"column":29}},"402":{"start":{"line":983,"column":26},"end":{"line":983,"column":66}},"403":{"start":{"line":984,"column":4},"end":{"line":984,"column":31}},"404":{"start":{"line":984,"column":24},"end":{"line":984,"column":31}},"405":{"start":{"line":986,"column":23},"end":{"line":986,"column":52}},"406":{"start":{"line":987,"column":4},"end":{"line":987,"column":53}},"407":{"start":{"line":988,"column":4},"end":{"line":988,"column":37}},"408":{"start":{"line":989,"column":4},"end":{"line":989,"column":42}},"409":{"start":{"line":990,"column":4},"end":{"line":990,"column":57}},"410":{"start":{"line":994,"column":18},"end":{"line":994,"column":54}},"411":{"start":{"line":995,"column":20},"end":{"line":995,"column":38}},"412":{"start":{"line":997,"column":4},"end":{"line":1046,"column":5}},"413":{"start":{"line":998,"column":8},"end":{"line":998,"column":36}},"414":{"start":{"line":999,"column":8},"end":{"line":999,"column":25}},"415":{"start":{"line":1002,"column":8},"end":{"line":1045,"column":17}},"416":{"start":{"line":1003,"column":29},"end":{"line":1003,"column":31}},"417":{"start":{"line":1005,"column":12},"end":{"line":1042,"column":13}},"418":{"start":{"line":1006,"column":33},"end":{"line":1006,"column":62}},"419":{"start":{"line":1007,"column":16},"end":{"line":1007,"column":124}},"420":{"start":{"line":1010,"column":16},"end":{"line":1039,"column":17}},"421":{"start":{"line":1011,"column":20},"end":{"line":1011,"column":108}},"422":{"start":{"line":1013,"column":20},"end":{"line":1017,"column":21}},"423":{"start":{"line":1014,"column":24},"end":{"line":1014,"column":89}},"424":{"start":{"line":1014,"column":65},"end":{"line":1014,"column":76}},"425":{"start":{"line":1016,"column":24},"end":{"line":1016,"column":162}},"426":{"start":{"line":1018,"column":23},"end":{"line":1039,"column":17}},"427":{"start":{"line":1019,"column":20},"end":{"line":1019,"column":123}},"428":{"start":{"line":1021,"column":20},"end":{"line":1027,"column":21}},"429":{"start":{"line":1022,"column":24},"end":{"line":1022,"column":130}},"430":{"start":{"line":1023,"column":27},"end":{"line":1027,"column":21}},"431":{"start":{"line":1024,"column":24},"end":{"line":1024,"column":134}},"432":{"start":{"line":1026,"column":24},"end":{"line":1026,"column":116}},"433":{"start":{"line":1028,"column":23},"end":{"line":1039,"column":17}},"434":{"start":{"line":1029,"column":20},"end":{"line":1029,"column":85}},"435":{"start":{"line":1031,"column":20},"end":{"line":1036,"column":21}},"436":{"start":{"line":1032,"column":24},"end":{"line":1032,"column":68}},"437":{"start":{"line":1033,"column":24},"end":{"line":1033,"column":122}},"438":{"start":{"line":1033,"column":91},"end":{"line":1033,"column":109}},"439":{"start":{"line":1035,"column":24},"end":{"line":1035,"column":117}},"440":{"start":{"line":1038,"column":20},"end":{"line":1038,"column":197}},"441":{"start":{"line":1041,"column":16},"end":{"line":1041,"column":117}},"442":{"start":{"line":1044,"column":12},"end":{"line":1044,"column":48}},"443":{"start":{"line":1050,"column":0},"end":{"line":1050,"column":33}},"444":{"start":{"line":1054,"column":4},"end":{"line":1080,"column":5}},"445":{"start":{"line":1055,"column":22},"end":{"line":1055,"column":62}},"446":{"start":{"line":1056,"column":24},"end":{"line":1056,"column":42}},"447":{"start":{"line":1058,"column":8},"end":{"line":1062,"column":9}},"448":{"start":{"line":1059,"column":12},"end":{"line":1059,"column":44}},"449":{"start":{"line":1060,"column":12},"end":{"line":1060,"column":42}},"450":{"start":{"line":1061,"column":12},"end":{"line":1061,"column":50}},"451":{"start":{"line":1064,"column":8},"end":{"line":1064,"column":25}},"452":{"start":{"line":1065,"column":11},"end":{"line":1080,"column":5}},"453":{"start":{"line":1066,"column":8},"end":{"line":1066,"column":31}},"454":{"start":{"line":1067,"column":8},"end":{"line":1070,"column":9}},"455":{"start":{"line":1068,"column":12},"end":{"line":1068,"column":27}},"456":{"start":{"line":1069,"column":12},"end":{"line":1069,"column":91}},"457":{"start":{"line":1071,"column":11},"end":{"line":1080,"column":5}},"458":{"start":{"line":1072,"column":8},"end":{"line":1072,"column":31}},"459":{"start":{"line":1073,"column":8},"end":{"line":1079,"column":9}},"460":{"start":{"line":1074,"column":12},"end":{"line":1074,"column":27}},"461":{"start":{"line":1075,"column":12},"end":{"line":1075,"column":91}},"462":{"start":{"line":1077,"column":12},"end":{"line":1077,"column":50}},"463":{"start":{"line":1078,"column":12},"end":{"line":1078,"column":64}},"464":{"start":{"line":1084,"column":27},"end":{"line":1084,"column":68}},"465":{"start":{"line":1085,"column":4},"end":{"line":1085,"column":32}},"466":{"start":{"line":1085,"column":25},"end":{"line":1085,"column":32}},"467":{"start":{"line":1088,"column":4},"end":{"line":1090,"column":5}},"468":{"start":{"line":1089,"column":8},"end":{"line":1089,"column":37}},"469":{"start":{"line":1092,"column":23},"end":{"line":1092,"column":96}},"470":{"start":{"line":1094,"column":4},"end":{"line":1094,"column":45}},"471":{"start":{"line":1096,"column":18},"end":{"line":1096,"column":36}},"472":{"start":{"line":1097,"column":16},"end":{"line":1097,"column":38}},"473":{"start":{"line":1098,"column":17},"end":{"line":1098,"column":31}},"474":{"start":{"line":1101,"column":4},"end":{"line":1107,"column":5}},"475":{"start":{"line":1102,"column":23},"end":{"line":1102,"column":148}},"476":{"start":{"line":1103,"column":8},"end":{"line":1103,"column":45}},"477":{"start":{"line":1104,"column":8},"end":{"line":1104,"column":20}},"478":{"start":{"line":1105,"column":8},"end":{"line":1105,"column":25}},"479":{"start":{"line":1106,"column":8},"end":{"line":1106,"column":15}},"480":{"start":{"line":1109,"column":17},"end":{"line":1109,"column":19}},"481":{"start":{"line":1111,"column":4},"end":{"line":1170,"column":5}},"482":{"start":{"line":1113,"column":12},"end":{"line":1124,"column":59}},"483":{"start":{"line":1125,"column":12},"end":{"line":1125,"column":18}},"484":{"start":{"line":1128,"column":12},"end":{"line":1128,"column":61}},"485":{"start":{"line":1129,"column":12},"end":{"line":1129,"column":18}},"486":{"start":{"line":1132,"column":12},"end":{"line":1132,"column":45}},"487":{"start":{"line":1133,"column":12},"end":{"line":1133,"column":18}},"488":{"start":{"line":1136,"column":12},"end":{"line":1136,"column":56}},"489":{"start":{"line":1137,"column":12},"end":{"line":1137,"column":18}},"490":{"start":{"line":1140,"column":12},"end":{"line":1140,"column":42}},"491":{"start":{"line":1141,"column":12},"end":{"line":1141,"column":18}},"492":{"start":{"line":1144,"column":12},"end":{"line":1144,"column":43}},"493":{"start":{"line":1145,"column":12},"end":{"line":1145,"column":18}},"494":{"start":{"line":1148,"column":12},"end":{"line":1148,"column":33}},"495":{"start":{"line":1149,"column":12},"end":{"line":1149,"column":18}},"496":{"start":{"line":1152,"column":12},"end":{"line":1152,"column":50}},"497":{"sta
[...]
ine":296,"column":26},"end":{"line":296,"column":57}},"69":{"start":{"line":297,"column":12},"end":{"line":297,"column":41}},"70":{"start":{"line":298,"column":12},"end":{"line":350,"column":14}},"71":{"start":{"line":351,"column":12},"end":{"line":351,"column":45}},"72":{"start":{"line":354,"column":8},"end":{"line":354,"column":24}},"73":{"start":{"line":361,"column":23},"end":{"line":364,"column":9}},"74":{"start":{"line":366,"column":22},"end":{"line":366,"column":89}},"75":{"start":{"line":368,"column":27},"end":{"line":368,"column":62}},"76":{"start":{"line":369,"column":8},"end":{"line":372,"column":11}},"77":{"start":{"line":370,"column":12},"end":{"line":370,"column":39}},"78":{"start":{"line":370,"column":27},"end":{"line":370,"column":39}},"79":{"start":{"line":371,"column":12},"end":{"line":371,"column":27}},"80":{"start":{"line":374,"column":26},"end":{"line":374,"column":63}},"81":{"start":{"line":375,"column":8},"end":{"line":377,"column":11}},"82":{"start":{"line":376,"column":12},"end":{"line":376,"column":37}},"83":{"start":{"line":376,"column":26},"end":{"line":376,"column":37}},"84":{"start":{"line":379,"column":8},"end":{"line":379,"column":21}},"85":{"start":{"line":386,"column":22},"end":{"line":386,"column":51}},"86":{"start":{"line":387,"column":8},"end":{"line":387,"column":39}},"87":{"start":{"line":389,"column":22},"end":{"line":389,"column":53}},"88":{"start":{"line":390,"column":8},"end":{"line":390,"column":41}},"89":{"start":{"line":391,"column":8},"end":{"line":391,"column":45}},"90":{"start":{"line":393,"column":22},"end":{"line":393,"column":68}},"91":{"start":{"line":394,"column":8},"end":{"line":394,"column":29}},"92":{"start":{"line":395,"column":8},"end":{"line":395,"column":46}},"93":{"start":{"line":397,"column":8},"end":{"line":399,"column":9}},"94":{"start":{"line":398,"column":12},"end":{"line":398,"column":52}},"95":{"start":{"line":401,"column":8},"end":{"line":403,"column":9}},"96":{"start":{"line":402,"column":12},"end":{"line":402,"column":51}},"97":{"start":{"line":405,"column":8},"end":{"line":407,"column":9}},"98":{"start":{"line":406,"column":12},"end":{"line":406,"column":34}},"99":{"start":{"line":409,"column":8},"end":{"line":420,"column":9}},"100":{"start":{"line":410,"column":12},"end":{"line":419,"column":15}},"101":{"start":{"line":411,"column":32},"end":{"line":411,"column":62}},"102":{"start":{"line":412,"column":16},"end":{"line":418,"column":17}},"103":{"start":{"line":413,"column":20},"end":{"line":413,"column":52}},"104":{"start":{"line":414,"column":20},"end":{"line":414,"column":49}},"105":{"start":{"line":416,"column":20},"end":{"line":416,"column":52}},"106":{"start":{"line":417,"column":20},"end":{"line":417,"column":49}},"107":{"start":{"line":422,"column":8},"end":{"line":422,"column":33}},"108":{"start":{"line":424,"column":8},"end":{"line":432,"column":9}},"109":{"start":{"line":425,"column":30},"end":{"line":425,"column":59}},"110":{"start":{"line":426,"column":12},"end":{"line":426,"column":61}},"111":{"start":{"line":427,"column":12},"end":{"line":427,"column":41}},"112":{"start":{"line":428,"column":12},"end":{"line":428,"column":72}},"113":{"start":{"line":429,"column":12},"end":{"line":429,"column":41}},"114":{"start":{"line":431,"column":12},"end":{"line":431,"column":37}},"115":{"start":{"line":434,"column":8},"end":{"line":434,"column":21}},"116":{"start":{"line":441,"column":8},"end":{"line":441,"column":30}},"117":{"start":{"line":441,"column":19},"end":{"line":441,"column":30}},"118":{"start":{"line":443,"column":22},"end":{"line":443,"column":37}},"119":{"start":{"line":444,"column":8},"end":{"line":448,"column":9}},"120":{"start":{"line":445,"column":12},"end":{"line":445,"column":61}},"121":{"start":{"line":447,"column":12},"end":{"line":447,"column":54}},"122":{"start":{"line":455,"column":23},"end":{"line":455,"column":52}},"123":{"start":{"line":456,"column":8},"end":{"line":456,"column":49}},"124":{"start":{"line":458,"column":25},"end":{"line":458,"column":88}},"125":{"start":{"line":459,"column":8},"end":{"line":459,"column":38}},"126":{"start":{"line":462,"column":8},"end":{"line":468,"column":9}},"127":{"start":{"line":463,"column":12},"end":{"line":463,"column":81}},"128":{"start":{"line":464,"column":15},"end":{"line":468,"column":9}},"129":{"start":{"line":465,"column":12},"end":{"line":465,"column":81}},"130":{"start":{"line":467,"column":12},"end":{"line":467,"column":81}},"131":{"start":{"line":471,"column":8},"end":{"line":511,"column":9}},"132":{"start":{"line":472,"column":26},"end":{"line":472,"column":57}},"133":{"start":{"line":473,"column":12},"end":{"line":473,"column":39}},"134":{"start":{"line":474,"column":12},"end":{"line":509,"column":14}},"135":{"start":{"line":510,"column":12},"end":{"line":510,"column":45}},"136":{"start":{"line":513,"column":8},"end":{"line":513,"column":22}},"137":{"start":{"line":520,"column":18},"end":{"line":520,"column":32}},"138":{"start":{"line":521,"column":31},"end":{"line":527,"column":9}},"139":{"start":{"line":529,"column":8},"end":{"line":529,"column":80}},"140":{"start":{"line":537,"column":8},"end":{"line":544,"column":10}},"141":{"start":{"line":538,"column":26},"end":{"line":541,"column":13}},"142":{"start":{"line":539,"column":16},"end":{"line":539,"column":38}},"143":{"start":{"line":540,"column":16},"end":{"line":540,"column":30}},"144":{"start":{"line":542,"column":12},"end":{"line":542,"column":34}},"145":{"start":{"line":543,"column":12},"end":{"line":543,"column":46}},"146":{"start":{"line":552,"column":8},"end":{"line":558,"column":10}},"147":{"start":{"line":553,"column":12},"end":{"line":557,"column":13}},"148":{"start":{"line":554,"column":16},"end":{"line":554,"column":39}},"149":{"start":{"line":555,"column":16},"end":{"line":555,"column":34}},"150":{"start":{"line":556,"column":16},"end":{"line":556,"column":60}},"151":{"start":{"line":556,"column":33},"end":{"line":556,"column":51}}},"fnMap":{"0":{"name":"(anonymous_0)","decl":{"start":{"line":10,"column":4},"end":{"line":10,"column":5}},"loc":{"start":{"line":10,"column":53},"end":{"line":128,"column":5}},"line":10},"1":{"name":"(anonymous_1)","decl":{"start":{"line":28,"column":40},"end":{"line":28,"column":41}},"loc":{"start":{"line":28,"column":47},"end":{"line":32,"column":9}},"line":28},"2":{"name":"(anonymous_2)","decl":{"start":{"line":133,"column":4},"end":{"line":133,"column":5}},"loc":{"start":{"line":133,"column":53},"end":{"line":180,"column":5}},"line":133},"3":{"name":"(anonymous_3)","decl":{"start":{"line":185,"column":4},"end":{"line":185,"column":5}},"loc":{"start":{"line":185,"column":41},"end":{"line":246,"column":5}},"line":185},"4":{"name":"(anonymous_4)","decl":{"start":{"line":192,"column":41},"end":{"line":192,"column":42}},"loc":{"start":{"line":192,"column":47},"end":{"line":205,"column":9}},"line":192},"5":{"name":"(anonymous_5)","decl":{"start":{"line":251,"column":4},"end":{"line":251,"column":5}},"loc":{"start":{"line":251,"column":56},"end":{"line":355,"column":5}},"line":251},"6":{"name":"(anonymous_6)","decl":{"start":{"line":258,"column":22},"end":{"line":258,"column":23}},"loc":{"start":{"line":258,"column":30},"end":{"line":278,"column":9}},"line":258},"7":{"name":"(anonymous_7)","decl":{"start":{"line":271,"column":55},"end":{"line":271,"column":56}},"loc":{"start":{"line":271,"column":61},"end":{"line":273,"column":21}},"line":271},"8":{"name":"(anonymous_8)","decl":{"start":{"line":284,"column":42},"end":{"line":284,"column":43}},"loc":{"start":{"line":284,"column":49},"end":{"line":287,"column":9}},"line":284},"9":{"name":"(anonymous_9)","decl":{"start":{"line":290,"column":43},"end":{"line":290,"column":44}},"loc":{"start":{"line":290,"column":49},"end":{"line":292,"column":9}},"line":290},"10":{"name":"(anonymous_10)","decl":{"start":{"line":360,"column":4},"end":{"line":360,"column":5}},"loc":{"start":{"line":360,"column":61},"end":{"line":380,"column":5}},"line":360},"11":{"name":"(anonymous_11)","decl":{"start":{"line":369,"column":45},"end":{"line":369,"column":46}},"loc":{"start":{"line":369,"column":51},"end":{"line":372,"column":9}},"line":369},"12":{"name":"(anonymous_12)","decl":{"start":{"line":375,"column":44},"end":{"line":375,"column":45}},"loc":{"start":{"line":375,"column":50},"end":{"line":377,"column":9}},"line":375},"13":{"name":"(anonymous_13)","decl":{"start":{"line":385,"column":4},"end":{"line":385,"column":5}},"loc":{"start":{"line":385,"column":35},"end":{"line":435,"column":5}},"line":385},"14":{"name":"(anonymous_14)","decl":{"start":{"line":410,"column":44},"end":{"line":410,"column":45}},"loc":{"start":{"line":410,"column":50},"end":{"line":419,"column":13}},"line":410},"15":{"name":"(anonymous_15)","decl":{"start":{"line":440,"column":4},"end":{"line":440,"column":5}},"loc":{"start":{"line":440,"column":29},"end":{"line":449,"column":5}},"line":440},"16":{"name":"(anonymous_16)","decl":{"start":{"line":454,"column":4},"end":{"line":454,"column":5}},"loc":{"start":{"line":454,"column":47},"end":{"line":514,"column":5}},"line":454},"17":{"name":"(anonymous_17)","decl":{"start":{"line":519,"column":4},"end":{"line":519,"column":5}},"loc":{"start":{"line":519,"column":42},"end":{"line":530,"column":5}},"line":519},"18":{"name":"(anonymous_18)","decl":{"start":{"line":535,"column":4},"end":{"line":535,"column":5}},"loc":{"start":{"line":535,"column":32},"end":{"line":545,"column":5}},"line":535},"19":{"name":"executedFunction","decl":{"start":{"line":537,"column":24},"end":{"line":537,"column":40}},"loc":{"start":{"line":537,"column":50},"end":{"line":544,"column":9}},"line":537},"20":{"name":"(anonymous_20)","decl":{"start":{"line":538,"column":26},"end":{"line":538,"column":27}},"loc":{"start":{"line":538,"column":32},"end":{"line":541,"column":13}},"line":538},"21":{"name":"(anonymous_21)","decl":{"start":{"line":550,"column":4},"end":{"line":550,"column":5}},"loc":{"start":{"line":550,"column":33},"end":{"line":559,"column":5}},"line":550},"22":{"name":"executedFunction","decl":{"start":{"line":552,"column":24},"end":{"line":552,"column":40}},"loc":{"start":{"line":552,"column":50},"end":{"line":558,"column":9}},"line":552},"23":{"name":"(anonymous_23)","decl":{"start":{"line":556,"column":27},"end":{"line":556,"column":28}},"loc":{"start":{"line":556,"column":33},"end":{"line":556,"column":51}},"line":556}},"branchMap":{"0":{"loc":{"start":{"line":10,"column":39},"end":{"line":10,"column":51}},"type":"default-arg","locations":[{"start":{"line":10,"column":49},"end":{"line":10,"column":51}}],"line":10},"1":{"loc":{"start":{"line":23,"column":18},"end":{"line":23,"column":91}},"type":"cond-expr","locations":[{"start":{"line":23,"column":35},"end":{"line":23,"column":86}},{"start":{"line":23,"column":89},"end":{"line":23,"column":91}}],"line":23},"2":{"loc":{"start":{"line":29,"column":12},"end":{"line":31,"column":13}},"type":"if","locations":[{"start":{"line":29,"column":12},"end":{"line":31,"column":13}},{"start":{},"end":{}}],"line":29},"3":{"loc":{"start":{"line":29,"column":16},"end":{"line":29,"column":67}},"type":"binary-expr","locations":[{"start":{"line":29,"column":16},"end":{"line":29,"column":34}},{"start":{"line":29,"column":38},"end":{"line":29,"column":67}}],"line":29},"4":{"loc":{"start":{"line":35,"column":8},"end":{"line":124,"column":9}},"type":"if","locations":[{"start":{"line":35,"column":8},"end":{"line":124,"column":9}},{"start":{},"end":{}}],"line":35},"5":{"loc":{"start":{"line":133,"column":32},"end":{"line":133,"column":51}},"type":"default-arg","locations":[{"start":{"line":133,"column":39},"end":{"line":133,"column":51}}],"line":133},"6":{"loc":{"start":{"line":143,"column":8},"end":{"line":177,"column":9}},"type":"if","locations":[{"start":{"line":143,"column":8},"end":{"line":177,"column":9}},{"start":{},"end":{}}],"line":143},"7":{"loc":{"start":{"line":194,"column":12},"end":{"line":204,"column":13}},"type":"if","locations":[{"start":{"line":194,"column":12},"end":{"line":204,"column":13}},{"start":{},"end":{}}],"line":194},"8":{"loc":{"start":{"line":195,"column":16},"end":{"line":203,"column":17}},"type":"if","locations":[{"start":{"line":195,"column":16},"end":{"line":203,"column":17}},{"start":{"line":199,"column":23},"end":{"line":203,"column":17}}],"line":195},"9":{"loc":{"start":{"line":208,"column":8},"end":{"line":243,"column":9}},"type":"if","locations":[{"start":{"line":208,"column":8},"end":{"line":243,"column":9}},{"start":{},"end":{}}],"line":208},"10":{"loc":{"start":{"line":251,"column":42},"end":{"line":251,"column":54}},"type":"default-arg","locations":[{"start":{"line":251,"column":52},"end":{"line":251,"column":54}}],"line":251},"11":{"loc":{"start":{"line":262,"column":12},"end":{"line":275,"column":13}},"type":"if","locations":[{"start":{"line":262,"column":12},"end":{"line":275,"column":13}},{"start":{"line":264,"column":19},"end":{"line":275,"column":13}}],"line":262},"12":{"loc":{"start":{"line":265,"column":37},"end":{"line":265,"column":59}},"type":"binary-expr","locations":[{"start":{"line":265,"column":37},"end":{"line":265,"column":46}},{"start":{"line":265,"column":50},"end":{"line":265,"column":59}}],"line":265},"13":{"loc":{"start":{"line":266,"column":16},"end":{"line":268,"column":17}},"type":"if","locations":[{"start":{"line":266,"column":16},"end":{"line":268,"column":17}},{"start":{},"end":{}}],"line":266},"14":{"loc":{"start":{"line":269,"column":16},"end":{"line":274,"column":17}},"type":"if","locations":[{"start":{"line":269,"column":16},"end":{"line":274,"column":17}},{"start":{},"end":{}}],"line":269},"15":{"loc":{"start":{"line":295,"column":8},"end":{"line":352,"column":9}},"type":"if","locations":[{"start":{"line":295,"column":8},"end":{"line":352,"column":9}},{"start":{},"end":{}}],"line":295},"16":{"loc":{"start":{"line":370,"column":12},"end":{"line":370,"column":39}},"type":"if","locations":[{"start":{"line":370,"column":12},"end":{"line":370,"column":39}},{"start":{},"end":{}}],"line":370},"17":{"loc":{"start":{"line":376,"column":12},"end":{"line":376,"column":37}},"type":"if","locations":[{"start":{"line":376,"column":12},"end":{"line":376,"column":37}},{"start":{},"end":{}}],"line":376},"18":{"loc":{"start":{"line":393,"column":45},"end":{"line":393,"column":67}},"type":"binary-expr","locations":[{"start":{"line":393,"column":45},"end":{"line":393,"column":56}},{"start":{"line":393,"column":60},"end":{"line":393,"column":67}}],"line":393},"19":{"loc":{"start":{"line":395,"column":21},"end":{"line":395,"column":45}},"type":"binary-expr","locations":[{"start":{"line":395,"column":21},"end":{"line":395,"column":32}},{"start":{"line":395,"column":36},"end":{"line":395,"column":45}}],"line":395},"20":{"loc":{"start":{"line":397,"column":8},"end":{"line":399,"column":9}},"type":"if","locations":[{"start":{"line":397,"column":8},"end":{"line":399,"column":9}},{"start":{},"end":{}}],"line":397},"21":{"loc":{"start":{"line":398,"column":25},"end":{"line":398,"column":51}},"type":"binary-expr","locations":[{"start":{"line":398,"column":25},"end":{"line":398,"column":41}},{"start":{"line":398,"column":45},"end":{"line":398,"column":51}}],"line":398},"22":{"loc":{"start":{"line":401,"column":8},"end":{"line":403,"column":9}},"type":"if","locations":[{"start":{"line":401,"column":8},"end":{"line":403,"column":9}},{"start":{},"end":{}}],"line":401},"23":{"loc":{"start":{"line":405,"column":8},"end":{"line":407,"column":9}},"type":"if","locations":[{"start":{"line":405,"column":8},"end":{"line":407,"column":9}},{"start":{},"end":{}}],"line":405},"24":{"loc":{"start":{"line":409,"column":8},"end":{"line":420,"column":9}},"type":"if","locations":[{"start":{"line":409,"column":8},"end":{"line":420,"column":9}},{"start":{},"end":{}}],"line":409},"25":{"loc":{"start":{"line":412,"column":16},"end":{"line":418,"column":17}},"type":"if","locations":[{"start":{"line":412,"column":16},"end":{"line":418,"column":17}},{"start":{"line":415,"column":23},"end":{"line":418,"column":17}}],"line":412},"26":{"loc":{"start":{"line":424,"column":8},"end":{"line":432,"column":9}},"type":"if","locations":[{"start":{"line":424,"column":8},"end":{"line":432,"column":9}},{"start":{"line":430,"column":15},"end":{"line":432,"column":9}}],"line":424},"27":{"loc":{"start":{"line":441,"column":8},"end":{"line":441,"column":30}},"type":"if","locations":[{"start":{"line":441,"column":8},"end":{"line":441,"column":30}},{"start":{},"end":{}}],"line":441},"28":{"loc":{"start":{"line":444,"column":8},"end":{"line":448,"column":9}},"type":"if","locations":[{"start":{"line":444,"column":8},"end":{"line":448,"column":9}},{"start":{"line":446,"column":15},"end":{"line":448,"column":9}}],"line":444},"29":{"loc":{"start":{"line":454,"column":30},"end":{"line":454,"column":45}},"type":"default-arg","locations":[{"start":{"line":454,"column":37},"end":{"line":454,"column":45}}],"line":454},"30":{"loc":{"start":{"line":458,"column":42},"end":{"line":458,"column":87}},"type":"binary-expr","locations":[{"start":{"line":458,"column":42},"end":{"line":458,"column":56}},{"start":{"line":458,"column":60},"end":{"line":458,"column":73}},{"start":{"line":458,"column":77},"end":{"line":458,"column":87}}],"line":458},"31":{"loc":{"start":{"line":462,"column":8},"end":{"line":468,"column":9}},"type":"if","locations":[{"start":{"line":462,"column":8},"end":{"line":468,"column":9}},{"start":{"line":464,"column":15},"end":{"line":468,"column":9}}],"line":462},"32":{"loc":{"start":{"line":464,"column":15},"end":{"line":468,"column":9}},"type":"if","locations":[{"start":{"line":464,"column":15},"end":{"line":468,"column":9}},{"start":{"line":466,"column":15},"end":{"line":468,"column":9}}],"line":464},"33":{"loc":{"start":{"line":471,"column":8},"end":{"line":511,"column":9}},"type":"if","locations":[{"start":{"line":471,"column":8},"end":{"line":511,"column":9}},{"start":{},"end":{}}],"line":471},"34":{"loc":{"start":{"line":519,"column":28},"end":{"line":519,"column":40}},"type":"default-arg","locations":[{"start":{"line":519,"column":38},"end":{"line":519,"column":40}}],"line":519},"35":{"loc":{"start":{"line":553,"column":12},"end":{"line":557,"column":13}},"type":"if","locations":[{"start":{"line":553,"column":12},"end":{"line":557,"column":13}},{"start":{},"end":{}}],"line":553}},"s":{"0":0,"1":0,"2":0,"3":0,"4":0,"5":0,"6":0,"7":0,"8":0,"9":0,"10":0,"11":0,"12":0,"13":0,"14":0,"15":0,"16":0,"17":0,"18":0,"19":0,"20":0,"21":0,"22":0,"23":0,"24":0,"25":0,"26":0,"27":0,"28":0,"29":0,"30":0,"31":0,"32":0,"33":0,"34":0,"35":0,"36":0,"37":0,"38":0,"39":0,"40":0,"41":0,"42":0,"43":0,"44":0,"45":0,"46":0,"47":0,"48":0,"49":0,"50":0,"51":0,"52":0,"53":0,"54":0,"55":0,"56":0,"57":0,"58":0,"59":0,"60":0,"61":0,"62":0,"63":0,"64":0,"65":0,"66":0,"67":0,"68":0,"69":0,"70":0,"71":0,"72":0,"73":0,"74":0,"75":0,"76":0,"77":0,"78":0,"79":0,"80":0,"81":0,"82":0,"83":0,"84":0,"85":0,"86":0,"87":0,"88":0,"89":0,"90":0,"91":0,"92":0,"93":0,"94":0,"95":0,"96":0,"97":0,"98":0,"99":0,"100":0,"101":0,"102":0,"103":0,"104":0,"105":0,"106":0,"107":0,"108":0,"109":0,"110":0,"111":0,"112":0,"113":0,"114":0,"115":0,"116":0,"117":0,"118":0,"119":0,"120":0,"121":0,"122":0,"123":0,"124":0,"125":0,"126":0,"127":0,"128":0,"129":0,"130":0,"131":0,"132":0,"133":0,"134":0,"135":0,"136":0,"137":0,"138":0,"139":0,"140":0,"141":0,"142":0,"143":0,"144":0,"145":0,"146":0,"147":0,"148":0,"149":0,"150":0,"151":0},"f":{"0":0,"1":0,"2":0,"3":0,"4":0,"5":0,"6":0,"7":0,"8":0,"9":0,"10":0,"11":0,"12":0,"13":0,"14":0,"15":0,"16":0,"17":0,"18":0,"19":0,"20":0,"21":0,"22":0,"23":0},"b":{"0":[0],"1":[0,0],"2":[0,0],"3":[0,0],"4":[0,0],"5":[0],"6":[0,0],"7":[0,0],"8":[0,0],"9":[0,0],"10":[0],"11":[0,0],"12":[0,0],"13":[0,0],"14":[0,0],"15":[0,0],"16":[0,0],"17":[0,0],"18":[0,0],"19":[0,0],"20":[0,0],"21":[0,0],"22":[0,0],"23":[0,0],"24":[0,0],"25":[0,0],"26":[0,0],"27":[0,0],"28":[0,0],"29":[0],"30":[0,0,0],"31":[0,0],"32":[0,0],"33":[0,0],"34":[0],"35":[0,0]}}
}
