{"/home/bbrelin/course-creator/frontend/js/admin.js": {"path":"/home/bbrelin/course-creator/frontend/js/admin.js","statementMap":{"0":{"start":{"line":1,"column":17},"end":{"line":1,"column":40}},"1":{"start":{"line":2,"column":18},"end":{"line":2,"column":51}},"2":{"start":{"line":5,"column":0},"end":{"line":8,"column":1}},"3":{"start":{"line":6,"column":4},"end":{"line":6,"column":32}},"4":{"start":{"line":7,"column":4},"end":{"line":7,"column":40}},"5":{"start":{"line":14,"column":21},"end":{"line":14,"column":64}},"6":{"start":{"line":15,"column":4},"end":{"line":15,"column":68}},"7":{"start":{"line":15,"column":32},"end":{"line":15,"column":66}},"8":{"start":{"line":18,"column":23},"end":{"line":18,"column":69}},"9":{"start":{"line":19,"column":4},"end":{"line":19,"column":68}},"10":{"start":{"line":19,"column":33},"end":{"line":19,"column":66}},"11":{"start":{"line":22,"column":4},"end":{"line":22,"column":63}},"12":{"start":{"line":25,"column":4},"end":{"line":25,"column":41}},"13":{"start":{"line":28,"column":4},"end":{"line":32,"column":5}},"14":{"start":{"line":29,"column":8},"end":{"line":29,"column":29}},"15":{"start":{"line":30,"column":11},"end":{"line":32,"column":5}},"16":{"start":{"line":31,"column":8},"end":{"line":31,"column":20}},"17":{"start":{"line":37,"column":22},"end":{"line":37,"column":55}},"18":{"start":{"line":38,"column":21},"end":{"line":38,"column":50}},"19":{"start":{"line":39,"column":4},"end":{"line":39,"column":47}},"20":{"start":{"line":40,"column":4},"end":{"line":40,"column":35}},"21":{"start":{"line":41,"column":4},"end":{"line":41,"column":36}},"22":{"start":{"line":44,"column":4},"end":{"line":46,"column":13}},"23":{"start":{"line":45,"column":8},"end":{"line":45,"column":26}},"24":{"start":{"line":51,"column":4},"end":{"line":72,"column":5}},"25":{"start":{"line":52,"column":25},"end":{"line":56,"column":10}},"26":{"start":{"line":58,"column":8},"end":{"line":60,"column":9}},"27":{"start":{"line":59,"column":12},"end":{"line":59,"column":52}},"28":{"start":{"line":62,"column":22},"end":{"line":62,"column":43}},"29":{"start":{"line":64,"column":8},"end":{"line":64,"column":79}},"30":{"start":{"line":65,"column":8},"end":{"line":65,"column":81}},"31":{"start":{"line":66,"column":8},"end":{"line":66,"column":87}},"32":{"start":{"line":67,"column":8},"end":{"line":67,"column":97}},"33":{"start":{"line":68,"column":8},"end":{"line":68,"column":91}},"34":{"start":{"line":71,"column":8},"end":{"line":71,"column":73}},"35":{"start":{"line":77,"column":4},"end":{"line":93,"column":5}},"36":{"start":{"line":78,"column":25},"end":{"line":82,"column":10}},"37":{"start":{"line":84,"column":8},"end":{"line":86,"column":9}},"38":{"start":{"line":85,"column":12},"end":{"line":85,"column":52}},"39":{"start":{"line":88,"column":22},"end":{"line":88,"column":43}},"40":{"start":{"line":89,"column":8},"end":{"line":89,"column":28}},"41":{"start":{"line":92,"column":8},"end":{"line":92,"column":68}},"42":{"start":{"line":98,"column":18},"end":{"line":98,"column":61}},"43":{"start":{"line":99,"column":4},"end":{"line":99,"column":25}},"44":{"start":{"line":101,"column":4},"end":{"line":114,"column":7}},"45":{"start":{"line":102,"column":20},"end":{"line":102,"column":48}},"46":{"start":{"line":103,"column":8},"end":{"line":112,"column":10}},"47":{"start":{"line":113,"column":8},"end":{"line":113,"column":31}},"48":{"start":{"line":120,"column":4},"end":{"line":120,"column":16}},"49":{"start":{"line":121,"column":4},"end":{"line":121,"column":38}},"50":{"start":{"line":127,"column":4},"end":{"line":152,"column":5}},"51":{"start":{"line":128,"column":25},"end":{"line":132,"column":10}},"52":{"start":{"line":134,"column":8},"end":{"line":136,"column":9}},"53":{"start":{"line":135,"column":12},"end":{"line":135,"column":51}},"54":{"start":{"line":138,"column":21},"end":{"line":138,"column":42}},"55":{"start":{"line":141,"column":8},"end":{"line":141,"column":64}},"56":{"start":{"line":142,"column":8},"end":{"line":142,"column":65}},"57":{"start":{"line":143,"column":8},"end":{"line":143,"column":73}},"58":{"start":{"line":144,"column":8},"end":{"line":144,"column":63}},"59":{"start":{"line":145,"column":8},"end":{"line":145,"column":84}},"60":{"start":{"line":148,"column":8},"end":{"line":148,"column":75}},"61":{"start":{"line":151,"column":8},"end":{"line":151,"column":67}},"62":{"start":{"line":157,"column":4},"end":{"line":157,"column":70}},"63":{"start":{"line":163,"column":4},"end":{"line":165,"column":5}},"64":{"start":{"line":164,"column":8},"end":{"line":164,"column":15}},"65":{"start":{"line":167,"column":4},"end":{"line":184,"column":5}},"66":{"start":{"line":168,"column":25},"end":{"line":173,"column":10}},"67":{"start":{"line":175,"column":8},"end":{"line":177,"column":9}},"68":{"start":{"line":176,"column":12},"end":{"line":176,"column":53}},"69":{"start":{"line":179,"column":8},"end":{"line":179,"column":47}},"70":{"start":{"line":180,"column":8},"end":{"line":180,"column":20}},"71":{"start":{"line":183,"column":8},"end":{"line":183,"column":68}},"72":{"start":{"line":188,"column":0},"end":{"line":220,"column":3}},"73":{"start":{"line":189,"column":4},"end":{"line":189,"column":23}},"74":{"start":{"line":191,"column":21},"end":{"line":191,"column":43}},"75":{"start":{"line":192,"column":21},"end":{"line":197,"column":5}},"76":{"start":{"line":199,"column":4},"end":{"line":219,"column":5}},"77":{"start":{"line":200,"column":25},"end":{"line":207,"column":10}},"78":{"start":{"line":209,"column":8},"end":{"line":212,"column":9}},"79":{"start":{"line":210,"column":26},"end":{"line":210,"column":47}},"80":{"start":{"line":211,"column":12},"end":{"line":211,"column":69}},"81":{"start":{"line":214,"column":8},"end":{"line":214,"column":47}},"82":{"start":{"line":215,"column":8},"end":{"line":215,"column":25}},"83":{"start":{"line":218,"column":8},"end":{"line":218,"column":68}},"84":{"start":{"line":223,"column":0},"end":{"line":257,"column":3}},"85":{"start":{"line":224,"column":4},"end":{"line":224,"column":23}},"86":{"start":{"line":226,"column":19},"end":{"line":226,"column":64}},"87":{"start":{"line":227,"column":21},"end":{"line":227,"column":43}},"88":{"start":{"line":228,"column":21},"end":{"line":233,"column":5}},"89":{"start":{"line":235,"column":4},"end":{"line":256,"column":5}},"90":{"start":{"line":236,"column":25},"end":{"line":243,"column":10}},"91":{"start":{"line":245,"column":8},"end":{"line":248,"column":9}},"92":{"start":{"line":246,"column":26},"end":{"line":246,"column":47}},"93":{"start":{"line":247,"column":12},"end":{"line":247,"column":69}},"94":{"start":{"line":250,"column":8},"end":{"line":250,"column":47}},"95":{"start":{"line":251,"column":8},"end":{"line":251,"column":21}},"96":{"start":{"line":252,"column":8},"end":{"line":252,"column":20}},"97":{"start":{"line":255,"column":8},"end":{"line":255,"column":68}},"98":{"start":{"line":260,"column":0},"end":{"line":265,"column":3}},"99":{"start":{"line":261,"column":18},"end":{"line":261,"column":60}},"100":{"start":{"line":262,"column":4},"end":{"line":264,"column":5}},"101":{"start":{"line":263,"column":8},"end":{"line":263,"column":21}},"102":{"start":{"line":268,"column":0},"end":{"line":270,"column":3}},"103":{"start":{"line":269,"column":4},"end":{"line":269,"column":25}},"104":{"start":{"line":275,"column":4},"end":{"line":275,"column":41}},"105":{"start":{"line":276,"column":4},"end":{"line":276,"column":40}}},"fnMap":{"0":{"name":"showSection","decl":{"start":{"line":12,"column":9},"end":{"line":12,"column":20}},"loc":{"start":{"line":12,"column":32},"end":{"line":33,"column":1}},"line":12},"1":{"name":"(anonymous_1)","decl":{"start":{"line":15,"column":21},"end":{"line":15,"column":22}},"loc":{"start":{"line":15,"column":32},"end":{"line":15,"column":66}},"line":15},"2":{"name":"(anonymous_2)","decl":{"start":{"line":19,"column":23},"end":{"line":19,"column":24}},"loc":{"start":{"line":19,"column":33},"end":{"line":19,"column":66}},"line":19},"3":{"name":"showAlert","decl":{"start":{"line":36,"column":9},"end":{"line":36,"column":18}},"loc":{"start":{"line":36,"column":46},"end":{"line":47,"column":1}},"line":36},"4":{"name":"(anonymous_4)","decl":{"start":{"line":44,"column":15},"end":{"line":44,"column":16}},"loc":{"start":{"line":44,"column":21},"end":{"line":46,"column":5}},"line":44},"5":{"name":"loadDashboardStats","decl":{"start":{"line":50,"column":15},"end":{"line":50,"column":33}},"loc":{"start":{"line":50,"column":36},"end":{"line":73,"column":1}},"line":50},"6":{"name":"loadUsers","decl":{"start":{"line":76,"column":15},"end":{"line":76,"column":24}},"loc":{"start":{"line":76,"column":27},"end":{"line":94,"column":1}},"line":76},"7":{"name":"displayUsers","decl":{"start":{"line":97,"column":9},"end":{"line":97,"column":21}},"loc":{"start":{"line":97,"column":29},"end":{"line":115,"column":1}},"line":97},"8":{"name":"(anonymous_8)","decl":{"start":{"line":101,"column":18},"end":{"line":101,"column":19}},"loc":{"start":{"line":101,"column":26},"end":{"line":114,"column":5}},"line":101},"9":{"name":"refreshUsers","decl":{"start":{"line":119,"column":9},"end":{"line":119,"column":21}},"loc":{"start":{"line":119,"column":24},"end":{"line":122,"column":1}},"line":119},"10":{"name":"editUser","decl":{"start":{"line":126,"column":15},"end":{"line":126,"column":23}},"loc":{"start":{"line":126,"column":32},"end":{"line":153,"column":1}},"line":126},"11":{"name":"closeModal","decl":{"start":{"line":156,"column":9},"end":{"line":156,"column":19}},"loc":{"start":{"line":156,"column":22},"end":{"line":158,"column":1}},"line":156},"12":{"name":"deleteUser","decl":{"start":{"line":162,"column":15},"end":{"line":162,"column":25}},"loc":{"start":{"line":162,"column":34},"end":{"line":185,"column":1}},"line":162},"13":{"name":"(anonymous_13)","decl":{"start":{"line":188,"column":71},"end":{"line":188,"column":72}},"loc":{"start":{"line":188,"column":84},"end":{"line":220,"column":1}},"line":188},"14":{"name":"(anonymous_14)","decl":{"start":{"line":223,"column":69},"end":{"line":223,"column":70}},"loc":{"start":{"line":223,"column":82},"end":{"line":257,"column":1}},"line":223},"15":{"name":"(anonymous_15)","decl":{"start":{"line":260,"column":33},"end":{"line":260,"column":34}},"loc":{"start":{"line":260,"column":40},"end":{"line":265,"column":1}},"line":260},"16":{"name":"(anonymous_16)","decl":{"start":{"line":268,"column":46},"end":{"line":268,"column":47}},"loc":{"start":{"line":268,"column":52},"end":{"line":270,"column":1}},"line":268},"17":{"name":"logout","decl":{"start":{"line":274,"column":9},"end":{"line":274,"column":15}},"loc":{"start":{"line":274,"column":18},"end":{"line":277,"column":1}},"line":274}},"branchMap":{"0":{"loc":{"start":{"line":5,"column":0},"end":{"line":8,"column":1}},"type":"if","locations":[{"start":{"line":5,"column":0},"end":{"line":8,"column":1}},{"start":{},"end":{}}],"line":5},"1":{"loc":{"start":{"line":28,"column":4},"end":{"line":32,"column":5}},"type":"if","locations":[{"start":{"line":28,"column":4},"end":{"line":32,"column":5}},{"start":{"line":30,"column":11},"end":{"line":32,"column":5}}],"line":28},"2":{"loc":{"start":{"line":30,"column":11},"end":{"line":32,"column":5}},"type":"if","locations":[{"start":{"line":30,"column":11},"end":{"line":32,"column":5}},{"start":{},"end":{}}],"line":30},"3":{"loc":{"start":{"line":36,"column":28},"end":{"line":36,"column":44}},"type":"default-arg","locations":[{"start":{"line":36,"column":35},"end":{"line":36,"column":44}}],"line":36},"4":{"loc":{"start":{"line":58,"column":8},"end":{"line":60,"column":9}},"type":"if","locations":[{"start":{"line":58,"column":8},"end":{"line":60,"column":9}},{"start":{},"end":{}}],"line":58},"5":{"loc":{"start":{"line":84,"column":8},"end":{"line":86,"column":9}},"type":"if","locations":[{"start":{"line":84,"column":8},"end":{"line":86,"column":9}},{"start":{},"end":{}}],"line":84},"6":{"loc":{"start":{"line":107,"column":18},"end":{"line":107,"column":56}},"type":"cond-expr","locations":[{"start":{"line":107,"column":35},"end":{"line":107,"column":43}},{"start":{"line":107,"column":46},"end":{"line":107,"column":56}}],"line":107},"7":{"loc":{"start":{"line":134,"column":8},"end":{"line":136,"column":9}},"type":"if","locations":[{"start":{"line":134,"column":8},"end":{"line":136,"column":9}},{"start":{},"end":{}}],"line":134},"8":{"loc":{"start":{"line":163,"column":4},"end":{"line":165,"column":5}},"type":"if","locations":[{"start":{"line":163,"column":4},"end":{"line":165,"column":5}},{"start":{},"end":{}}],"line":163},"9":{"loc":{"start":{"line":175,"column":8},"end":{"line":177,"column":9}},"type":"if","locations":[{"start":{"line":175,"column":8},"end":{"line":177,"column":9}},{"start":{},"end":{}}],"line":175},"10":{"loc":{"start":{"line":209,"column":8},"end":{"line":212,"column":9}},"type":"if","locations":[{"start":{"line":209,"column":8},"end":{"line":212,"column":9}},{"start":{},"end":{}}],"line":209},"11":{"loc":{"start":{"line":211,"column":28},"end":{"line":211,"column":67}},"type":"binary-expr","locations":[{"start":{"line":211,"column":28},"end":{"line":211,"column":40}},{"start":{"line":211,"column":44},"end":{"line":211,"column":67}}],"line":211},"12":{"loc":{"start":{"line":245,"column":8},"end":{"line":248,"column":9}},"type":"if","locations":[{"start":{"line":245,"column":8},"end":{"line":248,"column":9}},{"start":{},"end":{}}],"line":245},"13":{"loc":{"start":{"line":247,"column":28},"end":{"line":247,"column":67}},"type":"binary-expr","locations":[{"start":{"line":247,"column":28},"end":{"line":247,"column":40}},{"start":{"line":247,"column":44},"end":{"line":247,"column":67}}],"line":247},"14":{"loc":{"start":{"line":262,"column":4},"end":{"line":264,"column":5}},"type":"if","locations":[{"start":{"line":262,"column":4},"end":{"line":264,"column":5}},{"start":{},"end":{}}],"line":262}},"s":{"0":0,"1":0,"2":0,"3":0,"4":0,"5":0,"6":0,"7":0,"8":0,"9":0,"10":0,"11":0,"12":0,"13":0,"14":0,"15":0,"16":0,"17":0,"18":0,"19":0,"20":0,"21":0,"22":0,"23":0,"24":0,"25":0,"26":0,"27":0,"28":0,"29":0,"30":0,"31":0,"32":0,"33":0,"34":0,"35":0,"36":0,"37":0,"38":0,"39":0,"40":0,"41":0,"42":0,"43":0,"44":0,"45":0,"46":0,"47":0,"48":0,"49":0,"50":0,"51":0,"52":0,"53":0,"54":0,"55":0,"56":0,"57":0,"58":0,"59":0,"60":0,"61":0,"62":0,"63":0,"64":0,"65":0,"66":0,"67":0,"68":0,"69":0,"70":0,"71":0,"72":0,"73":0,"74":0,"75":0,"76":0,"77":0,"78":0,"79":0,"80":0,"81":0,"82":0,"83":0,"84":0,"85":0,"86":0,"87":0,"88":0,"89":0,"90":0,"91":0,"92":0,"93":0,"94":0,"95":0,"96":0,"97":0,"98":0,"99":0,"100":0,"101":0,"102":0,"103":0,"104":0,"105":0},"f":{"0":0,"1":0,"2":0,"3":0,"4":0,"5":0,"6":0,"7":0,"8":0,"9":0,"10":0,"11":0,"12":0,"13":0,"14":0,"15":0,"16":0,"17":0},"b":{"0":[0,0],"1":[0,0],"2":[0,0],"3":[0],"4":[0,0],"5":[0,0],"6":[0,0],"7":[0,0],"8":[0,0],"9":[0,0],"10":[0,0],"11":[0,0],"12":[0,0],"13":[0,0],"14":[0,0]}}
,"/home/bbrelin/course-creator/frontend/js/instructor-dashboard.js": {"path":"/home/bbrelin/course-creator/frontend/js/instructor-dashboard.js","statementMap":{"0":{"start":{"line":3,"column":18},"end":{"line":3,"column":20}},"1":{"start":{"line":4,"column":18},"end":{"line":4,"column":22}},"2":{"start":{"line":7,"column":0},"end":{"line":11,"column":3}},"3":{"start":{"line":8,"column":4},"end":{"line":8,"column":26}},"4":{"start":{"line":9,"column":4},"end":{"line":9,"column":22}},"5":{"start":{"line":10,"column":4},"end":{"line":10,"column":29}},"6":{"start":{"line":15,"column":4},"end":{"line":15,"column":35}},"7":{"start":{"line":16,"column":4},"end":{"line":19,"column":5}},"8":{"start":{"line":17,"column":8},"end":{"line":17,"column":44}},"9":{"start":{"line":18,"column":8},"end":{"line":18,"column":15}},"10":{"start":{"line":22,"column":4},"end":{"line":22,"column":24}},"11":{"start":{"line":25,"column":4},"end":{"line":25,"column":26}},"12":{"start":{"line":30,"column":4},"end":{"line":30,"column":91}},"13":{"start":{"line":33,"column":4},"end":{"line":33,"column":103}},"14":{"start":{"line":34,"column":4},"end":{"line":34,"column":99}},"15":{"start":{"line":38,"column":21},"end":{"line":38,"column":57}},"16":{"start":{"line":39,"column":27},"end":{"line":39,"column":69}},"17":{"start":{"line":41,"column":4},"end":{"line":44,"column":5}},"18":{"start":{"line":42,"column":8},"end":{"line":42,"column":69}},"19":{"start":{"line":43,"column":8},"end":{"line":43,"column":88}},"20":{"start":{"line":50,"column":4},"end":{"line":52,"column":7}},"21":{"start":{"line":51,"column":8},"end":{"line":51,"column":39}},"22":{"start":{"line":55,"column":4},"end":{"line":57,"column":7}},"23":{"start":{"line":56,"column":8},"end":{"line":56,"column":42}},"24":{"start":{"line":60,"column":4},"end":{"line":60,"column":70}},"25":{"start":{"line":63,"column":4},"end":{"line":63,"column":41}},"26":{"start":{"line":68,"column":4},"end":{"line":83,"column":5}},"27":{"start":{"line":69,"column":22},"end":{"line":69,"column":51}},"28":{"start":{"line":70,"column":25},"end":{"line":74,"column":10}},"29":{"start":{"line":76,"column":8},"end":{"line":79,"column":9}},"30":{"start":{"line":77,"column":12},"end":{"line":77,"column":48}},"31":{"start":{"line":78,"column":12},"end":{"line":78,"column":40}},"32":{"start":{"line":81,"column":8},"end":{"line":81,"column":55}},"33":{"start":{"line":82,"column":8},"end":{"line":82,"column":59}},"34":{"start":{"line":87,"column":24},"end":{"line":87,"column":63}},"35":{"start":{"line":89,"column":4},"end":{"line":101,"column":5}},"36":{"start":{"line":90,"column":8},"end":{"line":99,"column":10}},"37":{"start":{"line":100,"column":8},"end":{"line":100,"column":15}},"38":{"start":{"line":103,"column":4},"end":{"line":129,"column":16}},"39":{"start":{"line":103,"column":50},"end":{"line":129,"column":5}},"40":{"start":{"line":133,"column":4},"end":{"line":133,"column":23}},"41":{"start":{"line":135,"column":21},"end":{"line":135,"column":43}},"42":{"start":{"line":136,"column":23},"end":{"line":143,"column":5}},"43":{"start":{"line":145,"column":4},"end":{"line":175,"column":5}},"44":{"start":{"line":146,"column":22},"end":{"line":146,"column":51}},"45":{"start":{"line":147,"column":25},"end":{"line":154,"column":10}},"46":{"start":{"line":156,"column":8},"end":{"line":171,"column":9}},"47":{"start":{"line":157,"column":12},"end":{"line":157,"column":34}},"48":{"start":{"line":158,"column":12},"end":{"line":158,"column":72}},"49":{"start":{"line":161,"column":12},"end":{"line":161,"column":29}},"50":{"start":{"line":164,"column":12},"end":{"line":164,"column":30}},"51":{"start":{"line":165,"column":12},"end":{"line":165,"column":37}},"52":{"start":{"line":168,"column":12},"end":{"line":168,"column":31}},"53":{"start":{"line":170,"column":12},"end":{"line":170,"column":55}},"54":{"start":{"line":173,"column":8},"end":{"line":173,"column":55}},"55":{"start":{"line":174,"column":8},"end":{"line":174,"column":59}},"56":{"start":{"line":180,"column":4},"end":{"line":237,"column":5}},"57":{"start":{"line":181,"column":23},"end":{"line":181,"column":62}},"58":{"start":{"line":181,"column":45},"end":{"line":181,"column":61}},"59":{"start":{"line":182,"column":8},"end":{"line":182,"column":28}},"60":{"start":{"line":182,"column":21},"end":{"line":182,"column":28}},"61":{"start":{"line":184,"column":8},"end":{"line":184,"column":65}},"62":{"start":{"line":187,"column":31},"end":{"line":198,"column":10}},"63":{"start":{"line":201,"column":28},"end":{"line":214,"column":10}},"64":{"start":{"line":217,"column":34},"end":{"line":227,"column":10}},"65":{"start":{"line":229,"column":8},"end":{"line":233,"column":9}},"66":{"start":{"line":230,"column":12},"end":{"line":230,"column":82}},"67":{"start":{"line":232,"column":12},"end":{"line":232,"column":58}},"68":{"start":{"line":235,"column":8},"end":{"line":235,"column":58}},"69":{"start":{"line":236,"column":8},"end":{"line":236,"column":69}},"70":{"start":{"line":242,"column":4},"end":{"line":259,"column":5}},"71":{"start":{"line":243,"column":22},"end":{"line":243,"column":51}},"72":{"start":{"line":244,"column":25},"end":{"line":248,"column":10}},"73":{"start":{"line":250,"column":8},"end":{"line":256,"column":9}},"74":{"start":{"line":251,"column":28},"end":{"line":251,"column":49}},"75":{"start":{"line":252,"column":29},"end":{"line":252,"column":70}},"76":{"start":{"line":254,"column":12},"end":{"line":255,"column":104}},"77":{"start":{"line":255,"column":38},"end":{"line":255,"column":93}},"78":{"start":{"line":258,"column":8},"end":{"line":258,"column":68}},"79":{"start":{"line":263,"column":4},"end":{"line":263,"column":23}},"80":{"start":{"line":265,"column":21},"end":{"line":265,"column":68}},"81":{"start":{"line":266,"column":4},"end":{"line":269,"column":5}},"82":{"start":{"line":267,"column":8},"end":{"line":267,"column":66}},"83":{"start":{"line":268,"column":8},"end":{"line":268,"column":15}},"84":{"start":{"line":271,"column":21},"end":{"line":271,"column":43}},"85":{"start":{"line":272,"column":27},"end":{"line":275,"column":5}},"86":{"start":{"line":277,"column":4},"end":{"line":296,"column":5}},"87":{"start":{"line":278,"column":25},"end":{"line":284,"column":10}},"88":{"start":{"line":286,"column":8},"end":{"line":292,"column":9}},"89":{"start":{"line":287,"column":12},"end":{"line":287,"column":74}},"90":{"start":{"line":288,"column":12},"end":{"line":288,"column":29}},"91":{"start":{"line":289,"column":12},"end":{"line":289,"column":33}},"92":{"start":{"line":291,"column":12},"end":{"line":291,"column":56}},"93":{"start":{"line":294,"column":8},"end":{"line":294,"column":57}},"94":{"start":{"line":295,"column":8},"end":{"line":295,"column":61}},"95":{"start":{"line":300,"column":4},"end":{"line":300,"column":23}},"96":{"start":{"line":302,"column":21},"end":{"line":302,"column":68}},"97":{"start":{"line":303,"column":4},"end":{"line":306,"column":5}},"98":{"start":{"line":304,"column":8},"end":{"line":304,"column":66}},"99":{"start":{"line":305,"column":8},"end":{"line":305,"column":15}},"100":{"start":{"line":308,"column":21},"end":{"line":308,"column":43}},"101":{"start":{"line":309,"column":23},"end":{"line":309,"column":45}},"102":{"start":{"line":310,"column":26},"end":{"line":310,"column":98}},"103":{"start":{"line":310,"column":62},"end":{"line":310,"column":74}},"104":{"start":{"line":310,"column":92},"end":{"line":310,"column":97}},"105":{"start":{"line":312,"column":4},"end":{"line":315,"column":5}},"106":{"start":{"line":313,"column":8},"end":{"line":313,"column":77}},"107":{"start":{"line":314,"column":8},"end":{"line":314,"column":15}},"108":{"start":{"line":317,"column":27},"end":{"line":320,"column":5}},"109":{"start":{"line":322,"column":4},"end":{"line":347,"column":5}},"110":{"start":{"line":323,"column":25},"end":{"line":329,"column":10}},"111":{"start":{"line":331,"column":8},"end":{"line":343,"column":9}},"112":{"start":{"line":332,"column":27},"end":{"line":332,"column":48}},"113":{"start":{"line":333,"column":12},"end":{"line":333,"column":56}},"114":{"start":{"line":335,"column":12},"end":{"line":337,"column":13}},"115":{"start":{"line":336,"column":16},"end":{"line":336,"column":102}},"116":{"start":{"line":339,"column":12},"end":{"line":339,"column":29}},"117":{"start":{"line":340,"column":12},"end":{"line":340,"column":33}},"118":{"start":{"line":342,"column":12},"end":{"line":342,"column":57}},"119":{"start":{"line":345,"column":8},"end":{"line":345,"column":58}},"120":{"start":{"line":346,"column":8},"end":{"line":346,"column":62}},"121":{"start":{"line":351,"column":21},"end":{"line":351,"column":68}},"122":{"start":{"line":352,"column":4},"end":{"line":355,"column":5}},"123":{"start":{"line":353,"column":8},"end":{"line":353,"column":121}},"124":{"start":{"line":354,"column":8},"end":{"line":354,"column":15}},"125":{"start":{"line":357,"column":4},"end":{"line":369,"column":5}},"126":{"start":{"line":358,"column":25},"end":{"line":358,"column":100}},"127":{"start":{"line":360,"column":8},"end":{"line":365,"column":9}},"128":{"start":{"line":361,"column":27},"end":{"line":361,"column":48}},"129":{"start":{"line":362,"column":12},"end":{"line":362,"column":44}},"130":{"start":{"line":364,"column":12},"end":{"line":364,"column":55}},"131":{"start":{"line":367,"column":8},"end":{"line":367,"column":56}},"132":{"start":{"line":368,"column":8},"end":{"line":368,"column":60}},"133":{"start":{"line":373,"column":22},"end":{"line":373,"column":71}},"134":{"start":{"line":375,"column":4},"end":{"line":378,"column":5}},"135":{"start":{"line":376,"column":8},"end":{"line":376,"column":80}},"136":{"start":{"line":377,"column":8},"end":{"line":377,"column":15}},"137":{"start":{"line":380,"column":4},"end":{"line":410,"column":6}},"138":{"start":{"line":395,"column":57},"end":{"line":406,"column":21}},"139":{"start":{"line":415,"column":4},"end":{"line":417,"column":5}},"140":{"start":{"line":416,"column":8},"end":{"line":416,"column":15}},"141":{"start":{"line":419,"column":4},"end":{"line":433,"column":5}},"142":{"start":{"line":420,"column":25},"end":{"line":422,"column":10}},"143":{"start":{"line":424,"column":8},"end":{"line":429,"column":9}},"144":{"start":{"line":425,"column":12},"end":{"line":425,"column":72}},"145":{"start":{"line":426,"column":12},"end":{"line":426,"column":33}},"146":{"start":{"line":428,"column":12},"end":{"line":428,"column":56}},"147":{"start":{"line":431,"column":8},"end":{"line":431,"column":56}},"148":{"start":{"line":432,"column":8},"end":{"line":432,"column":60}},"149":{"start":{"line":439,"column":4},"end":{"line":439,"column":50}},"150":{"start":{"line":445,"column":4},"end":{"line":445,"column":63}},"151":{"start":{"line":451,"column":4},"end":{"line":451,"column":34}},"152":{"start":{"line":452,"column":4},"end":{"line":452,"column":63}},"153":{"start":{"line":453,"column":4},"end":{"line":453,"column":25}},"154":{"start":{"line":457,"column":4},"end":{"line":457,"column":27}},"155":{"start":{"line":457,"column":15},"end":{"line":457,"column":27}},"156":{"start":{"line":458,"column":4},"end":{"line":458,"column":83}},"157":{"start":{"line":458,"column":39},"end":{"line":458,"column":46}},"158":{"start":{"line":463,"column":25},"end":{"line":463,"column":54}},"159":{"start":{"line":464,"column":4},"end":{"line":464,"column":52}},"160":{"start":{"line":465,"column":4},"end":{"line":469,"column":6}},"161":{"start":{"line":472,"column":4},"end":{"line":472,"column":44}},"162":{"start":{"line":475,"column":4},"end":{"line":477,"column":13}},"163":{"start":{"line":476,"column":8},"end":{"line":476,"column":30}},"164":{"start":{"line":482,"column":4},"end":{"line":488,"column":5}},"165":{"start":{"line":483,"column":24},"end":{"line":483,"column":59}},"166":{"start":{"line":484,"column":8},"end":{"line":484,"column":52}},"167":{"start":{"line":486,"column":8},"end":{"line":486,"column":60}},"168":{"start":{"line":487,"column":8},"end":{"line":487,"column":20}},"169":{"start":{"line":492,"column":0},"end":{"line":497,"column":3}},"170":{"start":{"line":493,"column":4},"end":{"line":496,"column":5}},"171":{"start":{"line":494,"column":24},"end":{"line":494,"column":86}},"172":{"start":{"line":495,"column":8},"end":{"line":495,"column":106}}},"fnMap":{"0":{"name":"(anonymous_0)","decl":{"start":{"line":7,"column":46},"end":{"line":7,"column":47}},"loc":{"start":{"line":7,"column":57},"end":{"line":11,"column":1}},"line":7},"1":{"name":"initializeDashboard","decl":{"start":{"line":13,"column":9},"end":{"line":13,"column":28}},"loc":{"start":{"line":13,"column":31},"end":{"line":26,"column":1}},"line":13},"2":{"name":"setupEventListeners","decl":{"start":{"line":28,"column":9},"end":{"line":28,"column":28}},"loc":{"start":{"line":28,"column":31},"end":{"line":35,"column":1}},"line":28},"3":{"name":"updateUserDisplay","decl":{"start":{"line":37,"column":9},"end":{"line":37,"column":26}},"loc":{"start":{"line":37,"column":29},"end":{"line":45,"column":1}},"line":37},"4":{"name":"showTab","decl":{"start":{"line":48,"column":9},"end":{"line":48,"column":16}},"loc":{"start":{"line":48,"column":26},"end":{"line":64,"column":1}},"line":48},"5":{"name":"(anonymous_5)","decl":{"start":{"line":50,"column":54},"end":{"line":50,"column":55}},"loc":{"start":{"line":50,"column":61},"end":{"line":52,"column":5}},"line":50},"6":{"name":"(anonymous_6)","decl":{"start":{"line":55,"column":53},"end":{"line":55,"column":54}},"loc":{"start":{"line":55,"column":63},"end":{"line":57,"column":5}},"line":55},"7":{"name":"loadUserCourses","decl":{"start":{"line":67,"column":15},"end":{"line":67,"column":30}},"loc":{"start":{"line":67,"column":33},"end":{"line":84,"column":1}},"line":67},"8":{"name":"displayCourses","decl":{"start":{"line":86,"column":9},"end":{"line":86,"column":23}},"loc":{"start":{"line":86,"column":33},"end":{"line":130,"column":1}},"line":86},"9":{"name":"(anonymous_9)","decl":{"start":{"line":103,"column":40},"end":{"line":103,"column":41}},"loc":{"start":{"line":103,"column":50},"end":{"line":129,"column":5}},"line":103},"10":{"name":"handleCourseCreation","decl":{"start":{"line":132,"column":15},"end":{"line":132,"column":35}},"loc":{"start":{"line":132,"column":39},"end":{"line":176,"column":1}},"line":132},"11":{"name":"generateCourseContent","decl":{"start":{"line":179,"column":15},"end":{"line":179,"column":36}},"loc":{"start":{"line":179,"column":47},"end":{"line":238,"column":1}},"line":179},"12":{"name":"(anonymous_12)","decl":{"start":{"line":181,"column":40},"end":{"line":181,"column":41}},"loc":{"start":{"line":181,"column":45},"end":{"line":181,"column":61}},"line":181},"13":{"name":"loadCoursesForSelector","decl":{"start":{"line":241,"column":15},"end":{"line":241,"column":37}},"loc":{"start":{"line":241,"column":40},"end":{"line":260,"column":1}},"line":241},"14":{"name":"(anonymous_14)","decl":{"start":{"line":255,"column":28},"end":{"line":255,"column":29}},"loc":{"start":{"line":255,"column":38},"end":{"line":255,"column":93}},"line":255},"15":{"name":"handleSingleEnrollment","decl":{"start":{"line":262,"column":15},"end":{"line":262,"column":37}},"loc":{"start":{"line":262,"column":41},"end":{"line":297,"column":1}},"line":262},"16":{"name":"handleBulkEnrollment","decl":{"start":{"line":299,"column":15},"end":{"line":299,"column":35}},"loc":{"start":{"line":299,"column":39},"end":{"line":348,"column":1}},"line":299},"17":{"name":"(anonymous_17)","decl":{"start":{"line":310,"column":53},"end":{"line":310,"column":54}},"loc":{"start":{"line":310,"column":62},"end":{"line":310,"column":74}},"line":310},"18":{"name":"(anonymous_18)","decl":{"start":{"line":310,"column":83},"end":{"line":310,"column":84}},"loc":{"start":{"line":310,"column":92},"end":{"line":310,"column":97}},"line":310},"19":{"name":"loadCourseStudents","decl":{"start":{"line":350,"column":15},"end":{"line":350,"column":33}},"loc":{"start":{"line":350,"column":36},"end":{"line":370,"column":1}},"line":350},"20":{"name":"displayEnrolledStudents","decl":{"start":{"line":372,"column":9},"end":{"line":372,"column":32}},"loc":{"start":{"line":372,"column":39},"end":{"line":411,"column":1}},"line":372},"21":{"name":"(anonymous_21)","decl":{"start":{"line":395,"column":43},"end":{"line":395,"column":44}},"loc":{"start":{"line":395,"column":57},"end":{"line":406,"column":21}},"line":395},"22":{"name":"removeStudent","decl":{"start":{"line":414,"column":15},"end":{"line":414,"column":28}},"loc":{"start":{"line":414,"column":43},"end":{"line":434,"column":1}},"line":414},"23":{"name":"resetForm","decl":{"start":{"line":438,"column":9},"end":{"line":438,"column":18}},"loc":{"start":{"line":438,"column":21},"end":{"line":440,"column":1}},"line":438},"24":{"name":"manageCourse","decl":{"start":{"line":443,"column":9},"end":{"line":443,"column":21}},"loc":{"start":{"line":443,"column":32},"end":{"line":446,"column":1}},"line":443},"25":{"name":"viewCourseStudents","decl":{"start":{"line":449,"column":9},"end":{"line":449,"column":27}},"loc":{"start":{"line":449,"column":38},"end":{"line":454,"column":1}},"line":449},"26":{"name":"getInitials","decl":{"start":{"line":456,"column":9},"end":{"line":456,"column":20}},"loc":{"start":{"line":456,"column":27},"end":{"line":459,"column":1}},"line":456},"27":{"name":"(anonymous_27)","decl":{"start":{"line":458,"column":31},"end":{"line":458,"column":32}},"loc":{"start":{"line":458,"column":39},"end":{"line":458,"column":46}},"line":458},"28":{"name":"showNotification","decl":{"start":{"line":461,"column":9},"end":{"line":461,"column":25}},"loc":{"start":{"line":461,"column":50},"end":{"line":478,"column":1}},"line":461},"29":{"name":"(anonymous_29)","decl":{"start":{"line":475,"column":15},"end":{"line":475,"column":16}},"loc":{"start":{"line":475,"column":21},"end":{"line":477,"column":5}},"line":475},"30":{"name":"getCurrentUser","decl":{"start":{"line":481,"column":9},"end":{"line":481,"column":23}},"loc":{"start":{"line":481,"column":26},"end":{"line":489,"column":1}},"line":481},"31":{"name":"(anonymous_31)","decl":{"start":{"line":492,"column":35},"end":{"line":492,"column":36}},"loc":{"start":{"line":492,"column":47},"end":{"line":497,"column":1}},"line":492}},"branchMap":{"0":{"loc":{"start":{"line":16,"column":4},"end":{"line":19,"column":5}},"type":"if","locations":[{"start":{"line":16,"column":4},"end":{"line":19,"column":5}},{"start":{},"end":{}}],"line":16},"1":{"loc":{"start":{"line":41,"column":4},"end":{"line":44,"column":5}},"type":"if","locations":[{"start":{"line":41,"column":4},"end":{"line":44,"column":5}},{"start":{},"end":{}}],"line":41},"2":{"loc":{"start":{"line":42,"column":31},"end":{"line":42,"column":68}},"type":"binary-expr","locations":[{"start":{"line":42,"column":31},"end":{"line":42,"column":52}},{"start":{"line":42,"column":56},"end":{"line":42,"column":68}}],"line":42},"3":{"loc":{"start":{"line":43,"column":49},"end":{"line":43,"column":86}},"type":"binary-expr","locations":[{"start":{"line":43,"column":49},"end":{"line":43,"column":70}},{"start":{"line":43,"column":74},"end":{"line":43,"column":86}}],"line":43},"4":{"loc":{"start":{"line":76,"column":8},"end":{"line":79,"column":9}},"type":"if","locations":[{"start":{"line":76,"column":8},"end":{"line":79,"column":9}},{"start":{},"end":{}}],"line":76},"5":{"loc":{"start":{"line":89,"column":4},"end":{"line":101,"column":5}},"type":"if","locations":[{"start":{"line":89,"column":4},"end":{"line":101,"column":5}},{"start":{},"end":{}}],"line":89},"6":{"loc":{"start":{"line":89,"column":8},"end":{"line":89,"column":40}},"type":"binary-expr","locations":[{"start":{"line":89,"column":8},"end":{"line":89,"column":16}},{"start":{"line":89,"column":20},"end":{"line":89,"column":40}}],"line":89},"7":{"loc":{"start":{"line":107,"column":44},"end":{"line":107,"column":87}},"type":"cond-expr","locations":[{"start":{"line":107,"column":66},"end":{"line":107,"column":77}},{"start":{"line":107,"column":80},"end":{"line":107,"column":87}}],"line":107},"8":{"loc":{"start":{"line":108,"column":22},"end":{"line":108,"column":65}},"type":"cond-expr","locations":[{"start":{"line":108,"column":44},"end":{"line":108,"column":55}},{"start":{"line":108,"column":58},"end":{"line":108,"column":65}}],"line":108},"9":{"loc":{"start":{"line":156,"column":8},"end":{"line":171,"column":9}},"type":"if","locations":[{"start":{"line":156,"column":8},"end":{"line":171,"column":9}},{"start":{"line":169,"column":15},"end":{"line":171,"column":9}}],"line":156},"10":{"loc":{"start":{"line":182,"column":8},"end":{"line":182,"column":28}},"type":"if","locations":[{"start":{"line":182,"column":8},"end":{"line":182,"column":28}},{"start":{},"end":{}}],"line":182},"11":{"loc":{"start":{"line":229,"column":8},"end":{"line":233,"column":9}},"type":"if","locations":[{"start":{"line":229,"column":8},"end":{"line":233,"column":9}},{"start":{"line":231,"column":15},"end":{"line":233,"column":9}}],"line":229},"12":{"loc":{"start":{"line":229,"column":12},"end":{"line":229,"column":71}},"type":"binary-expr","locations":[{"start":{"line":229,"column":12},"end":{"line":229,"column":29}},{"start":{"line":229,"column":33},"end":{"line":229,"column":47}},{"start":{"line":229,"column":51},"end":{"line":229,"column":71}}],"line":229},"13":{"loc":{"start":{"line":250,"column":8},"end":{"line":256,"column":9}},"type":"if","locations":[{"start":{"line":250,"column":8},"end":{"line":256,"column":9}},{"start":{},"end":{}}],"line":250},"14":{"loc":{"start":{"line":266,"column":4},"end":{"line":269,"column":5}},"type":"if","locations":[{"start":{"line":266,"column":4},"end":{"line":269,"column":5}},{"start":{},"end":{}}],"line":266},"15":{"loc":{"start":{"line":286,"column":8},"end":{"line":292,"column":9}},"type":"if","locations":[{"start":{"line":286,"column":8},"end":{"line":292,"column":9}},{"start":{"line":290,"column":15},"end":{"line":292,"column":9}}],"line":286},"16":{"loc":{"start":{"line":303,"column":4},"end":{"line":306,"column":5}},"type":"if","locations":[{"start":{"line":303,"column":4},"end":{"line":306,"column":5}},{"start":{},"end":{}}],"line":303},"17":{"loc":{"start":{"line":312,"column":4},"end":{"line":315,"column":5}},"type":"if","locations":[{"start":{"line":312,"column":4},"end":{"line":315,"column":5}},{"start":{},"end":{}}],"line":312},"18":{"loc":{"start":{"line":331,"column":8},"end":{"line":343,"column":9}},"type":"if","locations":[{"start":{"line":331,"column":8},"end":{"line":343,"column":9}},{"start":{"line":341,"column":15},"end":{"line":343,"column":9}}],"line":331},"19":{"loc":{"start":{"line":335,"column":12},"end":{"line":337,"column":13}},"type":"if","locations":[{"start":{"line":335,"column":12},"end":{"line":337,"column":13}},{"start":{},"end":{}}],"line":335},"20":{"loc":{"start":{"line":352,"column":4},"end":{"line":355,"column":5}},"type":"if","locations":[{"start":{"line":352,"column":4},"end":{"line":355,"column":5}},{"start":{},"end":{}}],"line":352},"21":{"loc":{"start":{"line":360,"column":8},"end":{"line":365,"column":9}},"type":"if","locations":[{"start":{"line":360,"column":8},"end":{"line":365,"column":9}},{"start":{"line":363,"column":15},"end":{"line":365,"column":9}}],"line":360},"22":{"loc":{"start":{"line":375,"column":4},"end":{"line":378,"column":5}},"type":"if","locations":[{"start":{"line":375,"column":4},"end":{"line":378,"column":5}},{"start":{},"end":{}}],"line":375},"23":{"loc":{"start":{"line":375,"column":8},"end":{"line":375,"column":58}},"type":"binary-expr","locations":[{"start":{"line":375,"column":8},"end":{"line":375,"column":25}},{"start":{"line":375,"column":29},"end":{"line":375,"column":58}}],"line":375},"24":{"loc":{"start":{"line":415,"column":4},"end":{"line":417,"column":5}},"type":"if","locations":[{"start":{"line":415,"column":4},"end":{"line":417,"column":5}},{"start":{},"end":{}}],"line":415},"25":{"loc":{"start":{"line":424,"column":8},"end":{"line":429,"column":9}},"type":"if","locations":[{"start":{"line":424,"column":8},"end":{"line":429,"column":9}},{"start":{"line":427,"column":15},"end":{"line":429,"column":9}}],"line":424},"26":{"loc":{"start":{"line":457,"column":4},"end":{"line":457,"column":27}},"type":"if","locations":[{"start":{"line":457,"column":4},"end":{"line":457,"column":27}},{"start":{},"end":{}}],"line":457},"27":{"loc":{"start":{"line":461,"column":35},"end":{"line":461,"column":48}},"type":"default-arg","locations":[{"start":{"line":461,"column":42},"end":{"line":461,"column":48}}],"line":461},"28":{"loc":{"start":{"line":466,"column":27},"end":{"line":466,"column":99}},"type":"cond-expr","locations":[{"start":{"line":466,"column":48},"end":{"line":466,"column":55}},{"start":{"line":466,"column":58},"end":{"line":466,"column":99}}],"line":466},"29":{"loc":{"start":{"line":466,"column":58},"end":{"line":466,"column":99}},"type":"cond-expr","locations":[{"start":{"line":466,"column":77},"end":{"line":466,"column":90}},{"start":{"line":466,"column":93},"end":{"line":466,"column":99}}],"line":466},"30":{"loc":{"start":{"line":484,"column":15},"end":{"line":484,"column":51}},"type":"cond-expr","locations":[{"start":{"line":484,"column":25},"end":{"line":484,"column":44}},{"start":{"line":484,"column":47},"end":{"line":484,"column":51}}],"line":484},"31":{"loc":{"start":{"line":493,"column":4},"end":{"line":496,"column":5}},"type":"if","locations":[{"start":{"line":493,"column":4},"end":{"line":496,"column":5}},{"start":{},"end":{}}],"line":493}},"s":{"0":0,"1":0,"2":0,"3":0,"4":0,"5":0,"6":0,"7":0,"8":0,"9":0,"10":0,"11":0,"12":0,"13":0,"14":0,"15":0,"16":0,"17":0,"18":0,"19":0,"20":0,"21":0,"22":0,"23":0,"24":0,"25":0,"26":0,"27":0,"28":0,"29":0,"30":0,"31":0,"32":0,"33":0,"34":0,"35":0,"36":0,"37":0,"38":0,"39":0,"40":0,"41":0,"42":0,"43":0,"44":0,"45":0,"46":0,"47":0,"48":0,"49":0,"50":0,"51":0,"52":0,"53":0,"54":0,"55":0,"56":0,"57":0,"58":0,"59":0,"60":0,"61":0,"62":0,"63":0,"64":0,"65":0,"66":0,"67":0,"68":0,"69":0,"70":0,"71":0,"72":0,"73":0,"74":0,"75":0,"76":0,"77":0,"78":0,"79":0,"80":0,"81":0,"82":0,"83":0,"84":0,"85":0,"86":0,"87":0,"88":0,"89":0,"90":0,"91":0,"92":0,"93":0,"94":0,"95":0,"96":0,"97":0,"98":0,"99":0,"100":0,"101":0,"102":0,"103":0,"104":0,"105":0,"106":0,"107":0,"108":0,"109":0,"110":0,"111":0,"112":0,"113":0,"114":0,"115":0,"116":0,"117":0,"118":0,"119":0,"120":0,"121":0,"122":0,"123":0,"124":0,"125":0,"126":0,"127":0,"128":0,"129":0,"130":0,"131":0,"132":0,"133":0,"134":0,"135":0,"136":0,"137":0,"138":0,"139":0,"140":0,"141":0,"142":0,"143":0,"144":0,"145":0,"146":0,"147":0,"148":0,"149":0,"150":0,"151":0,"152":0,"153":0,"154":0,"155":0,"156":0,"157":0,"158":0,"159":0,"160":0,"161":0,"162":0,"163":0,"164":0,"165":0,"166":0,"167":0,"168":0,"169":0,"170":0,"171":0,"172":0},"f":{"0":0,"1":0,"2":0,"3":0,"4":0,"5":0,"6":0,"7":0,"8":0,"9":0,"10":0,"11":0,"12":0,"13":0,"14":0,"15":0,"16":0,"17":0,"18":0,"19":0,"20":0,"21":0,"22":0,"23":0,"24":0,"25":0,"26":0,"27":0,"28":0,"29":0,"30":0,"31":0},"b":{"0":[0,0],"1":[0,0],"2":[0,0],"3":[0,0],"4":[0,0],"5":[0,0],"6":[0,0],"7":[0,0],"8":[0,0],"9":[0,0],"10":[0,0],"11":[0,0],"12":[0,0,0],"13":[0,0],"14":[0,0],"15":[0,0],"16":[0,0],"17":[0,0],"18":[0,0],"19":[0,0],"20":[0,0],"21":[0,0],"22":[0,0],"23":[0,0],"24":[0,0],"25":[0,0],"26":[0,0],"27":[0],"28":[0,0],"29":[0,0],"30":[0,0],"31":[0,0]}}
,"/home/bbrelin/course-creator/frontend/js/main.js": {"path":"/home/bbrelin/course-creator/frontend/js/main.js","statementMap":{"0":{"start":{"line":1,"column":17},"end":{"line":1,"column":40}},"1":{"start":{"line":2,"column":22},"end":{"line":2,"column":45}},"2":{"start":{"line":5,"column":18},"end":{"line":5,"column":22}},"3":{"start":{"line":6,"column":16},"end":{"line":6,"column":20}},"4":{"start":{"line":11,"column":4},"end":{"line":11,"column":16}},"5":{"start":{"line":16,"column":4},"end":{"line":16,"column":19}},"6":{"start":{"line":22,"column":24},"end":{"line":22,"column":62}},"7":{"start":{"line":23,"column":4},"end":{"line":25,"column":5}},"8":{"start":{"line":24,"column":8},"end":{"line":24,"column":45}},"9":{"start":{"line":31,"column":24},"end":{"line":31,"column":62}},"10":{"start":{"line":32,"column":4},"end":{"line":34,"column":5}},"11":{"start":{"line":33,"column":8},"end":{"line":33,"column":45}},"12":{"start":{"line":40,"column":4},"end":{"line":40,"column":21}},"13":{"start":{"line":41,"column":4},"end":{"line":41,"column":23}},"14":{"start":{"line":42,"column":4},"end":{"line":42,"column":41}},"15":{"start":{"line":43,"column":4},"end":{"line":43,"column":41}},"16":{"start":{"line":44,"column":4},"end":{"line":44,"column":43}},"17":{"start":{"line":45,"column":4},"end":{"line":45,"column":37}},"18":{"start":{"line":46,"column":4},"end":{"line":46,"column":15}},"19":{"start":{"line":47,"column":4},"end":{"line":47,"column":27}},"20":{"start":{"line":48,"column":4},"end":{"line":48,"column":23}},"21":{"start":{"line":54,"column":4},"end":{"line":61,"column":5}},"22":{"start":{"line":55,"column":25},"end":{"line":55,"column":59}},"23":{"start":{"line":56,"column":21},"end":{"line":56,"column":42}},"24":{"start":{"line":57,"column":8},"end":{"line":57,"column":35}},"25":{"start":{"line":59,"column":8},"end":{"line":59,"column":55}},"26":{"start":{"line":60,"column":8},"end":{"line":60,"column":40}},"27":{"start":{"line":65,"column":17},"end":{"line":65,"column":56}},"28":{"start":{"line":66,"column":4},"end":{"line":79,"column":6}},"29":{"start":{"line":70,"column":40},"end":{"line":76,"column":17}},"30":{"start":{"line":84,"column":4},"end":{"line":101,"column":5}},"31":{"start":{"line":85,"column":25},"end":{"line":85,"column":71}},"32":{"start":{"line":86,"column":23},"end":{"line":86,"column":44}},"33":{"start":{"line":88,"column":21},"end":{"line":88,"column":60}},"34":{"start":{"line":89,"column":8},"end":{"line":97,"column":10}},"35":{"start":{"line":99,"column":8},"end":{"line":99,"column":54}},"36":{"start":{"line":100,"column":8},"end":{"line":100,"column":47}},"37":{"start":{"line":105,"column":17},"end":{"line":105,"column":56}},"38":{"start":{"line":106,"column":4},"end":{"line":128,"column":6}},"39":{"start":{"line":130,"column":4},"end":{"line":159,"column":7}},"40":{"start":{"line":131,"column":8},"end":{"line":131,"column":27}},"41":{"start":{"line":133,"column":25},"end":{"line":133,"column":47}},"42":{"start":{"line":134,"column":27},"end":{"line":138,"column":9}},"43":{"start":{"line":140,"column":8},"end":{"line":158,"column":9}},"44":{"start":{"line":141,"column":29},"end":{"line":147,"column":14}},"45":{"start":{"line":149,"column":12},"end":{"line":154,"column":13}},"46":{"start":{"line":150,"column":16},"end":{"line":150,"column":54}},"47":{"start":{"line":151,"column":16},"end":{"line":151,"column":30}},"48":{"start":{"line":153,"column":16},"end":{"line":153,"column":49}},"49":{"start":{"line":156,"column":12},"end":{"line":156,"column":59}},"50":{"start":{"line":157,"column":12},"end":{"line":157,"column":45}},"51":{"start":{"line":163,"column":17},"end":{"line":163,"column":56}},"52":{"start":{"line":164,"column":4},"end":{"line":170,"column":6}},"53":{"start":{"line":174,"column":17},"end":{"line":174,"column":56}},"54":{"start":{"line":175,"column":4},"end":{"line":196,"column":6}},"55":{"start":{"line":198,"column":4},"end":{"line":270,"column":7}},"56":{"start":{"line":199,"column":8},"end":{"line":199,"column":27}},"57":{"start":{"line":201,"column":25},"end":{"line":201,"column":47}},"58":{"start":{"line":203,"column":8},"end":{"line":269,"column":9}},"59":{"start":{"line":204,"column":29},"end":{"line":210,"column":14}},"60":{"start":{"line":212,"column":12},"end":{"line":265,"column":13}},"61":{"start":{"line":213,"column":29},"end":{"line":213,"column":50}},"62":{"start":{"line":214,"column":16},"end":{"line":214,"column":46}},"63":{"start":{"line":215,"column":16},"end":{"line":215,"column":61}},"64":{"start":{"line":216,"column":16},"end":{"line":216,"column":76}},"65":{"start":{"line":219,"column":16},"end":{"line":262,"column":17}},"66":{"start":{"line":220,"column":44},"end":{"line":224,"column":22}},"67":{"start":{"line":226,"column":20},"end":{"line":254,"column":21}},"68":{"start":{"line":227,"column":44},"end":{"line":227,"column":72}},"69":{"start":{"line":228,"column":24},"end":{"line":228,"column":94}},"70":{"start":{"line":231,"column":24},"end":{"line":247,"column":25}},"71":{"start":{"line":232,"column":28},"end":{"line":232,"column":64}},"72":{"start":{"line":233,"column":28},"end":{"line":233,"column":35}},"73":{"start":{"line":234,"column":31},"end":{"line":247,"column":25}},"74":{"start":{"line":235,"column":28},"end":{"line":235,"column":94}},"75":{"start":{"line":236,"column":28},"end":{"line":236,"column":79}},"76":{"start":{"line":237,"column":28},"end":{"line":237,"column":35}},"77":{"start":{"line":238,"column":31},"end":{"line":247,"column":25}},"78":{"start":{"line":239,"column":28},"end":{"line":239,"column":91}},"79":{"start":{"line":240,"column":28},"end":{"line":240,"column":76}},"80":{"start":{"line":241,"column":28},"end":{"line":241,"column":35}},"81":{"start":{"line":243,"column":28},"end":{"line":243,"column":55}},"82":{"start":{"line":244,"column":28},"end":{"line":244,"column":39}},"83":{"start":{"line":245,"column":28},"end":{"line":245,"column":51}},"84":{"start":{"line":246,"column":28},"end":{"line":246,"column":47}},"85":{"start":{"line":249,"column":24},"end":{"line":249,"column":74}},"86":{"start":{"line":250,"column":24},"end":{"line":250,"column":51}},"87":{"start":{"line":251,"column":24},"end":{"line":251,"column":35}},"88":{"start":{"line":252,"column":24},"end":{"line":252,"column":47}},"89":{"start":{"line":253,"column":24},"end":{"line":253,"column":43}},"90":{"start":{"line":256,"column":20},"end":{"line":256,"column":67}},"91":{"start":{"line":257,"column":20},"end":{"line":257,"column":70}},"92":{"start":{"line":258,"column":20},"end":{"line":258,"column":47}},"93":{"start":{"line":259,"column":20},"end":{"line":259,"column":31}},"94":{"start":{"line":260,"column":20},"end":{"line":260,"column":43}},"95":{"start":{"line":261,"column":20},"end":{"line":261,"column":39}},"96":{"start":{"line":264,"column":16},"end":{"line":264,"column":38}},"97":{"start":{"line":267,"column":12},"end":{"line":267,"column":54}},"98":{"start":{"line":268,"column":12},"end":{"line":268,"column":34}},"99":{"start":{"line":274,"column":17},"end":{"line":274,"column":56}},"100":{"start":{"line":275,"column":4},"end":{"line":312,"column":6}},"101":{"start":{"line":315,"column":4},"end":{"line":315,"column":36}},"102":{"start":{"line":318,"column":4},"end":{"line":318,"column":35}},"103":{"start":{"line":320,"column":4},"end":{"line":360,"column":7}},"104":{"start":{"line":321,"column":8},"end":{"line":321,"column":27}},"105":{"start":{"line":323,"column":25},"end":{"line":323,"column":47}},"106":{"start":{"line":324,"column":25},"end":{"line":324,"column":49}},"107":{"start":{"line":325,"column":32},"end":{"line":325,"column":64}},"108":{"start":{"line":328,"column":8},"end":{"line":331,"column":9}},"109":{"start":{"line":329,"column":12},"end":{"line":329,"column":88}},"110":{"start":{"line":330,"column":12},"end":{"line":330,"column":19}},"111":{"start":{"line":333,"column":25},"end":{"line":338,"column":9}},"112":{"start":{"line":340,"column":8},"end":{"line":359,"column":9}},"113":{"start":{"line":341,"column":29},"end":{"line":347,"column":14}},"114":{"start":{"line":349,"column":12},"end":{"line":355,"column":13}},"115":{"start":{"line":350,"column":16},"end":{"line":350,"column":64}},"116":{"start":{"line":351,"column":16},"end":{"line":351,"column":28}},"117":{"start":{"line":353,"column":34},"end":{"line":353,"column":55}},"118":{"start":{"line":354,"column":16},"end":{"line":354,"column":87}},"119":{"start":{"line":357,"column":12},"end":{"line":357,"column":55}},"120":{"start":{"line":358,"column":12},"end":{"line":358,"column":59}},"121":{"start":{"line":365,"column":26},"end":{"line":365,"column":58}},"122":{"start":{"line":366,"column":25},"end":{"line":366,"column":58}},"123":{"start":{"line":368,"column":4},"end":{"line":376,"column":5}},"124":{"start":{"line":369,"column":8},"end":{"line":369,"column":36}},"125":{"start":{"line":370,"column":8},"end":{"line":370,"column":40}},"126":{"start":{"line":371,"column":8},"end":{"line":371,"column":45}},"127":{"start":{"line":373,"column":8},"end":{"line":373,"column":40}},"128":{"start":{"line":374,"column":8},"end":{"line":374,"column":41}},"129":{"start":{"line":375,"column":8},"end":{"line":375,"column":45}},"130":{"start":{"line":382,"column":4},"end":{"line":384,"column":7}},"131":{"start":{"line":383,"column":8},"end":{"line":383,"column":75}},"132":{"start":{"line":386,"column":4},"end":{"line":388,"column":7}},"133":{"start":{"line":387,"column":8},"end":{"line":387,"column":83}},"134":{"start":{"line":393,"column":26},"end":{"line":393,"column":70}},"135":{"start":{"line":394,"column":33},"end":{"line":394,"column":85}},"136":{"start":{"line":395,"column":22},"end":{"line":395,"column":73}},"137":{"start":{"line":398,"column":25},"end":{"line":398,"column":44}},"138":{"start":{"line":399,"column":32},"end":{"line":399,"column":58}},"139":{"start":{"line":401,"column":8},"end":{"line":410,"column":9}},"140":{"start":{"line":402,"column":12},"end":{"line":402,"column":39}},"141":{"start":{"line":403,"column":12},"end":{"line":403,"column":39}},"142":{"start":{"line":404,"column":15},"end":{"line":410,"column":9}},"143":{"start":{"line":405,"column":12},"end":{"line":405,"column":56}},"144":{"start":{"line":406,"column":12},"end":{"line":406,"column":44}},"145":{"start":{"line":408,"column":12},"end":{"line":408,"column":63}},"146":{"start":{"line":409,"column":12},"end":{"line":409,"column":42}},"147":{"start":{"line":413,"column":4},"end":{"line":413,"column":64}},"148":{"start":{"line":414,"column":4},"end":{"line":414,"column":71}},"149":{"start":{"line":418,"column":4},"end":{"line":422,"column":5}},"150":{"start":{"line":419,"column":8},"end":{"line":419,"column":36}},"151":{"start":{"line":420,"column":8},"end":{"line":420,"column":20}},"152":{"start":{"line":421,"column":8},"end":{"line":421,"column":15}},"153":{"start":{"line":424,"column":17},"end":{"line":424,"column":56}},"154":{"start":{"line":425,"column":4},"end":{"line":447,"column":6}},"155":{"start":{"line":452,"column":4},"end":{"line":456,"column":5}},"156":{"start":{"line":453,"column":8},"end":{"line":453,"column":36}},"157":{"start":{"line":454,"column":8},"end":{"line":454,"column":20}},"158":{"start":{"line":455,"column":8},"end":{"line":455,"column":15}},"159":{"start":{"line":458,"column":17},"end":{"line":458,"column":56}},"160":{"start":{"line":459,"column":4},"end":{"line":507,"column":6}},"161":{"start":{"line":512,"column":17},"end":{"line":512,"column":56}},"162":{"start":{"line":513,"column":4},"end":{"line":556,"column":6}},"163":{"start":{"line":561,"column":17},"end":{"line":561,"column":56}},"164":{"start":{"line":562,"column":4},"end":{"line":592,"column":6}},"165":{"start":{"line":595,"column":24},"end":{"line":595,"column":63}},"166":{"start":{"line":596,"column":28},"end":{"line":596,"column":75}},"167":{"start":{"line":597,"column":22},"end":{"line":597,"column":74}},"168":{"start":{"line":600,"column":25},"end":{"line":600,"column":42}},"169":{"start":{"line":601,"column":28},"end":{"line":601,"column":49}},"170":{"start":{"line":603,"column":8},"end":{"line":612,"column":9}},"171":{"start":{"line":604,"column":12},"end":{"line":604,"column":39}},"172":{"start":{"line":605,"column":12},"end":{"line":605,"column":39}},"173":{"start":{"line":606,"column":15},"end":{"line":612,"column":9}},"174":{"start":{"line":607,"column":12},"end":{"line":607,"column":60}},"175":{"start":{"line":608,"column":12},"end":{"line":608,"column":44}},"176":{"start":{"line":610,"column":12},"end":{"line":610,"column":67}},"177":{"start":{"line":611,"column":12},"end":{"line":611,"column":42}},"178":{"start":{"line":615,"column":4},"end":{"line":615,"column":62}},"179":{"start":{"line":616,"column":4},"end":{"line":616,"column":66}},"180":{"start":{"line":623,"column":22},"end":{"line":623,"column":59}},"181":{"start":{"line":624,"column":4},"end":{"line":628,"column":5}},"182":{"start":{"line":625,"column":8},"end":{"line":625,"column":43}},"183":{"start":{"line":627,"column":8},"end":{"line":627,"column":41}},"184":{"start":{"line":631,"column":4},"end":{"line":631,"column":27}},"185":{"start":{"line":636,"column":28},"end":{"line":636,"column":70}},"186":{"start":{"line":637,"column":24},"end":{"line":637,"column":62}},"187":{"start":{"line":639,"column":4},"end":{"line":669,"column":5}},"188":{"start":{"line":641,"column":8},"end":{"line":641,"column":69}},"189":{"start":{"line":641,"column":29},"end":{"line":641,"column":69}},"190":{"start":{"line":642,"column":8},"end":{"line":642,"column":60}},"191":{"start":{"line":642,"column":25},"end":{"line":642,"column":60}},"192":{"start":{"line":645,"column":25},"end":{"line":645,"column":60}},"193":{"start":{"line":646,"column":31},"end":{"line":646,"column":72}},"194":{"start":{"line":647,"column":27},"end":{"line":647,"column":64}},"195":{"start":{"line":649,"column":8},"end":{"line":649,"column":77}},"196":{"start":{"line":649,"column":22},"end":{"line":649,"column":77}},"197":{"start":{"line":652,"column":25},"end":{"line":652,"column":80}},"198":{"start":{"line":653,"column":8},"end":{"line":653,"column":66}},"199":{"start":{"line":653,"column":28},"end":{"line":653,"column":66}},"200":{"start":{"line":656,"column":8},"end":{"line":664,"column":9}},"201":{"start":{"line":657,"column":12},"end":{"line":663,"column":13}},"202":{"start":{"line":658,"column":16},"end":{"line":658,"column":89}},"203":{"start":{"line":659,"column":19},"end":{"line":663,"column":13}},"204":{"start":{"line":660,"column":16},"end":{"line":660,"column":89}},"205":{"start":{"line":662,"column":16},"end":{"line":662,"column":89}},"206":{"start":{"line":667,"column":8},"end":{"line":667,"column":68}},"207":{"start":{"line":667,"column":29},"end":{"line":667,"column":68}},"208":{"start":{"line":668,"column":8},"end":{"line":668,"column":60}},"209":{"start":{"line":668,"column":25},"end":{"line":668,"column":60}},"210":{"start":{"line":674,"column":4},"end":{"line":674,"column":26}},"211":{"start":{"line":674,"column":15},"end":{"line":674,"column":26}},"212":{"start":{"line":676,"column":18},"end":{"line":676,"column":33}},"213":{"start":{"line":677,"column":4},"end":{"line":681,"column":5}},"214":{"start":{"line":678,"column":8},"end":{"line":678,"column":57}},"215":{"start":{"line":680,"column":8},"end":{"line":680,"column":50}},"216":{"start":{"line":688,"column":23},"end":{"line":688,"column":56}},"217":{"start":{"line":689,"column":22},"end":{"line":689,"column":57}},"218":{"start":{"line":690,"column":23},"end":{"line":690,"column":56}},"219":{"start":{"line":692,"column":4},"end":{"line":703,"column":5}},"220":{"start":{"line":693,"column":8},"end":{"line":693,"column":31}},"221":{"start":{"line":694,"column":8},"end":{"line":702,"column":9}},"222":{"start":{"line":695,"column":12},"end":{"line":699,"column":13}},"223":{"start":{"line":696,"column":16},"end":{"line":696,"column":52}},"224":{"start":{"line":698,"column":16},"end":{"line":698,"column":77}},"225":{"start":{"line":701,"column":12},"end":{"line":701,"column":48}},"226":{"start":{"line":708,"column":17},"end":{"line":708,"column":37}},"227":{"start":{"line":709,"column":4},"end":{"line":729,"column":5}},"228":{"start":{"line":711,"column":12},"end":{"line":711,"column":26}},"229":{"start":{"line":712,"column":12},"end":{"line":712,"column":18}},"230":{"start":{"line":714,"column":12},"end":{"line":714,"column":31}},"231":{"start":{"line":715,"column":12},"end":{"line":715,"column":18}},"232":{"start":{"line":717,"column":12},"end":{"line":717,"column":24}},"233":{"start":{"line":718,"column":12},"end":{"line":718,"column":18}},"234":{"start":{"line":720,"column":12},"end":{"line":720,"column":27}},"235":{"start":{"line":721,"column":12},"end":{"line":721,"column":18}},"236":{"start":{"line":723,"column":12},"end":{"line":723,"column":26}},"237":{"start":{"line":724,"column":12},"end":{"line":724,"column":18}},"238":{"start":{"line":727,"column":12},"end":{"line":727,"column":23}},"239":{"start":{"line":728,"column":12},"end":{"line":728,"column":18}},"240":{"start":{"line":737,"column":0},"end":{"line":744,"column":3}},"241":{"start":{"line":738,"column":27},"end":{"line":738,"column":69}},"242":{"start":{"line":739,"column":24},"end":{"line":739,"column":62}},"243":{"start":{"line":741,"column":4},"end":{"line":743,"column":5}},"244":{"start":{"line":742,"column":8},"end":{"line":742,"column":45}},"245":{"start":{"line":747,"column":0},"end":{"line":752,"column":3}},"246":{"start":{"line":748,"column":4},"end":{"line":748,"column":50}},"247":{"start":{"line":749,"column":4},"end":{"line":749,"column":16}},"248":{"start":{"line":750,"column":4},"end":{"line":750,"column":27}},"249":{"start":{"line":751,"column":4},"end":{"line":751,"column":23}},"250":{"start":{"line":754,"column":0},"end":{"line":754,"column":56}}},"fnMap":{"0":{"name":"showLoginModal","decl":{"start":{"line":10,"column":9},"end":{"line":10,"column":23}},"loc":{"start":{"line":10,"column":26},"end":{"line":12,"column":1}},"line":10},"1":{"name":"showRegisterModal","decl":{"start":{"line":15,"column":9},"end":{"line":15,"column":26}},"loc":{"start":{"line":15,"column":29},"end":{"line":17,"column":1}},"line":15},"2":{"name":"toggleAccountDropdown","decl":{"start":{"line":21,"column":9},"end":{"line":21,"column":30}},"loc":{"start":{"line":21,"column":33},"end":{"line":26,"column":1}},"line":21},"3":{"name":"closeAccountDropdown","decl":{"start":{"line":30,"column":9},"end":{"line":30,"column":29}},"loc":{"start":{"line":30,"column":32},"end":{"line":35,"column":1}},"line":30},"4":{"name":"logout","decl":{"start":{"line":39,"column":9},"end":{"line":39,"column":15}},"loc":{"start":{"line":39,"column":18},"end":{"line":49,"column":1}},"line":39},"5":{"name":"loadCourses","decl":{"start":{"line":53,"column":15},"end":{"line":53,"column":26}},"loc":{"start":{"line":53,"column":29},"end":{"line":62,"column":1}},"line":53},"6":{"name":"displayCourses","decl":{"start":{"line":64,"column":9},"end":{"line":64,"column":23}},"loc":{"start":{"line":64,"column":33},"end":{"line":80,"column":1}},"line":64},"7":{"name":"(anonymous_7)","decl":{"start":{"line":70,"column":30},"end":{"line":70,"column":31}},"loc":{"start":{"line":70,"column":40},"end":{"line":76,"column":17}},"line":70},"8":{"name":"viewCourse","decl":{"start":{"line":83,"column":15},"end":{"line":83,"column":25}},"loc":{"start":{"line":83,"column":36},"end":{"line":102,"column":1}},"line":83},"9":{"name":"showCreateCourse","decl":{"start":{"line":104,"column":9},"end":{"line":104,"column":25}},"loc":{"start":{"line":104,"column":28},"end":{"line":160,"column":1}},"line":104},"10":{"name":"(anonymous_10)","decl":{"start":{"line":130,"column":77},"end":{"line":130,"column":78}},"loc":{"start":{"line":130,"column":95},"end":{"line":159,"column":5}},"line":130},"11":{"name":"showHome","decl":{"start":{"line":162,"column":9},"end":{"line":162,"column":17}},"loc":{"start":{"line":162,"column":20},"end":{"line":171,"column":1}},"line":162},"12":{"name":"showLogin","decl":{"start":{"line":173,"column":9},"end":{"line":173,"column":18}},"loc":{"start":{"line":173,"column":21},"end":{"line":271,"column":1}},"line":173},"13":{"name":"(anonymous_13)","decl":{"start":{"line":198,"column":69},"end":{"line":198,"column":70}},"loc":{"start":{"line":198,"column":87},"end":{"line":270,"column":5}},"line":198},"14":{"name":"showRegister","decl":{"start":{"line":273,"column":9},"end":{"line":273,"column":21}},"loc":{"start":{"line":273,"column":24},"end":{"line":361,"column":1}},"line":273},"15":{"name":"(anonymous_15)","decl":{"start":{"line":320,"column":72},"end":{"line":320,"column":73}},"loc":{"start":{"line":320,"column":90},"end":{"line":360,"column":5}},"line":320},"16":{"name":"togglePasswordVisibility","decl":{"start":{"line":364,"column":9},"end":{"line":364,"column":33}},"loc":{"start":{"line":364,"column":53},"end":{"line":377,"column":1}},"line":364},"17":{"name":"setupPasswordVisibilityToggle","decl":{"start":{"line":380,"column":9},"end":{"line":380,"column":38}},"loc":{"start":{"line":380,"column":41},"end":{"line":389,"column":1}},"line":380},"18":{"name":"(anonymous_18)","decl":{"start":{"line":382,"column":75},"end":{"line":382,"column":76}},"loc":{"start":{"line":382,"column":86},"end":{"line":384,"column":5}},"line":382},"19":{"name":"(anonymous_19)","decl":{"start":{"line":386,"column":75},"end":{"line":386,"column":76}},"loc":{"start":{"line":386,"column":86},"end":{"line":388,"column":5}},"line":386},"20":{"name":"setupPasswordMatchValidation","decl":{"start":{"line":392,"column":9},"end":{"line":392,"column":37}},"loc":{"start":{"line":392,"column":40},"end":{"line":415,"column":1}},"line":392},"21":{"name":"checkPasswordMatch","decl":{"start":{"line":397,"column":13},"end":{"line":397,"column":31}},"loc":{"start":{"line":397,"column":34},"end":{"line":411,"column":5}},"line":397},"22":{"name":"showProfile","decl":{"start":{"line":417,"column":9},"end":{"line":417,"column":20}},"loc":{"start":{"line":417,"column":23},"end":{"line":448,"column":1}},"line":417},"23":{"name":"showSettings","decl":{"start":{"line":451,"column":9},"end":{"line":451,"column":21}},"loc":{"start":{"line":451,"column":24},"end":{"line":508,"column":1}},"line":451},"24":{"name":"showHelp","decl":{"start":{"line":511,"column":9},"end":{"line":511,"column":17}},"loc":{"start":{"line":511,"column":20},"end":{"line":557,"column":1}},"line":511},"25":{"name":"showChangePassword","decl":{"start":{"line":560,"column":9},"end":{"line":560,"column":27}},"loc":{"start":{"line":560,"column":30},"end":{"line":617,"column":1}},"line":560},"26":{"name":"checkPasswordMatch","decl":{"start":{"line":599,"column":13},"end":{"line":599,"column":31}},"loc":{"start":{"line":599,"column":34},"end":{"line":613,"column":5}},"line":599},"27":{"name":"updateNavigation","decl":{"start":{"line":621,"column":9},"end":{"line":621,"column":25}},"loc":{"start":{"line":621,"column":28},"end":{"line":632,"column":1}},"line":621},"28":{"name":"updateAccountSection","decl":{"start":{"line":635,"column":9},"end":{"line":635,"column":29}},"loc":{"start":{"line":635,"column":32},"end":{"line":670,"column":1}},"line":635},"29":{"name":"getInitials","decl":{"start":{"line":673,"column":9},"end":{"line":673,"column":20}},"loc":{"start":{"line":673,"column":27},"end":{"line":682,"column":1}},"line":673},"30":{"name":"checkAuth","decl":{"start":{"line":686,"column":9},"end":{"line":686,"column":18}},"loc":{"start":{"line":686,"column":21},"end":{"line":704,"column":1}},"line":686},"31":{"name":"handleNavigation","decl":{"start":{"line":707,"column":9},"end":{"line":707,"column":25}},"loc":{"start":{"line":707,"column":28},"end":{"line":730,"column":1}},"line":707},"32":{"name":"(anonymous_32)","decl":{"start":{"line":737,"column":35},"end":{"line":737,"column":36}},"loc":{"start":{"line":737,"column":51},"end":{"line":744,"column":1}},"line":737},"33":{"name":"(anonymous_33)","decl":{"start":{"line":747,"column":46},"end":{"line":747,"column":47}},"loc":{"start":{"line":747,"column":57},"end":{"line":752,"column":1}},"line":747}},"branchMap":{"0":{"loc":{"start":{"line":23,"column":4},"end":{"line":25,"column":5}},"type":"if","locations":[{"start":{"line":23,"column":4},"end":{"line":25,"column":5}},{"start":{},"end":{}}],"line":23},"1":{"loc":{"start":{"line":32,"column":4},"end":{"line":34,"column":5}},"type":"if","locations":[{"start":{"line":32,"column":4},"end":{"line":34,"column":5}},{"start":{},"end":{}}],"line":32},"2":{"loc":{"start":{"line":57,"column":23},"end":{"line":57,"column":33}},"type":"binary-expr","locations":[{"start":{"line":57,"column":23},"end":{"line":57,"column":27}},{"start":{"line":57,"column":31},"end":{"line":57,"column":33}}],"line":57},"3":{"loc":{"start":{"line":149,"column":12},"end":{"line":154,"column":13}},"type":"if","locations":[{"start":{"line":149,"column":12},"end":{"line":154,"column":13}},{"start":{"line":152,"column":19},"end":{"line":154,"column":13}}],"line":149},"4":{"loc":{"start":{"line":212,"column":12},"end":{"line":265,"column":13}},"type":"if","locations":[{"start":{"line":212,"column":12},"end":{"line":265,"column":13}},{"start":{"line":263,"column":19},"end":{"line":265,"column":13}}],"line":212},"5":{"loc":{"start":{"line":226,"column":20},"end":{"line":254,"column":21}},"type":"if","locations":[{"start":{"line":226,"column":20},"end":{"line":254,"column":21}},{"start":{"line":248,"column":27},"end":{"line":254,"column":21}}],"line":226},"6":{"loc":{"start":{"line":228,"column":38},"end":{"line":228,"column":93}},"type":"binary-expr","locations":[{"start":{"line":228,"column":38},"end":{"line":228,"column":54}},{"start":{"line":228,"column":58},"end":{"line":228,"column":93}}],"line":228},"7":{"loc":{"start":{"line":231,"column":24},"end":{"line":247,"column":25}},"type":"if","locations":[{"start":{"line":231,"column":24},"end":{"line":247,"column":25}},{"start":{"line":234,"column":31},"end":{"line":247,"column":25}}],"line":231},"8":{"loc":{"start":{"line":234,"column":31},"end":{"line":247,"column":25}},"type":"if","locations":[{"start":{"line":234,"column":31},"end":{"line":247,"column":25}},{"start":{"line":238,"column":31},"end":{"line":247,"column":25}}],"line":234},"9":{"loc":{"start":{"line":238,"column":31},"end":{"line":247,"column":25}},"type":"if","locations":[{"start":{"line":238,"column":31},"end":{"line":247,"column":25}},{"start":{"line":242,"column":31},"end":{"line":247,"column":25}}],"line":238},"10":{"loc":{"start":{"line":328,"column":8},"end":{"line":331,"column":9}},"type":"if","locations":[{"start":{"line":328,"column":8},"end":{"line":331,"column":9}},{"start":{},"end":{}}],"line":328},"11":{"loc":{"start":{"line":349,"column":12},"end":{"line":355,"column":13}},"type":"if","locations":[{"start":{"line":349,"column":12},"end":{"line":355,"column":13}},{"start":{"line":352,"column":19},"end":{"line":355,"column":13}}],"line":349},"12":{"loc":{"start":{"line":354,"column":49},"end":{"line":354,"column":84}},"type":"binary-expr","locations":[{"start":{"line":354,"column":49},"end":{"line":354,"column":65}},{"start":{"line":354,"column":69},"end":{"line":354,"column":84}}],"line":354},"13":{"loc":{"start":{"line":368,"column":4},"end":{"line":376,"column":5}},"type":"if","locations":[{"start":{"line":368,"column":4},"end":{"line":376,"column":5}},{"start":{"line":372,"column":11},"end":{"line":376,"column":5}}],"line":368},"14":{"loc":{"start":{"line":401,"column":8},"end":{"line":410,"column":9}},"type":"if","locations":[{"start":{"line":401,"column":8},"end":{"line":410,"column":9}},{"start":{"line":404,"column":15},"end":{"line":410,"column":9}}],"line":401},"15":{"loc":{"start":{"line":404,"column":15},"end":{"line":410,"column":9}},"type":"if","locations":[{"start":{"line":404,"column":15},"end":{"line":410,"column":9}},{"start":{"line":407,"column":15},"end":{"line":410,"column":9}}],"line":404},"16":{"loc":{"start":{"line":418,"column":4},"end":{"line":422,"column":5}},"type":"if","locations":[{"start":{"line":418,"column":4},"end":{"line":422,"column":5}},{"start":{},"end":{}}],"line":418},"17":{"loc":{"start":{"line":431,"column":44},"end":{"line":431,"column":88}},"type":"binary-expr","locations":[{"start":{"line":431,"column":44},"end":{"line":431,"column":66}},{"start":{"line":431,"column":70},"end":{"line":431,"column":88}}],"line":431},"18":{"loc":{"start":{"line":435,"column":26},"end":{"line":435,"column":58}},"type":"binary-expr","locations":[{"start":{"line":435,"column":26},"end":{"line":435,"column":48}},{"start":{"line":435,"column":52},"end":{"line":435,"column":58}}],"line":435},"19":{"loc":{"start":{"line":436,"column":49},"end":{"line":436,"column":80}},"type":"binary-expr","locations":[{"start":{"line":436,"column":49},"end":{"line":436,"column":67}},{"start":{"line":436,"column":71},"end":{"line":436,"column":80}}],"line":436},"20":{"loc":{"start":{"line":437,"column":52},"end":{"line":437,"column":82}},"type":"binary-expr","locations":[{"start":{"line":437,"column":52},"end":{"line":437,"column":73}},{"start":{"line":437,"column":77},"end":{"line":437,"column":82}}],"line":437},"21":{"loc":{"start":{"line":438,"column":77},"end":{"line":438,"column":107}},"type":"binary-expr","locations":[{"start":{"line":438,"column":77},"end":{"line":438,"column":94}},{"start":{"line":438,"column":98},"end":{"line":438,"column":107}}],"line":438},"22":{"loc":{"start":{"line":438,"column":112},"end":{"line":438,"column":142}},"type":"binary-expr","locations":[{"start":{"line":438,"column":112},"end":{"line":438,"column":129}},{"start":{"line":438,"column":133},"end":{"line":438,"column":142}}],"line":438},"23":{"loc":{"start":{"line":452,"column":4},"end":{"line":456,"column":5}},"type":"if","locations":[{"start":{"line":452,"column":4},"end":{"line":456,"column":5}},{"start":{},"end":{}}],"line":452},"24":{"loc":{"start":{"line":467,"column":71},"end":{"line":467,"column":99}},"type":"binary-expr","locations":[{"start":{"line":467,"column":71},"end":{"line":467,"column":93}},{"start":{"line":467,"column":97},"end":{"line":467,"column":99}}],"line":467},"25":{"loc":{"start":{"line":471,"column":73},"end":{"line":471,"column":97}},"type":"binary-expr","locations":[{"start":{"line":471,"column":73},"end":{"line":471,"column":91}},{"start":{"line":471,"column":95},"end":{"line":471,"column":97}}],"line":471},"26":{"loc":{"start":{"line":475,"column":75},"end":{"line":475,"column":102}},"type":"binary-expr","locations":[{"start":{"line":475,"column":75},"end":{"line":475,"column":96}},{"start":{"line":475,"column":100},"end":{"line":475,"column":102}}],"line":475},"27":{"loc":{"start":{"line":603,"column":8},"end":{"line":612,"column":9}},"type":"if","locations":[{"start":{"line":603,"column":8},"end":{"line":612,"column":9}},{"start":{"line":606,"column":15},"end":{"line":612,"column":9}}],"line":603},"28":{"loc":{"start":{"line":606,"column":15},"end":{"line":612,"column":9}},"type":"if","locations":[{"start":{"line":606,"column":15},"end":{"line":612,"column":9}},{"start":{"line":609,"column":15},"end":{"line":612,"column":9}}],"line":606},"29":{"loc":{"start":{"line":624,"column":4},"end":{"line":628,"column":5}},"type":"if","locations":[{"start":{"line":624,"column":4},"end":{"line":628,"column":5}},{"start":{"line":626,"column":11},"end":{"line":628,"column":5}}],"line":624},"30":{"loc":{"start":{"line":624,"column":8},"end":{"line":624,"column":51}},"type":"binary-expr","locations":[{"start":{"line":624,"column":8},"end":{"line":624,"column":19}},{"start":{"line":624,"column":23},"end":{"line":624,"column":51}}],"line":624},"31":{"loc":{"start":{"line":639,"column":4},"end":{"line":669,"column":5}},"type":"if","locations":[{"start":{"line":639,"column":4},"end":{"line":669,"column":5}},{"start":{"line":665,"column":11},"end":{"line":669,"column":5}}],"line":639},"32":{"loc":{"start":{"line":639,"column":8},"end":{"line":639,"column":32}},"type":"binary-expr","locations":[{"start":{"line":639,"column":8},"end":{"line":639,"column":19}},{"start":{"line":639,"column":23},"end":{"line":639,"column":32}}],"line":639},"33":{"loc":{"start":{"line":641,"column":8},"end":{"line":641,"column":69}},"type":"if","locations":[{"start":{"line":641,"column":8},"end":{"line":641,"column":69}},{"start":{},"end":{}}],"line":641},"34":{"loc":{"start":{"line":642,"column":8},"end":{"line":642,"column":60}},"type":"if","locations":[{"start":{"line":642,"column":8},"end":{"line":642,"column":60}},{"start":{},"end":{}}],"line":642},"35":{"loc":{"start":{"line":649,"column":8},"end":{"line":649,"column":77}},"type":"if","locations":[{"start":{"line":649,"column":8},"end":{"line":649,"column":77}},{"start":{},"end":{}}],"line":649},"36":{"loc":{"start":{"line":649,"column":45},"end":{"line":649,"column":76}},"type":"binary-expr","locations":[{"start":{"line":649,"column":45},"end":{"line":649,"column":66}},{"start":{"line":649,"column":70},"end":{"line":649,"column":76}}],"line":649},"37":{"loc":{"start":{"line":652,"column":37},"end":{"line":652,"column":79}},"type":"binary-expr","locations":[{"start":{"line":652,"column":37},"end":{"line":652,"column":58}},{"start":{"line":652,"column":62},"end":{"line":652,"column":79}}],"line":652},"38":{"loc":{"start":{"line":653,"column":8},"end":{"line":653,"column":66}},"type":"if","locations":[{"start":{"line":653,"column":8},"end":{"line":653,"column":66}},{"start":{},"end":{}}],"line":653},"39":{"loc":{"start":{"line":656,"column":8},"end":{"line":664,"column":9}},"type":"if","locations":[{"start":{"line":656,"column":8},"end":{"line":664,"column":9}},{"start":{},"end":{}}],"line":656},"40":{"loc":{"start":{"line":657,"column":12},"end":{"line":663,"column":13}},"type":"if","locations":[{"start":{"line":657,"column":12},"end":{"line":663,"column":13}},{"start":{"line":659,"column":19},"end":{"line":663,"column":13}}],"line":657},"41":{"loc":{"start":{"line":659,"column":19},"end":{"line":663,"column":13}},"type":"if","locations":[{"start":{"line":659,"column":19},"end":{"line":663,"column":13}},{"start":{"line":661,"column":19},"end":{"line":663,"column":13}}],"line":659},"42":{"loc":{"start":{"line":667,"column":8},"end":{"line":667,"column":68}},"type":"if","locations":[{"start":{"line":667,"column":8},"end":{"line":667,"column":68}},{"start":{},"end":{}}],"line":667},"43":{"loc":{"start":{"line":668,"column":8},"end":{"line":668,"column":60}},"type":"if","locations":[{"start":{"line":668,"column":8},"end":{"line":668,"column":60}},{"start":{},"end":{}}],"line":668},"44":{"loc":{"start":{"line":674,"column":4},"end":{"line":674,"column":26}},"type":"if","locations":[{"start":{"line":674,"column":4},"end":{"line":674,"column":26}},{"start":{},"end":{}}],"line":674},"45":{"loc":{"start":{"line":677,"column":4},"end":{"line":681,"column":5}},"type":"if","locations":[{"start":{"line":677,"column":4},"end":{"line":681,"column":5}},{"start":{"line":679,"column":11},"end":{"line":681,"column":5}}],"line":677},"46":{"loc":{"start":{"line":692,"column":4},"end":{"line":703,"column":5}},"type":"if","locations":[{"start":{"line":692,"column":4},"end":{"line":703,"column":5}},{"start":{},"end":{}}],"line":692},"47":{"loc":{"start":{"line":692,"column":8},"end":{"line":692,"column":47}},"type":"binary-expr","locations":[{"start":{"line":692,"column":8},"end":{"line":692,"column":18}},{"start":{"line":692,"column":23},"end":{"line":692,"column":32}},{"start":{"line":692,"column":36},"end":{"line":692,"column":46}}],"line":692},"48":{"loc":{"start":{"line":694,"column":8},"end":{"line":702,"column":9}},"type":"if","locations":[{"start":{"line":694,"column":8},"end":{"line":702,"column":9}},{"start":{"line":700,"column":15},"end":{"line":702,"column":9}}],"line":694},"49":{"loc":{"start":{"line":698,"column":39},"end":{"line":698,"column":74}},"type":"binary-expr","locations":[{"start":{"line":698,"column":39},"end":{"line":698,"column":49}},{"start":{"line":698,"column":53},"end":{"line":698,"column":74}}],"line":698},"50":{"loc":{"start":{"line":709,"column":4},"end":{"line":729,"column":5}},"type":"switch","locations":[{"start":{"line":710,"column":8},"end":{"line":712,"column":18}},{"start":{"line":713,"column":8},"end":{"line":715,"column":18}},{"start":{"line":716,"column":8},"end":{"line":718,"column":18}},{"start":{"line":719,"column":8},"end":{"line":721,"column":18}},{"start":{"line":722,"column":8},"end":{"line":724,"column":18}},{"start":{"line":725,"column":8},"end":{"line":725,"column":21}},{"start":{"line":726,"column":8},"end":{"line":728,"column":18}}],"line":709},"51":{"loc":{"start":{"line":741,"column":4},"end":{"line":743,"column":5}},"type":"if","locations":[{"start":{"line":741,"column":4},"end":{"line":743,"column":5}},{"start":{},"end":{}}],"line":741},"52":{"loc":{"start":{"line":741,"column":8},"end":{"line":741,"column":79}},"type":"binary-expr","locations":[{"start":{"line":741,"column":8},"end":{"line":741,"column":19}},{"start":{"line":741,"column":23},"end":{"line":741,"column":37}},{"start":{"line":741,"column":41},"end":{"line":741,"column":79}}],"line":741}},"s":{"0":0,"1":0,"2":0,"3":0,"4":0,"5":0,"6":0,"7":0,"8":0,"9":0,"10":0,"11":0,"12":0,"13":0,"14":0,"15":0,"16":0,"17":0,"18":0,"19":0,"20":0,"21":0,"22":0,"23":0,"24":0,"25":0,"26":0,"27":0,"28":0,"29":0,"30":0,"31":0,"32":0,"33":0,"34":0,"35":0,"36":0,"37":0,"38":0,"39":0,"40":0,"41":0,"42":0,"43":0,"44":0,"45":0,"46":0,"47":0,"48":0,"49":0,"50":0,"51":0,"52":0,"53":0,"54":0,"55":0,"56":0,"57":0,"58":0,"59":0,"60":0,"61":0,"62":0,"63":0,"64":0,"65":0,"66":0,"67":0,"68":0,"69":0,"70":0,"71":0,"72":0,"73":0,"74":0,"75":0,"76":0,"77":0,"78":0,"79":0,"80":0,"81":
[...]
:{"line":538,"column":25}}},"fnMap":{"0":{"name":"(anonymous_0)","decl":{"start":{"line":8,"column":46},"end":{"line":8,"column":47}},"loc":{"start":{"line":8,"column":57},"end":{"line":12,"column":1}},"line":8},"1":{"name":"initializeDashboard","decl":{"start":{"line":14,"column":9},"end":{"line":14,"column":28}},"loc":{"start":{"line":14,"column":31},"end":{"line":24,"column":1}},"line":14},"2":{"name":"updateUserDisplay","decl":{"start":{"line":26,"column":9},"end":{"line":26,"column":26}},"loc":{"start":{"line":26,"column":29},"end":{"line":34,"column":1}},"line":26},"3":{"name":"showTab","decl":{"start":{"line":37,"column":9},"end":{"line":37,"column":16}},"loc":{"start":{"line":37,"column":26},"end":{"line":53,"column":1}},"line":37},"4":{"name":"(anonymous_4)","decl":{"start":{"line":39,"column":54},"end":{"line":39,"column":55}},"loc":{"start":{"line":39,"column":61},"end":{"line":41,"column":5}},"line":39},"5":{"name":"(anonymous_5)","decl":{"start":{"line":44,"column":53},"end":{"line":44,"column":54}},"loc":{"start":{"line":44,"column":63},"end":{"line":46,"column":5}},"line":44},"6":{"name":"loadEnrolledCourses","decl":{"start":{"line":56,"column":15},"end":{"line":56,"column":34}},"loc":{"start":{"line":56,"column":37},"end":{"line":71,"column":1}},"line":56},"7":{"name":"displayEnrolledCourses","decl":{"start":{"line":73,"column":9},"end":{"line":73,"column":31}},"loc":{"start":{"line":73,"column":41},"end":{"line":105,"column":1}},"line":73},"8":{"name":"(anonymous_8)","decl":{"start":{"line":81,"column":38},"end":{"line":81,"column":39}},"loc":{"start":{"line":81,"column":52},"end":{"line":104,"column":5}},"line":81},"9":{"name":"loadLabEnvironments","decl":{"start":{"line":108,"column":15},"end":{"line":108,"column":34}},"loc":{"start":{"line":108,"column":37},"end":{"line":125,"column":1}},"line":108},"10":{"name":"(anonymous_10)","decl":{"start":{"line":111,"column":48},"end":{"line":111,"column":49}},"loc":{"start":{"line":112,"column":12},"end":{"line":114,"column":34}},"line":112},"11":{"name":"(anonymous_11)","decl":{"start":{"line":113,"column":22},"end":{"line":113,"column":23}},"loc":{"start":{"line":113,"column":34},"end":{"line":113,"column":70}},"line":113},"12":{"name":"(anonymous_12)","decl":{"start":{"line":114,"column":23},"end":{"line":114,"column":24}},"loc":{"start":{"line":114,"column":29},"end":{"line":114,"column":33}},"line":114},"13":{"name":"(anonymous_13)","decl":{"start":{"line":118,"column":44},"end":{"line":118,"column":45}},"loc":{"start":{"line":118,"column":51},"end":{"line":118,"column":63}},"line":118},"14":{"name":"displayLabEnvironments","decl":{"start":{"line":127,"column":9},"end":{"line":127,"column":31}},"loc":{"start":{"line":127,"column":38},"end":{"line":169,"column":1}},"line":127},"15":{"name":"(anonymous_15)","decl":{"start":{"line":135,"column":35},"end":{"line":135,"column":36}},"loc":{"start":{"line":135,"column":48},"end":{"line":168,"column":5}},"line":135},"16":{"name":"viewCourseDetails","decl":{"start":{"line":173,"column":15},"end":{"line":173,"column":32}},"loc":{"start":{"line":173,"column":43},"end":{"line":189,"column":1}},"line":173},"17":{"name":"displayCourseModal","decl":{"start":{"line":191,"column":9},"end":{"line":191,"column":27}},"loc":{"start":{"line":191,"column":55},"end":{"line":247,"column":1}},"line":191},"18":{"name":"(anonymous_18)","decl":{"start":{"line":217,"column":40},"end":{"line":217,"column":41}},"loc":{"start":{"line":217,"column":49},"end":{"line":222,"column":21}},"line":217},"19":{"name":"(anonymous_19)","decl":{"start":{"line":233,"column":46},"end":{"line":233,"column":47}},"loc":{"start":{"line":233,"column":58},"end":{"line":239,"column":21}},"line":233},"20":{"name":"accessLabEnvironment","decl":{"start":{"line":251,"column":15},"end":{"line":251,"column":35}},"loc":{"start":{"line":251,"column":46},"end":{"line":269,"column":1}},"line":251},"21":{"name":"launchLabEnvironment","decl":{"start":{"line":271,"column":9},"end":{"line":271,"column":29}},"loc":{"start":{"line":271,"column":47},"end":{"line":281,"column":1}},"line":271},"22":{"name":"(anonymous_22)","decl":{"start":{"line":275,"column":43},"end":{"line":275,"column":44}},"loc":{"start":{"line":275,"column":50},"end":{"line":275,"column":70}},"line":275},"23":{"name":"displayLabModal","decl":{"start":{"line":283,"column":9},"end":{"line":283,"column":24}},"loc":{"start":{"line":283,"column":40},"end":{"line":354,"column":1}},"line":283},"24":{"name":"(anonymous_24)","decl":{"start":{"line":299,"column":80},"end":{"line":299,"column":81}},"loc":{"start":{"line":299,"column":86},"end":{"line":308,"column":17}},"line":299},"25":{"name":"loadLabExercises","decl":{"start":{"line":356,"column":15},"end":{"line":356,"column":31}},"loc":{"start":{"line":356,"column":42},"end":{"line":367,"column":1}},"line":356},"26":{"name":"displayLabExercises","decl":{"start":{"line":369,"column":9},"end":{"line":369,"column":28}},"loc":{"start":{"line":369,"column":40},"end":{"line":399,"column":1}},"line":369},"27":{"name":"(anonymous_27)","decl":{"start":{"line":377,"column":40},"end":{"line":377,"column":41}},"loc":{"start":{"line":377,"column":52},"end":{"line":398,"column":5}},"line":377},"28":{"name":"(anonymous_28)","decl":{"start":{"line":384,"column":48},"end":{"line":384,"column":49}},"loc":{"start":{"line":384,"column":63},"end":{"line":384,"column":88}},"line":384},"29":{"name":"(anonymous_29)","decl":{"start":{"line":390,"column":41},"end":{"line":390,"column":42}},"loc":{"start":{"line":390,"column":49},"end":{"line":390,"column":67}},"line":390},"30":{"name":"askAI","decl":{"start":{"line":402,"column":15},"end":{"line":402,"column":20}},"loc":{"start":{"line":402,"column":31},"end":{"line":432,"column":1}},"line":402},"31":{"name":"displayAIResponse","decl":{"start":{"line":434,"column":9},"end":{"line":434,"column":26}},"loc":{"start":{"line":434,"column":47},"end":{"line":454,"column":1}},"line":434},"32":{"name":"viewLabDetails","decl":{"start":{"line":457,"column":9},"end":{"line":457,"column":23}},"loc":{"start":{"line":457,"column":31},"end":{"line":462,"column":1}},"line":457},"33":{"name":"(anonymous_33)","decl":{"start":{"line":458,"column":43},"end":{"line":458,"column":44}},"loc":{"start":{"line":458,"column":50},"end":{"line":458,"column":70}},"line":458},"34":{"name":"closeModal","decl":{"start":{"line":466,"column":9},"end":{"line":466,"column":19}},"loc":{"start":{"line":466,"column":22},"end":{"line":468,"column":1}},"line":466},"35":{"name":"closeLabModal","decl":{"start":{"line":471,"column":9},"end":{"line":471,"column":22}},"loc":{"start":{"line":471,"column":25},"end":{"line":473,"column":1}},"line":471},"36":{"name":"displayEmptyState","decl":{"start":{"line":476,"column":9},"end":{"line":476,"column":26}},"loc":{"start":{"line":476,"column":49},"end":{"line":485,"column":1}},"line":476},"37":{"name":"getInitials","decl":{"start":{"line":487,"column":9},"end":{"line":487,"column":20}},"loc":{"start":{"line":487,"column":27},"end":{"line":490,"column":1}},"line":487},"38":{"name":"(anonymous_38)","decl":{"start":{"line":489,"column":31},"end":{"line":489,"column":32}},"loc":{"start":{"line":489,"column":39},"end":{"line":489,"column":46}},"line":489},"39":{"name":"showNotification","decl":{"start":{"line":492,"column":9},"end":{"line":492,"column":25}},"loc":{"start":{"line":492,"column":50},"end":{"line":506,"column":1}},"line":492},"40":{"name":"(anonymous_40)","decl":{"start":{"line":503,"column":15},"end":{"line":503,"column":16}},"loc":{"start":{"line":503,"column":21},"end":{"line":505,"column":5}},"line":503},"41":{"name":"getCurrentUser","decl":{"start":{"line":508,"column":9},"end":{"line":508,"column":23}},"loc":{"start":{"line":508,"column":26},"end":{"line":516,"column":1}},"line":508},"42":{"name":"(anonymous_42)","decl":{"start":{"line":519,"column":17},"end":{"line":519,"column":18}},"loc":{"start":{"line":519,"column":33},"end":{"line":529,"column":1}},"line":519},"43":{"name":"(anonymous_43)","decl":{"start":{"line":532,"column":35},"end":{"line":532,"column":36}},"loc":{"start":{"line":532,"column":47},"end":{"line":540,"column":1}},"line":532}},"branchMap":{"0":{"loc":{"start":{"line":17,"column":4},"end":{"line":20,"column":5}},"type":"if","locations":[{"start":{"line":17,"column":4},"end":{"line":20,"column":5}},{"start":{},"end":{}}],"line":17},"1":{"loc":{"start":{"line":30,"column":4},"end":{"line":33,"column":5}},"type":"if","locations":[{"start":{"line":30,"column":4},"end":{"line":33,"column":5}},{"start":{},"end":{}}],"line":30},"2":{"loc":{"start":{"line":31,"column":31},"end":{"line":31,"column":65}},"type":"binary-expr","locations":[{"start":{"line":31,"column":31},"end":{"line":31,"column":52}},{"start":{"line":31,"column":56},"end":{"line":31,"column":65}}],"line":31},"3":{"loc":{"start":{"line":32,"column":49},"end":{"line":32,"column":83}},"type":"binary-expr","locations":[{"start":{"line":32,"column":49},"end":{"line":32,"column":70}},{"start":{"line":32,"column":74},"end":{"line":32,"column":83}}],"line":32},"4":{"loc":{"start":{"line":60,"column":8},"end":{"line":66,"column":9}},"type":"if","locations":[{"start":{"line":60,"column":8},"end":{"line":66,"column":9}},{"start":{"line":64,"column":15},"end":{"line":66,"column":9}}],"line":60},"5":{"loc":{"start":{"line":62,"column":30},"end":{"line":62,"column":54}},"type":"binary-expr","locations":[{"start":{"line":62,"column":30},"end":{"line":62,"column":48}},{"start":{"line":62,"column":52},"end":{"line":62,"column":54}}],"line":62},"6":{"loc":{"start":{"line":76,"column":4},"end":{"line":79,"column":5}},"type":"if","locations":[{"start":{"line":76,"column":4},"end":{"line":79,"column":5}},{"start":{},"end":{}}],"line":76},"7":{"loc":{"start":{"line":76,"column":8},"end":{"line":76,"column":40}},"type":"binary-expr","locations":[{"start":{"line":76,"column":8},"end":{"line":76,"column":16}},{"start":{"line":76,"column":20},"end":{"line":76,"column":40}}],"line":76},"8":{"loc":{"start":{"line":113,"column":34},"end":{"line":113,"column":70}},"type":"cond-expr","locations":[{"start":{"line":113,"column":48},"end":{"line":113,"column":63}},{"start":{"line":113,"column":66},"end":{"line":113,"column":70}}],"line":113},"9":{"loc":{"start":{"line":130,"column":4},"end":{"line":133,"column":5}},"type":"if","locations":[{"start":{"line":130,"column":4},"end":{"line":133,"column":5}},{"start":{},"end":{}}],"line":130},"10":{"loc":{"start":{"line":130,"column":8},"end":{"line":130,"column":34}},"type":"binary-expr","locations":[{"start":{"line":130,"column":8},"end":{"line":130,"column":13}},{"start":{"line":130,"column":17},"end":{"line":130,"column":34}}],"line":130},"11":{"loc":{"start":{"line":139,"column":41},"end":{"line":139,"column":89}},"type":"cond-expr","locations":[{"start":{"line":139,"column":68},"end":{"line":139,"column":76}},{"start":{"line":139,"column":79},"end":{"line":139,"column":89}}],"line":139},"12":{"loc":{"start":{"line":140,"column":22},"end":{"line":140,"column":83}},"type":"cond-expr","locations":[{"start":{"line":140,"column":49},"end":{"line":140,"column":65}},{"start":{"line":140,"column":68},"end":{"line":140,"column":83}}],"line":140},"13":{"loc":{"start":{"line":160,"column":26},"end":{"line":160,"column":69}},"type":"cond-expr","locations":[{"start":{"line":160,"column":54},"end":{"line":160,"column":64}},{"start":{"line":160,"column":67},"end":{"line":160,"column":69}}],"line":160},"14":{"loc":{"start":{"line":180,"column":23},"end":{"line":180,"column":77}},"type":"cond-expr","locations":[{"start":{"line":180,"column":43},"end":{"line":180,"column":70}},{"start":{"line":180,"column":73},"end":{"line":180,"column":77}}],"line":180},"15":{"loc":{"start":{"line":181,"column":23},"end":{"line":181,"column":77}},"type":"cond-expr","locations":[{"start":{"line":181,"column":43},"end":{"line":181,"column":70}},{"start":{"line":181,"column":73},"end":{"line":181,"column":77}}],"line":181},"16":{"loc":{"start":{"line":182,"column":26},"end":{"line":182,"column":86}},"type":"cond-expr","locations":[{"start":{"line":182,"column":49},"end":{"line":182,"column":79}},{"start":{"line":182,"column":82},"end":{"line":182,"column":86}}],"line":182},"17":{"loc":{"start":{"line":196,"column":24},"end":{"line":196,"column":64}},"type":"cond-expr","locations":[{"start":{"line":196,"column":33},"end":{"line":196,"column":45}},{"start":{"line":196,"column":48},"end":{"line":196,"column":64}}],"line":196},"18":{"loc":{"start":{"line":200,"column":4},"end":{"line":210,"column":5}},"type":"if","locations":[{"start":{"line":200,"column":4},"end":{"line":210,"column":5}},{"start":{},"end":{}}],"line":200},"19":{"loc":{"start":{"line":212,"column":4},"end":{"line":226,"column":5}},"type":"if","locations":[{"start":{"line":212,"column":4},"end":{"line":226,"column":5}},{"start":{},"end":{}}],"line":212},"20":{"loc":{"start":{"line":212,"column":8},"end":{"line":212,"column":31}},"type":"binary-expr","locations":[{"start":{"line":212,"column":8},"end":{"line":212,"column":14}},{"start":{"line":212,"column":18},"end":{"line":212,"column":31}}],"line":212},"21":{"loc":{"start":{"line":228,"column":4},"end":{"line":243,"column":5}},"type":"if","locations":[{"start":{"line":228,"column":4},"end":{"line":243,"column":5}},{"start":{},"end":{}}],"line":228},"22":{"loc":{"start":{"line":228,"column":8},"end":{"line":228,"column":40}},"type":"binary-expr","locations":[{"start":{"line":228,"column":8},"end":{"line":228,"column":17}},{"start":{"line":228,"column":21},"end":{"line":228,"column":40}}],"line":228},"23":{"loc":{"start":{"line":245,"column":24},"end":{"line":245,"column":77}},"type":"binary-expr","locations":[{"start":{"line":245,"column":24},"end":{"line":245,"column":36}},{"start":{"line":245,"column":40},"end":{"line":245,"column":77}}],"line":245},"24":{"loc":{"start":{"line":255,"column":8},"end":{"line":264,"column":9}},"type":"if","locations":[{"start":{"line":255,"column":8},"end":{"line":264,"column":9}},{"start":{"line":262,"column":15},"end":{"line":264,"column":9}}],"line":255},"25":{"loc":{"start":{"line":257,"column":12},"end":{"line":261,"column":13}},"type":"if","locations":[{"start":{"line":257,"column":12},"end":{"line":261,"column":13}},{"start":{"line":259,"column":19},"end":{"line":261,"column":13}}],"line":257},"26":{"loc":{"start":{"line":276,"column":4},"end":{"line":280,"column":5}},"type":"if","locations":[{"start":{"line":276,"column":4},"end":{"line":280,"column":5}},{"start":{"line":278,"column":11},"end":{"line":280,"column":5}}],"line":276},"27":{"loc":{"start":{"line":299,"column":18},"end":{"line":308,"column":68}},"type":"cond-expr","locations":[{"start":{"line":299,"column":48},"end":{"line":308,"column":27}},{"start":{"line":308,"column":30},"end":{"line":308,"column":68}}],"line":299},"28":{"loc":{"start":{"line":359,"column":8},"end":{"line":362,"column":9}},"type":"if","locations":[{"start":{"line":359,"column":8},"end":{"line":362,"column":9}},{"start":{},"end":{}}],"line":359},"29":{"loc":{"start":{"line":372,"column":4},"end":{"line":375,"column":5}},"type":"if","locations":[{"start":{"line":372,"column":4},"end":{"line":375,"column":5}},{"start":{},"end":{}}],"line":372},"30":{"loc":{"start":{"line":372,"column":8},"end":{"line":372,"column":44}},"type":"binary-expr","locations":[{"start":{"line":372,"column":8},"end":{"line":372,"column":18}},{"start":{"line":372,"column":22},"end":{"line":372,"column":44}}],"line":372},"31":{"loc":{"start":{"line":406,"column":4},"end":{"line":406,"column":26}},"type":"if","locations":[{"start":{"line":406,"column":4},"end":{"line":406,"column":26}},{"start":{},"end":{}}],"line":406},"32":{"loc":{"start":{"line":420,"column":8},"end":{"line":425,"column":9}},"type":"if","locations":[{"start":{"line":420,"column":8},"end":{"line":425,"column":9}},{"start":{"line":423,"column":15},"end":{"line":425,"column":9}}],"line":420},"33":{"loc":{"start":{"line":459,"column":4},"end":{"line":461,"column":5}},"type":"if","locations":[{"start":{"line":459,"column":4},"end":{"line":461,"column":5}},{"start":{},"end":{}}],"line":459},"34":{"loc":{"start":{"line":488,"column":4},"end":{"line":488,"column":27}},"type":"if","locations":[{"start":{"line":488,"column":4},"end":{"line":488,"column":27}},{"start":{},"end":{}}],"line":488},"35":{"loc":{"start":{"line":492,"column":35},"end":{"line":492,"column":48}},"type":"default-arg","locations":[{"start":{"line":492,"column":42},"end":{"line":492,"column":48}}],"line":492},"36":{"loc":{"start":{"line":496,"column":27},"end":{"line":496,"column":99}},"type":"cond-expr","locations":[{"start":{"line":496,"column":48},"end":{"line":496,"column":55}},{"start":{"line":496,"column":58},"end":{"line":496,"column":99}}],"line":496},"37":{"loc":{"start":{"line":496,"column":58},"end":{"line":496,"column":99}},"type":"cond-expr","locations":[{"start":{"line":496,"column":77},"end":{"line":496,"column":90}},{"start":{"line":496,"column":93},"end":{"line":496,"column":99}}],"line":496},"38":{"loc":{"start":{"line":511,"column":15},"end":{"line":511,"column":51}},"type":"cond-expr","locations":[{"start":{"line":511,"column":25},"end":{"line":511,"column":44}},{"start":{"line":511,"column":47},"end":{"line":511,"column":51}}],"line":511},"39":{"loc":{"start":{"line":523,"column":4},"end":{"line":525,"column":5}},"type":"if","locations":[{"start":{"line":523,"column":4},"end":{"line":525,"column":5}},{"start":{},"end":{}}],"line":523},"40":{"loc":{"start":{"line":526,"column":4},"end":{"line":528,"column":5}},"type":"if","locations":[{"start":{"line":526,"column":4},"end":{"line":528,"column":5}},{"start":{},"end":{}}],"line":526},"41":{"loc":{"start":{"line":533,"column":4},"end":{"line":539,"column":5}},"type":"if","locations":[{"start":{"line":533,"column":4},"end":{"line":539,"column":5}},{"start":{},"end":{}}],"line":533}},"s":{"0":0,"1":0,"2":0,"3":0,"4":0,"5":0,"6":0,"7":0,"8":0,"9":0,"10":0,"11":0,"12":0,"13":0,"14":0,"15":0,"16":0,"17":0,"18":0,"19":0,"20":0,"21":0,"22":0,"23":0,"24":0,"25":0,"26":0,"27":0,"28":0,"29":0,"30":0,"31":0,"32":0,"33":0,"34":0,"35":0,"36":0,"37":0,"38":0,"39":0,"40":0,"41":0,"42":0,"43":0,"44":0,"45":0,"46":0,"47":0,"48":0,"49":0,"50":0,"51":0,"52":0,"53":0,"54":0,"55":0,"56":0,"57":0,"58":0,"59":0,"60":0,"61":0,"62":0,"63":0,"64":0,"65":0,"66":0,"67":0,"68":0,"69":0,"70":0,"71":0,"72":0,"73":0,"74":0,"75":0,"76":0,"77":0,"78":0,"79":0,"80":0,"81":0,"82":0,"83":0,"84":0,"85":0,"86":0,"87":0,"88":0,"89":0,"90":0,"91":0,"92":0,"93":0,"94":0,"95":0,"96":0,"97":0,"98":0,"99":0,"100":0,"101":0,"102":0,"103":0,"104":0,"105":0,"106":0,"107":0,"108":0,"109":0,"110":0,"111":0,"112":0,"113":0,"114":0,"115":0,"116":0,"117":0,"118":0,"119":0,"120":0,"121":0,"122":0,"123":0,"124":0,"125":0,"126":0,"127":0,"128":0,"129":0,"130":0,"131":0,"132":0,"133":0,"134":0,"135":0,"136":0,"137":0,"138":0,"139":0,"140":0,"141":0,"142":0,"143":0,"144":0,"145":0,"146":0,"147":0,"148":0,"149":0,"150":0,"151":0,"152":0,"153":0,"154":0,"155":0,"156":0,"157":0,"158":0,"159":0,"160":0,"161":0,"162":0,"163":0,"164":0,"165":0,"166":0,"167":0,"168":0,"169":0,"170":0,"171":0,"172":0,"173":0,"174":0,"175":0},"f":{"0":0,"1":0,"2":0,"3":0,"4":0,"5":0,"6":0,"7":0,"8":0,"9":0,"10":0,"11":0,"12":0,"13":0,"14":0,"15":0,"16":0,"17":0,"18":0,"19":0,"20":0,"21":0,"22":0,"23":0,"24":0,"25":0,"26":0,"27":0,"28":0,"29":0,"30":0,"31":0,"32":0,"33":0,"34":0,"35":0,"36":0,"37":0,"38":0,"39":0,"40":0,"41":0,"42":0,"43":0},"b":{"0":[0,0],"1":[0,0],"2":[0,0],"3":[0,0],"4":[0,0],"5":[0,0],"6":[0,0],"7":[0,0],"8":[0,0],"9":[0,0],"10":[0,0],"11":[0,0],"12":[0,0],"13":[0,0],"14":[0,0],"15":[0,0],"16":[0,0],"17":[0,0],"18":[0,0],"19":[0,0],"20":[0,0],"21":[0,0],"22":[0,0],"23":[0,0],"24":[0,0],"25":[0,0],"26":[0,0],"27":[0,0],"28":[0,0],"29":[0,0],"30":[0,0],"31":[0,0],"32":[0,0],"33":[0,0],"34":[0,0],"35":[0],"36":[0,0],"37":[0,0],"38":[0,0],"39":[0,0],"40":[0,0],"41":[0,0]}}
}
