TN:
SF:frontend/js/admin.js
FN:12,showSection
FN:15,(anonymous_1)
FN:19,(anonymous_2)
FN:36,showAlert
FN:44,(anonymous_4)
FN:50,loadDashboardStats
FN:76,loadUsers
FN:97,displayUsers
FN:101,(anonymous_8)
FN:119,refreshUsers
FN:126,editUser
FN:156,closeModal
FN:162,deleteUser
FN:188,(anonymous_13)
FN:223,(anonymous_14)
FN:260,(anonymous_15)
FN:268,(anonymous_16)
FN:274,logout
FNF:18
FNH:0
FNDA:0,showSection
FNDA:0,(anonymous_1)
FNDA:0,(anonymous_2)
FNDA:0,showAlert
FNDA:0,(anonymous_4)
FNDA:0,loadDashboardStats
FNDA:0,loadUsers
FNDA:0,displayUsers
FNDA:0,(anonymous_8)
FNDA:0,refreshUsers
FNDA:0,editUser
FNDA:0,closeModal
FNDA:0,deleteUser
FNDA:0,(anonymous_13)
FNDA:0,(anonymous_14)
FNDA:0,(anonymous_15)
FNDA:0,(anonymous_16)
FNDA:0,logout
DA:1,0
DA:2,0
DA:5,0
DA:6,0
DA:7,0
DA:14,0
DA:15,0
DA:18,0
DA:19,0
DA:22,0
DA:25,0
DA:28,0
DA:29,0
DA:30,0
DA:31,0
DA:37,0
DA:38,0
DA:39,0
DA:40,0
DA:41,0
DA:44,0
DA:45,0
DA:51,0
DA:52,0
DA:58,0
DA:59,0
DA:62,0
DA:64,0
DA:65,0
DA:66,0
DA:67,0
DA:68,0
DA:71,0
DA:77,0
DA:78,0
DA:84,0
DA:85,0
DA:88,0
DA:89,0
DA:92,0
DA:98,0
DA:99,0
DA:101,0
DA:102,0
DA:103,0
DA:113,0
DA:120,0
DA:121,0
DA:127,0
DA:128,0
DA:134,0
DA:135,0
DA:138,0
DA:141,0
DA:142,0
DA:143,0
DA:144,0
DA:145,0
DA:148,0
DA:151,0
DA:157,0
DA:163,0
DA:164,0
DA:167,0
DA:168,0
DA:175,0
DA:176,0
DA:179,0
DA:180,0
DA:183,0
DA:188,0
DA:189,0
DA:191,0
DA:192,0
DA:199,0
DA:200,0
DA:209,0
DA:210,0
DA:211,0
DA:214,0
DA:215,0
DA:218,0
DA:223,0
DA:224,0
DA:226,0
DA:227,0
DA:228,0
DA:235,0
DA:236,0
DA:245,0
DA:246,0
DA:247,0
DA:250,0
DA:251,0
DA:252,0
DA:255,0
DA:260,0
DA:261,0
DA:262,0
DA:263,0
DA:268,0
DA:269,0
DA:275,0
DA:276,0
LF:104
LH:0
BRDA:5,0,0,0
BRDA:5,0,1,0
BRDA:28,1,0,0
BRDA:28,1,1,0
BRDA:30,2,0,0
BRDA:30,2,1,0
BRDA:36,3,0,0
BRDA:58,4,0,0
BRDA:58,4,1,0
BRDA:84,5,0,0
BRDA:84,5,1,0
BRDA:107,6,0,0
BRDA:107,6,1,0
BRDA:134,7,0,0
BRDA:134,7,1,0
BRDA:163,8,0,0
BRDA:163,8,1,0
BRDA:175,9,0,0
BRDA:175,9,1,0
BRDA:209,10,0,0
BRDA:209,10,1,0
BRDA:211,11,0,0
BRDA:211,11,1,0
BRDA:245,12,0,0
BRDA:245,12,1,0
BRDA:247,13,0,0
BRDA:247,13,1,0
BRDA:262,14,0,0
BRDA:262,14,1,0
BRF:29
BRH:0
end_of_record
TN:
SF:frontend/js/instructor-dashboard.js
FN:7,(anonymous_0)
FN:13,initializeDashboard
FN:28,setupEventListeners
FN:37,updateUserDisplay
FN:48,showTab
FN:50,(anonymous_5)
FN:55,(anonymous_6)
FN:67,loadUserCourses
FN:86,displayCourses
FN:103,(anonymous_9)
FN:132,handleCourseCreation
FN:179,generateCourseContent
FN:181,(anonymous_12)
FN:241,loadCoursesForSelector
FN:255,(anonymous_14)
FN:262,handleSingleEnrollment
FN:299,handleBulkEnrollment
FN:310,(anonymous_17)
FN:310,(anonymous_18)
FN:350,loadCourseStudents
FN:372,displayEnrolledStudents
FN:395,(anonymous_21)
FN:414,removeStudent
FN:438,resetForm
FN:443,manageCourse
FN:449,viewCourseStudents
FN:456,getInitials
FN:458,(anonymous_27)
FN:461,showNotification
FN:475,(anonymous_29)
FN:481,getCurrentUser
FN:492,(anonymous_31)
FNF:32
FNH:0
FNDA:0,(anonymous_0)
FNDA:0,initializeDashboard
FNDA:0,setupEventListeners
FNDA:0,updateUserDisplay
FNDA:0,showTab
FNDA:0,(anonymous_5)
FNDA:0,(anonymous_6)
FNDA:0,loadUserCourses
FNDA:0,displayCourses
FNDA:0,(anonymous_9)
FNDA:0,handleCourseCreation
FNDA:0,generateCourseContent
FNDA:0,(anonymous_12)
FNDA:0,loadCoursesForSelector
FNDA:0,(anonymous_14)
FNDA:0,handleSingleEnrollment
FNDA:0,handleBulkEnrollment
FNDA:0,(anonymous_17)
FNDA:0,(anonymous_18)
FNDA:0,loadCourseStudents
FNDA:0,displayEnrolledStudents
FNDA:0,(anonymous_21)
FNDA:0,removeStudent
FNDA:0,resetForm
FNDA:0,manageCourse
FNDA:0,viewCourseStudents
FNDA:0,getInitials
FNDA:0,(anonymous_27)
FNDA:0,showNotification
FNDA:0,(anonymous_29)
FNDA:0,getCurrentUser
FNDA:0,(anonymous_31)
DA:3,0
DA:4,0
DA:7,0
DA:8,0
DA:9,0
DA:10,0
DA:15,0
DA:16,0
DA:17,0
DA:18,0
DA:22,0
DA:25,0
DA:30,0
DA:33,0
DA:34,0
DA:38,0
DA:39,0
DA:41,0
DA:42,0
DA:43,0
DA:50,0
DA:51,0
DA:55,0
DA:56,0
DA:60,0
DA:63,0
DA:68,0
DA:69,0
DA:70,0
DA:76,0
DA:77,0
DA:78,0
DA:81,0
DA:82,0
DA:87,0
DA:89,0
DA:90,0
DA:100,0
DA:103,0
DA:133,0
DA:135,0
DA:136,0
DA:145,0
DA:146,0
DA:147,0
DA:156,0
DA:157,0
DA:158,0
DA:161,0
DA:164,0
DA:165,0
DA:168,0
DA:170,0
DA:173,0
DA:174,0
DA:180,0
DA:181,0
DA:182,0
DA:184,0
DA:187,0
DA:201,0
DA:217,0
DA:229,0
DA:230,0
DA:232,0
DA:235,0
DA:236,0
DA:242,0
DA:243,0
DA:244,0
DA:250,0
DA:251,0
DA:252,0
DA:254,0
DA:255,0
DA:258,0
DA:263,0
DA:265,0
DA:266,0
DA:267,0
DA:268,0
DA:271,0
DA:272,0
DA:277,0
DA:278,0
DA:286,0
DA:287,0
DA:288,0
DA:289,0
DA:291,0
DA:294,0
DA:295,0
DA:300,0
DA:302,0
DA:303,0
DA:304,0
DA:305,0
DA:308,0
DA:309,0
DA:310,0
DA:312,0
DA:313,0
DA:314,0
DA:317,0
DA:322,0
DA:323,0
DA:331,0
DA:332,0
DA:333,0
DA:335,0
DA:336,0
DA:339,0
DA:340,0
DA:342,0
DA:345,0
DA:346,0
DA:351,0
DA:352,0
DA:353,0
DA:354,0
DA:357,0
DA:358,0
DA:360,0
DA:361,0
DA:362,0
DA:364,0
DA:367,0
DA:368,0
DA:373,0
DA:375,0
DA:376,0
DA:377,0
DA:380,0
DA:395,0
DA:415,0
DA:416,0
DA:419,0
DA:420,0
DA:424,0
DA:425,0
DA:426,0
DA:428,0
DA:431,0
DA:432,0
DA:439,0
DA:445,0
DA:451,0
DA:452,0
DA:453,0
DA:457,0
DA:458,0
DA:463,0
DA:464,0
DA:465,0
DA:472,0
DA:475,0
DA:476,0
DA:482,0
DA:483,0
DA:484,0
DA:486,0
DA:487,0
DA:492,0
DA:493,0
DA:494,0
DA:495,0
LF:166
LH:0
BRDA:16,0,0,0
BRDA:16,0,1,0
BRDA:41,1,0,0
BRDA:41,1,1,0
BRDA:42,2,0,0
BRDA:42,2,1,0
BRDA:43,3,0,0
BRDA:43,3,1,0
BRDA:76,4,0,0
BRDA:76,4,1,0
BRDA:89,5,0,0
BRDA:89,5,1,0
BRDA:89,6,0,0
BRDA:89,6,1,0
BRDA:107,7,0,0
BRDA:107,7,1,0
BRDA:108,8,0,0
BRDA:108,8,1,0
BRDA:156,9,0,0
BRDA:156,9,1,0
BRDA:182,10,0,0
BRDA:182,10,1,0
BRDA:229,11,0,0
BRDA:229,11,1,0
BRDA:229,12,0,0
BRDA:229,12,1,0
BRDA:229,12,2,0
BRDA:250,13,0,0
BRDA:250,13,1,0
BRDA:266,14,0,0
BRDA:266,14,1,0
BRDA:286,15,0,0
BRDA:286,15,1,0
BRDA:303,16,0,0
BRDA:303,16,1,0
BRDA:312,17,0,0
BRDA:312,17,1,0
BRDA:331,18,0,0
BRDA:331,18,1,0
BRDA:335,19,0,0
BRDA:335,19,1,0
BRDA:352,20,0,0
BRDA:352,20,1,0
BRDA:360,21,0,0
BRDA:360,21,1,0
BRDA:375,22,0,0
BRDA:375,22,1,0
BRDA:375,23,0,0
BRDA:375,23,1,0
BRDA:415,24,0,0
BRDA:415,24,1,0
BRDA:424,25,0,0
BRDA:424,25,1,0
BRDA:457,26,0,0
BRDA:457,26,1,0
BRDA:461,27,0,0
BRDA:466,28,0,0
BRDA:466,28,1,0
BRDA:466,29,0,0
BRDA:466,29,1,0
BRDA:484,30,0,0
BRDA:484,30,1,0
BRDA:493,31,0,0
BRDA:493,31,1,0
BRF:64
BRH:0
end_of_record
TN:
SF:frontend/js/main.js
FN:10,showLoginModal
FN:15,showRegisterModal
FN:21,toggleAccountDropdown
FN:30,closeAccountDropdown
FN:39,logout
FN:53,loadCourses
FN:64,displayCourses
FN:70,(anonymous_7)
FN:83,viewCourse
FN:104,showCreateCourse
FN:130,(anonymous_10)
FN:162,showHome
FN:173,showLogin
FN:198,(anonymous_13)
FN:273,showRegister
FN:320,(anonymous_15)
FN:364,togglePasswordVisibility
FN:380,setupPasswordVisibilityToggle
FN:382,(anonymous_18)
FN:386,(anonymous_19)
FN:392,setupPasswordMatchValidation
FN:397,checkPasswordMatch
FN:417,showProfile
FN:451,showSettings
FN:511,showHelp
FN:560,showChangePassword
FN:599,checkPasswordMatch
FN:621,updateNavigation
FN:635,updateAccountSection
FN:673,getInitials
FN:686,checkAuth
FN:707,handleNavigation
FN:737,(anonymous_32)
FN:747,(anonymous_33)
FNF:34
FNH:0
FNDA:0,showLoginModal
FNDA:0,showRegisterModal
FNDA:0,toggleAccountDropdown
FNDA:0,closeAccountDropdown
FNDA:0,logout
FNDA:0,loadCourses
FNDA:0,displayCourses
FNDA:0,(anonymous_7)
FNDA:0,viewCourse
FNDA:0,showCreateCourse
FNDA:0,(anonymous_10)
FNDA:0,showHome
FNDA:0,showLogin
FNDA:0,(anonymous_13)
FNDA:0,showRegister
FNDA:0,(anonymous_15)
FNDA:0,togglePasswordVisibility
FNDA:0,setupPasswordVisibilityToggle
FNDA:0,(anonymous_18)
FNDA:0,(anonymous_19)
FNDA:0,setupPasswordMatchValidation
FNDA:0,checkPasswordMatch
FNDA:0,showProfile
FNDA:0,showSettings
FNDA:0,showHelp
FNDA:0,showChangePassword
FNDA:0,checkPasswordMatch
FNDA:0,updateNavigation
FNDA:0,updateAccountSection
FNDA:0,getInitials
FNDA:0,checkAuth
FNDA:0,handleNavigation
FNDA:0,(anonymous_32)
FNDA:0,(anonymous_33)
DA:1,0
DA:2,0
DA:5,0
DA:6,0
DA:11,0
DA:16,0
DA:22,0
DA:23,0
DA:24,0
DA:31,0
DA:32,0
DA:33,0
DA:40,0
DA:41,0
DA:42,0
DA:43,0
DA:44,0
DA:45,0
DA:46,0
DA:47,0
DA:48,0
DA:54,0
DA:55,0
DA:56,0
DA:57,0
DA:59,0
DA:60,0
DA:65,0
DA:66,0
DA:70,0
DA:84,0
DA:85,0
DA:86,0
DA:88,0
DA:89,0
DA:99,0
DA:100,0
DA:105,0
DA:106,0
DA:130,0
DA:131,0
DA:133,0
DA:134,0
DA:140,0
DA:141,0
DA:149,0
DA:150,0
DA:151,0
DA:153,0
DA:156,0
DA:157,0
DA:163,0
DA:164,0
DA:174,0
DA:175,0
DA:198,0
DA:199,0
DA:201,0
DA:203,0
DA:204,0
DA:212,0
DA:213,0
DA:214,0
DA:215,0
DA:216,0
DA:219,0
DA:220,0
DA:226,0
DA:227,0
DA:228,0
DA:231,0
DA:232,0
DA:233,0
DA:234,0
DA:235,0
DA:236,0
DA:237,0
DA:238,0
DA:239,0
DA:240,0
DA:241,0
DA:243,0
DA:244,0
DA:245,0
DA:246,0
DA:249,0
DA:250,0
DA:251,0
DA:252,0
DA:253,0
DA:256,0
DA:257,0
DA:258,0
DA:259,0
DA:260,0
DA:261,0
DA:264,0
DA:267,0
DA:268,0
DA:274,0
DA:275,0
DA:315,0
DA:318,0
DA:320,0
DA:321,0
DA:323,0
DA:324,0
DA:325,0
DA:328,0
DA:329,0
DA:330,0
DA:333,0
DA:340,0
DA:341,0
DA:349,0
DA:350,0
DA:351,0
DA:353,0
DA:354,0
DA:357,0
DA:358,0
DA:365,0
DA:366,0
DA:368,0
DA:369,0
DA:370,0
DA:371,0
DA:373,0
DA:374,0
DA:375,0
DA:382,0
DA:383,0
DA:386,0
DA:387,0
DA:393,0
DA:394,0
DA:395,0
DA:398,0
DA:399,0
DA:401,0
DA:402,0
DA:403,0
DA:404,0
DA:405,0
DA:406,0
DA:408,0
DA:409,0
DA:413,0
DA:414,0
DA:418,0
DA:419,0
DA:420,0
DA:421,0
DA:424,0
DA:425,0
DA:452,0
DA:453,0
DA:454,0
DA:455,0
DA:458,0
DA:459,0
DA:512,0
DA:513,0
DA:561,0
DA:562,0
DA:595,0
DA:596,0
DA:597,0
DA:600,0
DA:601,0
DA:603,0
DA:604,0
DA:605,0
DA:606,0
DA:607,0
DA:608,0
DA:610,0
DA:611,0
DA:615,0
DA:616,0
DA:623,0
DA:624,0
DA:625,0
DA:627,0
DA:631,0
DA:636,0
DA:637,0
DA:639,0
DA:641,0
DA:642,0
DA:645,0
DA:646,0
DA:647,0
DA:649,0
DA:652,0
DA:653,0
DA:656,0
DA:657,0
DA:658,0
DA:659,0
DA:660,0
DA:662,0
DA:667,0
DA:668,0
DA:674,0
DA:676,0
DA:677,0
DA:678,0
DA:680,0
DA:688,0
DA:689,0
DA:690,0
DA:692,0
DA:693,0
DA:694,0
DA:695,0
DA:696,0
DA:698,0
DA:701,0
DA:708,0
DA:709,0
DA:711,0
DA:712,0
DA:714,0
DA:715,0
DA:717,0
DA:718,0
DA:720,0
DA:721,0
DA:723,0
DA:724,0
DA:727,0
DA:728,0
DA:737,0
DA:738,0
DA:739,0
DA:741,0
DA:742,0
DA:747,0
DA:748,0
DA:749,0
DA:750,0
DA:751,0
DA:754,0
LF:244
LH:0
BRDA:23,0,0,0
BRDA:23,0,1,0
BRDA:32,1,0,0
BRDA:32,1,1,0
BRDA:57,2,0,0
BRDA:57,2,1,0
BRDA:149,3,0,0
BRDA:149,3,1,0
BRDA:212,4,0,0
BRDA:212,4,1,0
BRDA:226,5,0,0
BRDA:226,5,1,0
BRDA:228,6,0,0
BRDA:228,6,1,0
BRDA:231,7,0,0
BRDA:231,7,1,0
BRDA:234,8,0,0
BRDA:234,8,1,0
BRDA:238,9,0,0
BRDA:238,9,1,0
BRDA:328,10,0,0
BRDA:328,10,1,0
BRDA:349,11,0,0
BRDA:349,11,1,0
BRDA:354,12,0,0
BRDA:354,12,1,0
BRDA:368,13,0,0
BRDA:368,13,1,0
BRDA:401,14,0,0
BRDA:401,14,1,0
BRDA:404,15,0,0
BRDA:404,15,1,0
BRDA:418,16,0,0
BRDA:418,16,1,0
BRDA:431,17,0,0
BRDA:431,17,1,0
BRDA:435,18,0,0
BRDA:435,18,1,0
BRDA:436,19,0,0
BRDA:436,19,1,0
BRDA:437,20,0,0
BRDA:437,20,1,0
BRDA:438,21,0,0
BRDA:438,21,1,0
BRDA:438,22,0,0
BRDA:438,22,1,0
BRDA:452,23,0,0
BRDA:452,23,1,0
BRDA:467,24,0,0
BRDA:467,24,1,0
BRDA:471,25,0,0
BRDA:471,25,1,0
BRDA:475,26,0,0
BRDA:475,26,1,0
BRDA:603,27,0,0
BRDA:603,27,1,0
BRDA:606,28,0,0
BRDA:606,28,1,0
BRDA:624,29,0,0
BRDA:624,29,1,0
BRDA:624,30,0,0
BRDA:624,30,1,0
BRDA:639,31,0,0
BRDA:639,31,1,0
BRDA:639,32,0,0
BRDA:639,32,1,0
BRDA:641,33,0,0
BRDA:641,33,1,0
BRDA:642,34,0,0
BRDA:642,34,1,0
BRDA:649,35,0,0
BRDA:649,35,1,0
BRDA:649,36,0,0
BRDA:649,36,1,0
BRDA:652,37,0,0
BRDA:652,37,1,0
BRDA:653,38,0,0
BRDA:653,38,1,0
BRDA:656,39,0,0
BRDA:656,39,1,0
BRDA:657,40,0,0
BRDA:657,40,1,0
BRDA:659,41,0,0
BRDA:659,41,1,0
BRDA:667,42,0,0
BRDA:667,42,1,0
BRDA:668,43,0,0
BRDA:668,43,1,0
BRDA:674,44,0,0
BRDA:674,44,1,0
BRDA:677,45,0,0
BRDA:677,45,1,0
BRDA:692,46,0,0
BRDA:692,46,1,0
BRDA:692,47,0,0
BRDA:692,47,1,0
BRDA:692,47,2,0
BRDA:694,48,0,0
BRDA:694,48,1,0
BRDA:698,49,0,0
BRDA:698,49,1,0
BRDA:709,50,0,0
BRDA:709,50,1,0
BRDA:709,50,2,0
BRDA:709,50,3,0
BRDA:709,50,4,0
BRDA:709,50,5,0
BRDA:709,50,6,0
BRDA:741,51,0,0
BRDA:741,51,1,0
BRDA:741,52,0,0
BRDA:741,52,1,0
BRDA:741,52,2,0
BRF:113
BRH:0
end_of_record
TN:
SF:frontend/js/student-dashboard.js
FN:8,(anonymous_0)
FN:14,initializeDashboard
FN:26,updateUserDisplay
FN:37,showTab
FN:39,(anonymous_4)
FN:44,(anonymous_5)
FN:56,loadEnrolledCourses
FN:73,displayEnrolledCourses
FN:81,(anonymous_8)
FN:108,loadLabEnvironments
FN:111,(anonymous_10)
FN:113,(anonymous_11)
FN:114,(anonymous_12)
FN:118,(anonymous_13)
FN:127,displayLabEnvironments
FN:135,(anonymous_15)
FN:173,viewCourseDetails
FN:191,displayCourseModal
FN:217,(anonymous_18)
FN:233,(anonymous_19)
FN:251,accessLabEnvironment
FN:271,launchLabEnvironment
FN:275,(anonymous_22)
FN:283,displayLabModal
FN:299,(anonymous_24)
FN:356,loadLabExercises
FN:369,displayLabExercises
FN:377,(anonymous_27)
FN:384,(anonymous_28)
FN:390,(anonymous_29)
FN:402,askAI
FN:434,displayAIResponse
FN:457,viewLabDetails
FN:458,(anonymous_33)
FN:466,closeModal
FN:471,closeLabModal
FN:476,displayEmptyState
FN:487,getInitials
FN:489,(anonymous_38)
FN:492,showNotification
FN:503,(anonymous_40)
FN:508,getCurrentUser
FN:519,(anonymous_42)
FN:532,(anonymous_43)
FNF:44
FNH:0
FNDA:0,(anonymous_0)
FNDA:0,initializeDashboard
FNDA:0,updateUserDisplay
FNDA:0,showTab
FNDA:0,(anonymous_4)
FNDA:0,(anonymous_5)
FNDA:0,loadEnrolledCourses
FNDA:0,displayEnrolledCourses
FNDA:0,(anonymous_8)
FNDA:0,loadLabEnvironments
FNDA:0,(anonymous_10)
FNDA:0,(anonymous_11)
FNDA:0,(anonymous_12)
FNDA:0,(anonymous_13)
FNDA:0,displayLabEnvironments
FNDA:0,(anonymous_15)
FNDA:0,viewCourseDetails
FNDA:0,displayCourseModal
FNDA:0,(anonymous_18)
FNDA:0,(anonymous_19)
FNDA:0,accessLabEnvironment
FNDA:0,launchLabEnvironment
FNDA:0,(anonymous_22)
FNDA:0,displayLabModal
FNDA:0,(anonymous_24)
FNDA:0,loadLabExercises
FNDA:0,displayLabExercises
FNDA:0,(anonymous_27)
FNDA:0,(anonymous_28)
FNDA:0,(anonymous_29)
FNDA:0,askAI
FNDA:0,displayAIResponse
FNDA:0,viewLabDetails
FNDA:0,(anonymous_33)
FNDA:0,closeModal
FNDA:0,closeLabModal
FNDA:0,displayEmptyState
FNDA:0,getInitials
FNDA:0,(anonymous_38)
FNDA:0,showNotification
FNDA:0,(anonymous_40)
FNDA:0,getCurrentUser
FNDA:0,(anonymous_42)
FNDA:0,(anonymous_43)
DA:3,0
DA:4,0
DA:5,0
DA:8,0
DA:9,0
DA:10,0
DA:11,0
DA:16,0
DA:17,0
DA:18,0
DA:19,0
DA:23,0
DA:27,0
DA:28,0
DA:30,0
DA:31,0
DA:32,0
DA:39,0
DA:40,0
DA:44,0
DA:45,0
DA:49,0
DA:52,0
DA:57,0
DA:58,0
DA:60,0
DA:61,0
DA:62,0
DA:63,0
DA:65,0
DA:68,0
DA:69,0
DA:74,0
DA:76,0
DA:77,0
DA:78,0
DA:81,0
DA:109,0
DA:111,0
DA:112,0
DA:113,0
DA:114,0
DA:117,0
DA:118,0
DA:120,0
DA:122,0
DA:123,0
DA:128,0
DA:130,0
DA:131,0
DA:132,0
DA:135,0
DA:174,0
DA:176,0
DA:177,0
DA:178,0
DA:180,0
DA:181,0
DA:182,0
DA:184,0
DA:186,0
DA:187,0
DA:192,0
DA:193,0
DA:194,0
DA:196,0
DA:198,0
DA:200,0
DA:201,0
DA:212,0
DA:213,0
DA:217,0
DA:228,0
DA:229,0
DA:233,0
DA:245,0
DA:246,0
DA:252,0
DA:253,0
DA:255,0
DA:256,0
DA:257,0
DA:258,0
DA:260,0
DA:263,0
DA:266,0
DA:267,0
DA:275,0
DA:276,0
DA:277,0
DA:279,0
DA:284,0
DA:285,0
DA:286,0
DA:288,0
DA:290,0
DA:299,0
DA:350,0
DA:353,0
DA:357,0
DA:358,0
DA:359,0
DA:360,0
DA:361,0
DA:364,0
DA:365,0
DA:370,0
DA:372,0
DA:373,0
DA:374,0
DA:377,0
DA:384,0
DA:390,0
DA:403,0
DA:404,0
DA:406,0
DA:408,0
DA:409,0
DA:420,0
DA:421,0
DA:422,0
DA:424,0
DA:427,0
DA:428,0
DA:431,0
DA:435,0
DA:438,0
DA:439,0
DA:440,0
DA:443,0
DA:444,0
DA:445,0
DA:448,0
DA:449,0
DA:450,0
DA:453,0
DA:458,0
DA:459,0
DA:460,0
DA:467,0
DA:472,0
DA:477,0
DA:478,0
DA:488,0
DA:489,0
DA:493,0
DA:494,0
DA:495,0
DA:501,0
DA:503,0
DA:504,0
DA:509,0
DA:510,0
DA:511,0
DA:513,0
DA:514,0
DA:519,0
DA:520,0
DA:521,0
DA:523,0
DA:524,0
DA:526,0
DA:527,0
DA:532,0
DA:533,0
DA:534,0
DA:538,0
LF:167
LH:0
BRDA:17,0,0,0
BRDA:17,0,1,0
BRDA:30,1,0,0
BRDA:30,1,1,0
BRDA:31,2,0,0
BRDA:31,2,1,0
BRDA:32,3,0,0
BRDA:32,3,1,0
BRDA:60,4,0,0
BRDA:60,4,1,0
BRDA:62,5,0,0
BRDA:62,5,1,0
BRDA:76,6,0,0
BRDA:76,6,1,0
BRDA:76,7,0,0
BRDA:76,7,1,0
BRDA:113,8,0,0
BRDA:113,8,1,0
BRDA:130,9,0,0
BRDA:130,9,1,0
BRDA:130,10,0,0
BRDA:130,10,1,0
BRDA:139,11,0,0
BRDA:139,11,1,0
BRDA:140,12,0,0
BRDA:140,12,1,0
BRDA:160,13,0,0
BRDA:160,13,1,0
BRDA:180,14,0,0
BRDA:180,14,1,0
BRDA:181,15,0,0
BRDA:181,15,1,0
BRDA:182,16,0,0
BRDA:182,16,1,0
BRDA:196,17,0,0
BRDA:196,17,1,0
BRDA:200,18,0,0
BRDA:200,18,1,0
BRDA:212,19,0,0
BRDA:212,19,1,0
BRDA:212,20,0,0
BRDA:212,20,1,0
BRDA:228,21,0,0
BRDA:228,21,1,0
BRDA:228,22,0,0
BRDA:228,22,1,0
BRDA:245,23,0,0
BRDA:245,23,1,0
BRDA:255,24,0,0
BRDA:255,24,1,0
BRDA:257,25,0,0
BRDA:257,25,1,0
BRDA:276,26,0,0
BRDA:276,26,1,0
BRDA:299,27,0,0
BRDA:299,27,1,0
BRDA:359,28,0,0
BRDA:359,28,1,0
BRDA:372,29,0,0
BRDA:372,29,1,0
BRDA:372,30,0,0
BRDA:372,30,1,0
BRDA:406,31,0,0
BRDA:406,31,1,0
BRDA:420,32,0,0
BRDA:420,32,1,0
BRDA:459,33,0,0
BRDA:459,33,1,0
BRDA:488,34,0,0
BRDA:488,34,1,0
BRDA:492,35,0,0
BRDA:496,36,0,0
BRDA:496,36,1,0
BRDA:496,37,0,0
BRDA:496,37,1,0
BRDA:511,38,0,0
BRDA:511,38,1,0
BRDA:523,39,0,0
BRDA:523,39,1,0
BRDA:526,40,0,0
BRDA:526,40,1,0
BRDA:533,41,0,0
BRDA:533,41,1,0
BRF:83
BRH:0
end_of_record
