TN:
SF:frontend/js/admin.js
FN:15,handleAuthError
FN:34,showSection
FN:37,(anonymous_2)
FN:41,(anonymous_3)
FN:58,showAlert
FN:66,(anonymous_5)
FN:72,loadDashboardStats
FN:120,loadUsers
FN:146,displayUsers
FN:150,(anonymous_9)
FN:172,refreshUsers
FN:179,editUser
FN:213,closeModal
FN:219,deleteUser
FN:250,(anonymous_14)
FN:291,(anonymous_15)
FN:334,(anonymous_16)
FN:342,(anonymous_17)
FN:348,logout
FN:355,toggleSelectAll
FN:359,(anonymous_20)
FN:366,updateBulkActions
FN:397,bulkDeleteUsers
FN:399,(anonymous_23)
FN:466,filterUsers
FN:477,(anonymous_25)
FN:495,(anonymous_26)
FN:531,updateFilterResults
FN:541,clearFilters
FNF:29
FNH:0
FNDA:0,handleAuthError
FNDA:0,showSection
FNDA:0,(anonymous_2)
FNDA:0,(anonymous_3)
FNDA:0,showAlert
FNDA:0,(anonymous_5)
FNDA:0,loadDashboardStats
FNDA:0,loadUsers
FNDA:0,displayUsers
FNDA:0,(anonymous_9)
FNDA:0,refreshUsers
FNDA:0,editUser
FNDA:0,closeModal
FNDA:0,deleteUser
FNDA:0,(anonymous_14)
FNDA:0,(anonymous_15)
FNDA:0,(anonymous_16)
FNDA:0,(anonymous_17)
FNDA:0,logout
FNDA:0,toggleSelectAll
FNDA:0,(anonymous_20)
FNDA:0,updateBulkActions
FNDA:0,bulkDeleteUsers
FNDA:0,(anonymous_23)
FNDA:0,filterUsers
FNDA:0,(anonymous_25)
FNDA:0,(anonymous_26)
FNDA:0,updateFilterResults
FNDA:0,clearFilters
DA:2,0
DA:3,0
DA:4,0
DA:6,0
DA:7,0
DA:9,0
DA:12,0
DA:16,0
DA:17,0
DA:18,0
DA:19,0
DA:20,0
DA:21,0
DA:23,0
DA:27,0
DA:28,0
DA:29,0
DA:36,0
DA:37,0
DA:40,0
DA:41,0
DA:44,0
DA:47,0
DA:50,0
DA:51,0
DA:52,0
DA:53,0
DA:59,0
DA:60,0
DA:61,0
DA:62,0
DA:63,0
DA:66,0
DA:67,0
DA:73,0
DA:74,0
DA:75,0
DA:76,0
DA:78,0
DA:84,0
DA:86,0
DA:88,0
DA:89,0
DA:92,0
DA:93,0
DA:94,0
DA:97,0
DA:98,0
DA:100,0
DA:101,0
DA:102,0
DA:103,0
DA:104,0
DA:107,0
DA:108,0
DA:111,0
DA:112,0
DA:113,0
DA:114,0
DA:115,0
DA:121,0
DA:122,0
DA:128,0
DA:130,0
DA:131,0
DA:133,0
DA:136,0
DA:137,0
DA:138,0
DA:141,0
DA:147,0
DA:148,0
DA:150,0
DA:151,0
DA:152,0
DA:163,0
DA:167,0
DA:173,0
DA:174,0
DA:180,0
DA:181,0
DA:187,0
DA:189,0
DA:190,0
DA:192,0
DA:195,0
DA:198,0
DA:199,0
DA:200,0
DA:201,0
DA:202,0
DA:205,0
DA:208,0
DA:214,0
DA:220,0
DA:221,0
DA:224,0
DA:225,0
DA:232,0
DA:234,0
DA:235,0
DA:237,0
DA:240,0
DA:241,0
DA:242,0
DA:245,0
DA:250,0
DA:251,0
DA:253,0
DA:254,0
DA:261,0
DA:262,0
DA:271,0
DA:273,0
DA:274,0
DA:277,0
DA:278,0
DA:281,0
DA:282,0
DA:283,0
DA:286,0
DA:291,0
DA:292,0
DA:294,0
DA:295,0
DA:296,0
DA:303,0
DA:304,0
DA:313,0
DA:315,0
DA:316,0
DA:319,0
DA:320,0
DA:323,0
DA:324,0
DA:325,0
DA:326,0
DA:329,0
DA:334,0
DA:335,0
DA:336,0
DA:337,0
DA:342,0
DA:343,0
DA:349,0
DA:350,0
DA:356,0
DA:357,0
DA:359,0
DA:360,0
DA:363,0
DA:367,0
DA:368,0
DA:369,0
DA:370,0
DA:372,0
DA:374,0
DA:375,0
DA:376,0
DA:378,0
DA:379,0
DA:383,0
DA:384,0
DA:385,0
DA:386,0
DA:387,0
DA:388,0
DA:389,0
DA:391,0
DA:392,0
DA:398,0
DA:399,0
DA:401,0
DA:402,0
DA:403,0
DA:406,0
DA:410,0
DA:411,0
DA:414,0
DA:415,0
DA:416,0
DA:417,0
DA:420,0
DA:421,0
DA:422,0
DA:429,0
DA:431,0
DA:432,0
DA:435,0
DA:436,0
DA:437,0
DA:439,0
DA:442,0
DA:443,0
DA:448,0
DA:449,0
DA:452,0
DA:453,0
DA:457,0
DA:458,0
DA:461,0
DA:467,0
DA:468,0
DA:471,0
DA:472,0
DA:473,0
DA:474,0
DA:477,0
DA:479,0
DA:484,0
DA:487,0
DA:491,0
DA:495,0
DA:496,0
DA:498,0
DA:500,0
DA:501,0
DA:503,0
DA:504,0
DA:506,0
DA:507,0
DA:509,0
DA:510,0
DA:512,0
DA:513,0
DA:515,0
DA:516,0
DA:518,0
DA:521,0
DA:525,0
DA:528,0
DA:532,0
DA:533,0
DA:534,0
DA:536,0
DA:542,0
DA:543,0
DA:544,0
DA:545,0
DA:546,0
LF:240
LH:0
BRDA:16,0,0,0
BRDA:16,0,1,0
BRDA:16,1,0,0
BRDA:16,1,1,0
BRDA:27,2,0,0
BRDA:27,2,1,0
BRDA:50,3,0,0
BRDA:50,3,1,0
BRDA:52,4,0,0
BRDA:52,4,1,0
BRDA:58,5,0,0
BRDA:76,6,0,0
BRDA:76,6,1,0
BRDA:86,7,0,0
BRDA:86,7,1,0
BRDA:88,8,0,0
BRDA:88,8,1,0
BRDA:100,9,0,0
BRDA:100,9,1,0
BRDA:101,10,0,0
BRDA:101,10,1,0
BRDA:102,11,0,0
BRDA:102,11,1,0
BRDA:103,12,0,0
BRDA:103,12,1,0
BRDA:104,13,0,0
BRDA:104,13,1,0
BRDA:128,14,0,0
BRDA:128,14,1,0
BRDA:130,15,0,0
BRDA:130,15,1,0
BRDA:157,16,0,0
BRDA:157,16,1,0
BRDA:187,17,0,0
BRDA:187,17,1,0
BRDA:189,18,0,0
BRDA:189,18,1,0
BRDA:220,19,0,0
BRDA:220,19,1,0
BRDA:232,20,0,0
BRDA:232,20,1,0
BRDA:234,21,0,0
BRDA:234,21,1,0
BRDA:271,22,0,0
BRDA:271,22,1,0
BRDA:273,23,0,0
BRDA:273,23,1,0
BRDA:278,24,0,0
BRDA:278,24,1,0
BRDA:313,25,0,0
BRDA:313,25,1,0
BRDA:315,26,0,0
BRDA:315,26,1,0
BRDA:320,27,0,0
BRDA:320,27,1,0
BRDA:336,28,0,0
BRDA:336,28,1,0
BRDA:374,29,0,0
BRDA:374,29,1,0
BRDA:384,30,0,0
BRDA:384,30,1,0
BRDA:387,31,0,0
BRDA:387,31,1,0
BRDA:401,32,0,0
BRDA:401,32,1,0
BRDA:410,33,0,0
BRDA:410,33,1,0
BRDA:429,34,0,0
BRDA:429,34,1,0
BRDA:431,35,0,0
BRDA:431,35,1,0
BRDA:448,36,0,0
BRDA:448,36,1,0
BRDA:452,37,0,0
BRDA:452,37,1,0
BRDA:467,38,0,0
BRDA:467,38,1,0
BRDA:467,39,0,0
BRDA:467,39,1,0
BRDA:479,40,0,0
BRDA:479,40,1,0
BRDA:479,40,2,0
BRDA:484,41,0,0
BRDA:484,41,1,0
BRDA:487,42,0,0
BRDA:487,42,1,0
BRDA:487,42,2,0
BRDA:487,42,3,0
BRDA:487,42,4,0
BRDA:491,43,0,0
BRDA:491,43,1,0
BRDA:491,43,2,0
BRDA:498,44,0,0
BRDA:498,44,1,0
BRDA:498,44,2,0
BRDA:498,44,3,0
BRDA:498,44,4,0
BRDA:498,44,5,0
BRDA:498,44,6,0
BRDA:533,45,0,0
BRDA:533,45,1,0
BRF:101
BRH:0
end_of_record
TN:
SF:frontend/js/config.js
FN:5,(anonymous_0)
FN:44,(anonymous_1)
FN:55,(anonymous_2)
FN:64,(anonymous_3)
FN:68,(anonymous_4)
FN:71,(anonymous_5)
FN:72,(anonymous_6)
FN:79,(anonymous_7)
FN:80,(anonymous_8)
FN:82,(anonymous_9)
FN:83,(anonymous_10)
FN:84,(anonymous_11)
FN:86,(anonymous_12)
FN:87,(anonymous_13)
FN:91,(anonymous_14)
FN:93,(anonymous_15)
FN:94,(anonymous_16)
FN:98,(anonymous_17)
FN:103,(anonymous_18)
FN:104,(anonymous_19)
FN:105,(anonymous_20)
FN:106,(anonymous_21)
FNF:22
FNH:0
FNDA:0,(anonymous_0)
FNDA:0,(anonymous_1)
FNDA:0,(anonymous_2)
FNDA:0,(anonymous_3)
FNDA:0,(anonymous_4)
FNDA:0,(anonymous_5)
FNDA:0,(anonymous_6)
FNDA:0,(anonymous_7)
FNDA:0,(anonymous_8)
FNDA:0,(anonymous_9)
FNDA:0,(anonymous_10)
FNDA:0,(anonymous_11)
FNDA:0,(anonymous_12)
FNDA:0,(anonymous_13)
FNDA:0,(anonymous_14)
FNDA:0,(anonymous_15)
FNDA:0,(anonymous_16)
FNDA:0,(anonymous_17)
FNDA:0,(anonymous_18)
FNDA:0,(anonymous_19)
FNDA:0,(anonymous_20)
FNDA:0,(anonymous_21)
DA:5,0
DA:7,0
DA:8,0
DA:11,0
DA:12,0
DA:16,0
DA:18,0
DA:22,0
DA:26,0
DA:30,0
DA:45,0
DA:46,0
DA:56,0
DA:57,0
DA:64,0
DA:68,0
DA:71,0
DA:72,0
DA:79,0
DA:80,0
DA:82,0
DA:83,0
DA:84,0
DA:86,0
DA:87,0
DA:91,0
DA:93,0
DA:94,0
DA:98,0
DA:103,0
DA:104,0
DA:105,0
DA:106,0
DA:116,0
DA:117,0
LF:35
LH:0
BRDA:7,0,0,0
BRDA:7,0,1,0
BRDA:7,1,0,0
BRDA:7,1,1,0
BRDA:11,2,0,0
BRDA:11,2,1,0
BRDA:16,3,0,0
BRDA:16,3,1,0
BRDA:16,4,0,0
BRDA:16,4,1,0
BRDA:116,5,0,0
BRDA:116,5,1,0
BRF:12
BRH:0
end_of_record
TN:
SF:frontend/js/lab-template.js
FN:7,(anonymous_0)
FN:8,(anonymous_1)
FN:9,(anonymous_2)
FN:57,togglePanel
FN:69,updateLayout
FN:83,(anonymous_5)
FN:124,updateToggleButtons
FN:133,(anonymous_7)
FN:135,(anonymous_8)
FN:145,initializeLab
FN:147,(anonymous_10)
FN:195,initializeProgressTracking
FN:207,(anonymous_12)
FN:214,initializeSandbox
FN:239,(anonymous_14)
FN:249,loadExercises
FN:262,(anonymous_16)
FN:283,(anonymous_17)
FN:289,generateExercisesOnDemand
FN:315,(anonymous_19)
FN:334,loadFallbackExercises
FN:395,displayExercises
FN:422,(anonymous_22)
FN:450,selectExercise
FN:456,(anonymous_24)
FN:463,(anonymous_25)
FN:494,showLabNotesModal
FN:563,(anonymous_27)
FN:572,(anonymous_28)
FN:581,(anonymous_29)
FN:597,(anonymous_30)
FN:683,updateAIAssistantContext
FN:720,(anonymous_32)
FN:728,focusCodeEditor
FN:736,askAIForHelp
FN:737,(anonymous_35)
FN:750,(anonymous_36)
FN:773,toggleSolution
FN:774,(anonymous_38)
FN:805,changeLanguage
FN:854,addToTerminal
FN:877,runCode
FN:904,(anonymous_42)
FN:948,clearCode
FN:982,addMessage
FN:993,sendMessage
FN:1002,(anonymous_46)
FN:1014,(anonymous_47)
FN:1033,(anonymous_48)
FN:1053,handleTerminalInput
FN:1083,executeTerminalCommand
FN:1177,simulateLS
FN:1188,simulateCD
FN:1224,simulateCAT
FN:1238,simulateMKDIR
FN:1245,simulateTOUCH
FN:1253,isCommandAllowed
FN:1258,isPathAllowed
FN:1279,resolvePath
FN:1290,logCommandExecution
FN:1313,validateSandboxAccess
FN:1327,trackExerciseStart
FN:1342,trackExerciseCompletion
FN:1360,trackCodeExecution
FN:1386,updateExerciseUI
FN:1402,loadStudentProgress
FN:1427,(anonymous_66)
FN:1434,loadProgressFromLocalStorage
FN:1450,saveProgressToLocalStorage
FN:1463,saveProgressToServer
FN:1497,calculateTotalLabTime
FN:1505,getProgressSummary
FN:1507,(anonymous_72)
FN:1518,checkForExerciseCompletion
FN:1519,(anonymous_74)
FN:1533,(anonymous_75)
FN:1534,(anonymous_76)
FN:1541,(anonymous_77)
FN:1557,extractKeywords
FN:1574,(anonymous_79)
FN:1582,updateProgressDisplay
FN:1587,(anonymous_81)
FN:1595,clearTerminal
FN:1620,focusTerminalInput
FN:1630,updatePrompt
FN:1637,scrollToBottom
FN:1645,initializeTerminal
FN:1646,(anonymous_87)
FN:1667,(anonymous_88)
FN:1674,(anonymous_89)
FN:1687,initializeLabAfterDOM
FN:1716,(anonymous_91)
FN:1723,(anonymous_92)
FNF:93
FNH:0
FNDA:0,(anonymous_0)
FNDA:0,(anonymous_1)
FNDA:0,(anonymous_2)
FNDA:0,togglePanel
FNDA:0,updateLayout
FNDA:0,(anonymous_5)
FNDA:0,updateToggleButtons
FNDA:0,(anonymous_7)
FNDA:0,(anonymous_8)
FNDA:0,initializeLab
FNDA:0,(anonymous_10)
FNDA:0,initializeProgressTracking
FNDA:0,(anonymous_12)
FNDA:0,initializeSandbox
FNDA:0,(anonymous_14)
FNDA:0,loadExercises
FNDA:0,(anonymous_16)
FNDA:0,(anonymous_17)
FNDA:0,generateExercisesOnDemand
FNDA:0,(anonymous_19)
FNDA:0,loadFallbackExercises
FNDA:0,displayExercises
FNDA:0,(anonymous_22)
FNDA:0,selectExercise
FNDA:0,(anonymous_24)
FNDA:0,(anonymous_25)
FNDA:0,showLabNotesModal
FNDA:0,(anonymous_27)
FNDA:0,(anonymous_28)
FNDA:0,(anonymous_29)
FNDA:0,(anonymous_30)
FNDA:0,updateAIAssistantContext
FNDA:0,(anonymous_32)
FNDA:0,focusCodeEditor
FNDA:0,askAIForHelp
FNDA:0,(anonymous_35)
FNDA:0,(anonymous_36)
FNDA:0,toggleSolution
FNDA:0,(anonymous_38)
FNDA:0,changeLanguage
FNDA:0,addToTerminal
FNDA:0,runCode
FNDA:0,(anonymous_42)
FNDA:0,clearCode
FNDA:0,addMessage
FNDA:0,sendMessage
FNDA:0,(anonymous_46)
FNDA:0,(anonymous_47)
FNDA:0,(anonymous_48)
FNDA:0,handleTerminalInput
FNDA:0,executeTerminalCommand
FNDA:0,simulateLS
FNDA:0,simulateCD
FNDA:0,simulateCAT
FNDA:0,simulateMKDIR
FNDA:0,simulateTOUCH
FNDA:0,isCommandAllowed
FNDA:0,isPathAllowed
FNDA:0,resolvePath
FNDA:0,logCommandExecution
FNDA:0,validateSandboxAccess
FNDA:0,trackExerciseStart
FNDA:0,trackExerciseCompletion
FNDA:0,trackCodeExecution
FNDA:0,updateExerciseUI
FNDA:0,loadStudentProgress
FNDA:0,(anonymous_66)
FNDA:0,loadProgressFromLocalStorage
FNDA:0,saveProgressToLocalStorage
FNDA:0,saveProgressToServer
FNDA:0,calculateTotalLabTime
FNDA:0,getProgressSummary
FNDA:0,(anonymous_72)
FNDA:0,checkForExerciseCompletion
FNDA:0,(anonymous_74)
FNDA:0,(anonymous_75)
FNDA:0,(anonymous_76)
FNDA:0,(anonymous_77)
FNDA:0,extractKeywords
FNDA:0,(anonymous_79)
FNDA:0,updateProgressDisplay
FNDA:0,(anonymous_81)
FNDA:0,clearTerminal
FNDA:0,focusTerminalInput
FNDA:0,updatePrompt
FNDA:0,scrollToBottom
FNDA:0,initializeTerminal
FNDA:0,(anonymous_87)
FNDA:0,(anonymous_88)
FNDA:0,(anonymous_89)
FNDA:0,initializeLabAfterDOM
FNDA:0,(anonymous_91)
FNDA:0,(anonymous_92)
DA:4,0
DA:5,0
DA:7,0
DA:8,0
DA:9,0
DA:15,0
DA:16,0
DA:17,0
DA:18,0
DA:19,0
DA:20,0
DA:21,0
DA:22,0
DA:28,0
DA:31,0
DA:32,0
DA:33,0
DA:34,0
DA:35,0
DA:36,0
DA:39,0
DA:40,0
DA:41,0
DA:42,0
DA:45,0
DA:58,0
DA:59,0
DA:60,0
DA:61,0
DA:62,0
DA:63,0
DA:67,0
DA:70,0
DA:71,0
DA:73,0
DA:74,0
DA:75,0
DA:76,0
DA:80,0
DA:83,0
DA:84,0
DA:87,0
DA:88,0
DA:89,0
DA:90,0
DA:92,0
DA:93,0
DA:95,0
DA:96,0
DA:97,0
DA:99,0
DA:100,0
DA:101,0
DA:104,0
DA:105,0
DA:106,0
DA:107,0
DA:108,0
DA:109,0
DA:110,0
DA:112,0
DA:113,0
DA:115,0
DA:116,0
DA:117,0
DA:119,0
DA:120,0
DA:125,0
DA:126,0
DA:133,0
DA:135,0
DA:136,0
DA:137,0
DA:138,0
DA:139,0
DA:146,0
DA:147,0
DA:150,0
DA:151,0
DA:152,0
DA:153,0
DA:154,0
DA:155,0
DA:158,0
DA:159,0
DA:160,0
DA:161,0
DA:164,0
DA:165,0
DA:166,0
DA:167,0
DA:170,0
DA:172,0
DA:173,0
DA:174,0
DA:177,0
DA:178,0
DA:181,0
DA:182,0
DA:183,0
DA:184,0
DA:187,0
DA:191,0
DA:192,0
DA:196,0
DA:199,0
DA:200,0
DA:204,0
DA:207,0
DA:208,0
DA:211,0
DA:216,0
DA:219,0
DA:220,0
DA:223,0
DA:224,0
DA:228,0
DA:229,0
DA:239,0
DA:240,0
DA:241,0
DA:245,0
DA:250,0
DA:251,0
DA:252,0
DA:254,0
DA:255,0
DA:256,0
DA:258,0
DA:259,0
DA:260,0
DA:261,0
DA:262,0
DA:265,0
DA:266,0
DA:267,0
DA:270,0
DA:271,0
DA:274,0
DA:275,0
DA:278,0
DA:279,0
DA:280,0
DA:283,0
DA:284,0
DA:285,0
DA:290,0
DA:292,0
DA:294,0
DA:296,0
DA:297,0
DA:298,0
DA:301,0
DA:311,0
DA:312,0
DA:313,0
DA:314,0
DA:315,0
DA:317,0
DA:318,0
DA:321,0
DA:324,0
DA:325,0
DA:328,0
DA:329,0
DA:335,0
DA:338,0
DA:339,0
DA:357,0
DA:358,0
DA:378,0
DA:390,0
DA:391,0
DA:396,0
DA:397,0
DA:398,0
DA:400,0
DA:401,0
DA:402,0
DA:403,0
DA:406,0
DA:409,0
DA:410,0
DA:411,0
DA:412,0
DA:413,0
DA:415,0
DA:418,0
DA:419,0
DA:420,0
DA:422,0
DA:435,0
DA:436,0
DA:440,0
DA:441,0
DA:442,0
DA:446,0
DA:451,0
DA:454,0
DA:456,0
DA:457,0
DA:458,0
DA:459,0
DA:463,0
DA:464,0
DA:465,0
DA:466,0
DA:470,0
DA:471,0
DA:472,0
DA:473,0
DA:475,0
DA:476,0
DA:477,0
DA:478,0
DA:479,0
DA:484,0
DA:487,0
DA:490,0
DA:495,0
DA:498,0
DA:499,0
DA:500,0
DA:514,0
DA:515,0
DA:516,0
DA:527,0
DA:563,0
DA:572,0
DA:581,0
DA:597,0
DA:612,0
DA:613,0
DA:614,0
DA:617,0
DA:618,0
DA:679,0
DA:684,0
DA:687,0
DA:701,0
DA:702,0
DA:704,0
DA:705,0
DA:706,0
DA:714,0
DA:719,0
DA:720,0
DA:723,0
DA:729,0
DA:730,0
DA:731,0
DA:737,0
DA:738,0
DA:741,0
DA:742,0
DA:745,0
DA:747,0
DA:750,0
DA:751,0
DA:761,0
DA:766,0
DA:767,0
DA:768,0
DA:769,0
DA:770,0
DA:774,0
DA:775,0
DA:777,0
DA:778,0
DA:780,0
DA:782,0
DA:784,0
DA:785,0
DA:786,0
DA:787,0
DA:788,0
DA:789,0
DA:792,0
DA:793,0
DA:794,0
DA:795,0
DA:796,0
DA:797,0
DA:802,0
DA:806,0
DA:807,0
DA:809,0
DA:810,0
DA:812,0
DA:814,0
DA:815,0
DA:817,0
DA:821,0
DA:822,0
DA:823,0
DA:824,0
DA:825,0
DA:826,0
DA:827,0
DA:828,0
DA:829,0
DA:830,0
DA:831,0
DA:832,0
DA:833,0
DA:834,0
DA:835,0
DA:836,0
DA:837,0
DA:838,0
DA:839,0
DA:840,0
DA:842,0
DA:847,0
DA:851,0
DA:855,0
DA:856,0
DA:858,0
DA:859,0
DA:860,0
DA:861,0
DA:862,0
DA:863,0
DA:865,0
DA:867,0
DA:870,0
DA:871,0
DA:872,0
DA:878,0
DA:880,0
DA:881,0
DA:882,0
DA:885,0
DA:887,0
DA:888,0
DA:889,0
DA:893,0
DA:894,0
DA:897,0
DA:899,0
DA:900,0
DA:902,0
DA:903,0
DA:904,0
DA:905,0
DA:906,0
DA:910,0
DA:913,0
DA:916,0
DA:917,0
DA:919,0
DA:923,0
DA:924,0
DA:925,0
DA:929,0
DA:930,0
DA:934,0
DA:937,0
DA:940,0
DA:945,0
DA:949,0
DA:950,0
DA:951,0
DA:952,0
DA:954,0
DA:955,0
DA:956,0
DA:957,0
DA:958,0
DA:959,0
DA:960,0
DA:961,0
DA:962,0
DA:963,0
DA:964,0
DA:965,0
DA:966,0
DA:967,0
DA:968,0
DA:969,0
DA:971,0
DA:975,0
DA:979,0
DA:983,0
DA:984,0
DA:986,0
DA:987,0
DA:988,0
DA:989,0
DA:990,0
DA:994,0
DA:995,0
DA:997,0
DA:998,0
DA:999,0
DA:1002,0
DA:1003,0
DA:1005,0
DA:1006,0
DA:1007,0
DA:1010,0
DA:1011,0
DA:1013,0
DA:1014,0
DA:1016,0
DA:1018,0
DA:1019,0
DA:1021,0
DA:1022,0
DA:1023,0
DA:1024,0
DA:1026,0
DA:1028,0
DA:1029,0
DA:1031,0
DA:1032,0
DA:1033,0
DA:1035,0
DA:1038,0
DA:1041,0
DA:1044,0
DA:1050,0
DA:1054,0
DA:1055,0
DA:1056,0
DA:1058,0
DA:1059,0
DA:1060,0
DA:1061,0
DA:1064,0
DA:1065,0
DA:1066,0
DA:1067,0
DA:1068,0
DA:1069,0
DA:1071,0
DA:1072,0
DA:1073,0
DA:1074,0
DA:1075,0
DA:1077,0
DA:1078,0
DA:1084,0
DA:1085,0
DA:1088,0
DA:1089,0
DA:1092,0
DA:1094,0
DA:1096,0
DA:1097,0
DA:1098,0
DA:1101,0
DA:1102,0
DA:1103,0
DA:1104,0
DA:1105,0
DA:1106,0
DA:1109,0
DA:1111,0
DA:1113,0
DA:1125,0
DA:1128,0
DA:1129,0
DA:1132,0
DA:1133,0
DA:1136,0
DA:1137,0
DA:1140,0
DA:1141,0
DA:1144,0
DA:1145,0
DA:1148,0
DA:1149,0
DA:1152,0
DA:1153,0
DA:1156,0
DA:1157,0
DA:1160,0
DA:1161,0
DA:1164,0
DA:1165,0
DA:1168,0
DA:1169,0
DA:1172,0
DA:1173,0
DA:1174,0
DA:1179,0
DA:1180,0
DA:1181,0
DA:1182,0
DA:1184,0
DA:1192,0
DA:1193,0
DA:1194,0
DA:1195,0
DA:1196,0
DA:1198,0
DA:1199,0
DA:1200,0
DA:1201,0
DA:1202,0
DA:1204,0
DA:1208,0
DA:1209,0
DA:1210,0
DA:1214,0
DA:1217,0
DA:1218,0
DA:1220,0
DA:1225,0
DA:1226,0
DA:1229,0
DA:1230,0
DA:1231,0
DA:1232,0
DA:1234,0
DA:1239,0
DA:1240,0
DA:1242,0
DA:1246,0
DA:1247,0
DA:1249,0
DA:1254,0
DA:1255,0
DA:1259,0
DA:1262,0
DA:1265,0
DA:1266,0
DA:1270,0
DA:1271,0
DA:1272,0
DA:1276,0
DA:1280,0
DA:1282,0
DA:1283,0
DA:1286,0
DA:1291,0
DA:1300,0
DA:1301,0
DA:1304,0
DA:1305,0
DA:1308,0
DA:1310,0
DA:1314,0
DA:1316,0
DA:1317,0
DA:1323,0
DA:1328,0
DA:1329,0
DA:1338,0
DA:1339,0
DA:1343,0
DA:1344,0
DA:1347,0
DA:1348,0
DA:1349,0
DA:1351,0
DA:1352,0
DA:1355,0
DA:1357,0
DA:1361,0
DA:1362,0
DA:1365,0
DA:1366,0
DA:1369,0
DA:1370,0
DA:1373,0
DA:1379,0
DA:1380,0
DA:1383,0
DA:1387,0
DA:1388,0
DA:1389,0
DA:1390,0
DA:1391,0
DA:1392,0
DA:1393,0
DA:1394,0
DA:1395,0
DA:1396,0
DA:1403,0
DA:1405,0
DA:1411,0
DA:1412,0
DA:1413,0
DA:1414,0
DA:1415,0
DA:1418,0
DA:1421,0
DA:1423,0
DA:1427,0
DA:1428,0
DA:1429,0
DA:1435,0
DA:1436,0
DA:1438,0
DA:1439,0
DA:1440,0
DA:1441,0
DA:1442,0
DA:1443,0
DA:1445,0
DA:1451,0
DA:1453,0
DA:1454,0
DA:1460,0
DA:1464,0
DA:1466,0
DA:1467,0
DA:1476,0
DA:1485,0
DA:1486,0
DA:1488,0
DA:1489,0
DA:1492,0
DA:1493,0
DA:1498,0
DA:1500,0
DA:1501,0
DA:1502,0
DA:1506,0
DA:1507,0
DA:1508,0
DA:1510,0
DA:1519,0
DA:1520,0
DA:1521,0
DA:1525,0
DA:1528,0
DA:1529,0
DA:1530,0
DA:1533,0
DA:1534,0
DA:1537,0
DA:1538,0
DA:1541,0
DA:1542,0
DA:1545,0
DA:1546,0
DA:1549,0
DA:1550,0
DA:1553,0
DA:1559,0
DA:1562,0
DA:1569,0
DA:1571,0
DA:1573,0
DA:1574,0
DA:1575,0
DA:1579,0
DA:1583,0
DA:1586,0
DA:1587,0
DA:1588,0
DA:1592,0
DA:1596,0
DA:1597,0
DA:1598,0
DA:1599,0
DA:1600,0
DA:1601,0
DA:1602,0
DA:1604,0
DA:1605,0
DA:1606,0
DA:1607,0
DA:1608,0
DA:1611,0
DA:1612,0
DA:1613,0
DA:1614,0
DA:1617,0
DA:1621,0
DA:1622,0
DA:1623,0
DA:1628,0
DA:1631,0
DA:1632,0
DA:1633,0
DA:1638,0
DA:1639,0
DA:1640,0
DA:1646,0
DA:1647,0
DA:1652,0
DA:1653,0
DA:1654,0
DA:1655,0
DA:1656,0
DA:1657,0
DA:1658,0
DA:1659,0
DA:1660,0
DA:1661,0
DA:1662,0
DA:1663,0
DA:1664,0
DA:1667,0
DA:1668,0
DA:1669,0
DA:1670,0
DA:1674,0
DA:1675,0
DA:1676,0
DA:1677,0
DA:1678,0
DA:1679,0
DA:1680,0
DA:1681,0
DA:1682,0
DA:1688,0
DA:1691,0
DA:1698,0
DA:1701,0
DA:1702,0
DA:1705,0
DA:1706,0
DA:1710,0
DA:1711,0
DA:1716,0
DA:1717,0
DA:1718,0
DA:1719,0
DA:1722,0
DA:1723,0
DA:1724,0
DA:1725,0
DA:1728,0
DA:1732,0
LF:729
LH:0
BRDA:4,0,0,0
BRDA:4,0,1,0
BRDA:74,1,0,0
BRDA:74,1,1,0
BRDA:95,2,0,0
BRDA:95,2,1,0
BRDA:99,3,0,0
BRDA:99,3,1,0
BRDA:100,4,0,0
BRDA:100,4,1,0
BRDA:101,5,0,0
BRDA:101,5,1,0
BRDA:104,6,0,0
BRDA:104,6,1,0
BRDA:107,7,0,0
BRDA:107,7,1,0
BRDA:108,8,0,0
BRDA:108,8,1,0
BRDA:115,9,0,0
BRDA:115,9,1,0
BRDA:137,10,0,0
BRDA:137,10,1,0
BRDA:147,11,0,0
BRDA:147,11,1,0
BRDA:154,12,0,0
BRDA:154,12,1,0
BRDA:154,12,2,0
BRDA:155,13,0,0
BRDA:155,13,1,0
BRDA:155,13,2,0
BRDA:159,14,0,0
BRDA:159,14,1,0
BRDA:172,15,0,0
BRDA:172,15,1,0
BRDA:182,16,0,0
BRDA:182,16,1,0
BRDA:182,17,0,0
BRDA:182,17,1,0
BRDA:187,18,0,0
BRDA:187,18,1,0
BRDA:188,19,0,0
BRDA:188,19,1,0
BRDA:199,20,0,0
BRDA:199,20,1,0
BRDA:199,21,0,0
BRDA:199,21,1,0
BRDA:223,22,0,0
BRDA:223,22,1,0
BRDA:228,23,0,0
BRDA:228,23,1,0
BRDA:240,24,0,0
BRDA:240,24,1,0
BRDA:258,25,0,0
BRDA:258,25,1,0
BRDA:260,26,0,0
BRDA:260,26,1,0
BRDA:265,27,0,0
BRDA:265,27,1,0
BRDA:296,28,0,0
BRDA:296,28,1,0
BRDA:311,29,0,0
BRDA:311,29,1,0
BRDA:313,30,0,0
BRDA:313,30,1,0
BRDA:338,31,0,0
BRDA:338,31,1,0
BRDA:338,32,0,0
BRDA:338,32,1,0
BRDA:357,33,0,0
BRDA:357,33,1,0
BRDA:357,34,0,0
BRDA:357,34,1,0
BRDA:401,35,0,0
BRDA:401,35,1,0
BRDA:410,36,0,0
BRDA:410,36,1,0
BRDA:418,37,0,0
BRDA:418,37,1,0
BRDA:441,38,0,0
BRDA:441,38,1,0
BRDA:457,39,0,0
BRDA:457,39,1,0
BRDA:465,40,0,0
BRDA:465,40,1,0
BRDA:471,41,0,0
BRDA:471,41,1,0
BRDA:472,42,0,0
BRDA:472,42,1,0
BRDA:472,42,2,0
BRDA:477,43,0,0
BRDA:477,43,1,0
BRDA:543,44,0,0
BRDA:543,44,1,0
BRDA:544,45,0,0
BRDA:544,45,1,0
BRDA:552,46,0,0
BRDA:552,46,1,0
BRDA:559,47,0,0
BRDA:559,47,1,0
BRDA:559,48,0,0
BRDA:559,48,1,0
BRDA:568,49,0,0
BRDA:568,49,1,0
BRDA:568,50,0,0
BRDA:568,50,1,0
BRDA:577,51,0,0
BRDA:577,51,1,0
BRDA:577,52,0,0
BRDA:577,52,1,0
BRDA:586,53,0,0
BRDA:586,53,1,0
BRDA:593,54,0,0
BRDA:593,54,1,0
BRDA:593,55,0,0
BRDA:593,55,1,0
BRDA:693,56,0,0
BRDA:693,56,1,0
BRDA:694,57,0,0
BRDA:694,57,1,0
BRDA:695,58,0,0
BRDA:695,58,1,0
BRDA:702,59,0,0
BRDA:702,59,1,0
BRDA:730,60,0,0
BRDA:730,60,1,0
BRDA:738,61,0,0
BRDA:738,61,1,0
BRDA:742,62,0,0
BRDA:742,62,1,0
BRDA:753,63,0,0
BRDA:753,63,1,0
BRDA:753,64,0,0
BRDA:753,64,1,0
BRDA:775,65,0,0
BRDA:775,65,1,0
BRDA:780,66,0,0
BRDA:780,66,1,0
BRDA:780,67,0,0
BRDA:780,67,1,0
BRDA:782,68,0,0
BRDA:782,68,1,0
BRDA:784,69,0,0
BRDA:784,69,1,0
BRDA:784,69,2,0
BRDA:792,70,0,0
BRDA:792,70,1,0
BRDA:792,70,2,0
BRDA:810,71,0,0
BRDA:810,71,1,0
BRDA:812,72,0,0
BRDA:812,72,1,0
BRDA:814,73,0,0
BRDA:814,73,1,0
BRDA:821,74,0,0
BRDA:821,74,1,0
BRDA:823,75,0,0
BRDA:823,75,1,0
BRDA:825,76,0,0
BRDA:825,76,1,0
BRDA:827,77,0,0
BRDA:827,77,1,0
BRDA:829,78,0,0
BRDA:829,78,1,0
BRDA:831,79,0,0
BRDA:831,79,1,0
BRDA:833,80,0,0
BRDA:833,80,1,0
BRDA:835,81,0,0
BRDA:835,81,1,0
BRDA:837,82,0,0
BRDA:837,82,1,0
BRDA:839,83,0,0
BRDA:839,83,1,0
BRDA:854,84,0,0
BRDA:856,85,0,0
BRDA:856,85,1,0
BRDA:860,86,0,0
BRDA:860,86,1,0
BRDA:862,87,0,0
BRDA:862,87,1,0
BRDA:871,88,0,0
BRDA:871,88,1,0
BRDA:880,89,0,0
BRDA:880,89,1,0
BRDA:887,90,0,0
BRDA:887,90,1,0
BRDA:893,91,0,0
BRDA:893,91,1,0
BRDA:900,92,0,0
BRDA:900,92,1,0
BRDA:916,93,0,0
BRDA:916,93,1,0
BRDA:929,94,0,0
BRDA:929,94,1,0
BRDA:950,95,0,0
BRDA:950,95,1,0
BRDA:951,96,0,0
BRDA:951,96,1,0
BRDA:954,97,0,0
BRDA:954,97,1,0
BRDA:956,98,0,0
BRDA:956,98,1,0
BRDA:958,99,0,0
BRDA:958,99,1,0
BRDA:960,100,0,0
BRDA:960,100,1,0
BRDA:962,101,0,0
BRDA:962,101,1,0
BRDA:964,102,0,0
BRDA:964,102,1,0
BRDA:966,103,0,0
BRDA:966,103,1,0
BRDA:968,104,0,0
BRDA:968,104,1,0
BRDA:984,105,0,0
BRDA:984,105,1,0
BRDA:997,106,0,0
BRDA:997,106,1,0
BRDA:1005,107,0,0
BRDA:1005,107,1,0
BRDA:1010,108,0,0
BRDA:1010,108,1,0
BRDA:1010,109,0,0
BRDA:1010,109,1,0
BRDA:1013,110,0,0
BRDA:1013,110,1,0
BRDA:1013,111,0,0
BRDA:1013,111,1,0
BRDA:1018,112,0,0
BRDA:1018,112,1,0
BRDA:1018,113,0,0
BRDA:1018,113,1,0
BRDA:1021,114,0,0
BRDA:1021,114,1,0
BRDA:1023,115,0,0
BRDA:1023,115,1,0
BRDA:1028,116,0,0
BRDA:1028,116,1,0
BRDA:1028,117,0,0
BRDA:1028,117,1,0
BRDA:1031,118,0,0
BRDA:1031,118,1,0
BRDA:1031,119,0,0
BRDA:1031,119,1,0
BRDA:1054,120,0,0
BRDA:1054,120,1,0
BRDA:1058,121,0,0
BRDA:1058,121,1,0
BRDA:1065,122,0,0
BRDA:1065,122,1,0
BRDA:1067,123,0,0
BRDA:1067,123,1,0
BRDA:1071,124,0,0
BRDA:1071,124,1,0
BRDA:1073,125,0,0
BRDA:1073,125,1,0
BRDA:1085,126,0,0
BRDA:1085,126,1,0
BRDA:1088,127,0,0
BRDA:1088,127,1,0
BRDA:1101,128,0,0
BRDA:1101,128,1,0
BRDA:1101,129,0,0
BRDA:1101,129,1,0
BRDA:1111,130,0,0
BRDA:1111,130,1,0
BRDA:1111,130,2,0
BRDA:1111,130,3,0
BRDA:1111,130,4,0
BRDA:1111,130,5,0
BRDA:1111,130,6,0
BRDA:1111,130,7,0
BRDA:1111,130,8,0
BRDA:1111,130,9,0
BRDA:1111,130,10,0
BRDA:1111,130,11,0
BRDA:1128,131,0,0
BRDA:1128,131,1,0
BRDA:1136,132,0,0
BRDA:1136,132,1,0
BRDA:1179,133,0,0
BRDA:1179,133,1,0
BRDA:1179,134,0,0
BRDA:1179,134,1,0
BRDA:1179,134,2,0
BRDA:1181,135,0,0
BRDA:1181,135,1,0
BRDA:1192,136,0,0
BRDA:1192,136,1,0
BRDA:1192,137,0,0
BRDA:1192,137,1,0
BRDA:1194,138,0,0
BRDA:1194,138,1,0
BRDA:1195,139,0,0
BRDA:1195,139,1,0
BRDA:1198,140,0,0
BRDA:1198,140,1,0
BRDA:1199,141,0,0
BRDA:1199,141,1,0
BRDA:1201,142,0,0
BRDA:1201,142,1,0
BRDA:1209,143,0,0
BRDA:1209,143,1,0
BRDA:1214,144,0,0
BRDA:1214,144,1,0
BRDA:1214,145,0,0
BRDA:1214,145,1,0
BRDA:1214,145,2,0
BRDA:1214,145,3,0
BRDA:1225,146,0,0
BRDA:1225,146,1,0
BRDA:1229,147,0,0
BRDA:1229,147,1,0
BRDA:1229,148,0,0
BRDA:1229,148,1,0
BRDA:1231,149,0,0
BRDA:1231,149,1,0
BRDA:1231,150,0,0
BRDA:1231,150,1,0
BRDA:1239,151,0,0
BRDA:1239,151,1,0
BRDA:1246,152,0,0
BRDA:1246,152,1,0
BRDA:1254,153,0,0
BRDA:1254,153,1,0
BRDA:1259,154,0,0
BRDA:1259,154,1,0
BRDA:1265,155,0,0
BRDA:1265,155,1,0
BRDA:1271,156,0,0
BRDA:1271,156,1,0
BRDA:1280,157,0,0
BRDA:1280,157,1,0
BRDA:1282,158,0,0
BRDA:1282,158,1,0
BRDA:1300,159,0,0
BRDA:1300,159,1,0
BRDA:1304,160,0,0
BRDA:1304,160,1,0
BRDA:1314,161,0,0
BRDA:1314,161,1,0
BRDA:1316,162,0,0
BRDA:1316,162,1,0
BRDA:1328,163,0,0
BRDA:1328,163,1,0
BRDA:1343,164,0,0
BRDA:1343,164,1,0
BRDA:1361,165,0,0
BRDA:1361,165,1,0
BRDA:1369,166,0,0
BRDA:1369,166,1,0
BRDA:1379,167,0,0
BRDA:1379,167,1,0
BRDA:1388,168,0,0
BRDA:1388,168,1,0
BRDA:1389,169,0,0
BRDA:1389,169,1,0
BRDA:1392,170,0,0
BRDA:1392,170,1,0
BRDA:1411,171,0,0
BRDA:1411,171,1,0
BRDA:1413,172,0,0
BRDA:1413,172,1,0
BRDA:1414,173,0,0
BRDA:1414,173,1,0
BRDA:1428,174,0,0
BRDA:1428,174,1,0
BRDA:1438,175,0,0
BRDA:1438,175,1,0
BRDA:1441,176,0,0
BRDA:1441,176,1,0
BRDA:1442,177,0,0
BRDA:1442,177,1,0
BRDA:1451,178,0,0
BRDA:1451,178,1,0
BRDA:1451,179,0,0
BRDA:1451,179,1,0
BRDA:1464,180,0,0
BRDA:1464,180,1,0
BRDA:1464,181,0,0
BRDA:1464,181,1,0
BRDA:1485,182,0,0
BRDA:1485,182,1,0
BRDA:1498,183,0,0
BRDA:1498,183,1,0
BRDA:1508,184,0,0
BRDA:1508,184,1,0
BRDA:1520,185,0,0
BRDA:1520,185,1,0
BRDA:1520,186,0,0
BRDA:1520,186,1,0
BRDA:1528,187,0,0
BRDA:1528,187,1,0
BRDA:1534,188,0,0
BRDA:1534,188,1,0
BRDA:1545,189,0,0
BRDA:1545,189,1,0
BRDA:1571,190,0,0
BRDA:1571,190,1,0
BRDA:1575,191,0,0
BRDA:1575,191,1,0
BRDA:1597,192,0,0
BRDA:1597,192,1,0
BRDA:1604,193,0,0
BRDA:1604,193,1,0
BRDA:1622,194,0,0
BRDA:1622,194,1,0
BRDA:1632,195,0,0
BRDA:1632,195,1,0
BRDA:1639,196,0,0
BRDA:1639,196,1,0
BRDA:1678,197,0,0
BRDA:1678,197,1,0
BRDA:1705,198,0,0
BRDA:1705,198,1,0
BRDA:1710,199,0,0
BRDA:1710,199,1,0
BRDA:1722,200,0,0
BRDA:1722,200,1,0
BRF:419
BRH:0
end_of_record
TN:
SF:frontend/js/main-modular.js
FNF:0
FNH:0
DA:13,0
DA:19,0
DA:20,0
DA:21,0
DA:22,0
DA:23,0
DA:24,0
DA:27,0
LF:8
LH:0
BRDA:19,0,0,0
BRDA:19,0,1,0
BRF:2
BRH:0
end_of_record
TN:
SF:frontend/js/modules/activity-tracker.js
FN:9,(anonymous_0)
FN:27,(anonymous_1)
FN:41,(anonymous_2)
FN:50,(anonymous_3)
FN:63,(anonymous_4)
FN:75,(anonymous_5)
FN:91,(anonymous_6)
FN:111,(anonymous_7)
FN:199,(anonymous_8)
FN:210,(anonymous_9)
FN:222,(anonymous_10)
FN:230,(anonymous_11)
FN:238,(anonymous_12)
FN:246,(anonymous_13)
FNF:14
FNH:0
FNDA:0,(anonymous_0)
FNDA:0,(anonymous_1)
FNDA:0,(anonymous_2)
FNDA:0,(anonymous_3)
FNDA:0,(anonymous_4)
FNDA:0,(anonymous_5)
FNDA:0,(anonymous_6)
FNDA:0,(anonymous_7)
FNDA:0,(anonymous_8)
FNDA:0,(anonymous_9)
FNDA:0,(anonymous_10)
FNDA:0,(anonymous_11)
FNDA:0,(anonymous_12)
FNDA:0,(anonymous_13)
DA:10,0
DA:11,0
DA:12,0
DA:15,0
DA:16,0
DA:17,0
DA:20,0
DA:21,0
DA:28,0
DA:29,0
DA:32,0
DA:33,0
DA:34,0
DA:42,0
DA:45,0
DA:50,0
DA:51,0
DA:55,0
DA:57,0
DA:64,0
DA:65,0
DA:66,0
DA:70,0
DA:75,0
DA:76,0
DA:80,0
DA:81,0
DA:82,0
DA:85,0
DA:92,0
DA:95,0
DA:98,0
DA:99,0
DA:103,0
DA:104,0
DA:112,0
DA:113,0
DA:114,0
DA:117,0
DA:118,0
DA:119,0
DA:132,0
DA:133,0
DA:195,0
DA:196,0
DA:199,0
DA:200,0
DA:201,0
DA:202,0
DA:211,0
DA:214,0
DA:215,0
DA:216,0
DA:219,0
DA:222,0
DA:223,0
DA:231,0
DA:232,0
DA:239,0
DA:240,0
DA:247,0
LF:61
LH:0
BRDA:33,0,0,0
BRDA:33,0,1,0
BRDA:64,1,0,0
BRDA:64,1,1,0
BRDA:81,2,0,0
BRDA:81,2,1,0
BRDA:95,3,0,0
BRDA:95,3,1,0
BRDA:95,4,0,0
BRDA:95,4,1,0
BRDA:95,4,2,0
BRDA:103,5,0,0
BRDA:103,5,1,0
BRDA:113,6,0,0
BRDA:113,6,1,0
BRDA:201,7,0,0
BRDA:201,7,1,0
BRDA:240,8,0,0
BRDA:240,8,1,0
BRF:19
BRH:0
end_of_record
TN:
SF:frontend/js/modules/app.js
FN:12,(anonymous_0)
FN:27,(anonymous_1)
FN:34,(anonymous_2)
FN:67,(anonymous_3)
FN:75,(anonymous_4)
FN:85,(anonymous_5)
FN:114,(anonymous_6)
FN:135,(anonymous_7)
FN:168,(anonymous_8)
FN:170,(anonymous_9)
FN:171,(anonymous_10)
FN:186,(anonymous_11)
FN:187,(anonymous_12)
FN:188,(anonymous_13)
FN:189,(anonymous_14)
FN:190,(anonymous_15)
FN:191,(anonymous_16)
FN:192,(anonymous_17)
FN:195,(anonymous_18)
FN:213,(anonymous_19)
FN:242,(anonymous_20)
FN:243,(anonymous_21)
FN:246,(anonymous_22)
FN:262,(anonymous_23)
FN:263,(anonymous_24)
FN:266,(anonymous_25)
FN:267,(anonymous_26)
FN:270,(anonymous_27)
FN:279,(anonymous_28)
FN:285,(anonymous_29)
FN:311,(anonymous_30)
FN:313,(anonymous_31)
FN:324,(anonymous_32)
FN:337,(anonymous_33)
FN:351,(anonymous_34)
FNF:35
FNH:0
FNDA:0,(anonymous_0)
FNDA:0,(anonymous_1)
FNDA:0,(anonymous_2)
FNDA:0,(anonymous_3)
FNDA:0,(anonymous_4)
FNDA:0,(anonymous_5)
FNDA:0,(anonymous_6)
FNDA:0,(anonymous_7)
FNDA:0,(anonymous_8)
FNDA:0,(anonymous_9)
FNDA:0,(anonymous_10)
FNDA:0,(anonymous_11)
FNDA:0,(anonymous_12)
FNDA:0,(anonymous_13)
FNDA:0,(anonymous_14)
FNDA:0,(anonymous_15)
FNDA:0,(anonymous_16)
FNDA:0,(anonymous_17)
FNDA:0,(anonymous_18)
FNDA:0,(anonymous_19)
FNDA:0,(anonymous_20)
FNDA:0,(anonymous_21)
FNDA:0,(anonymous_22)
FNDA:0,(anonymous_23)
FNDA:0,(anonymous_24)
FNDA:0,(anonymous_25)
FNDA:0,(anonymous_26)
FNDA:0,(anonymous_27)
FNDA:0,(anonymous_28)
FNDA:0,(anonymous_29)
FNDA:0,(anonymous_30)
FNDA:0,(anonymous_31)
FNDA:0,(anonymous_32)
FNDA:0,(anonymous_33)
FNDA:0,(anonymous_34)
DA:13,0
DA:14,0
DA:17,0
DA:18,0
DA:19,0
DA:20,0
DA:21,0
DA:28,0
DA:35,0
DA:37,0
DA:38,0
DA:41,0
DA:44,0
DA:47,0
DA:50,0
DA:53,0
DA:55,0
DA:56,0
DA:59,0
DA:60,0
DA:69,0
DA:72,0
DA:75,0
DA:76,0
DA:77,0
DA:86,0
DA:87,0
DA:90,0
DA:99,0
DA:102,0
DA:103,0
DA:115,0
DA:117,0
DA:123,0
DA:124,0
DA:136,0
DA:137,0
DA:145,0
DA:146,0
DA:147,0
DA:148,0
DA:149,0
DA:152,0
DA:155,0
DA:156,0
DA:159,0
DA:161,0
DA:170,0
DA:171,0
DA:172,0
DA:173,0
DA:174,0
DA:175,0
DA:176,0
DA:178,0
DA:179,0
DA:180,0
DA:186,0
DA:187,0
DA:188,0
DA:189,0
DA:190,0
DA:191,0
DA:192,0
DA:195,0
DA:196,0
DA:197,0
DA:199,0
DA:200,0
DA:201,0
DA:202,0
DA:203,0
DA:205,0
DA:206,0
DA:207,0
DA:213,0
DA:214,0
DA:215,0
DA:216,0
DA:219,0
DA:220,0
DA:221,0
DA:223,0
DA:224,0
DA:225,0
DA:226,0
DA:227,0
DA:228,0
DA:229,0
DA:230,0
DA:231,0
DA:232,0
DA:233,0
DA:234,0
DA:235,0
DA:236,0
DA:242,0
DA:243,0
DA:246,0
DA:247,0
DA:248,0
DA:250,0
DA:251,0
DA:253,0
DA:257,0
DA:262,0
DA:263,0
DA:266,0
DA:267,0
DA:270,0
DA:271,0
DA:272,0
DA:274,0
DA:279,0
DA:280,0
DA:281,0
DA:282,0
DA:283,0
DA:284,0
DA:285,0
DA:286,0
DA:287,0
DA:289,0
DA:290,0
DA:292,0
DA:293,0
DA:296,0
DA:297,0
DA:302,0
DA:303,0
DA:304,0
DA:305,0
DA:313,0
DA:314,0
DA:315,0
DA:317,0
DA:318,0
DA:319,0
DA:324,0
DA:325,0
DA:326,0
DA:327,0
DA:328,0
DA:338,0
DA:345,0
DA:352,0
DA:362,0
DA:365,0
DA:366,0
DA:368,0
LF:150
LH:0
BRDA:28,0,0,0
BRDA:28,0,1,0
BRDA:35,1,0,0
BRDA:35,1,1,0
BRDA:76,2,0,0
BRDA:76,2,1,0
BRDA:76,3,0,0
BRDA:76,3,1,0
BRDA:86,4,0,0
BRDA:86,4,1,0
BRDA:91,5,0,0
BRDA:91,5,1,0
BRDA:102,6,0,0
BRDA:102,6,1,0
BRDA:123,7,0,0
BRDA:123,7,1,0
BRDA:148,8,0,0
BRDA:148,8,1,0
BRDA:155,9,0,0
BRDA:155,9,1,0
BRDA:173,10,0,0
BRDA:173,10,1,0
BRDA:175,11,0,0
BRDA:175,11,1,0
BRDA:175,12,0,0
BRDA:175,12,1,0
BRDA:199,13,0,0
BRDA:199,13,1,0
BRDA:199,14,0,0
BRDA:199,14,1,0
BRDA:200,15,0,0
BRDA:200,15,1,0
BRDA:215,16,0,0
BRDA:215,16,1,0
BRDA:216,17,0,0
BRDA:216,17,1,0
BRDA:219,18,0,0
BRDA:219,18,1,0
BRDA:248,19,0,0
BRDA:248,19,1,0
BRDA:250,20,0,0
BRDA:250,20,1,0
BRDA:272,21,0,0
BRDA:272,21,1,0
BRDA:282,22,0,0
BRDA:282,22,1,0
BRDA:317,23,0,0
BRDA:317,23,1,0
BRDA:317,24,0,0
BRDA:317,24,1,0
BRDA:317,24,2,0
BRDA:326,25,0,0
BRDA:326,25,1,0
BRDA:326,26,0,0
BRDA:326,26,1,0
BRDA:327,27,0,0
BRDA:327,27,1,0
BRDA:365,28,0,0
BRDA:365,28,1,0
BRF:59
BRH:0
end_of_record
TN:
SF:frontend/js/modules/auth.js
FN:11,(anonymous_0)
FN:21,(anonymous_1)
FN:46,(anonymous_2)
FN:53,(anonymous_3)
FN:78,(anonymous_4)
FN:120,(anonymous_5)
FN:145,(anonymous_6)
FN:173,(anonymous_7)
FN:195,(anonymous_8)
FN:233,(anonymous_9)
FN:263,(anonymous_10)
FN:280,(anonymous_11)
FN:297,(anonymous_12)
FN:305,(anonymous_13)
FN:312,(anonymous_14)
FN:328,(anonymous_15)
FNF:16
FNH:0
FNDA:0,(anonymous_0)
FNDA:0,(anonymous_1)
FNDA:0,(anonymous_2)
FNDA:0,(anonymous_3)
FNDA:0,(anonymous_4)
FNDA:0,(anonymous_5)
FNDA:0,(anonymous_6)
FNDA:0,(anonymous_7)
FNDA:0,(anonymous_8)
FNDA:0,(anonymous_9)
FNDA:0,(anonymous_10)
FNDA:0,(anonymous_11)
FNDA:0,(anonymous_12)
FNDA:0,(anonymous_13)
FNDA:0,(anonymous_14)
FNDA:0,(anonymous_15)
DA:12,0
DA:13,0
DA:14,0
DA:15,0
DA:22,0
DA:23,0
DA:24,0
DA:25,0
DA:29,0
DA:30,0
DA:31,0
DA:34,0
DA:36,0
DA:38,0
DA:39,0
DA:47,0
DA:54,0
DA:55,0
DA:56,0
DA:58,0
DA:59,0
DA:60,0
DA:61,0
DA:62,0
DA:64,0
DA:67,0
DA:71,0
DA:79,0
DA:80,0
DA:88,0
DA:89,0
DA:90,0
DA:91,0
DA:92,0
DA:95,0
DA:98,0
DA:99,0
DA:100,0
DA:101,0
DA:103,0
DA:104,0
DA:107,0
DA:109,0
DA:112,0
DA:113,0
DA:121,0
DA:122,0
DA:130,0
DA:131,0
DA:133,0
DA:134,0
DA:137,0
DA:138,0
DA:146,0
DA:147,0
DA:158,0
DA:159,0
DA:161,0
DA:162,0
DA:165,0
DA:166,0
DA:174,0
DA:175,0
DA:181,0
DA:182,0
DA:183,0
DA:185,0
DA:187,0
DA:188,0
DA:196,0
DA:198,0
DA:199,0
DA:207,0
DA:208,0
DA:210,0
DA:214,0
DA:218,0
DA:221,0
DA:222,0
DA:223,0
DA:224,0
DA:225,0
DA:227,0
DA:235,0
DA:237,0
DA:238,0
DA:239,0
DA:242,0
DA:250,0
DA:252,0
DA:253,0
DA:254,0
DA:257,0
DA:264,0
DA:267,0
DA:268,0
DA:269,0
DA:271,0
DA:274,0
DA:281,0
DA:284,0
DA:285,0
DA:286,0
DA:288,0
DA:291,0
DA:298,0
DA:299,0
DA:306,0
DA:313,0
DA:314,0
DA:316,0
DA:322,0
DA:329,0
DA:331,0
DA:333,0
DA:335,0
DA:337,0
DA:339,0
DA:345,0
LF:119
LH:0
BRDA:24,0,0,0
BRDA:24,0,1,0
BRDA:30,1,0,0
BRDA:30,1,1,0
BRDA:39,2,0,0
BRDA:39,2,1,0
BRDA:47,3,0,0
BRDA:47,3,1,0
BRDA:58,4,0,0
BRDA:58,4,1,0
BRDA:58,5,0,0
BRDA:58,5,1,0
BRDA:58,5,2,0
BRDA:60,6,0,0
BRDA:60,6,1,0
BRDA:64,7,0,0
BRDA:64,7,1,0
BRDA:88,8,0,0
BRDA:88,8,1,0
BRDA:99,9,0,0
BRDA:99,9,1,0
BRDA:130,10,0,0
BRDA:130,10,1,0
BRDA:134,11,0,0
BRDA:134,11,1,0
BRDA:158,12,0,0
BRDA:158,12,1,0
BRDA:162,13,0,0
BRDA:162,13,1,0
BRDA:181,14,0,0
BRDA:181,14,1,0
BRDA:198,15,0,0
BRDA:198,15,1,0
BRDA:207,16,0,0
BRDA:207,16,1,0
BRDA:233,17,0,0
BRDA:238,18,0,0
BRDA:238,18,1,0
BRDA:252,19,0,0
BRDA:252,19,1,0
BRDA:299,20,0,0
BRDA:299,20,1,0
BRDA:314,21,0,0
BRDA:314,21,1,0
BRDA:322,22,0,0
BRDA:322,22,1,0
BRDA:331,23,0,0
BRDA:331,23,1,0
BRDA:331,23,2,0
BRDA:331,23,3,0
BRF:50
BRH:0
end_of_record
TN:
SF:frontend/js/modules/instructor-dashboard.js
FN:12,(anonymous_0)
FN:24,(anonymous_1)
FN:38,(anonymous_2)
FN:40,(anonymous_3)
FN:47,(anonymous_4)
FN:58,(anonymous_5)
FN:70,(anonymous_6)
FN:85,(anonymous_7)
FN:110,(anonymous_8)
FN:124,(anonymous_9)
FN:160,(anonymous_10)
FN:178,(anonymous_11)
FN:189,(anonymous_12)
FN:207,(anonymous_13)
FN:248,(anonymous_14)
FN:271,(anonymous_15)
FN:291,(anonymous_16)
FN:321,(anonymous_17)
FN:392,(anonymous_18)
FN:463,(anonymous_19)
FN:471,(anonymous_20)
FN:508,(anonymous_21)
FN:518,(anonymous_22)
FN:549,(anonymous_23)
FN:550,(anonymous_24)
FN:560,(anonymous_25)
FN:561,(anonymous_26)
FN:566,(anonymous_27)
FN:574,(anonymous_28)
FN:591,(anonymous_29)
FN:603,(anonymous_30)
FN:619,(anonymous_31)
FN:629,(anonymous_32)
FN:657,(anonymous_33)
FN:658,(anonymous_34)
FN:663,(anonymous_35)
FN:671,(anonymous_36)
FNF:37
FNH:0
FNDA:0,(anonymous_0)
FNDA:0,(anonymous_1)
FNDA:0,(anonymous_2)
FNDA:0,(anonymous_3)
FNDA:0,(anonymous_4)
FNDA:0,(anonymous_5)
FNDA:0,(anonymous_6)
FNDA:0,(anonymous_7)
FNDA:0,(anonymous_8)
FNDA:0,(anonymous_9)
FNDA:0,(anonymous_10)
FNDA:0,(anonymous_11)
FNDA:0,(anonymous_12)
FNDA:0,(anonymous_13)
FNDA:0,(anonymous_14)
FNDA:0,(anonymous_15)
FNDA:0,(anonymous_16)
FNDA:0,(anonymous_17)
FNDA:0,(anonymous_18)
FNDA:0,(anonymous_19)
FNDA:0,(anonymous_20)
FNDA:0,(anonymous_21)
FNDA:0,(anonymous_22)
FNDA:0,(anonymous_23)
FNDA:0,(anonymous_24)
FNDA:0,(anonymous_25)
FNDA:0,(anonymous_26)
FNDA:0,(anonymous_27)
FNDA:0,(anonymous_28)
FNDA:0,(anonymous_29)
FNDA:0,(anonymous_30)
FNDA:0,(anonymous_31)
FNDA:0,(anonymous_32)
FNDA:0,(anonymous_33)
FNDA:0,(anonymous_34)
FNDA:0,(anonymous_35)
FNDA:0,(anonymous_36)
DA:13,0
DA:14,0
DA:15,0
DA:16,0
DA:18,0
DA:25,0
DA:26,0
DA:27,0
DA:30,0
DA:31,0
DA:32,0
DA:40,0
DA:41,0
DA:42,0
DA:47,0
DA:48,0
DA:49,0
DA:50,0
DA:51,0
DA:52,0
DA:53,0
DA:58,0
DA:59,0
DA:60,0
DA:61,0
DA:62,0
DA:71,0
DA:72,0
DA:77,0
DA:78,0
DA:86,0
DA:87,0
DA:88,0
DA:89,0
DA:91,0
DA:92,0
DA:93,0
DA:94,0
DA:95,0
DA:97,0
DA:98,0
DA:99,0
DA:102,0
DA:103,0
DA:111,0
DA:114,0
DA:116,0
DA:117,0
DA:125,0
DA:126,0
DA:128,0
DA:161,0
DA:163,0
DA:165,0
DA:167,0
DA:169,0
DA:171,0
DA:179,0
DA:189,0
DA:208,0
DA:249,0
DA:271,0
DA:292,0
DA:322,0
DA:393,0
DA:464,0
DA:465,0
DA:472,0
DA:500,0
DA:505,0
DA:507,0
DA:508,0
DA:509,0
DA:510,0
DA:511,0
DA:519,0
DA:520,0
DA:527,0
DA:532,0
DA:533,0
DA:534,0
DA:535,0
DA:536,0
DA:538,0
DA:541,0
DA:542,0
DA:550,0
DA:551,0
DA:554,0
DA:561,0
DA:562,0
DA:564,0
DA:567,0
DA:568,0
DA:573,0
DA:574,0
DA:575,0
DA:576,0
DA:578,0
DA:581,0
DA:582,0
DA:592,0
DA:603,0
DA:611,0
DA:616,0
DA:618,0
DA:619,0
DA:620,0
DA:621,0
DA:622,0
DA:630,0
DA:631,0
DA:636,0
DA:641,0
DA:642,0
DA:643,0
DA:644,0
DA:646,0
DA:649,0
DA:650,0
DA:658,0
DA:659,0
DA:661,0
DA:664,0
DA:665,0
DA:670,0
DA:671,0
DA:672,0
DA:673,0
DA:675,0
DA:678,0
DA:679,0
DA:687,0
DA:688,0
LF:134
LH:0
BRDA:25,0,0,0
BRDA:25,0,1,0
BRDA:25,1,0,0
BRDA:25,1,1,0
BRDA:41,2,0,0
BRDA:41,2,1,0
BRDA:48,3,0,0
BRDA:48,3,1,0
BRDA:50,4,0,0
BRDA:50,4,1,0
BRDA:52,5,0,0
BRDA:52,5,1,0
BRDA:59,6,0,0
BRDA:59,6,1,0
BRDA:61,7,0,0
BRDA:61,7,1,0
BRDA:91,8,0,0
BRDA:91,8,1,0
BRDA:94,9,0,0
BRDA:94,9,1,0
BRDA:94,9,2,0
BRDA:126,10,0,0
BRDA:126,10,1,0
BRDA:132,11,0,0
BRDA:132,11,1,0
BRDA:136,12,0,0
BRDA:136,12,1,0
BRDA:139,13,0,0
BRDA:139,13,1,0
BRDA:142,14,0,0
BRDA:142,14,1,0
BRDA:145,15,0,0
BRDA:145,15,1,0
BRDA:161,16,0,0
BRDA:161,16,1,0
BRDA:161,16,2,0
BRDA:161,16,3,0
BRDA:161,16,4,0
BRDA:192,17,0,0
BRDA:192,17,1,0
BRDA:223,18,0,0
BRDA:223,18,1,0
BRDA:225,19,0,0
BRDA:225,19,1,0
BRDA:226,20,0,0
BRDA:226,20,1,0
BRDA:232,21,0,0
BRDA:232,21,1,0
BRDA:236,22,0,0
BRDA:236,22,1,0
BRDA:237,23,0,0
BRDA:237,23,1,0
BRDA:276,24,0,0
BRDA:276,24,1,0
BRDA:301,25,0,0
BRDA:301,25,1,0
BRDA:304,26,0,0
BRDA:304,26,1,0
BRDA:306,27,0,0
BRDA:306,27,1,0
BRDA:532,28,0,0
BRDA:532,28,1,0
BRDA:551,29,0,0
BRDA:551,29,1,0
BRDA:562,30,0,0
BRDA:562,30,1,0
BRDA:573,31,0,0
BRDA:573,31,1,0
BRDA:641,32,0,0
BRDA:641,32,1,0
BRDA:659,33,0,0
BRDA:659,33,1,0
BRDA:670,34,0,0
BRDA:670,34,1,0
BRDA:687,35,0,0
BRDA:687,35,1,0
BRF:76
BRH:0
end_of_record
TN:
SF:frontend/js/modules/navigation.js
FN:10,(anonymous_0)
FN:18,(anonymous_1)
FN:25,(anonymous_2)
FN:27,(anonymous_3)
FN:32,(anonymous_4)
FN:43,(anonymous_5)
FN:55,(anonymous_6)
FN:85,(anonymous_7)
FN:104,(anonymous_8)
FN:115,(anonymous_9)
FN:153,(anonymous_10)
FN:175,(anonymous_11)
FN:205,(anonymous_12)
FN:238,(anonymous_13)
FN:279,(anonymous_14)
FN:283,(anonymous_15)
FN:306,(anonymous_16)
FN:349,(anonymous_17)
FN:362,(anonymous_18)
FN:371,(anonymous_19)
FN:390,(anonymous_20)
FN:423,(anonymous_21)
FN:462,(anonymous_22)
FN:511,(anonymous_23)
FN:554,(anonymous_24)
FN:589,(anonymous_25)
FN:602,(anonymous_26)
FN:606,(anonymous_27)
FN:635,(anonymous_28)
FN:646,(anonymous_29)
FNF:30
FNH:0
FNDA:0,(anonymous_0)
FNDA:0,(anonymous_1)
FNDA:0,(anonymous_2)
FNDA:0,(anonymous_3)
FNDA:0,(anonymous_4)
FNDA:0,(anonymous_5)
FNDA:0,(anonymous_6)
FNDA:0,(anonymous_7)
FNDA:0,(anonymous_8)
FNDA:0,(anonymous_9)
FNDA:0,(anonymous_10)
FNDA:0,(anonymous_11)
FNDA:0,(anonymous_12)
FNDA:0,(anonymous_13)
FNDA:0,(anonymous_14)
FNDA:0,(anonymous_15)
FNDA:0,(anonymous_16)
FNDA:0,(anonymous_17)
FNDA:0,(anonymous_18)
FNDA:0,(anonymous_19)
FNDA:0,(anonymous_20)
FNDA:0,(anonymous_21)
FNDA:0,(anonymous_22)
FNDA:0,(anonymous_23)
FNDA:0,(anonymous_24)
FNDA:0,(anonymous_25)
FNDA:0,(anonymous_26)
FNDA:0,(anonymous_27)
FNDA:0,(anonymous_28)
FNDA:0,(anonymous_29)
DA:11,0
DA:12,0
DA:19,0
DA:27,0
DA:28,0
DA:32,0
DA:33,0
DA:37,0
DA:44,0
DA:47,0
DA:48,0
DA:56,0
DA:58,0
DA:59,0
DA:61,0
DA:62,0
DA:64,0
DA:65,0
DA:67,0
DA:68,0
DA:70,0
DA:71,0
DA:73,0
DA:74,0
DA:77,0
DA:78,0
DA:86,0
DA:87,0
DA:89,0
DA:90,0
DA:91,0
DA:94,0
DA:95,0
DA:96,0
DA:97,0
DA:105,0
DA:116,0
DA:119,0
DA:120,0
DA:121,0
DA:123,0
DA:124,0
DA:125,0
DA:126,0
DA:127,0
DA:128,0
DA:129,0
DA:130,0
DA:131,0
DA:132,0
DA:133,0
DA:134,0
DA:135,0
DA:138,0
DA:139,0
DA:140,0
DA:144,0
DA:145,0
DA:146,0
DA:154,0
DA:155,0
DA:156,0
DA:158,0
DA:160,0
DA:161,0
DA:164,0
DA:167,0
DA:168,0
DA:176,0
DA:177,0
DA:178,0
DA:180,0
DA:181,0
DA:185,0
DA:186,0
DA:187,0
DA:191,0
DA:192,0
DA:193,0
DA:194,0
DA:195,0
DA:197,0
DA:206,0
DA:207,0
DA:209,0
DA:211,0
DA:213,0
DA:222,0
DA:239,0
DA:240,0
DA:242,0
DA:268,0
DA:269,0
DA:270,0
DA:273,0
DA:280,0
DA:281,0
DA:283,0
DA:284,0
DA:286,0
DA:287,0
DA:292,0
DA:294,0
DA:296,0
DA:298,0
DA:307,0
DA:308,0
DA:310,0
DA:348,0
DA:349,0
DA:350,0
DA:351,0
DA:352,0
DA:356,0
DA:363,0
DA:364,0
DA:367,0
DA:368,0
DA:369,0
DA:371,0
DA:372,0
DA:373,0
DA:375,0
DA:376,0
DA:377,0
DA:378,0
DA:379,0
DA:380,0
DA:382,0
DA:383,0
DA:387,0
DA:388,0
DA:390,0
DA:391,0
DA:393,0
DA:394,0
DA:395,0
DA:397,0
DA:398,0
DA:399,0
DA:402,0
DA:409,0
DA:411,0
DA:412,0
DA:413,0
DA:415,0
DA:424,0
DA:425,0
DA:426,0
DA:429,0
DA:430,0
DA:432,0
DA:434,0
DA:463,0
DA:464,0
DA:465,0
DA:468,0
DA:469,0
DA:471,0
DA:473,0
DA:512,0
DA:513,0
DA:515,0
DA:555,0
DA:556,0
DA:558,0
DA:588,0
DA:589,0
DA:590,0
DA:591,0
DA:592,0
DA:596,0
DA:603,0
DA:604,0
DA:606,0
DA:607,0
DA:609,0
DA:610,0
DA:611,0
DA:613,0
DA:614,0
DA:615,0
DA:618,0
DA:623,0
DA:624,0
DA:625,0
DA:627,0
DA:636,0
DA:637,0
DA:639,0
DA:647,0
DA:648,0
DA:649,0
DA:654,0
LF:194
LH:0
BRDA:19,0,0,0
BRDA:19,0,1,0
BRDA:47,1,0,0
BRDA:47,1,1,0
BRDA:47,2,0,0
BRDA:47,2,1,0
BRDA:56,3,0,0
BRDA:56,3,1,0
BRDA:56,3,2,0
BRDA:56,3,3,0
BRDA:56,3,4,0
BRDA:56,3,5,0
BRDA:56,3,6,0
BRDA:56,3,7,0
BRDA:87,4,0,0
BRDA:87,4,1,0
BRDA:90,5,0,0
BRDA:90,5,1,0
BRDA:90,6,0,0
BRDA:90,6,1,0
BRDA:90,6,2,0
BRDA:90,6,3,0
BRDA:95,7,0,0
BRDA:95,7,1,0
BRDA:123,8,0,0
BRDA:123,8,1,0
BRDA:123,9,0,0
BRDA:123,9,1,0
BRDA:124,10,0,0
BRDA:124,10,1,0
BRDA:125,11,0,0
BRDA:125,11,1,0
BRDA:126,12,0,0
BRDA:126,12,1,0
BRDA:127,13,0,0
BRDA:127,13,1,0
BRDA:128,14,0,0
BRDA:128,14,1,0
BRDA:129,15,0,0
BRDA:129,15,1,0
BRDA:130,16,0,0
BRDA:130,16,1,0
BRDA:131,17,0,0
BRDA:131,17,1,0
BRDA:132,18,0,0
BRDA:132,18,1,0
BRDA:133,19,0,0
BRDA:133,19,1,0
BRDA:134,20,0,0
BRDA:134,20,1,0
BRDA:135,21,0,0
BRDA:135,21,1,0
BRDA:138,22,0,0
BRDA:138,22,1,0
BRDA:139,23,0,0
BRDA:139,23,1,0
BRDA:140,24,0,0
BRDA:140,24,1,0
BRDA:144,25,0,0
BRDA:144,25,1,0
BRDA:145,26,0,0
BRDA:145,26,1,0
BRDA:146,27,0,0
BRDA:146,27,1,0
BRDA:158,28,0,0
BRDA:158,28,1,0
BRDA:158,29,0,0
BRDA:158,29,1,0
BRDA:160,30,0,0
BRDA:160,30,1,0
BRDA:161,31,0,0
BRDA:161,31,1,0
BRDA:167,32,0,0
BRDA:167,32,1,0
BRDA:168,33,0,0
BRDA:168,33,1,0
BRDA:180,34,0,0
BRDA:180,34,1,0
BRDA:181,35,0,0
BRDA:181,35,1,0
BRDA:181,35,2,0
BRDA:181,35,3,0
BRDA:185,36,0,0
BRDA:185,36,1,0
BRDA:185,36,2,0
BRDA:186,37,0,0
BRDA:186,37,1,0
BRDA:191,38,0,0
BRDA:191,38,1,0
BRDA:191,39,0,0
BRDA:191,39,1,0
BRDA:192,40,0,0
BRDA:192,40,1,0
BRDA:194,41,0,0
BRDA:194,41,1,0
BRDA:207,42,0,0
BRDA:207,42,1,0
BRDA:211,43,0,0
BRDA:211,43,1,0
BRDA:211,44,0,0
BRDA:211,44,1,0
BRDA:215,45,0,0
BRDA:215,45,1,0
BRDA:215,45,2,0
BRDA:240,46,0,0
BRDA:240,46,1,0
BRDA:281,47,0,0
BRDA:281,47,1,0
BRDA:294,48,0,0
BRDA:294,48,1,0
BRDA:308,49,0,0
BRDA:308,49,1,0
BRDA:364,50,0,0
BRDA:364,50,1,0
BRDA:375,51,0,0
BRDA:375,51,1,0
BRDA:378,52,0,0
BRDA:378,52,1,0
BRDA:397,53,0,0
BRDA:397,53,1,0
BRDA:411,54,0,0
BRDA:411,54,1,0
BRDA:424,55,0,0
BRDA:424,55,1,0
BRDA:430,56,0,0
BRDA:430,56,1,0
BRDA:440,57,0,0
BRDA:440,57,1,0
BRDA:444,58,0,0
BRDA:444,58,1,0
BRDA:445,59,0,0
BRDA:445,59,1,0
BRDA:446,60,0,0
BRDA:446,60,1,0
BRDA:447,61,0,0
BRDA:447,61,1,0
BRDA:447,62,0,0
BRDA:447,62,1,0
BRDA:463,63,0,0
BRDA:463,63,1,0
BRDA:469,64,0,0
BRDA:469,64,1,0
BRDA:481,65,0,0
BRDA:481,65,1,0
BRDA:485,66,0,0
BRDA:485,66,1,0
BRDA:489,67,0,0
BRDA:489,67,1,0
BRDA:513,68,0,0
BRDA:513,68,1,0
BRDA:556,69,0,0
BRDA:556,69,1,0
BRDA:604,70,0,0
BRDA:604,70,1,0
BRDA:613,71,0,0
BRDA:613,71,1,0
BRDA:623,72,0,0
BRDA:623,72,1,0
BRDA:636,73,0,0
BRDA:636,73,1,0
BRF:160
BRH:0
end_of_record
TN:
SF:frontend/js/modules/notifications.js
FN:7,(anonymous_0)
FN:16,(anonymous_1)
FN:149,(anonymous_2)
FN:156,(anonymous_3)
FN:163,(anonymous_4)
FN:174,(anonymous_5)
FN:197,(anonymous_6)
FN:200,(anonymous_7)
FN:217,(anonymous_8)
FN:218,(anonymous_9)
FN:226,(anonymous_10)
FN:239,(anonymous_11)
FN:252,(anonymous_12)
FN:259,(anonymous_13)
FN:266,(anonymous_14)
FN:273,(anonymous_15)
FN:282,showNotification
FN:286,showSuccess
FN:290,showError
FN:294,showWarning
FN:298,showInfo
FN:302,dismissAllNotifications
FNF:22
FNH:0
FNDA:0,(anonymous_0)
FNDA:0,(anonymous_1)
FNDA:0,(anonymous_2)
FNDA:0,(anonymous_3)
FNDA:0,(anonymous_4)
FNDA:0,(anonymous_5)
FNDA:0,(anonymous_6)
FNDA:0,(anonymous_7)
FNDA:0,(anonymous_8)
FNDA:0,(anonymous_9)
FNDA:0,(anonymous_10)
FNDA:0,(anonymous_11)
FNDA:0,(anonymous_12)
FNDA:0,(anonymous_13)
FNDA:0,(anonymous_14)
FNDA:0,(anonymous_15)
FNDA:0,showNotification
FNDA:0,showSuccess
FNDA:0,showError
FNDA:0,showWarning
FNDA:0,showInfo
FNDA:0,dismissAllNotifications
DA:8,0
DA:9,0
DA:10,0
DA:17,0
DA:18,0
DA:19,0
DA:22,0
DA:23,0
DA:142,0
DA:143,0
DA:150,0
DA:152,0
DA:153,0
DA:156,0
DA:157,0
DA:161,0
DA:162,0
DA:163,0
DA:164,0
DA:168,0
DA:175,0
DA:176,0
DA:178,0
DA:180,0
DA:191,0
DA:198,0
DA:199,0
DA:200,0
DA:201,0
DA:202,0
DA:206,0
DA:207,0
DA:208,0
DA:218,0
DA:219,0
DA:227,0
DA:233,0
DA:240,0
DA:246,0
DA:253,0
DA:260,0
DA:267,0
DA:274,0
DA:279,0
DA:283,0
DA:287,0
DA:291,0
DA:295,0
DA:299,0
DA:303,0
LF:50
LH:0
BRDA:149,0,0,0
BRDA:149,1,0,0
BRDA:161,2,0,0
BRDA:161,2,1,0
BRDA:162,3,0,0
BRDA:162,3,1,0
BRDA:184,4,0,0
BRDA:184,4,1,0
BRDA:198,5,0,0
BRDA:198,5,1,0
BRDA:198,6,0,0
BRDA:198,6,1,0
BRDA:201,7,0,0
BRDA:201,7,1,0
BRDA:207,8,0,0
BRDA:207,8,1,0
BRDA:233,9,0,0
BRDA:233,9,1,0
BRDA:246,10,0,0
BRDA:246,10,1,0
BRDA:252,11,0,0
BRDA:259,12,0,0
BRDA:266,13,0,0
BRDA:273,14,0,0
BRDA:282,15,0,0
BRDA:282,16,0,0
BRDA:286,17,0,0
BRDA:290,18,0,0
BRDA:294,19,0,0
BRDA:298,20,0,0
BRF:30
BRH:0
end_of_record
TN:
SF:frontend/js/modules/ui-components.js
FN:10,(anonymous_0)
FN:28,(anonymous_1)
FN:133,(anonymous_2)
FN:185,(anonymous_3)
FN:192,(anonymous_4)
FN:251,(anonymous_5)
FN:258,(anonymous_6)
FN:271,(anonymous_7)
FN:284,(anonymous_8)
FN:290,(anonymous_9)
FN:360,(anonymous_10)
FN:369,(anonymous_11)
FN:375,(anonymous_12)
FN:385,(anonymous_13)
FN:410,(anonymous_14)
FN:440,(anonymous_15)
FN:454,(anonymous_16)
FN:519,(anonymous_17)
FN:535,(anonymous_18)
FN:537,executedFunction
FN:538,(anonymous_20)
FN:550,(anonymous_21)
FN:552,executedFunction
FN:556,(anonymous_23)
FNF:24
FNH:0
FNDA:0,(anonymous_0)
FNDA:0,(anonymous_1)
FNDA:0,(anonymous_2)
FNDA:0,(anonymous_3)
FNDA:0,(anonymous_4)
FNDA:0,(anonymous_5)
FNDA:0,(anonymous_6)
FNDA:0,(anonymous_7)
FNDA:0,(anonymous_8)
FNDA:0,(anonymous_9)
FNDA:0,(anonymous_10)
FNDA:0,(anonymous_11)
FNDA:0,(anonymous_12)
FNDA:0,(anonymous_13)
FNDA:0,(anonymous_14)
FNDA:0,(anonymous_15)
FNDA:0,(anonymous_16)
FNDA:0,(anonymous_17)
FNDA:0,(anonymous_18)
FNDA:0,executedFunction
FNDA:0,(anonymous_20)
FNDA:0,(anonymous_21)
FNDA:0,executedFunction
FNDA:0,(anonymous_23)
DA:11,0
DA:12,0
DA:14,0
DA:28,0
DA:29,0
DA:30,0
DA:35,0
DA:36,0
DA:37,0
DA:38,0
DA:123,0
DA:126,0
DA:127,0
DA:134,0
DA:135,0
DA:137,0
DA:143,0
DA:144,0
DA:145,0
DA:146,0
DA:176,0
DA:179,0
DA:186,0
DA:187,0
DA:188,0
DA:189,0
DA:190,0
DA:192,0
DA:193,0
DA:194,0
DA:195,0
DA:196,0
DA:197,0
DA:198,0
DA:200,0
DA:201,0
DA:202,0
DA:208,0
DA:209,0
DA:210,0
DA:211,0
DA:242,0
DA:245,0
DA:252,0
DA:253,0
DA:255,0
DA:256,0
DA:258,0
DA:259,0
DA:260,0
DA:262,0
DA:263,0
DA:265,0
DA:266,0
DA:267,0
DA:269,0
DA:270,0
DA:271,0
DA:272,0
DA:277,0
DA:280,0
DA:281,0
DA:284,0
DA:285,0
DA:286,0
DA:290,0
DA:291,0
DA:295,0
DA:296,0
DA:297,0
DA:298,0
DA:351,0
DA:354,0
DA:361,0
DA:366,0
DA:368,0
DA:369,0
DA:370,0
DA:371,0
DA:374,0
DA:375,0
DA:376,0
DA:379,0
DA:386,0
DA:387,0
DA:389,0
DA:390,0
DA:391,0
DA:393,0
DA:394,0
DA:395,0
DA:397,0
DA:398,0
DA:401,0
DA:402,0
DA:405,0
DA:406,0
DA:409,0
DA:410,0
DA:411,0
DA:412,0
DA:413,0
DA:414,0
DA:416,0
DA:417,0
DA:422,0
DA:424,0
DA:425,0
DA:426,0
DA:427,0
DA:428,0
DA:429,0
DA:431,0
DA:434,0
DA:441,0
DA:443,0
DA:444,0
DA:445,0
DA:447,0
DA:455,0
DA:456,0
DA:458,0
DA:459,0
DA:462,0
DA:463,0
DA:464,0
DA:465,0
DA:467,0
DA:471,0
DA:472,0
DA:473,0
DA:474,0
DA:510,0
DA:513,0
DA:520,0
DA:521,0
DA:529,0
DA:537,0
DA:538,0
DA:539,0
DA:540,0
DA:542,0
DA:543,0
DA:552,0
DA:553,0
DA:554,0
DA:555,0
DA:556,0
LF:148
LH:0
BRDA:10,0,0,0
BRDA:23,1,0,0
BRDA:23,1,1,0
BRDA:29,2,0,0
BRDA:29,2,1,0
BRDA:29,3,0,0
BRDA:29,3,1,0
BRDA:35,4,0,0
BRDA:35,4,1,0
BRDA:133,5,0,0
BRDA:143,6,0,0
BRDA:143,6,1,0
BRDA:194,7,0,0
BRDA:194,7,1,0
BRDA:195,8,0,0
BRDA:195,8,1,0
BRDA:208,9,0,0
BRDA:208,9,1,0
BRDA:251,10,0,0
BRDA:262,11,0,0
BRDA:262,11,1,0
BRDA:265,12,0,0
BRDA:265,12,1,0
BRDA:266,13,0,0
BRDA:266,13,1,0
BRDA:269,14,0,0
BRDA:269,14,1,0
BRDA:295,15,0,0
BRDA:295,15,1,0
BRDA:370,16,0,0
BRDA:370,16,1,0
BRDA:376,17,0,0
BRDA:376,17,1,0
BRDA:393,18,0,0
BRDA:393,18,1,0
BRDA:395,19,0,0
BRDA:395,19,1,0
BRDA:397,20,0,0
BRDA:397,20,1,0
BRDA:398,21,0,0
BRDA:398,21,1,0
BRDA:401,22,0,0
BRDA:401,22,1,0
BRDA:405,23,0,0
BRDA:405,23,1,0
BRDA:409,24,0,0
BRDA:409,24,1,0
BRDA:412,25,0,0
BRDA:412,25,1,0
BRDA:424,26,0,0
BRDA:424,26,1,0
BRDA:441,27,0,0
BRDA:441,27,1,0
BRDA:444,28,0,0
BRDA:444,28,1,0
BRDA:454,29,0,0
BRDA:458,30,0,0
BRDA:458,30,1,0
BRDA:458,30,2,0
BRDA:462,31,0,0
BRDA:462,31,1,0
BRDA:464,32,0,0
BRDA:464,32,1,0
BRDA:471,33,0,0
BRDA:471,33,1,0
BRDA:519,34,0,0
BRDA:553,35,0,0
BRDA:553,35,1,0
BRF:68
BRH:0
end_of_record
