
<!DOCTYPE html>
<html>
<head>
    <title>Lab Container System Test Report</title>
    <style>
        body { font-family: Arial, sans-serif; margin: 20px; }
        .header { background: #2c3e50; color: white; padding: 20px; border-radius: 8px; }
        .summary { background: #ecf0f1; padding: 15px; margin: 20px 0; border-radius: 8px; }
        .suite { margin: 20px 0; padding: 15px; border: 1px solid #ddd; border-radius: 8px; }
        .passed { background: #d4edda; border-color: #c3e6cb; }
        .failed { background: #f8d7da; border-color: #f5c6cb; }
        .metric { display: inline-block; margin: 10px 20px 10px 0; }
        .metric-value { font-size: 24px; font-weight: bold; }
        .metric-label { font-size: 14px; color: #666; }
        pre { background: #f8f9fa; padding: 10px; border-radius: 4px; overflow-x: auto; }
    </style>
</head>
<body>
    <div class="header">
        <h1>üß™ Lab Container System Test Report</h1>
        <p>Generated: 2025-07-26 09:45:30</p>
    </div>
    
    <div class="summary">
        <h2>üìä Summary</h2>
        <div class="metric">
            <div class="metric-value">100.0%</div>
            <div class="metric-label">Success Rate</div>
        </div>
        <div class="metric">
            <div class="metric-value">16</div>
            <div class="metric-label">Tests Passed</div>
        </div>
        <div class="metric">
            <div class="metric-value">0</div>
            <div class="metric-label">Tests Failed</div>
        </div>
        <div class="metric">
            <div class="metric-value">1/4</div>
            <div class="metric-label">Suites Passed</div>
        </div>
    </div>
    
    <h2>üìã Test Suites</h2>

    <div class="suite failed">
        <h3>‚ùå Unit Tests - Lab Manager Service</h3>
        <p><strong>Status:</strong> FAILED</p>
        <p><strong>Tests:</strong> 0/0 passed</p>
        <p><strong>Execution Time:</strong> 0.59s</p>
        
        <details><summary>Output</summary><pre>============================= test session starts ==============================
platform linux -- Python 3.10.12, pytest-8.4.1, pluggy-1.6.0 -- /home/bbrelin/course-creator/.venv/bin/python
cachedir: .pytest_cache
metadata: {'Python': '3.10.12', 'Platform': 'Linux-5.15.0-143-generic-x86_64-with-glibc2.35', 'Packages': {'pytest': '8.4.1', 'pluggy': '1.6.0'}, 'Plugins': {'cov': '6.2.1', 'metadata': '3.1.1', 'postgresql': '7.0.2', 'html': '4.1.1', 'asyncio': '1.0.0', 'mock': '3.14.1', 'xdist': '3.8.0', 'anyio': '4.9.0', 'hydra-core': '1.3.2', 'Faker': '37.4.0', 'benchmark': '5.1.0'}}
benchmark: 5.1.0 (defaults: timer=time.perf_counter disable_gc=False min_rounds=5 min_time=0.000005 max_time=1.0 calibration_precision=10 warmup=False warmup_iterations=100000)
rootdir: /home/bbrelin/course-creator
configfile: pytest.ini
plugins: cov-6.2.1, metadata-3.1.1, postgresql-7.0.2, html-4.1.1, asyncio-1.0.0, mock-3.14.1, xdist-3.8.0, anyio-4.9.0, hydra-core-1.3.2, Faker-37.4.0, benchmark-5.1.0
asyncio: mode=strict, asyncio_default_fixture_loop_scope=None, asyncio_default_test_loop_scope=function
collecting ... collected 0 items / 1 error

==================================== ERRORS ====================================
____ ERROR collecting tests/unit/lab_container/test_lab_manager_service.py _____
ImportError while importing test module '/home/bbrelin/course-creator/tests/unit/lab_container/test_lab_manager_service.py'.
Hint: make sure your test modules/packages have valid Python names.
Traceback:
/usr/lib/python3.10/importlib/__init__.py:126: in import_module
    return _bootstrap._gcd_import(name[level:], package, level)
tests/unit/lab_container/test_lab_manager_service.py:13: in <module>
    import docker
E   ModuleNotFoundError: No module named 'docker'
=========================== short test summary info ============================
ERROR tests/unit/lab_container/test_lab_manager_service.py
!!!!!!!!!!!!!!!!!!!!!!!!!! stopping after 1 failures !!!!!!!!!!!!!!!!!!!!!!!!!!!
!!!!!!!!!!!!!!!!!!!! Interrupted: 1 error during collection !!!!!!!!!!!!!!!!!!!!
=============================== 1 error in 0.14s ===============================
</pre></details>
        
    </div>

    <div class="suite failed">
        <h3>‚ùå Integration Tests - Lab Lifecycle</h3>
        <p><strong>Status:</strong> FAILED</p>
        <p><strong>Tests:</strong> 0/0 passed</p>
        <p><strong>Execution Time:</strong> 0.65s</p>
        
        <details><summary>Output</summary><pre>============================= test session starts ==============================
platform linux -- Python 3.10.12, pytest-8.4.1, pluggy-1.6.0 -- /home/bbrelin/course-creator/.venv/bin/python
cachedir: .pytest_cache
metadata: {'Python': '3.10.12', 'Platform': 'Linux-5.15.0-143-generic-x86_64-with-glibc2.35', 'Packages': {'pytest': '8.4.1', 'pluggy': '1.6.0'}, 'Plugins': {'cov': '6.2.1', 'metadata': '3.1.1', 'postgresql': '7.0.2', 'html': '4.1.1', 'asyncio': '1.0.0', 'mock': '3.14.1', 'xdist': '3.8.0', 'anyio': '4.9.0', 'hydra-core': '1.3.2', 'Faker': '37.4.0', 'benchmark': '5.1.0'}}
benchmark: 5.1.0 (defaults: timer=time.perf_counter disable_gc=False min_rounds=5 min_time=0.000005 max_time=1.0 calibration_precision=10 warmup=False warmup_iterations=100000)
rootdir: /home/bbrelin/course-creator
configfile: pytest.ini
plugins: cov-6.2.1, metadata-3.1.1, postgresql-7.0.2, html-4.1.1, asyncio-1.0.0, mock-3.14.1, xdist-3.8.0, anyio-4.9.0, hydra-core-1.3.2, Faker-37.4.0, benchmark-5.1.0
asyncio: mode=strict, asyncio_default_fixture_loop_scope=None, asyncio_default_test_loop_scope=function
collecting ... collected 0 items / 1 error

==================================== ERRORS ====================================
_____ ERROR collecting tests/integration/test_lab_lifecycle_integration.py _____
ImportError while importing test module '/home/bbrelin/course-creator/tests/integration/test_lab_lifecycle_integration.py'.
Hint: make sure your test modules/packages have valid Python names.
Traceback:
/usr/lib/python3.10/importlib/__init__.py:126: in import_module
    return _bootstrap._gcd_import(name[level:], package, level)
tests/integration/test_lab_lifecycle_integration.py:14: in <module>
    import docker
E   ModuleNotFoundError: No module named 'docker'
=========================== short test summary info ============================
ERROR tests/integration/test_lab_lifecycle_integration.py
!!!!!!!!!!!!!!!!!!!!!!!!!! stopping after 1 failures !!!!!!!!!!!!!!!!!!!!!!!!!!!
!!!!!!!!!!!!!!!!!!!! Interrupted: 1 error during collection !!!!!!!!!!!!!!!!!!!!
=============================== 1 error in 0.20s ===============================
</pre></details>
        
    </div>

    <div class="suite passed">
        <h3>‚úÖ Frontend Tests - Lab Integration</h3>
        <p><strong>Status:</strong> PASSED</p>
        <p><strong>Tests:</strong> 14/14 passed</p>
        <p><strong>Execution Time:</strong> 0.70s</p>
        
        <details><summary>Output</summary><pre>============================= test session starts ==============================
platform linux -- Python 3.10.12, pytest-8.4.1, pluggy-1.6.0 -- /home/bbrelin/course-creator/.venv/bin/python
cachedir: .pytest_cache
metadata: {'Python': '3.10.12', 'Platform': 'Linux-5.15.0-143-generic-x86_64-with-glibc2.35', 'Packages': {'pytest': '8.4.1', 'pluggy': '1.6.0'}, 'Plugins': {'cov': '6.2.1', 'metadata': '3.1.1', 'postgresql': '7.0.2', 'html': '4.1.1', 'asyncio': '1.0.0', 'mock': '3.14.1', 'xdist': '3.8.0', 'anyio': '4.9.0', 'hydra-core': '1.3.2', 'Faker': '37.4.0', 'benchmark': '5.1.0'}}
benchmark: 5.1.0 (defaults: timer=time.perf_counter disable_gc=False min_rounds=5 min_time=0.000005 max_time=1.0 calibration_precision=10 warmup=False warmup_iterations=100000)
rootdir: /home/bbrelin/course-creator/tests/frontend
configfile: pytest.ini
plugins: cov-6.2.1, metadata-3.1.1, postgresql-7.0.2, html-4.1.1, asyncio-1.0.0, mock-3.14.1, xdist-3.8.0, anyio-4.9.0, hydra-core-1.3.2, Faker-37.4.0, benchmark-5.1.0
asyncio: mode=strict, asyncio_default_fixture_loop_scope=None, asyncio_default_test_loop_scope=function
collecting ... collected 14 items

tests/frontend/test_lab_integration_frontend.py::TestLabLifecycleManager::test_initialization PASSED [  7%]
tests/frontend/test_lab_integration_frontend.py::TestLabLifecycleManager::test_lab_access PASSED [ 14%]
tests/frontend/test_lab_integration_frontend.py::TestLabLifecycleManager::test_lab_pause_resume_cycle PASSED [ 21%]
tests/frontend/test_lab_integration_frontend.py::TestLabLifecycleManager::test_cleanup_on_logout PASSED [ 28%]
tests/frontend/test_lab_integration_frontend.py::TestInstructorLabManagement::test_lab_management_modal_display PASSED [ 35%]
tests/frontend/test_lab_integration_frontend.py::TestInstructorLabManagement::test_student_lab_overview_loading PASSED [ 42%]
tests/frontend/test_lab_integration_frontend.py::TestInstructorLabManagement::test_bulk_lab_operations PASSED [ 50%]
tests/frontend/test_lab_integration_frontend.py::TestInstructorLabManagement::test_lab_status_filtering PASSED [ 57%]
tests/frontend/test_lab_integration_frontend.py::TestStudentLabIntegration::test_lab_button_status_updates PASSED [ 64%]
tests/frontend/test_lab_integration_frontend.py::TestStudentLabIntegration::test_lab_window_management PASSED [ 71%]
tests/frontend/test_lab_integration_frontend.py::TestStudentLabIntegration::test_notification_system PASSED [ 78%]
tests/frontend/test_lab_integration_frontend.py::TestStudentLabIntegration::test_authentication_integration PASSED [ 85%]
tests/frontend/test_lab_integration_frontend.py::TestLabAnalytics::test_lab_access_tracking PASSED [ 92%]
tests/frontend/test_lab_integration_frontend.py::TestLabAnalytics::test_lab_analytics_calculation PASSED [100%]

================================ tests coverage ================================
_______________ coverage: platform linux, python 3.10.12-final-0 _______________

Name                     Stmts   Miss  Cover   Missing
------------------------------------------------------
lab-containers/main.py     316    316     0%   11-798
------------------------------------------------------
TOTAL                      316    316     0%
Coverage HTML written to dir coverage/html_report
- Generated html report: file:///home/bbrelin/course-creator/reports/frontend-report.html -
============================== 14 passed in 0.16s ==============================
</pre></details>
        <details><summary>Errors</summary><pre>/home/bbrelin/course-creator/.venv/lib/python3.10/site-packages/coverage/control.py:915: CoverageWarning: No data was collected. (no-data-collected)
  self._warn("No data was collected.", slug="no-data-collected")
</pre></details>
    </div>

    <div class="suite failed">
        <h3>‚ùå E2E Tests - Complete Lab System</h3>
        <p><strong>Status:</strong> FAILED</p>
        <p><strong>Tests:</strong> 2/2 passed</p>
        <p><strong>Execution Time:</strong> 0.57s</p>
        
        <details><summary>Output</summary><pre>============================= test session starts ==============================
platform linux -- Python 3.10.12, pytest-8.4.1, pluggy-1.6.0 -- /home/bbrelin/course-creator/.venv/bin/python
cachedir: .pytest_cache
metadata: {'Python': '3.10.12', 'Platform': 'Linux-5.15.0-143-generic-x86_64-with-glibc2.35', 'Packages': {'pytest': '8.4.1', 'pluggy': '1.6.0'}, 'Plugins': {'cov': '6.2.1', 'metadata': '3.1.1', 'postgresql': '7.0.2', 'html': '4.1.1', 'asyncio': '1.0.0', 'mock': '3.14.1', 'xdist': '3.8.0', 'anyio': '4.9.0', 'hydra-core': '1.3.2', 'Faker': '37.4.0', 'benchmark': '5.1.0'}}
benchmark: 5.1.0 (defaults: timer=time.perf_counter disable_gc=False min_rounds=5 min_time=0.000005 max_time=1.0 calibration_precision=10 warmup=False warmup_iterations=100000)
rootdir: /home/bbrelin/course-creator
configfile: pytest.ini
plugins: cov-6.2.1, metadata-3.1.1, postgresql-7.0.2, html-4.1.1, asyncio-1.0.0, mock-3.14.1, xdist-3.8.0, anyio-4.9.0, hydra-core-1.3.2, Faker-37.4.0, benchmark-5.1.0
asyncio: mode=strict, asyncio_default_fixture_loop_scope=None, asyncio_default_test_loop_scope=function
collecting ... collected 11 items

tests/e2e/test_lab_system_e2e.py::TestLabSystemE2E::test_student_login_and_lab_initialization PASSED [  9%]
tests/e2e/test_lab_system_e2e.py::TestLabSystemE2E::test_student_lab_access_workflow PASSED [ 18%]
tests/e2e/test_lab_system_e2e.py::TestLabSystemE2E::test_student_logout_and_lab_cleanup FAILED [ 27%]

=================================== FAILURES ===================================
_____________ TestLabSystemE2E.test_student_logout_and_lab_cleanup _____________
tests/e2e/test_lab_system_e2e.py:397: in test_student_logout_and_lab_cleanup
    assert auth_token is None
E   AssertionError: assert 'token-123' is None
=========================== short test summary info ============================
FAILED tests/e2e/test_lab_system_e2e.py::TestLabSystemE2E::test_student_logout_and_lab_cleanup
!!!!!!!!!!!!!!!!!!!!!!!!!! stopping after 1 failures !!!!!!!!!!!!!!!!!!!!!!!!!!!
========================= 1 failed, 2 passed in 0.15s ==========================
</pre></details>
        
    </div>

</body>
</html>
